<?xml version="1.0" encoding="UTF-8"?>
<!-- Generated by org.testng.reporters.JUnitReportReporter -->
<testsuite hostname="Brijiths-MBP.hsd1.ca.comcast.net" name="testcases.DataValidationTests" tests="16" failures="0" timestamp="22 Apr 2016 09:45:07 GMT" time="3.057" errors="0">
  <testcase name="addMultipleGoalsInDifferentPostCallsAndValidateTheDataLoad" time="0.052" classname="testcases.DataValidationTests"/>
  <testcase name="addMultipleGoalsInDifferentPostCallsAndValidateTheDataLoad" time="0.049" classname="testcases.DataValidationTests"/>
  <testcase name="retriveAllTheGoalsAndVerifyTheSizeOfResponse" time="0.036" classname="testcases.DataValidationTests"/>
  <testcase name="addMultipleGoalsInDifferentPostCallsAndValidateTheDataLoad" time="0.085" classname="testcases.DataValidationTests"/>
  <testcase name="addMultipleGoalsInDifferentPostCallsAndValidateTheDataLoad" time="0.047" classname="testcases.DataValidationTests"/>
  <testcase name="addMultipleGoalsInDifferentPostCallsAndValidateTheDataLoad" time="0.060" classname="testcases.DataValidationTests"/>
  <testcase name="addAGoalWithNoFieldsAndValidateTheDataLoad" time="0.067" classname="testcases.DataValidationTests"/>
  <testcase name="addAGoalWithAllFieldsAndValidateTheDataLoad" time="0.162" classname="testcases.DataValidationTests"/>
  <testcase name="addMultipleGoalsInDifferentPostCallsAndValidateTheDataLoad" time="0.056" classname="testcases.DataValidationTests"/>
  <testcase name="addAGoalWithFewFieldsAndValidateTheDataLoad" time="0.090" classname="testcases.DataValidationTests"/>
  <testcase name="addAGoalAndValidateTheDataLoad" time="2.073" classname="testcases.DataValidationTests"/>
  <testcase name="addMultipleGoalsInDifferentPostCallsAndValidateTheDataLoad" time="0.047" classname="testcases.DataValidationTests"/>
  <testcase name="retriveAllTheGoalsAndVerifyIfAllTheIDsareUnique" time="0.034" classname="testcases.DataValidationTests"/>
  <testcase name="addMultipleGoalsInDifferentPostCallsAndValidateTheDataLoad" time="0.057" classname="testcases.DataValidationTests"/>
  <testcase name="addMultipleGoalsInDifferentPostCallsAndValidateTheDataLoad" time="0.061" classname="testcases.DataValidationTests"/>
  <testcase name="addMultipleGoalsInDifferentPostCallsAndValidateTheDataLoad" time="0.081" classname="testcases.DataValidationTests"/>
</testsuite> <!-- testcases.DataValidationTests -->
