<?xml version="1.0" encoding="UTF-8"?>
<!-- Generated by org.testng.reporters.JUnitReportReporter -->
<testsuite hostname="Brijiths-MBP.hsd1.ca.comcast.net" name="functionalTesting.HeadersAndContentTypeTests" tests="1" failures="0" timestamp="22 Apr 2016 01:27:44 GMT" time="1.137" errors="0">
  <testcase name="sendPostRequestWithAHeader" time="1.137" classname="functionalTesting.HeadersAndContentTypeTests"/>
</testsuite> <!-- functionalTesting.HeadersAndContentTypeTests -->
