<?xml version="1.0" encoding="UTF-8"?>
<!-- Generated by org.testng.reporters.JUnitReportReporter -->
<testsuite hostname="Brijiths-MBP.hsd1.ca.comcast.net" name="testcases.StressTest" tests="5001" failures="0" timestamp="22 Apr 2016 09:28:38 GMT" time="320.203" errors="0">
  <testcase name="postRequestStressTest" time="0.042" classname="testcases.StressTest"/>
  <testcase name="postRequestStressTest" time="0.075" classname="testcases.StressTest"/>
  <testcase name="postRequestStressTest" time="0.027" classname="testcases.StressTest"/>
  <testcase name="postRequestStressTest" time="0.068" classname="testcases.StressTest"/>
  <testcase name="postRequestStressTest" time="0.059" classname="testcases.StressTest"/>
  <testcase name="postRequestStressTest" time="0.039" classname="testcases.StressTest"/>
  <testcase name="postRequestStressTest" time="0.033" classname="testcases.StressTest"/>
  <testcase name="postRequestStressTest" time="0.199" classname="testcases.StressTest"/>
  <testcase name="postRequestStressTest" time="0.014" classname="testcases.StressTest"/>
  <testcase name="postRequestStressTest" time="0.035" classname="testcases.StressTest"/>
  <testcase name="postRequestStressTest" time="0.039" classname="testcases.StressTest"/>
  <testcase name="postRequestStressTest" time="0.040" classname="testcases.StressTest"/>
  <testcase name="postRequestStressTest" time="0.036" classname="testcases.StressTest"/>
  <testcase name="postRequestStressTest" time="0.116" classname="testcases.StressTest"/>
  <testcase name="postRequestStressTest" time="0.034" classname="testcases.StressTest"/>
  <testcase name="postRequestStressTest" time="0.080" classname="testcases.StressTest"/>
  <testcase name="postRequestStressTest" time="0.011" classname="testcases.StressTest"/>
  <testcase name="postRequestStressTest" time="0.080" classname="testcases.StressTest"/>
  <testcase name="postRequestStressTest" time="0.105" classname="testcases.StressTest"/>
  <testcase name="postRequestStressTest" time="0.115" classname="testcases.StressTest"/>
  <testcase name="postRequestStressTest" time="0.049" classname="testcases.StressTest"/>
  <testcase name="postRequestStressTest" time="0.019" classname="testcases.StressTest"/>
  <testcase name="postRequestStressTest" time="0.160" classname="testcases.StressTest"/>
  <testcase name="postRequestStressTest" time="0.035" classname="testcases.StressTest"/>
  <testcase name="postRequestStressTest" time="0.018" classname="testcases.StressTest"/>
  <testcase name="postRequestStressTest" time="0.006" classname="testcases.StressTest"/>
  <testcase name="postRequestStressTest" time="0.068" classname="testcases.StressTest"/>
  <testcase name="postRequestStressTest" time="0.073" classname="testcases.StressTest"/>
  <testcase name="postRequestStressTest" time="0.041" classname="testcases.StressTest"/>
  <testcase name="postRequestStressTest" time="0.067" classname="testcases.StressTest"/>
  <testcase name="postRequestStressTest" time="0.048" classname="testcases.StressTest"/>
  <testcase name="postRequestStressTest" time="0.101" classname="testcases.StressTest"/>
  <testcase name="postRequestStressTest" time="0.022" classname="testcases.StressTest"/>
  <testcase name="postRequestStressTest" time="0.040" classname="testcases.StressTest"/>
  <testcase name="postRequestStressTest" time="0.016" classname="testcases.StressTest"/>
  <testcase name="postRequestStressTest" time="0.039" classname="testcases.StressTest"/>
  <testcase name="postRequestStressTest" time="0.026" classname="testcases.StressTest"/>
  <testcase name="postRequestStressTest" time="0.128" classname="testcases.StressTest"/>
  <testcase name="postRequestStressTest" time="0.031" classname="testcases.StressTest"/>
  <testcase name="postRequestStressTest" time="0.059" classname="testcases.StressTest"/>
  <testcase name="postRequestStressTest" time="0.029" classname="testcases.StressTest"/>
  <testcase name="postRequestStressTest" time="0.075" classname="testcases.StressTest"/>
  <testcase name="postRequestStressTest" time="0.026" classname="testcases.StressTest"/>
  <testcase name="postRequestStressTest" time="0.135" classname="testcases.StressTest"/>
  <testcase name="postRequestStressTest" time="0.024" classname="testcases.StressTest"/>
  <testcase name="postRequestStressTest" time="0.046" classname="testcases.StressTest"/>
  <testcase name="postRequestStressTest" time="0.019" classname="testcases.StressTest"/>
  <testcase name="postRequestStressTest" time="0.014" classname="testcases.StressTest"/>
  <testcase name="postRequestStressTest" time="0.073" classname="testcases.StressTest"/>
  <testcase name="postRequestStressTest" time="0.138" classname="testcases.StressTest"/>
  <testcase name="postRequestStressTest" time="0.039" classname="testcases.StressTest"/>
  <testcase name="postRequestStressTest" time="0.041" classname="testcases.StressTest"/>
  <testcase name="postRequestStressTest" time="0.015" classname="testcases.StressTest"/>
  <testcase name="postRequestStressTest" time="0.010" classname="testcases.StressTest"/>
  <testcase name="postRequestStressTest" time="0.041" classname="testcases.StressTest"/>
  <testcase name="postRequestStressTest" time="0.028" classname="testcases.StressTest"/>
  <testcase name="postRequestStressTest" time="0.032" classname="testcases.StressTest"/>
  <testcase name="postRequestStressTest" time="0.043" classname="testcases.StressTest"/>
  <testcase name="postRequestStressTest" time="0.045" classname="testcases.StressTest"/>
  <testcase name="postRequestStressTest" time="0.035" classname="testcases.StressTest"/>
  <testcase name="postRequestStressTest" time="0.051" classname="testcases.StressTest"/>
  <testcase name="postRequestStressTest" time="0.028" classname="testcases.StressTest"/>
  <testcase name="postRequestStressTest" time="0.035" classname="testcases.StressTest"/>
  <testcase name="postRequestStressTest" time="0.126" classname="testcases.StressTest"/>
  <testcase name="postRequestStressTest" time="0.053" classname="testcases.StressTest"/>
  <testcase name="postRequestStressTest" time="0.089" classname="testcases.StressTest"/>
  <testcase name="postRequestStressTest" time="0.031" classname="testcases.StressTest"/>
  <testcase name="postRequestStressTest" time="0.012" classname="testcases.StressTest"/>
  <testcase name="postRequestStressTest" time="0.026" classname="testcases.StressTest"/>
  <testcase name="postRequestStressTest" time="0.045" classname="testcases.StressTest"/>
  <testcase name="postRequestStressTest" time="0.048" classname="testcases.StressTest"/>
  <testcase name="postRequestStressTest" time="0.033" classname="testcases.StressTest"/>
  <testcase name="postRequestStressTest" time="0.078" classname="testcases.StressTest"/>
  <testcase name="postRequestStressTest" time="0.017" classname="testcases.StressTest"/>
  <testcase name="postRequestStressTest" time="0.041" classname="testcases.StressTest"/>
  <testcase name="postRequestStressTest" time="0.012" classname="testcases.StressTest"/>
  <testcase name="postRequestStressTest" time="0.062" classname="testcases.StressTest"/>
  <testcase name="postRequestStressTest" time="0.199" classname="testcases.StressTest"/>
  <testcase name="postRequestStressTest" time="0.124" classname="testcases.StressTest"/>
  <testcase name="postRequestStressTest" time="0.218" classname="testcases.StressTest"/>
  <testcase name="postRequestStressTest" time="0.057" classname="testcases.StressTest"/>
  <testcase name="postRequestStressTest" time="0.179" classname="testcases.StressTest"/>
  <testcase name="postRequestStressTest" time="0.026" classname="testcases.StressTest"/>
  <testcase name="postRequestStressTest" time="0.046" classname="testcases.StressTest"/>
  <testcase name="postRequestStressTest" time="0.021" classname="testcases.StressTest"/>
  <testcase name="postRequestStressTest" time="0.067" classname="testcases.StressTest"/>
  <testcase name="postRequestStressTest" time="0.041" classname="testcases.StressTest"/>
  <testcase name="postRequestStressTest" time="0.033" classname="testcases.StressTest"/>
  <testcase name="postRequestStressTest" time="0.029" classname="testcases.StressTest"/>
  <testcase name="postRequestStressTest" time="0.095" classname="testcases.StressTest"/>
  <testcase name="postRequestStressTest" time="0.061" classname="testcases.StressTest"/>
  <testcase name="postRequestStressTest" time="0.015" classname="testcases.StressTest"/>
  <testcase name="postRequestStressTest" time="0.037" classname="testcases.StressTest"/>
  <testcase name="postRequestStressTest" time="0.079" classname="testcases.StressTest"/>
  <testcase name="postRequestStressTest" time="0.016" classname="testcases.StressTest"/>
  <testcase name="postRequestStressTest" time="0.126" classname="testcases.StressTest"/>
  <testcase name="postRequestStressTest" time="0.225" classname="testcases.StressTest"/>
  <testcase name="postRequestStressTest" time="0.082" classname="testcases.StressTest"/>
  <testcase name="postRequestStressTest" time="0.006" classname="testcases.StressTest"/>
  <testcase name="postRequestStressTest" time="0.029" classname="testcases.StressTest"/>
  <testcase name="postRequestStressTest" time="0.029" classname="testcases.StressTest"/>
  <testcase name="postRequestStressTest" time="0.032" classname="testcases.StressTest"/>
  <testcase name="postRequestStressTest" time="0.013" classname="testcases.StressTest"/>
  <testcase name="postRequestStressTest" time="0.045" classname="testcases.StressTest"/>
  <testcase name="postRequestStressTest" time="0.023" classname="testcases.StressTest"/>
  <testcase name="postRequestStressTest" time="0.150" classname="testcases.StressTest"/>
  <testcase name="postRequestStressTest" time="0.024" classname="testcases.StressTest"/>
  <testcase name="postRequestStressTest" time="0.050" classname="testcases.StressTest"/>
  <testcase name="postRequestStressTest" time="0.103" classname="testcases.StressTest"/>
  <testcase name="postRequestStressTest" time="0.015" classname="testcases.StressTest"/>
  <testcase name="postRequestStressTest" time="0.060" classname="testcases.StressTest"/>
  <testcase name="postRequestStressTest" time="0.118" classname="testcases.StressTest"/>
  <testcase name="postRequestStressTest" time="0.102" classname="testcases.StressTest"/>
  <testcase name="postRequestStressTest" time="0.072" classname="testcases.StressTest"/>
  <testcase name="postRequestStressTest" time="0.044" classname="testcases.StressTest"/>
  <testcase name="postRequestStressTest" time="0.024" classname="testcases.StressTest"/>
  <testcase name="postRequestStressTest" time="0.041" classname="testcases.StressTest"/>
  <testcase name="postRequestStressTest" time="0.048" classname="testcases.StressTest"/>
  <testcase name="postRequestStressTest" time="0.117" classname="testcases.StressTest"/>
  <testcase name="postRequestStressTest" time="0.025" classname="testcases.StressTest"/>
  <testcase name="postRequestStressTest" time="0.062" classname="testcases.StressTest"/>
  <testcase name="postRequestStressTest" time="0.018" classname="testcases.StressTest"/>
  <testcase name="postRequestStressTest" time="0.028" classname="testcases.StressTest"/>
  <testcase name="postRequestStressTest" time="0.012" classname="testcases.StressTest"/>
  <testcase name="postRequestStressTest" time="0.033" classname="testcases.StressTest"/>
  <testcase name="postRequestStressTest" time="0.024" classname="testcases.StressTest"/>
  <testcase name="postRequestStressTest" time="0.111" classname="testcases.StressTest"/>
  <testcase name="postRequestStressTest" time="0.141" classname="testcases.StressTest"/>
  <testcase name="postRequestStressTest" time="0.068" classname="testcases.StressTest"/>
  <testcase name="postRequestStressTest" time="0.109" classname="testcases.StressTest"/>
  <testcase name="postRequestStressTest" time="0.019" classname="testcases.StressTest"/>
  <testcase name="postRequestStressTest" time="0.018" classname="testcases.StressTest"/>
  <testcase name="postRequestStressTest" time="0.083" classname="testcases.StressTest"/>
  <testcase name="postRequestStressTest" time="0.062" classname="testcases.StressTest"/>
  <testcase name="postRequestStressTest" time="0.021" classname="testcases.StressTest"/>
  <testcase name="postRequestStressTest" time="0.019" classname="testcases.StressTest"/>
  <testcase name="postRequestStressTest" time="0.026" classname="testcases.StressTest"/>
  <testcase name="postRequestStressTest" time="0.058" classname="testcases.StressTest"/>
  <testcase name="postRequestStressTest" time="0.022" classname="testcases.StressTest"/>
  <testcase name="postRequestStressTest" time="0.208" classname="testcases.StressTest"/>
  <testcase name="postRequestStressTest" time="0.080" classname="testcases.StressTest"/>
  <testcase name="postRequestStressTest" time="0.078" classname="testcases.StressTest"/>
  <testcase name="postRequestStressTest" time="0.027" classname="testcases.StressTest"/>
  <testcase name="postRequestStressTest" time="0.082" classname="testcases.StressTest"/>
  <testcase name="postRequestStressTest" time="0.039" classname="testcases.StressTest"/>
  <testcase name="postRequestStressTest" time="0.069" classname="testcases.StressTest"/>
  <testcase name="postRequestStressTest" time="0.029" classname="testcases.StressTest"/>
  <testcase name="postRequestStressTest" time="0.024" classname="testcases.StressTest"/>
  <testcase name="postRequestStressTest" time="0.107" classname="testcases.StressTest"/>
  <testcase name="postRequestStressTest" time="0.027" classname="testcases.StressTest"/>
  <testcase name="postRequestStressTest" time="0.025" classname="testcases.StressTest"/>
  <testcase name="postRequestStressTest" time="0.031" classname="testcases.StressTest"/>
  <testcase name="postRequestStressTest" time="0.016" classname="testcases.StressTest"/>
  <testcase name="postRequestStressTest" time="0.025" classname="testcases.StressTest"/>
  <testcase name="postRequestStressTest" time="0.064" classname="testcases.StressTest"/>
  <testcase name="postRequestStressTest" time="0.014" classname="testcases.StressTest"/>
  <testcase name="postRequestStressTest" time="0.046" classname="testcases.StressTest"/>
  <testcase name="postRequestStressTest" time="0.035" classname="testcases.StressTest"/>
  <testcase name="postRequestStressTest" time="0.036" classname="testcases.StressTest"/>
  <testcase name="postRequestStressTest" time="0.159" classname="testcases.StressTest"/>
  <testcase name="postRequestStressTest" time="0.030" classname="testcases.StressTest"/>
  <testcase name="postRequestStressTest" time="0.023" classname="testcases.StressTest"/>
  <testcase name="postRequestStressTest" time="0.054" classname="testcases.StressTest"/>
  <testcase name="postRequestStressTest" time="0.024" classname="testcases.StressTest"/>
  <testcase name="postRequestStressTest" time="0.053" classname="testcases.StressTest"/>
  <testcase name="postRequestStressTest" time="0.108" classname="testcases.StressTest"/>
  <testcase name="postRequestStressTest" time="0.022" classname="testcases.StressTest"/>
  <testcase name="postRequestStressTest" time="0.043" classname="testcases.StressTest"/>
  <testcase name="postRequestStressTest" time="0.015" classname="testcases.StressTest"/>
  <testcase name="postRequestStressTest" time="0.030" classname="testcases.StressTest"/>
  <testcase name="postRequestStressTest" time="0.034" classname="testcases.StressTest"/>
  <testcase name="postRequestStressTest" time="0.037" classname="testcases.StressTest"/>
  <testcase name="postRequestStressTest" time="0.332" classname="testcases.StressTest"/>
  <testcase name="postRequestStressTest" time="0.049" classname="testcases.StressTest"/>
  <testcase name="postRequestStressTest" time="0.068" classname="testcases.StressTest"/>
  <testcase name="postRequestStressTest" time="0.012" classname="testcases.StressTest"/>
  <testcase name="postRequestStressTest" time="0.049" classname="testcases.StressTest"/>
  <testcase name="postRequestStressTest" time="0.200" classname="testcases.StressTest"/>
  <testcase name="postRequestStressTest" time="0.021" classname="testcases.StressTest"/>
  <testcase name="postRequestStressTest" time="0.179" classname="testcases.StressTest"/>
  <testcase name="postRequestStressTest" time="0.030" classname="testcases.StressTest"/>
  <testcase name="postRequestStressTest" time="0.029" classname="testcases.StressTest"/>
  <testcase name="postRequestStressTest" time="0.045" classname="testcases.StressTest"/>
  <testcase name="postRequestStressTest" time="0.092" classname="testcases.StressTest"/>
  <testcase name="postRequestStressTest" time="0.027" classname="testcases.StressTest"/>
  <testcase name="postRequestStressTest" time="0.047" classname="testcases.StressTest"/>
  <testcase name="postRequestStressTest" time="0.027" classname="testcases.StressTest"/>
  <testcase name="postRequestStressTest" time="0.028" classname="testcases.StressTest"/>
  <testcase name="postRequestStressTest" time="0.076" classname="testcases.StressTest"/>
  <testcase name="postRequestStressTest" time="0.087" classname="testcases.StressTest"/>
  <testcase name="postRequestStressTest" time="0.114" classname="testcases.StressTest"/>
  <testcase name="postRequestStressTest" time="0.044" classname="testcases.StressTest"/>
  <testcase name="postRequestStressTest" time="0.029" classname="testcases.StressTest"/>
  <testcase name="postRequestStressTest" time="0.071" classname="testcases.StressTest"/>
  <testcase name="postRequestStressTest" time="0.095" classname="testcases.StressTest"/>
  <testcase name="postRequestStressTest" time="0.037" classname="testcases.StressTest"/>
  <testcase name="postRequestStressTest" time="0.041" classname="testcases.StressTest"/>
  <testcase name="postRequestStressTest" time="0.126" classname="testcases.StressTest"/>
  <testcase name="postRequestStressTest" time="0.048" classname="testcases.StressTest"/>
  <testcase name="postRequestStressTest" time="0.071" classname="testcases.StressTest"/>
  <testcase name="postRequestStressTest" time="0.020" classname="testcases.StressTest"/>
  <testcase name="postRequestStressTest" time="0.039" classname="testcases.StressTest"/>
  <testcase name="postRequestStressTest" time="0.035" classname="testcases.StressTest"/>
  <testcase name="postRequestStressTest" time="0.024" classname="testcases.StressTest"/>
  <testcase name="postRequestStressTest" time="0.039" classname="testcases.StressTest"/>
  <testcase name="postRequestStressTest" time="0.097" classname="testcases.StressTest"/>
  <testcase name="postRequestStressTest" time="0.019" classname="testcases.StressTest"/>
  <testcase name="postRequestStressTest" time="0.045" classname="testcases.StressTest"/>
  <testcase name="postRequestStressTest" time="0.024" classname="testcases.StressTest"/>
  <testcase name="postRequestStressTest" time="0.021" classname="testcases.StressTest"/>
  <testcase name="postRequestStressTest" time="0.123" classname="testcases.StressTest"/>
  <testcase name="postRequestStressTest" time="0.027" classname="testcases.StressTest"/>
  <testcase name="postRequestStressTest" time="0.016" classname="testcases.StressTest"/>
  <testcase name="postRequestStressTest" time="0.115" classname="testcases.StressTest"/>
  <testcase name="postRequestStressTest" time="0.188" classname="testcases.StressTest"/>
  <testcase name="postRequestStressTest" time="0.010" classname="testcases.StressTest"/>
  <testcase name="postRequestStressTest" time="0.025" classname="testcases.StressTest"/>
  <testcase name="postRequestStressTest" time="0.017" classname="testcases.StressTest"/>
  <testcase name="postRequestStressTest" time="0.091" classname="testcases.StressTest"/>
  <testcase name="postRequestStressTest" time="0.058" classname="testcases.StressTest"/>
  <testcase name="postRequestStressTest" time="0.086" classname="testcases.StressTest"/>
  <testcase name="postRequestStressTest" time="0.025" classname="testcases.StressTest"/>
  <testcase name="postRequestStressTest" time="0.034" classname="testcases.StressTest"/>
  <testcase name="postRequestStressTest" time="0.015" classname="testcases.StressTest"/>
  <testcase name="postRequestStressTest" time="0.050" classname="testcases.StressTest"/>
  <testcase name="postRequestStressTest" time="0.034" classname="testcases.StressTest"/>
  <testcase name="postRequestStressTest" time="0.037" classname="testcases.StressTest"/>
  <testcase name="postRequestStressTest" time="0.077" classname="testcases.StressTest"/>
  <testcase name="postRequestStressTest" time="0.018" classname="testcases.StressTest"/>
  <testcase name="postRequestStressTest" time="0.082" classname="testcases.StressTest"/>
  <testcase name="postRequestStressTest" time="0.167" classname="testcases.StressTest"/>
  <testcase name="postRequestStressTest" time="0.042" classname="testcases.StressTest"/>
  <testcase name="postRequestStressTest" time="0.084" classname="testcases.StressTest"/>
  <testcase name="postRequestStressTest" time="0.025" classname="testcases.StressTest"/>
  <testcase name="postRequestStressTest" time="0.021" classname="testcases.StressTest"/>
  <testcase name="postRequestStressTest" time="0.324" classname="testcases.StressTest"/>
  <testcase name="postRequestStressTest" time="0.023" classname="testcases.StressTest"/>
  <testcase name="postRequestStressTest" time="0.046" classname="testcases.StressTest"/>
  <testcase name="postRequestStressTest" time="0.015" classname="testcases.StressTest"/>
  <testcase name="postRequestStressTest" time="0.022" classname="testcases.StressTest"/>
  <testcase name="postRequestStressTest" time="0.044" classname="testcases.StressTest"/>
  <testcase name="postRequestStressTest" time="0.041" classname="testcases.StressTest"/>
  <testcase name="postRequestStressTest" time="0.027" classname="testcases.StressTest"/>
  <testcase name="postRequestStressTest" time="0.068" classname="testcases.StressTest"/>
  <testcase name="postRequestStressTest" time="0.124" classname="testcases.StressTest"/>
  <testcase name="postRequestStressTest" time="0.015" classname="testcases.StressTest"/>
  <testcase name="postRequestStressTest" time="0.122" classname="testcases.StressTest"/>
  <testcase name="postRequestStressTest" time="0.116" classname="testcases.StressTest"/>
  <testcase name="postRequestStressTest" time="0.049" classname="testcases.StressTest"/>
  <testcase name="postRequestStressTest" time="0.037" classname="testcases.StressTest"/>
  <testcase name="postRequestStressTest" time="0.066" classname="testcases.StressTest"/>
  <testcase name="postRequestStressTest" time="0.034" classname="testcases.StressTest"/>
  <testcase name="postRequestStressTest" time="0.077" classname="testcases.StressTest"/>
  <testcase name="postRequestStressTest" time="0.072" classname="testcases.StressTest"/>
  <testcase name="postRequestStressTest" time="0.033" classname="testcases.StressTest"/>
  <testcase name="postRequestStressTest" time="0.176" classname="testcases.StressTest"/>
  <testcase name="postRequestStressTest" time="0.051" classname="testcases.StressTest"/>
  <testcase name="postRequestStressTest" time="0.035" classname="testcases.StressTest"/>
  <testcase name="postRequestStressTest" time="0.086" classname="testcases.StressTest"/>
  <testcase name="postRequestStressTest" time="0.134" classname="testcases.StressTest"/>
  <testcase name="postRequestStressTest" time="0.011" classname="testcases.StressTest"/>
  <testcase name="postRequestStressTest" time="0.008" classname="testcases.StressTest"/>
  <testcase name="postRequestStressTest" time="0.103" classname="testcases.StressTest"/>
  <testcase name="postRequestStressTest" time="0.065" classname="testcases.StressTest"/>
  <testcase name="postRequestStressTest" time="0.033" classname="testcases.StressTest"/>
  <testcase name="postRequestStressTest" time="0.097" classname="testcases.StressTest"/>
  <testcase name="postRequestStressTest" time="0.023" classname="testcases.StressTest"/>
  <testcase name="postRequestStressTest" time="0.014" classname="testcases.StressTest"/>
  <testcase name="postRequestStressTest" time="0.075" classname="testcases.StressTest"/>
  <testcase name="postRequestStressTest" time="0.006" classname="testcases.StressTest"/>
  <testcase name="postRequestStressTest" time="0.043" classname="testcases.StressTest"/>
  <testcase name="postRequestStressTest" time="0.049" classname="testcases.StressTest"/>
  <testcase name="postRequestStressTest" time="0.044" classname="testcases.StressTest"/>
  <testcase name="postRequestStressTest" time="0.135" classname="testcases.StressTest"/>
  <testcase name="postRequestStressTest" time="0.038" classname="testcases.StressTest"/>
  <testcase name="postRequestStressTest" time="0.090" classname="testcases.StressTest"/>
  <testcase name="postRequestStressTest" time="0.071" classname="testcases.StressTest"/>
  <testcase name="postRequestStressTest" time="0.054" classname="testcases.StressTest"/>
  <testcase name="postRequestStressTest" time="0.036" classname="testcases.StressTest"/>
  <testcase name="postRequestStressTest" time="0.030" classname="testcases.StressTest"/>
  <testcase name="postRequestStressTest" time="0.076" classname="testcases.StressTest"/>
  <testcase name="postRequestStressTest" time="0.021" classname="testcases.StressTest"/>
  <testcase name="postRequestStressTest" time="0.235" classname="testcases.StressTest"/>
  <testcase name="postRequestStressTest" time="0.035" classname="testcases.StressTest"/>
  <testcase name="postRequestStressTest" time="0.040" classname="testcases.StressTest"/>
  <testcase name="postRequestStressTest" time="0.053" classname="testcases.StressTest"/>
  <testcase name="postRequestStressTest" time="0.022" classname="testcases.StressTest"/>
  <testcase name="postRequestStressTest" time="0.055" classname="testcases.StressTest"/>
  <testcase name="postRequestStressTest" time="0.095" classname="testcases.StressTest"/>
  <testcase name="postRequestStressTest" time="0.351" classname="testcases.StressTest"/>
  <testcase name="postRequestStressTest" time="0.063" classname="testcases.StressTest"/>
  <testcase name="postRequestStressTest" time="0.053" classname="testcases.StressTest"/>
  <testcase name="postRequestStressTest" time="0.122" classname="testcases.StressTest"/>
  <testcase name="postRequestStressTest" time="0.009" classname="testcases.StressTest"/>
  <testcase name="postRequestStressTest" time="0.053" classname="testcases.StressTest"/>
  <testcase name="postRequestStressTest" time="0.021" classname="testcases.StressTest"/>
  <testcase name="postRequestStressTest" time="0.025" classname="testcases.StressTest"/>
  <testcase name="postRequestStressTest" time="0.066" classname="testcases.StressTest"/>
  <testcase name="postRequestStressTest" time="0.022" classname="testcases.StressTest"/>
  <testcase name="postRequestStressTest" time="0.071" classname="testcases.StressTest"/>
  <testcase name="postRequestStressTest" time="0.048" classname="testcases.StressTest"/>
  <testcase name="postRequestStressTest" time="0.106" classname="testcases.StressTest"/>
  <testcase name="postRequestStressTest" time="0.154" classname="testcases.StressTest"/>
  <testcase name="postRequestStressTest" time="0.025" classname="testcases.StressTest"/>
  <testcase name="postRequestStressTest" time="0.044" classname="testcases.StressTest"/>
  <testcase name="postRequestStressTest" time="0.073" classname="testcases.StressTest"/>
  <testcase name="postRequestStressTest" time="0.074" classname="testcases.StressTest"/>
  <testcase name="postRequestStressTest" time="0.102" classname="testcases.StressTest"/>
  <testcase name="postRequestStressTest" time="0.013" classname="testcases.StressTest"/>
  <testcase name="postRequestStressTest" time="0.029" classname="testcases.StressTest"/>
  <testcase name="postRequestStressTest" time="0.068" classname="testcases.StressTest"/>
  <testcase name="postRequestStressTest" time="0.025" classname="testcases.StressTest"/>
  <testcase name="postRequestStressTest" time="0.074" classname="testcases.StressTest"/>
  <testcase name="postRequestStressTest" time="0.022" classname="testcases.StressTest"/>
  <testcase name="postRequestStressTest" time="0.041" classname="testcases.StressTest"/>
  <testcase name="postRequestStressTest" time="0.046" classname="testcases.StressTest"/>
  <testcase name="postRequestStressTest" time="0.059" classname="testcases.StressTest"/>
  <testcase name="postRequestStressTest" time="0.031" classname="testcases.StressTest"/>
  <testcase name="postRequestStressTest" time="0.017" classname="testcases.StressTest"/>
  <testcase name="postRequestStressTest" time="0.144" classname="testcases.StressTest"/>
  <testcase name="postRequestStressTest" time="0.062" classname="testcases.StressTest"/>
  <testcase name="postRequestStressTest" time="0.047" classname="testcases.StressTest"/>
  <testcase name="postRequestStressTest" time="0.020" classname="testcases.StressTest"/>
  <testcase name="postRequestStressTest" time="0.041" classname="testcases.StressTest"/>
  <testcase name="postRequestStressTest" time="0.039" classname="testcases.StressTest"/>
  <testcase name="postRequestStressTest" time="0.059" classname="testcases.StressTest"/>
  <testcase name="postRequestStressTest" time="0.020" classname="testcases.StressTest"/>
  <testcase name="postRequestStressTest" time="0.045" classname="testcases.StressTest"/>
  <testcase name="postRequestStressTest" time="0.119" classname="testcases.StressTest"/>
  <testcase name="postRequestStressTest" time="0.024" classname="testcases.StressTest"/>
  <testcase name="postRequestStressTest" time="0.014" classname="testcases.StressTest"/>
  <testcase name="postRequestStressTest" time="0.036" classname="testcases.StressTest"/>
  <testcase name="postRequestStressTest" time="0.018" classname="testcases.StressTest"/>
  <testcase name="postRequestStressTest" time="0.102" classname="testcases.StressTest"/>
  <testcase name="postRequestStressTest" time="0.117" classname="testcases.StressTest"/>
  <testcase name="postRequestStressTest" time="0.143" classname="testcases.StressTest"/>
  <testcase name="postRequestStressTest" time="0.018" classname="testcases.StressTest"/>
  <testcase name="postRequestStressTest" time="0.056" classname="testcases.StressTest"/>
  <testcase name="postRequestStressTest" time="0.038" classname="testcases.StressTest"/>
  <testcase name="postRequestStressTest" time="0.014" classname="testcases.StressTest"/>
  <testcase name="postRequestStressTest" time="0.105" classname="testcases.StressTest"/>
  <testcase name="postRequestStressTest" time="0.069" classname="testcases.StressTest"/>
  <testcase name="postRequestStressTest" time="0.147" classname="testcases.StressTest"/>
  <testcase name="postRequestStressTest" time="0.093" classname="testcases.StressTest"/>
  <testcase name="postRequestStressTest" time="0.048" classname="testcases.StressTest"/>
  <testcase name="postRequestStressTest" time="0.039" classname="testcases.StressTest"/>
  <testcase name="postRequestStressTest" time="0.027" classname="testcases.StressTest"/>
  <testcase name="postRequestStressTest" time="0.019" classname="testcases.StressTest"/>
  <testcase name="postRequestStressTest" time="0.015" classname="testcases.StressTest"/>
  <testcase name="postRequestStressTest" time="0.025" classname="testcases.StressTest"/>
  <testcase name="postRequestStressTest" time="0.033" classname="testcases.StressTest"/>
  <testcase name="postRequestStressTest" time="0.065" classname="testcases.StressTest"/>
  <testcase name="postRequestStressTest" time="0.103" classname="testcases.StressTest"/>
  <testcase name="postRequestStressTest" time="0.050" classname="testcases.StressTest"/>
  <testcase name="postRequestStressTest" time="0.053" classname="testcases.StressTest"/>
  <testcase name="postRequestStressTest" time="0.047" classname="testcases.StressTest"/>
  <testcase name="postRequestStressTest" time="0.092" classname="testcases.StressTest"/>
  <testcase name="postRequestStressTest" time="0.124" classname="testcases.StressTest"/>
  <testcase name="postRequestStressTest" time="0.027" classname="testcases.StressTest"/>
  <testcase name="postRequestStressTest" time="0.016" classname="testcases.StressTest"/>
  <testcase name="postRequestStressTest" time="0.106" classname="testcases.StressTest"/>
  <testcase name="postRequestStressTest" time="0.045" classname="testcases.StressTest"/>
  <testcase name="postRequestStressTest" time="0.015" classname="testcases.StressTest"/>
  <testcase name="postRequestStressTest" time="0.058" classname="testcases.StressTest"/>
  <testcase name="postRequestStressTest" time="0.044" classname="testcases.StressTest"/>
  <testcase name="postRequestStressTest" time="0.069" classname="testcases.StressTest"/>
  <testcase name="postRequestStressTest" time="0.032" classname="testcases.StressTest"/>
  <testcase name="postRequestStressTest" time="0.097" classname="testcases.StressTest"/>
  <testcase name="postRequestStressTest" time="0.025" classname="testcases.StressTest"/>
  <testcase name="postRequestStressTest" time="0.075" classname="testcases.StressTest"/>
  <testcase name="postRequestStressTest" time="0.100" classname="testcases.StressTest"/>
  <testcase name="postRequestStressTest" time="0.048" classname="testcases.StressTest"/>
  <testcase name="postRequestStressTest" time="0.019" classname="testcases.StressTest"/>
  <testcase name="postRequestStressTest" time="0.013" classname="testcases.StressTest"/>
  <testcase name="postRequestStressTest" time="0.048" classname="testcases.StressTest"/>
  <testcase name="postRequestStressTest" time="0.091" classname="testcases.StressTest"/>
  <testcase name="postRequestStressTest" time="0.088" classname="testcases.StressTest"/>
  <testcase name="postRequestStressTest" time="0.037" classname="testcases.StressTest"/>
  <testcase name="postRequestStressTest" time="0.028" classname="testcases.StressTest"/>
  <testcase name="postRequestStressTest" time="0.082" classname="testcases.StressTest"/>
  <testcase name="postRequestStressTest" time="0.050" classname="testcases.StressTest"/>
  <testcase name="postRequestStressTest" time="0.209" classname="testcases.StressTest"/>
  <testcase name="postRequestStressTest" time="0.071" classname="testcases.StressTest"/>
  <testcase name="postRequestStressTest" time="0.050" classname="testcases.StressTest"/>
  <testcase name="postRequestStressTest" time="0.035" classname="testcases.StressTest"/>
  <testcase name="postRequestStressTest" time="0.072" classname="testcases.StressTest"/>
  <testcase name="postRequestStressTest" time="0.107" classname="testcases.StressTest"/>
  <testcase name="postRequestStressTest" time="0.226" classname="testcases.StressTest"/>
  <testcase name="postRequestStressTest" time="0.064" classname="testcases.StressTest"/>
  <testcase name="postRequestStressTest" time="0.081" classname="testcases.StressTest"/>
  <testcase name="postRequestStressTest" time="0.043" classname="testcases.StressTest"/>
  <testcase name="postRequestStressTest" time="0.041" classname="testcases.StressTest"/>
  <testcase name="postRequestStressTest" time="0.029" classname="testcases.StressTest"/>
  <testcase name="postRequestStressTest" time="0.041" classname="testcases.StressTest"/>
  <testcase name="postRequestStressTest" time="0.051" classname="testcases.StressTest"/>
  <testcase name="postRequestStressTest" time="0.020" classname="testcases.StressTest"/>
  <testcase name="postRequestStressTest" time="0.042" classname="testcases.StressTest"/>
  <testcase name="postRequestStressTest" time="0.024" classname="testcases.StressTest"/>
  <testcase name="postRequestStressTest" time="0.052" classname="testcases.StressTest"/>
  <testcase name="postRequestStressTest" time="0.014" classname="testcases.StressTest"/>
  <testcase name="postRequestStressTest" time="0.077" classname="testcases.StressTest"/>
  <testcase name="postRequestStressTest" time="0.433" classname="testcases.StressTest"/>
  <testcase name="postRequestStressTest" time="0.092" classname="testcases.StressTest"/>
  <testcase name="postRequestStressTest" time="0.107" classname="testcases.StressTest"/>
  <testcase name="postRequestStressTest" time="0.034" classname="testcases.StressTest"/>
  <testcase name="postRequestStressTest" time="0.041" classname="testcases.StressTest"/>
  <testcase name="postRequestStressTest" time="0.007" classname="testcases.StressTest"/>
  <testcase name="postRequestStressTest" time="0.100" classname="testcases.StressTest"/>
  <testcase name="postRequestStressTest" time="0.058" classname="testcases.StressTest"/>
  <testcase name="postRequestStressTest" time="0.084" classname="testcases.StressTest"/>
  <testcase name="postRequestStressTest" time="0.035" classname="testcases.StressTest"/>
  <testcase name="postRequestStressTest" time="0.040" classname="testcases.StressTest"/>
  <testcase name="postRequestStressTest" time="0.042" classname="testcases.StressTest"/>
  <testcase name="postRequestStressTest" time="0.039" classname="testcases.StressTest"/>
  <testcase name="postRequestStressTest" time="0.037" classname="testcases.StressTest"/>
  <testcase name="postRequestStressTest" time="0.031" classname="testcases.StressTest"/>
  <testcase name="postRequestStressTest" time="0.103" classname="testcases.StressTest"/>
  <testcase name="postRequestStressTest" time="0.037" classname="testcases.StressTest"/>
  <testcase name="postRequestStressTest" time="0.137" classname="testcases.StressTest"/>
  <testcase name="postRequestStressTest" time="0.015" classname="testcases.StressTest"/>
  <testcase name="postRequestStressTest" time="0.155" classname="testcases.StressTest"/>
  <testcase name="postRequestStressTest" time="0.026" classname="testcases.StressTest"/>
  <testcase name="postRequestStressTest" time="0.098" classname="testcases.StressTest"/>
  <testcase name="postRequestStressTest" time="0.424" classname="testcases.StressTest"/>
  <testcase name="postRequestStressTest" time="0.027" classname="testcases.StressTest"/>
  <testcase name="postRequestStressTest" time="0.070" classname="testcases.StressTest"/>
  <testcase name="postRequestStressTest" time="0.094" classname="testcases.StressTest"/>
  <testcase name="postRequestStressTest" time="0.023" classname="testcases.StressTest"/>
  <testcase name="postRequestStressTest" time="0.124" classname="testcases.StressTest"/>
  <testcase name="postRequestStressTest" time="0.081" classname="testcases.StressTest"/>
  <testcase name="postRequestStressTest" time="0.032" classname="testcases.StressTest"/>
  <testcase name="postRequestStressTest" time="0.033" classname="testcases.StressTest"/>
  <testcase name="postRequestStressTest" time="0.036" classname="testcases.StressTest"/>
  <testcase name="postRequestStressTest" time="0.068" classname="testcases.StressTest"/>
  <testcase name="postRequestStressTest" time="0.116" classname="testcases.StressTest"/>
  <testcase name="postRequestStressTest" time="0.044" classname="testcases.StressTest"/>
  <testcase name="postRequestStressTest" time="0.097" classname="testcases.StressTest"/>
  <testcase name="postRequestStressTest" time="0.013" classname="testcases.StressTest"/>
  <testcase name="postRequestStressTest" time="0.392" classname="testcases.StressTest"/>
  <testcase name="postRequestStressTest" time="0.026" classname="testcases.StressTest"/>
  <testcase name="postRequestStressTest" time="0.156" classname="testcases.StressTest"/>
  <testcase name="postRequestStressTest" time="0.074" classname="testcases.StressTest"/>
  <testcase name="postRequestStressTest" time="0.193" classname="testcases.StressTest"/>
  <testcase name="postRequestStressTest" time="0.055" classname="testcases.StressTest"/>
  <testcase name="postRequestStressTest" time="0.140" classname="testcases.StressTest"/>
  <testcase name="postRequestStressTest" time="0.044" classname="testcases.StressTest"/>
  <testcase name="postRequestStressTest" time="0.074" classname="testcases.StressTest"/>
  <testcase name="postRequestStressTest" time="0.112" classname="testcases.StressTest"/>
  <testcase name="postRequestStressTest" time="0.158" classname="testcases.StressTest"/>
  <testcase name="postRequestStressTest" time="0.022" classname="testcases.StressTest"/>
  <testcase name="postRequestStressTest" time="0.034" classname="testcases.StressTest"/>
  <testcase name="postRequestStressTest" time="0.197" classname="testcases.StressTest"/>
  <testcase name="postRequestStressTest" time="0.031" classname="testcases.StressTest"/>
  <testcase name="postRequestStressTest" time="0.082" classname="testcases.StressTest"/>
  <testcase name="postRequestStressTest" time="0.106" classname="testcases.StressTest"/>
  <testcase name="postRequestStressTest" time="0.058" classname="testcases.StressTest"/>
  <testcase name="postRequestStressTest" time="0.052" classname="testcases.StressTest"/>
  <testcase name="postRequestStressTest" time="0.006" classname="testcases.StressTest"/>
  <testcase name="postRequestStressTest" time="0.056" classname="testcases.StressTest"/>
  <testcase name="postRequestStressTest" time="0.033" classname="testcases.StressTest"/>
  <testcase name="postRequestStressTest" time="0.087" classname="testcases.StressTest"/>
  <testcase name="postRequestStressTest" time="0.025" classname="testcases.StressTest"/>
  <testcase name="postRequestStressTest" time="0.029" classname="testcases.StressTest"/>
  <testcase name="postRequestStressTest" time="0.062" classname="testcases.StressTest"/>
  <testcase name="postRequestStressTest" time="0.068" classname="testcases.StressTest"/>
  <testcase name="postRequestStressTest" time="0.009" classname="testcases.StressTest"/>
  <testcase name="postRequestStressTest" time="0.024" classname="testcases.StressTest"/>
  <testcase name="postRequestStressTest" time="0.208" classname="testcases.StressTest"/>
  <testcase name="postRequestStressTest" time="0.061" classname="testcases.StressTest"/>
  <testcase name="postRequestStressTest" time="0.042" classname="testcases.StressTest"/>
  <testcase name="postRequestStressTest" time="0.029" classname="testcases.StressTest"/>
  <testcase name="postRequestStressTest" time="0.086" classname="testcases.StressTest"/>
  <testcase name="postRequestStressTest" time="0.062" classname="testcases.StressTest"/>
  <testcase name="postRequestStressTest" time="0.079" classname="testcases.StressTest"/>
  <testcase name="postRequestStressTest" time="0.066" classname="testcases.StressTest"/>
  <testcase name="postRequestStressTest" time="0.035" classname="testcases.StressTest"/>
  <testcase name="postRequestStressTest" time="0.043" classname="testcases.StressTest"/>
  <testcase name="postRequestStressTest" time="0.204" classname="testcases.StressTest"/>
  <testcase name="postRequestStressTest" time="0.012" classname="testcases.StressTest"/>
  <testcase name="postRequestStressTest" time="0.016" classname="testcases.StressTest"/>
  <testcase name="postRequestStressTest" time="0.149" classname="testcases.StressTest"/>
  <testcase name="postRequestStressTest" time="0.057" classname="testcases.StressTest"/>
  <testcase name="postRequestStressTest" time="0.019" classname="testcases.StressTest"/>
  <testcase name="postRequestStressTest" time="0.029" classname="testcases.StressTest"/>
  <testcase name="postRequestStressTest" time="0.024" classname="testcases.StressTest"/>
  <testcase name="postRequestStressTest" time="0.029" classname="testcases.StressTest"/>
  <testcase name="postRequestStressTest" time="0.057" classname="testcases.StressTest"/>
  <testcase name="postRequestStressTest" time="0.039" classname="testcases.StressTest"/>
  <testcase name="postRequestStressTest" time="0.022" classname="testcases.StressTest"/>
  <testcase name="postRequestStressTest" time="0.040" classname="testcases.StressTest"/>
  <testcase name="postRequestStressTest" time="0.032" classname="testcases.StressTest"/>
  <testcase name="postRequestStressTest" time="0.035" classname="testcases.StressTest"/>
  <testcase name="postRequestStressTest" time="0.046" classname="testcases.StressTest"/>
  <testcase name="postRequestStressTest" time="0.063" classname="testcases.StressTest"/>
  <testcase name="postRequestStressTest" time="0.089" classname="testcases.StressTest"/>
  <testcase name="postRequestStressTest" time="0.027" classname="testcases.StressTest"/>
  <testcase name="postRequestStressTest" time="0.082" classname="testcases.StressTest"/>
  <testcase name="postRequestStressTest" time="0.010" classname="testcases.StressTest"/>
  <testcase name="postRequestStressTest" time="0.088" classname="testcases.StressTest"/>
  <testcase name="postRequestStressTest" time="0.030" classname="testcases.StressTest"/>
  <testcase name="postRequestStressTest" time="0.040" classname="testcases.StressTest"/>
  <testcase name="postRequestStressTest" time="0.026" classname="testcases.StressTest"/>
  <testcase name="postRequestStressTest" time="0.014" classname="testcases.StressTest"/>
  <testcase name="postRequestStressTest" time="0.038" classname="testcases.StressTest"/>
  <testcase name="postRequestStressTest" time="0.017" classname="testcases.StressTest"/>
  <testcase name="postRequestStressTest" time="0.027" classname="testcases.StressTest"/>
  <testcase name="postRequestStressTest" time="0.014" classname="testcases.StressTest"/>
  <testcase name="postRequestStressTest" time="0.031" classname="testcases.StressTest"/>
  <testcase name="postRequestStressTest" time="0.032" classname="testcases.StressTest"/>
  <testcase name="postRequestStressTest" time="0.028" classname="testcases.StressTest"/>
  <testcase name="postRequestStressTest" time="0.027" classname="testcases.StressTest"/>
  <testcase name="postRequestStressTest" time="0.286" classname="testcases.StressTest"/>
  <testcase name="postRequestStressTest" time="0.072" classname="testcases.StressTest"/>
  <testcase name="postRequestStressTest" time="0.178" classname="testcases.StressTest"/>
  <testcase name="postRequestStressTest" time="0.055" classname="testcases.StressTest"/>
  <testcase name="postRequestStressTest" time="0.052" classname="testcases.StressTest"/>
  <testcase name="postRequestStressTest" time="0.099" classname="testcases.StressTest"/>
  <testcase name="postRequestStressTest" time="0.100" classname="testcases.StressTest"/>
  <testcase name="postRequestStressTest" time="0.042" classname="testcases.StressTest"/>
  <testcase name="postRequestStressTest" time="0.035" classname="testcases.StressTest"/>
  <testcase name="postRequestStressTest" time="0.032" classname="testcases.StressTest"/>
  <testcase name="postRequestStressTest" time="0.037" classname="testcases.StressTest"/>
  <testcase name="postRequestStressTest" time="0.023" classname="testcases.StressTest"/>
  <testcase name="postRequestStressTest" time="0.012" classname="testcases.StressTest"/>
  <testcase name="postRequestStressTest" time="0.046" classname="testcases.StressTest"/>
  <testcase name="postRequestStressTest" time="0.080" classname="testcases.StressTest"/>
  <testcase name="postRequestStressTest" time="0.059" classname="testcases.StressTest"/>
  <testcase name="postRequestStressTest" time="0.066" classname="testcases.StressTest"/>
  <testcase name="postRequestStressTest" time="0.105" classname="testcases.StressTest"/>
  <testcase name="postRequestStressTest" time="0.238" classname="testcases.StressTest"/>
  <testcase name="postRequestStressTest" time="0.006" classname="testcases.StressTest"/>
  <testcase name="postRequestStressTest" time="0.061" classname="testcases.StressTest"/>
  <testcase name="postRequestStressTest" time="0.056" classname="testcases.StressTest"/>
  <testcase name="postRequestStressTest" time="0.017" classname="testcases.StressTest"/>
  <testcase name="postRequestStressTest" time="0.061" classname="testcases.StressTest"/>
  <testcase name="postRequestStressTest" time="0.006" classname="testcases.StressTest"/>
  <testcase name="postRequestStressTest" time="0.149" classname="testcases.StressTest"/>
  <testcase name="postRequestStressTest" time="0.072" classname="testcases.StressTest"/>
  <testcase name="postRequestStressTest" time="0.021" classname="testcases.StressTest"/>
  <testcase name="postRequestStressTest" time="0.048" classname="testcases.StressTest"/>
  <testcase name="postRequestStressTest" time="0.019" classname="testcases.StressTest"/>
  <testcase name="postRequestStressTest" time="0.057" classname="testcases.StressTest"/>
  <testcase name="postRequestStressTest" time="0.067" classname="testcases.StressTest"/>
  <testcase name="postRequestStressTest" time="0.016" classname="testcases.StressTest"/>
  <testcase name="postRequestStressTest" time="0.018" classname="testcases.StressTest"/>
  <testcase name="postRequestStressTest" time="0.019" classname="testcases.StressTest"/>
  <testcase name="postRequestStressTest" time="0.052" classname="testcases.StressTest"/>
  <testcase name="postRequestStressTest" time="0.098" classname="testcases.StressTest"/>
  <testcase name="postRequestStressTest" time="0.026" classname="testcases.StressTest"/>
  <testcase name="postRequestStressTest" time="0.028" classname="testcases.StressTest"/>
  <testcase name="postRequestStressTest" time="0.008" classname="testcases.StressTest"/>
  <testcase name="postRequestStressTest" time="0.042" classname="testcases.StressTest"/>
  <testcase name="postRequestStressTest" time="0.064" classname="testcases.StressTest"/>
  <testcase name="postRequestStressTest" time="0.025" classname="testcases.StressTest"/>
  <testcase name="postRequestStressTest" time="0.070" classname="testcases.StressTest"/>
  <testcase name="postRequestStressTest" time="0.034" classname="testcases.StressTest"/>
  <testcase name="postRequestStressTest" time="0.014" classname="testcases.StressTest"/>
  <testcase name="postRequestStressTest" time="0.229" classname="testcases.StressTest"/>
  <testcase name="postRequestStressTest" time="0.114" classname="testcases.StressTest"/>
  <testcase name="postRequestStressTest" time="0.034" classname="testcases.StressTest"/>
  <testcase name="postRequestStressTest" time="0.017" classname="testcases.StressTest"/>
  <testcase name="postRequestStressTest" time="0.023" classname="testcases.StressTest"/>
  <testcase name="postRequestStressTest" time="0.042" classname="testcases.StressTest"/>
  <testcase name="postRequestStressTest" time="0.252" classname="testcases.StressTest"/>
  <testcase name="postRequestStressTest" time="0.221" classname="testcases.StressTest"/>
  <testcase name="postRequestStressTest" time="0.024" classname="testcases.StressTest"/>
  <testcase name="postRequestStressTest" time="0.389" classname="testcases.StressTest"/>
  <testcase name="postRequestStressTest" time="0.043" classname="testcases.StressTest"/>
  <testcase name="postRequestStressTest" time="0.012" classname="testcases.StressTest"/>
  <testcase name="postRequestStressTest" time="0.049" classname="testcases.StressTest"/>
  <testcase name="postRequestStressTest" time="0.114" classname="testcases.StressTest"/>
  <testcase name="postRequestStressTest" time="0.047" classname="testcases.StressTest"/>
  <testcase name="postRequestStressTest" time="0.204" classname="testcases.StressTest"/>
  <testcase name="postRequestStressTest" time="0.028" classname="testcases.StressTest"/>
  <testcase name="postRequestStressTest" time="0.018" classname="testcases.StressTest"/>
  <testcase name="postRequestStressTest" time="0.045" classname="testcases.StressTest"/>
  <testcase name="postRequestStressTest" time="0.134" classname="testcases.StressTest"/>
  <testcase name="postRequestStressTest" time="0.023" classname="testcases.StressTest"/>
  <testcase name="postRequestStressTest" time="0.426" classname="testcases.StressTest"/>
  <testcase name="postRequestStressTest" time="0.043" classname="testcases.StressTest"/>
  <testcase name="postRequestStressTest" time="0.067" classname="testcases.StressTest"/>
  <testcase name="postRequestStressTest" time="0.136" classname="testcases.StressTest"/>
  <testcase name="postRequestStressTest" time="0.034" classname="testcases.StressTest"/>
  <testcase name="postRequestStressTest" time="0.042" classname="testcases.StressTest"/>
  <testcase name="postRequestStressTest" time="0.026" classname="testcases.StressTest"/>
  <testcase name="postRequestStressTest" time="0.132" classname="testcases.StressTest"/>
  <testcase name="postRequestStressTest" time="0.448" classname="testcases.StressTest"/>
  <testcase name="postRequestStressTest" time="0.070" classname="testcases.StressTest"/>
  <testcase name="postRequestStressTest" time="0.033" classname="testcases.StressTest"/>
  <testcase name="postRequestStressTest" time="0.060" classname="testcases.StressTest"/>
  <testcase name="postRequestStressTest" time="0.127" classname="testcases.StressTest"/>
  <testcase name="postRequestStressTest" time="0.074" classname="testcases.StressTest"/>
  <testcase name="postRequestStressTest" time="0.082" classname="testcases.StressTest"/>
  <testcase name="postRequestStressTest" time="0.026" classname="testcases.StressTest"/>
  <testcase name="postRequestStressTest" time="0.024" classname="testcases.StressTest"/>
  <testcase name="postRequestStressTest" time="0.013" classname="testcases.StressTest"/>
  <testcase name="postRequestStressTest" time="0.018" classname="testcases.StressTest"/>
  <testcase name="postRequestStressTest" time="0.037" classname="testcases.StressTest"/>
  <testcase name="postRequestStressTest" time="0.274" classname="testcases.StressTest"/>
  <testcase name="postRequestStressTest" time="0.057" classname="testcases.StressTest"/>
  <testcase name="postRequestStressTest" time="0.038" classname="testcases.StressTest"/>
  <testcase name="postRequestStressTest" time="0.053" classname="testcases.StressTest"/>
  <testcase name="postRequestStressTest" time="0.038" classname="testcases.StressTest"/>
  <testcase name="postRequestStressTest" time="0.044" classname="testcases.StressTest"/>
  <testcase name="postRequestStressTest" time="0.600" classname="testcases.StressTest"/>
  <testcase name="postRequestStressTest" time="0.023" classname="testcases.StressTest"/>
  <testcase name="postRequestStressTest" time="0.074" classname="testcases.StressTest"/>
  <testcase name="postRequestStressTest" time="0.096" classname="testcases.StressTest"/>
  <testcase name="postRequestStressTest" time="0.035" classname="testcases.StressTest"/>
  <testcase name="postRequestStressTest" time="0.057" classname="testcases.StressTest"/>
  <testcase name="postRequestStressTest" time="0.120" classname="testcases.StressTest"/>
  <testcase name="postRequestStressTest" time="0.035" classname="testcases.StressTest"/>
  <testcase name="postRequestStressTest" time="0.221" classname="testcases.StressTest"/>
  <testcase name="postRequestStressTest" time="0.028" classname="testcases.StressTest"/>
  <testcase name="postRequestStressTest" time="0.085" classname="testcases.StressTest"/>
  <testcase name="postRequestStressTest" time="0.149" classname="testcases.StressTest"/>
  <testcase name="postRequestStressTest" time="0.033" classname="testcases.StressTest"/>
  <testcase name="postRequestStressTest" time="0.034" classname="testcases.StressTest"/>
  <testcase name="postRequestStressTest" time="0.028" classname="testcases.StressTest"/>
  <testcase name="postRequestStressTest" time="0.066" classname="testcases.StressTest"/>
  <testcase name="postRequestStressTest" time="0.072" classname="testcases.StressTest"/>
  <testcase name="postRequestStressTest" time="0.026" classname="testcases.StressTest"/>
  <testcase name="postRequestStressTest" time="0.019" classname="testcases.StressTest"/>
  <testcase name="postRequestStressTest" time="0.074" classname="testcases.StressTest"/>
  <testcase name="postRequestStressTest" time="0.025" classname="testcases.StressTest"/>
  <testcase name="postRequestStressTest" time="0.029" classname="testcases.StressTest"/>
  <testcase name="postRequestStressTest" time="0.026" classname="testcases.StressTest"/>
  <testcase name="postRequestStressTest" time="0.070" classname="testcases.StressTest"/>
  <testcase name="postRequestStressTest" time="0.011" classname="testcases.StressTest"/>
  <testcase name="postRequestStressTest" time="0.013" classname="testcases.StressTest"/>
  <testcase name="postRequestStressTest" time="0.028" classname="testcases.StressTest"/>
  <testcase name="postRequestStressTest" time="0.025" classname="testcases.StressTest"/>
  <testcase name="postRequestStressTest" time="0.020" classname="testcases.StressTest"/>
  <testcase name="postRequestStressTest" time="0.040" classname="testcases.StressTest"/>
  <testcase name="postRequestStressTest" time="0.035" classname="testcases.StressTest"/>
  <testcase name="postRequestStressTest" time="0.109" classname="testcases.StressTest"/>
  <testcase name="postRequestStressTest" time="0.065" classname="testcases.StressTest"/>
  <testcase name="postRequestStressTest" time="0.034" classname="testcases.StressTest"/>
  <testcase name="postRequestStressTest" time="0.087" classname="testcases.StressTest"/>
  <testcase name="postRequestStressTest" time="0.074" classname="testcases.StressTest"/>
  <testcase name="postRequestStressTest" time="0.039" classname="testcases.StressTest"/>
  <testcase name="postRequestStressTest" time="0.060" classname="testcases.StressTest"/>
  <testcase name="postRequestStressTest" time="0.054" classname="testcases.StressTest"/>
  <testcase name="postRequestStressTest" time="0.026" classname="testcases.StressTest"/>
  <testcase name="postRequestStressTest" time="0.065" classname="testcases.StressTest"/>
  <testcase name="postRequestStressTest" time="0.059" classname="testcases.StressTest"/>
  <testcase name="postRequestStressTest" time="0.005" classname="testcases.StressTest"/>
  <testcase name="postRequestStressTest" time="0.063" classname="testcases.StressTest"/>
  <testcase name="postRequestStressTest" time="0.061" classname="testcases.StressTest"/>
  <testcase name="postRequestStressTest" time="0.211" classname="testcases.StressTest"/>
  <testcase name="postRequestStressTest" time="0.049" classname="testcases.StressTest"/>
  <testcase name="postRequestStressTest" time="0.011" classname="testcases.StressTest"/>
  <testcase name="postRequestStressTest" time="0.034" classname="testcases.StressTest"/>
  <testcase name="postRequestStressTest" time="0.285" classname="testcases.StressTest"/>
  <testcase name="postRequestStressTest" time="0.055" classname="testcases.StressTest"/>
  <testcase name="postRequestStressTest" time="0.095" classname="testcases.StressTest"/>
  <testcase name="postRequestStressTest" time="0.025" classname="testcases.StressTest"/>
  <testcase name="postRequestStressTest" time="0.055" classname="testcases.StressTest"/>
  <testcase name="postRequestStressTest" time="0.039" classname="testcases.StressTest"/>
  <testcase name="postRequestStressTest" time="0.025" classname="testcases.StressTest"/>
  <testcase name="postRequestStressTest" time="0.042" classname="testcases.StressTest"/>
  <testcase name="postRequestStressTest" time="0.047" classname="testcases.StressTest"/>
  <testcase name="postRequestStressTest" time="0.011" classname="testcases.StressTest"/>
  <testcase name="postRequestStressTest" time="0.037" classname="testcases.StressTest"/>
  <testcase name="postRequestStressTest" time="0.087" classname="testcases.StressTest"/>
  <testcase name="postRequestStressTest" time="0.012" classname="testcases.StressTest"/>
  <testcase name="postRequestStressTest" time="0.080" classname="testcases.StressTest"/>
  <testcase name="postRequestStressTest" time="0.029" classname="testcases.StressTest"/>
  <testcase name="postRequestStressTest" time="0.043" classname="testcases.StressTest"/>
  <testcase name="postRequestStressTest" time="0.049" classname="testcases.StressTest"/>
  <testcase name="postRequestStressTest" time="0.067" classname="testcases.StressTest"/>
  <testcase name="postRequestStressTest" time="0.072" classname="testcases.StressTest"/>
  <testcase name="postRequestStressTest" time="0.036" classname="testcases.StressTest"/>
  <testcase name="postRequestStressTest" time="0.150" classname="testcases.StressTest"/>
  <testcase name="postRequestStressTest" time="0.030" classname="testcases.StressTest"/>
  <testcase name="postRequestStressTest" time="0.218" classname="testcases.StressTest"/>
  <testcase name="postRequestStressTest" time="0.015" classname="testcases.StressTest"/>
  <testcase name="postRequestStressTest" time="0.014" classname="testcases.StressTest"/>
  <testcase name="postRequestStressTest" time="0.026" classname="testcases.StressTest"/>
  <testcase name="postRequestStressTest" time="0.036" classname="testcases.StressTest"/>
  <testcase name="postRequestStressTest" time="0.032" classname="testcases.StressTest"/>
  <testcase name="postRequestStressTest" time="0.037" classname="testcases.StressTest"/>
  <testcase name="postRequestStressTest" time="0.029" classname="testcases.StressTest"/>
  <testcase name="postRequestStressTest" time="0.083" classname="testcases.StressTest"/>
  <testcase name="postRequestStressTest" time="0.291" classname="testcases.StressTest"/>
  <testcase name="postRequestStressTest" time="0.041" classname="testcases.StressTest"/>
  <testcase name="postRequestStressTest" time="0.023" classname="testcases.StressTest"/>
  <testcase name="postRequestStressTest" time="0.040" classname="testcases.StressTest"/>
  <testcase name="postRequestStressTest" time="0.026" classname="testcases.StressTest"/>
  <testcase name="postRequestStressTest" time="0.146" classname="testcases.StressTest"/>
  <testcase name="postRequestStressTest" time="0.010" classname="testcases.StressTest"/>
  <testcase name="postRequestStressTest" time="0.038" classname="testcases.StressTest"/>
  <testcase name="postRequestStressTest" time="0.180" classname="testcases.StressTest"/>
  <testcase name="postRequestStressTest" time="0.064" classname="testcases.StressTest"/>
  <testcase name="postRequestStressTest" time="0.057" classname="testcases.StressTest"/>
  <testcase name="postRequestStressTest" time="0.062" classname="testcases.StressTest"/>
  <testcase name="postRequestStressTest" time="0.067" classname="testcases.StressTest"/>
  <testcase name="postRequestStressTest" time="0.026" classname="testcases.StressTest"/>
  <testcase name="postRequestStressTest" time="0.034" classname="testcases.StressTest"/>
  <testcase name="postRequestStressTest" time="0.017" classname="testcases.StressTest"/>
  <testcase name="postRequestStressTest" time="0.048" classname="testcases.StressTest"/>
  <testcase name="postRequestStressTest" time="0.105" classname="testcases.StressTest"/>
  <testcase name="postRequestStressTest" time="0.051" classname="testcases.StressTest"/>
  <testcase name="postRequestStressTest" time="0.024" classname="testcases.StressTest"/>
  <testcase name="postRequestStressTest" time="0.044" classname="testcases.StressTest"/>
  <testcase name="postRequestStressTest" time="0.087" classname="testcases.StressTest"/>
  <testcase name="postRequestStressTest" time="0.025" classname="testcases.StressTest"/>
  <testcase name="postRequestStressTest" time="0.024" classname="testcases.StressTest"/>
  <testcase name="postRequestStressTest" time="0.034" classname="testcases.StressTest"/>
  <testcase name="postRequestStressTest" time="0.078" classname="testcases.StressTest"/>
  <testcase name="postRequestStressTest" time="0.029" classname="testcases.StressTest"/>
  <testcase name="postRequestStressTest" time="0.162" classname="testcases.StressTest"/>
  <testcase name="postRequestStressTest" time="0.037" classname="testcases.StressTest"/>
  <testcase name="postRequestStressTest" time="0.055" classname="testcases.StressTest"/>
  <testcase name="postRequestStressTest" time="0.052" classname="testcases.StressTest"/>
  <testcase name="postRequestStressTest" time="0.067" classname="testcases.StressTest"/>
  <testcase name="postRequestStressTest" time="0.095" classname="testcases.StressTest"/>
  <testcase name="postRequestStressTest" time="0.058" classname="testcases.StressTest"/>
  <testcase name="postRequestStressTest" time="0.034" classname="testcases.StressTest"/>
  <testcase name="postRequestStressTest" time="0.011" classname="testcases.StressTest"/>
  <testcase name="postRequestStressTest" time="0.022" classname="testcases.StressTest"/>
  <testcase name="postRequestStressTest" time="0.023" classname="testcases.StressTest"/>
  <testcase name="postRequestStressTest" time="0.393" classname="testcases.StressTest"/>
  <testcase name="postRequestStressTest" time="0.083" classname="testcases.StressTest"/>
  <testcase name="postRequestStressTest" time="0.021" classname="testcases.StressTest"/>
  <testcase name="postRequestStressTest" time="0.027" classname="testcases.StressTest"/>
  <testcase name="postRequestStressTest" time="0.027" classname="testcases.StressTest"/>
  <testcase name="postRequestStressTest" time="0.014" classname="testcases.StressTest"/>
  <testcase name="postRequestStressTest" time="0.026" classname="testcases.StressTest"/>
  <testcase name="postRequestStressTest" time="0.046" classname="testcases.StressTest"/>
  <testcase name="postRequestStressTest" time="0.023" classname="testcases.StressTest"/>
  <testcase name="postRequestStressTest" time="0.118" classname="testcases.StressTest"/>
  <testcase name="postRequestStressTest" time="0.015" classname="testcases.StressTest"/>
  <testcase name="postRequestStressTest" time="0.024" classname="testcases.StressTest"/>
  <testcase name="postRequestStressTest" time="0.021" classname="testcases.StressTest"/>
  <testcase name="postRequestStressTest" time="0.057" classname="testcases.StressTest"/>
  <testcase name="postRequestStressTest" time="0.010" classname="testcases.StressTest"/>
  <testcase name="postRequestStressTest" time="0.029" classname="testcases.StressTest"/>
  <testcase name="postRequestStressTest" time="0.106" classname="testcases.StressTest"/>
  <testcase name="postRequestStressTest" time="0.067" classname="testcases.StressTest"/>
  <testcase name="postRequestStressTest" time="0.026" classname="testcases.StressTest"/>
  <testcase name="postRequestStressTest" time="0.026" classname="testcases.StressTest"/>
  <testcase name="postRequestStressTest" time="0.022" classname="testcases.StressTest"/>
  <testcase name="postRequestStressTest" time="0.070" classname="testcases.StressTest"/>
  <testcase name="postRequestStressTest" time="0.043" classname="testcases.StressTest"/>
  <testcase name="postRequestStressTest" time="0.018" classname="testcases.StressTest"/>
  <testcase name="postRequestStressTest" time="0.023" classname="testcases.StressTest"/>
  <testcase name="postRequestStressTest" time="0.036" classname="testcases.StressTest"/>
  <testcase name="postRequestStressTest" time="0.110" classname="testcases.StressTest"/>
  <testcase name="postRequestStressTest" time="0.017" classname="testcases.StressTest"/>
  <testcase name="postRequestStressTest" time="0.135" classname="testcases.StressTest"/>
  <testcase name="postRequestStressTest" time="0.044" classname="testcases.StressTest"/>
  <testcase name="postRequestStressTest" time="0.018" classname="testcases.StressTest"/>
  <testcase name="postRequestStressTest" time="0.016" classname="testcases.StressTest"/>
  <testcase name="postRequestStressTest" time="0.021" classname="testcases.StressTest"/>
  <testcase name="postRequestStressTest" time="0.032" classname="testcases.StressTest"/>
  <testcase name="postRequestStressTest" time="0.033" classname="testcases.StressTest"/>
  <testcase name="postRequestStressTest" time="0.019" classname="testcases.StressTest"/>
  <testcase name="postRequestStressTest" time="0.116" classname="testcases.StressTest"/>
  <testcase name="postRequestStressTest" time="0.006" classname="testcases.StressTest"/>
  <testcase name="postRequestStressTest" time="0.012" classname="testcases.StressTest"/>
  <testcase name="postRequestStressTest" time="0.248" classname="testcases.StressTest"/>
  <testcase name="postRequestStressTest" time="0.037" classname="testcases.StressTest"/>
  <testcase name="postRequestStressTest" time="0.039" classname="testcases.StressTest"/>
  <testcase name="postRequestStressTest" time="0.087" classname="testcases.StressTest"/>
  <testcase name="postRequestStressTest" time="0.186" classname="testcases.StressTest"/>
  <testcase name="postRequestStressTest" time="0.093" classname="testcases.StressTest"/>
  <testcase name="postRequestStressTest" time="0.082" classname="testcases.StressTest"/>
  <testcase name="postRequestStressTest" time="0.027" classname="testcases.StressTest"/>
  <testcase name="postRequestStressTest" time="0.044" classname="testcases.StressTest"/>
  <testcase name="postRequestStressTest" time="0.036" classname="testcases.StressTest"/>
  <testcase name="postRequestStressTest" time="0.028" classname="testcases.StressTest"/>
  <testcase name="postRequestStressTest" time="0.224" classname="testcases.StressTest"/>
  <testcase name="postRequestStressTest" time="0.061" classname="testcases.StressTest"/>
  <testcase name="postRequestStressTest" time="0.043" classname="testcases.StressTest"/>
  <testcase name="postRequestStressTest" time="0.092" classname="testcases.StressTest"/>
  <testcase name="postRequestStressTest" time="0.054" classname="testcases.StressTest"/>
  <testcase name="postRequestStressTest" time="0.108" classname="testcases.StressTest"/>
  <testcase name="postRequestStressTest" time="0.042" classname="testcases.StressTest"/>
  <testcase name="postRequestStressTest" time="0.026" classname="testcases.StressTest"/>
  <testcase name="postRequestStressTest" time="0.075" classname="testcases.StressTest"/>
  <testcase name="postRequestStressTest" time="0.020" classname="testcases.StressTest"/>
  <testcase name="postRequestStressTest" time="0.037" classname="testcases.StressTest"/>
  <testcase name="postRequestStressTest" time="0.055" classname="testcases.StressTest"/>
  <testcase name="postRequestStressTest" time="0.026" classname="testcases.StressTest"/>
  <testcase name="postRequestStressTest" time="0.027" classname="testcases.StressTest"/>
  <testcase name="postRequestStressTest" time="0.027" classname="testcases.StressTest"/>
  <testcase name="postRequestStressTest" time="0.122" classname="testcases.StressTest"/>
  <testcase name="postRequestStressTest" time="0.075" classname="testcases.StressTest"/>
  <testcase name="postRequestStressTest" time="0.015" classname="testcases.StressTest"/>
  <testcase name="postRequestStressTest" time="0.036" classname="testcases.StressTest"/>
  <testcase name="postRequestStressTest" time="0.036" classname="testcases.StressTest"/>
  <testcase name="postRequestStressTest" time="0.030" classname="testcases.StressTest"/>
  <testcase name="postRequestStressTest" time="0.046" classname="testcases.StressTest"/>
  <testcase name="postRequestStressTest" time="0.086" classname="testcases.StressTest"/>
  <testcase name="postRequestStressTest" time="0.044" classname="testcases.StressTest"/>
  <testcase name="postRequestStressTest" time="0.032" classname="testcases.StressTest"/>
  <testcase name="postRequestStressTest" time="0.015" classname="testcases.StressTest"/>
  <testcase name="postRequestStressTest" time="0.167" classname="testcases.StressTest"/>
  <testcase name="postRequestStressTest" time="0.129" classname="testcases.StressTest"/>
  <testcase name="postRequestStressTest" time="0.077" classname="testcases.StressTest"/>
  <testcase name="postRequestStressTest" time="0.046" classname="testcases.StressTest"/>
  <testcase name="postRequestStressTest" time="0.039" classname="testcases.StressTest"/>
  <testcase name="postRequestStressTest" time="0.048" classname="testcases.StressTest"/>
  <testcase name="postRequestStressTest" time="0.022" classname="testcases.StressTest"/>
  <testcase name="postRequestStressTest" time="0.022" classname="testcases.StressTest"/>
  <testcase name="postRequestStressTest" time="0.036" classname="testcases.StressTest"/>
  <testcase name="postRequestStressTest" time="0.005" classname="testcases.StressTest"/>
  <testcase name="postRequestStressTest" time="0.113" classname="testcases.StressTest"/>
  <testcase name="postRequestStressTest" time="0.068" classname="testcases.StressTest"/>
  <testcase name="postRequestStressTest" time="0.070" classname="testcases.StressTest"/>
  <testcase name="postRequestStressTest" time="0.023" classname="testcases.StressTest"/>
  <testcase name="postRequestStressTest" time="0.192" classname="testcases.StressTest"/>
  <testcase name="postRequestStressTest" time="0.031" classname="testcases.StressTest"/>
  <testcase name="postRequestStressTest" time="0.224" classname="testcases.StressTest"/>
  <testcase name="postRequestStressTest" time="0.225" classname="testcases.StressTest"/>
  <testcase name="postRequestStressTest" time="0.084" classname="testcases.StressTest"/>
  <testcase name="postRequestStressTest" time="0.131" classname="testcases.StressTest"/>
  <testcase name="postRequestStressTest" time="0.018" classname="testcases.StressTest"/>
  <testcase name="postRequestStressTest" time="0.183" classname="testcases.StressTest"/>
  <testcase name="postRequestStressTest" time="0.043" classname="testcases.StressTest"/>
  <testcase name="postRequestStressTest" time="0.030" classname="testcases.StressTest"/>
  <testcase name="postRequestStressTest" time="0.084" classname="testcases.StressTest"/>
  <testcase name="postRequestStressTest" time="0.046" classname="testcases.StressTest"/>
  <testcase name="postRequestStressTest" time="0.037" classname="testcases.StressTest"/>
  <testcase name="postRequestStressTest" time="0.048" classname="testcases.StressTest"/>
  <testcase name="postRequestStressTest" time="0.070" classname="testcases.StressTest"/>
  <testcase name="postRequestStressTest" time="0.068" classname="testcases.StressTest"/>
  <testcase name="postRequestStressTest" time="0.044" classname="testcases.StressTest"/>
  <testcase name="postRequestStressTest" time="0.056" classname="testcases.StressTest"/>
  <testcase name="postRequestStressTest" time="0.123" classname="testcases.StressTest"/>
  <testcase name="postRequestStressTest" time="0.098" classname="testcases.StressTest"/>
  <testcase name="postRequestStressTest" time="0.088" classname="testcases.StressTest"/>
  <testcase name="postRequestStressTest" time="0.020" classname="testcases.StressTest"/>
  <testcase name="postRequestStressTest" time="0.042" classname="testcases.StressTest"/>
  <testcase name="postRequestStressTest" time="0.065" classname="testcases.StressTest"/>
  <testcase name="postRequestStressTest" time="0.009" classname="testcases.StressTest"/>
  <testcase name="postRequestStressTest" time="0.071" classname="testcases.StressTest"/>
  <testcase name="postRequestStressTest" time="0.033" classname="testcases.StressTest"/>
  <testcase name="postRequestStressTest" time="0.137" classname="testcases.StressTest"/>
  <testcase name="postRequestStressTest" time="0.039" classname="testcases.StressTest"/>
  <testcase name="postRequestStressTest" time="0.130" classname="testcases.StressTest"/>
  <testcase name="postRequestStressTest" time="0.296" classname="testcases.StressTest"/>
  <testcase name="postRequestStressTest" time="0.035" classname="testcases.StressTest"/>
  <testcase name="postRequestStressTest" time="0.026" classname="testcases.StressTest"/>
  <testcase name="postRequestStressTest" time="0.044" classname="testcases.StressTest"/>
  <testcase name="postRequestStressTest" time="0.021" classname="testcases.StressTest"/>
  <testcase name="postRequestStressTest" time="0.138" classname="testcases.StressTest"/>
  <testcase name="postRequestStressTest" time="0.030" classname="testcases.StressTest"/>
  <testcase name="postRequestStressTest" time="0.037" classname="testcases.StressTest"/>
  <testcase name="postRequestStressTest" time="0.093" classname="testcases.StressTest"/>
  <testcase name="postRequestStressTest" time="0.097" classname="testcases.StressTest"/>
  <testcase name="postRequestStressTest" time="0.190" classname="testcases.StressTest"/>
  <testcase name="postRequestStressTest" time="0.018" classname="testcases.StressTest"/>
  <testcase name="postRequestStressTest" time="0.013" classname="testcases.StressTest"/>
  <testcase name="postRequestStressTest" time="0.066" classname="testcases.StressTest"/>
  <testcase name="postRequestStressTest" time="0.078" classname="testcases.StressTest"/>
  <testcase name="postRequestStressTest" time="0.118" classname="testcases.StressTest"/>
  <testcase name="postRequestStressTest" time="0.125" classname="testcases.StressTest"/>
  <testcase name="postRequestStressTest" time="0.040" classname="testcases.StressTest"/>
  <testcase name="postRequestStressTest" time="0.068" classname="testcases.StressTest"/>
  <testcase name="postRequestStressTest" time="0.152" classname="testcases.StressTest"/>
  <testcase name="postRequestStressTest" time="0.039" classname="testcases.StressTest"/>
  <testcase name="postRequestStressTest" time="0.027" classname="testcases.StressTest"/>
  <testcase name="postRequestStressTest" time="0.153" classname="testcases.StressTest"/>
  <testcase name="postRequestStressTest" time="0.044" classname="testcases.StressTest"/>
  <testcase name="postRequestStressTest" time="0.083" classname="testcases.StressTest"/>
  <testcase name="postRequestStressTest" time="0.046" classname="testcases.StressTest"/>
  <testcase name="postRequestStressTest" time="0.014" classname="testcases.StressTest"/>
  <testcase name="postRequestStressTest" time="0.178" classname="testcases.StressTest"/>
  <testcase name="postRequestStressTest" time="0.025" classname="testcases.StressTest"/>
  <testcase name="postRequestStressTest" time="0.125" classname="testcases.StressTest"/>
  <testcase name="postRequestStressTest" time="0.028" classname="testcases.StressTest"/>
  <testcase name="postRequestStressTest" time="0.023" classname="testcases.StressTest"/>
  <testcase name="postRequestStressTest" time="0.035" classname="testcases.StressTest"/>
  <testcase name="postRequestStressTest" time="0.036" classname="testcases.StressTest"/>
  <testcase name="postRequestStressTest" time="0.055" classname="testcases.StressTest"/>
  <testcase name="postRequestStressTest" time="0.035" classname="testcases.StressTest"/>
  <testcase name="postRequestStressTest" time="0.014" classname="testcases.StressTest"/>
  <testcase name="postRequestStressTest" time="0.058" classname="testcases.StressTest"/>
  <testcase name="postRequestStressTest" time="0.032" classname="testcases.StressTest"/>
  <testcase name="postRequestStressTest" time="0.035" classname="testcases.StressTest"/>
  <testcase name="postRequestStressTest" time="0.029" classname="testcases.StressTest"/>
  <testcase name="postRequestStressTest" time="0.022" classname="testcases.StressTest"/>
  <testcase name="postRequestStressTest" time="0.060" classname="testcases.StressTest"/>
  <testcase name="postRequestStressTest" time="0.143" classname="testcases.StressTest"/>
  <testcase name="postRequestStressTest" time="0.064" classname="testcases.StressTest"/>
  <testcase name="postRequestStressTest" time="0.039" classname="testcases.StressTest"/>
  <testcase name="postRequestStressTest" time="0.056" classname="testcases.StressTest"/>
  <testcase name="postRequestStressTest" time="0.068" classname="testcases.StressTest"/>
  <testcase name="postRequestStressTest" time="0.036" classname="testcases.StressTest"/>
  <testcase name="postRequestStressTest" time="0.030" classname="testcases.StressTest"/>
  <testcase name="postRequestStressTest" time="0.112" classname="testcases.StressTest"/>
  <testcase name="postRequestStressTest" time="0.021" classname="testcases.StressTest"/>
  <testcase name="postRequestStressTest" time="0.062" classname="testcases.StressTest"/>
  <testcase name="postRequestStressTest" time="0.055" classname="testcases.StressTest"/>
  <testcase name="postRequestStressTest" time="0.076" classname="testcases.StressTest"/>
  <testcase name="postRequestStressTest" time="0.064" classname="testcases.StressTest"/>
  <testcase name="postRequestStressTest" time="0.039" classname="testcases.StressTest"/>
  <testcase name="postRequestStressTest" time="0.020" classname="testcases.StressTest"/>
  <testcase name="postRequestStressTest" time="0.096" classname="testcases.StressTest"/>
  <testcase name="postRequestStressTest" time="0.026" classname="testcases.StressTest"/>
  <testcase name="postRequestStressTest" time="0.059" classname="testcases.StressTest"/>
  <testcase name="postRequestStressTest" time="0.036" classname="testcases.StressTest"/>
  <testcase name="postRequestStressTest" time="0.044" classname="testcases.StressTest"/>
  <testcase name="postRequestStressTest" time="0.036" classname="testcases.StressTest"/>
  <testcase name="postRequestStressTest" time="0.079" classname="testcases.StressTest"/>
  <testcase name="postRequestStressTest" time="0.018" classname="testcases.StressTest"/>
  <testcase name="postRequestStressTest" time="0.018" classname="testcases.StressTest"/>
  <testcase name="postRequestStressTest" time="0.034" classname="testcases.StressTest"/>
  <testcase name="postRequestStressTest" time="0.049" classname="testcases.StressTest"/>
  <testcase name="postRequestStressTest" time="0.022" classname="testcases.StressTest"/>
  <testcase name="postRequestStressTest" time="0.020" classname="testcases.StressTest"/>
  <testcase name="postRequestStressTest" time="0.031" classname="testcases.StressTest"/>
  <testcase name="postRequestStressTest" time="0.024" classname="testcases.StressTest"/>
  <testcase name="postRequestStressTest" time="0.042" classname="testcases.StressTest"/>
  <testcase name="postRequestStressTest" time="0.027" classname="testcases.StressTest"/>
  <testcase name="postRequestStressTest" time="0.064" classname="testcases.StressTest"/>
  <testcase name="postRequestStressTest" time="0.015" classname="testcases.StressTest"/>
  <testcase name="postRequestStressTest" time="0.022" classname="testcases.StressTest"/>
  <testcase name="postRequestStressTest" time="0.037" classname="testcases.StressTest"/>
  <testcase name="postRequestStressTest" time="0.012" classname="testcases.StressTest"/>
  <testcase name="postRequestStressTest" time="0.116" classname="testcases.StressTest"/>
  <testcase name="postRequestStressTest" time="0.050" classname="testcases.StressTest"/>
  <testcase name="postRequestStressTest" time="0.082" classname="testcases.StressTest"/>
  <testcase name="postRequestStressTest" time="0.098" classname="testcases.StressTest"/>
  <testcase name="postRequestStressTest" time="0.064" classname="testcases.StressTest"/>
  <testcase name="postRequestStressTest" time="0.010" classname="testcases.StressTest"/>
  <testcase name="postRequestStressTest" time="0.216" classname="testcases.StressTest"/>
  <testcase name="postRequestStressTest" time="0.027" classname="testcases.StressTest"/>
  <testcase name="postRequestStressTest" time="0.118" classname="testcases.StressTest"/>
  <testcase name="postRequestStressTest" time="0.013" classname="testcases.StressTest"/>
  <testcase name="postRequestStressTest" time="0.045" classname="testcases.StressTest"/>
  <testcase name="postRequestStressTest" time="0.027" classname="testcases.StressTest"/>
  <testcase name="postRequestStressTest" time="0.077" classname="testcases.StressTest"/>
  <testcase name="postRequestStressTest" time="0.106" classname="testcases.StressTest"/>
  <testcase name="postRequestStressTest" time="0.071" classname="testcases.StressTest"/>
  <testcase name="postRequestStressTest" time="0.023" classname="testcases.StressTest"/>
  <testcase name="postRequestStressTest" time="0.067" classname="testcases.StressTest"/>
  <testcase name="postRequestStressTest" time="0.054" classname="testcases.StressTest"/>
  <testcase name="postRequestStressTest" time="0.039" classname="testcases.StressTest"/>
  <testcase name="postRequestStressTest" time="0.450" classname="testcases.StressTest"/>
  <testcase name="postRequestStressTest" time="0.013" classname="testcases.StressTest"/>
  <testcase name="postRequestStressTest" time="0.031" classname="testcases.StressTest"/>
  <testcase name="postRequestStressTest" time="0.043" classname="testcases.StressTest"/>
  <testcase name="postRequestStressTest" time="0.013" classname="testcases.StressTest"/>
  <testcase name="postRequestStressTest" time="0.028" classname="testcases.StressTest"/>
  <testcase name="postRequestStressTest" time="0.209" classname="testcases.StressTest"/>
  <testcase name="postRequestStressTest" time="0.074" classname="testcases.StressTest"/>
  <testcase name="postRequestStressTest" time="0.186" classname="testcases.StressTest"/>
  <testcase name="postRequestStressTest" time="0.106" classname="testcases.StressTest"/>
  <testcase name="postRequestStressTest" time="0.027" classname="testcases.StressTest"/>
  <testcase name="postRequestStressTest" time="0.028" classname="testcases.StressTest"/>
  <testcase name="postRequestStressTest" time="0.068" classname="testcases.StressTest"/>
  <testcase name="postRequestStressTest" time="0.076" classname="testcases.StressTest"/>
  <testcase name="postRequestStressTest" time="0.060" classname="testcases.StressTest"/>
  <testcase name="postRequestStressTest" time="0.193" classname="testcases.StressTest"/>
  <testcase name="postRequestStressTest" time="0.032" classname="testcases.StressTest"/>
  <testcase name="postRequestStressTest" time="0.106" classname="testcases.StressTest"/>
  <testcase name="postRequestStressTest" time="0.017" classname="testcases.StressTest"/>
  <testcase name="postRequestStressTest" time="0.145" classname="testcases.StressTest"/>
  <testcase name="postRequestStressTest" time="0.028" classname="testcases.StressTest"/>
  <testcase name="postRequestStressTest" time="0.050" classname="testcases.StressTest"/>
  <testcase name="postRequestStressTest" time="0.015" classname="testcases.StressTest"/>
  <testcase name="postRequestStressTest" time="0.096" classname="testcases.StressTest"/>
  <testcase name="postRequestStressTest" time="0.016" classname="testcases.StressTest"/>
  <testcase name="postRequestStressTest" time="0.053" classname="testcases.StressTest"/>
  <testcase name="postRequestStressTest" time="0.025" classname="testcases.StressTest"/>
  <testcase name="postRequestStressTest" time="0.022" classname="testcases.StressTest"/>
  <testcase name="postRequestStressTest" time="0.040" classname="testcases.StressTest"/>
  <testcase name="postRequestStressTest" time="0.014" classname="testcases.StressTest"/>
  <testcase name="postRequestStressTest" time="0.049" classname="testcases.StressTest"/>
  <testcase name="postRequestStressTest" time="0.026" classname="testcases.StressTest"/>
  <testcase name="postRequestStressTest" time="0.041" classname="testcases.StressTest"/>
  <testcase name="postRequestStressTest" time="0.030" classname="testcases.StressTest"/>
  <testcase name="postRequestStressTest" time="0.044" classname="testcases.StressTest"/>
  <testcase name="postRequestStressTest" time="0.042" classname="testcases.StressTest"/>
  <testcase name="postRequestStressTest" time="0.028" classname="testcases.StressTest"/>
  <testcase name="postRequestStressTest" time="0.018" classname="testcases.StressTest"/>
  <testcase name="postRequestStressTest" time="0.053" classname="testcases.StressTest"/>
  <testcase name="postRequestStressTest" time="0.049" classname="testcases.StressTest"/>
  <testcase name="postRequestStressTest" time="0.025" classname="testcases.StressTest"/>
  <testcase name="postRequestStressTest" time="0.072" classname="testcases.StressTest"/>
  <testcase name="postRequestStressTest" time="0.054" classname="testcases.StressTest"/>
  <testcase name="postRequestStressTest" time="0.045" classname="testcases.StressTest"/>
  <testcase name="postRequestStressTest" time="0.019" classname="testcases.StressTest"/>
  <testcase name="postRequestStressTest" time="0.033" classname="testcases.StressTest"/>
  <testcase name="postRequestStressTest" time="0.026" classname="testcases.StressTest"/>
  <testcase name="postRequestStressTest" time="0.026" classname="testcases.StressTest"/>
  <testcase name="postRequestStressTest" time="0.137" classname="testcases.StressTest"/>
  <testcase name="postRequestStressTest" time="0.031" classname="testcases.StressTest"/>
  <testcase name="postRequestStressTest" time="0.060" classname="testcases.StressTest"/>
  <testcase name="postRequestStressTest" time="0.091" classname="testcases.StressTest"/>
  <testcase name="postRequestStressTest" time="0.068" classname="testcases.StressTest"/>
  <testcase name="postRequestStressTest" time="0.088" classname="testcases.StressTest"/>
  <testcase name="postRequestStressTest" time="0.024" classname="testcases.StressTest"/>
  <testcase name="postRequestStressTest" time="0.035" classname="testcases.StressTest"/>
  <testcase name="postRequestStressTest" time="0.075" classname="testcases.StressTest"/>
  <testcase name="postRequestStressTest" time="0.026" classname="testcases.StressTest"/>
  <testcase name="postRequestStressTest" time="0.012" classname="testcases.StressTest"/>
  <testcase name="postRequestStressTest" time="0.055" classname="testcases.StressTest"/>
  <testcase name="postRequestStressTest" time="0.037" classname="testcases.StressTest"/>
  <testcase name="postRequestStressTest" time="0.049" classname="testcases.StressTest"/>
  <testcase name="postRequestStressTest" time="0.009" classname="testcases.StressTest"/>
  <testcase name="postRequestStressTest" time="0.048" classname="testcases.StressTest"/>
  <testcase name="postRequestStressTest" time="0.005" classname="testcases.StressTest"/>
  <testcase name="postRequestStressTest" time="0.030" classname="testcases.StressTest"/>
  <testcase name="postRequestStressTest" time="0.034" classname="testcases.StressTest"/>
  <testcase name="postRequestStressTest" time="0.112" classname="testcases.StressTest"/>
  <testcase name="postRequestStressTest" time="0.042" classname="testcases.StressTest"/>
  <testcase name="postRequestStressTest" time="0.136" classname="testcases.StressTest"/>
  <testcase name="postRequestStressTest" time="0.091" classname="testcases.StressTest"/>
  <testcase name="postRequestStressTest" time="0.049" classname="testcases.StressTest"/>
  <testcase name="postRequestStressTest" time="0.031" classname="testcases.StressTest"/>
  <testcase name="postRequestStressTest" time="0.029" classname="testcases.StressTest"/>
  <testcase name="postRequestStressTest" time="0.013" classname="testcases.StressTest"/>
  <testcase name="postRequestStressTest" time="0.073" classname="testcases.StressTest"/>
  <testcase name="postRequestStressTest" time="0.042" classname="testcases.StressTest"/>
  <testcase name="postRequestStressTest" time="0.130" classname="testcases.StressTest"/>
  <testcase name="postRequestStressTest" time="0.052" classname="testcases.StressTest"/>
  <testcase name="postRequestStressTest" time="0.060" classname="testcases.StressTest"/>
  <testcase name="postRequestStressTest" time="0.055" classname="testcases.StressTest"/>
  <testcase name="postRequestStressTest" time="0.026" classname="testcases.StressTest"/>
  <testcase name="postRequestStressTest" time="0.072" classname="testcases.StressTest"/>
  <testcase name="postRequestStressTest" time="0.022" classname="testcases.StressTest"/>
  <testcase name="postRequestStressTest" time="0.013" classname="testcases.StressTest"/>
  <testcase name="postRequestStressTest" time="0.104" classname="testcases.StressTest"/>
  <testcase name="postRequestStressTest" time="0.039" classname="testcases.StressTest"/>
  <testcase name="postRequestStressTest" time="0.025" classname="testcases.StressTest"/>
  <testcase name="postRequestStressTest" time="0.024" classname="testcases.StressTest"/>
  <testcase name="postRequestStressTest" time="0.170" classname="testcases.StressTest"/>
  <testcase name="postRequestStressTest" time="0.042" classname="testcases.StressTest"/>
  <testcase name="postRequestStressTest" time="0.156" classname="testcases.StressTest"/>
  <testcase name="postRequestStressTest" time="0.382" classname="testcases.StressTest"/>
  <testcase name="postRequestStressTest" time="0.021" classname="testcases.StressTest"/>
  <testcase name="postRequestStressTest" time="0.026" classname="testcases.StressTest"/>
  <testcase name="postRequestStressTest" time="0.022" classname="testcases.StressTest"/>
  <testcase name="postRequestStressTest" time="0.027" classname="testcases.StressTest"/>
  <testcase name="postRequestStressTest" time="0.040" classname="testcases.StressTest"/>
  <testcase name="postRequestStressTest" time="0.013" classname="testcases.StressTest"/>
  <testcase name="postRequestStressTest" time="0.031" classname="testcases.StressTest"/>
  <testcase name="postRequestStressTest" time="0.082" classname="testcases.StressTest"/>
  <testcase name="postRequestStressTest" time="0.099" classname="testcases.StressTest"/>
  <testcase name="postRequestStressTest" time="0.018" classname="testcases.StressTest"/>
  <testcase name="postRequestStressTest" time="0.054" classname="testcases.StressTest"/>
  <testcase name="postRequestStressTest" time="0.010" classname="testcases.StressTest"/>
  <testcase name="postRequestStressTest" time="0.145" classname="testcases.StressTest"/>
  <testcase name="postRequestStressTest" time="0.073" classname="testcases.StressTest"/>
  <testcase name="postRequestStressTest" time="0.113" classname="testcases.StressTest"/>
  <testcase name="postRequestStressTest" time="0.033" classname="testcases.StressTest"/>
  <testcase name="postRequestStressTest" time="0.015" classname="testcases.StressTest"/>
  <testcase name="postRequestStressTest" time="0.142" classname="testcases.StressTest"/>
  <testcase name="postRequestStressTest" time="0.021" classname="testcases.StressTest"/>
  <testcase name="postRequestStressTest" time="0.072" classname="testcases.StressTest"/>
  <testcase name="postRequestStressTest" time="0.051" classname="testcases.StressTest"/>
  <testcase name="postRequestStressTest" time="0.057" classname="testcases.StressTest"/>
  <testcase name="postRequestStressTest" time="0.036" classname="testcases.StressTest"/>
  <testcase name="postRequestStressTest" time="0.184" classname="testcases.StressTest"/>
  <testcase name="postRequestStressTest" time="0.034" classname="testcases.StressTest"/>
  <testcase name="postRequestStressTest" time="0.032" classname="testcases.StressTest"/>
  <testcase name="postRequestStressTest" time="0.046" classname="testcases.StressTest"/>
  <testcase name="postRequestStressTest" time="0.086" classname="testcases.StressTest"/>
  <testcase name="postRequestStressTest" time="0.054" classname="testcases.StressTest"/>
  <testcase name="postRequestStressTest" time="0.036" classname="testcases.StressTest"/>
  <testcase name="postRequestStressTest" time="0.037" classname="testcases.StressTest"/>
  <testcase name="postRequestStressTest" time="0.034" classname="testcases.StressTest"/>
  <testcase name="postRequestStressTest" time="0.014" classname="testcases.StressTest"/>
  <testcase name="postRequestStressTest" time="0.068" classname="testcases.StressTest"/>
  <testcase name="postRequestStressTest" time="0.021" classname="testcases.StressTest"/>
  <testcase name="postRequestStressTest" time="0.010" classname="testcases.StressTest"/>
  <testcase name="postRequestStressTest" time="0.119" classname="testcases.StressTest"/>
  <testcase name="postRequestStressTest" time="0.011" classname="testcases.StressTest"/>
  <testcase name="postRequestStressTest" time="0.137" classname="testcases.StressTest"/>
  <testcase name="postRequestStressTest" time="0.033" classname="testcases.StressTest"/>
  <testcase name="postRequestStressTest" time="0.047" classname="testcases.StressTest"/>
  <testcase name="postRequestStressTest" time="0.063" classname="testcases.StressTest"/>
  <testcase name="postRequestStressTest" time="0.065" classname="testcases.StressTest"/>
  <testcase name="postRequestStressTest" time="0.074" classname="testcases.StressTest"/>
  <testcase name="postRequestStressTest" time="0.092" classname="testcases.StressTest"/>
  <testcase name="postRequestStressTest" time="0.074" classname="testcases.StressTest"/>
  <testcase name="postRequestStressTest" time="0.097" classname="testcases.StressTest"/>
  <testcase name="postRequestStressTest" time="0.024" classname="testcases.StressTest"/>
  <testcase name="postRequestStressTest" time="0.124" classname="testcases.StressTest"/>
  <testcase name="postRequestStressTest" time="0.238" classname="testcases.StressTest"/>
  <testcase name="postRequestStressTest" time="0.141" classname="testcases.StressTest"/>
  <testcase name="postRequestStressTest" time="0.105" classname="testcases.StressTest"/>
  <testcase name="postRequestStressTest" time="0.011" classname="testcases.StressTest"/>
  <testcase name="postRequestStressTest" time="0.065" classname="testcases.StressTest"/>
  <testcase name="postRequestStressTest" time="0.021" classname="testcases.StressTest"/>
  <testcase name="postRequestStressTest" time="0.167" classname="testcases.StressTest"/>
  <testcase name="postRequestStressTest" time="0.026" classname="testcases.StressTest"/>
  <testcase name="postRequestStressTest" time="0.132" classname="testcases.StressTest"/>
  <testcase name="postRequestStressTest" time="0.191" classname="testcases.StressTest"/>
  <testcase name="postRequestStressTest" time="0.205" classname="testcases.StressTest"/>
  <testcase name="postRequestStressTest" time="0.066" classname="testcases.StressTest"/>
  <testcase name="postRequestStressTest" time="0.218" classname="testcases.StressTest"/>
  <testcase name="postRequestStressTest" time="0.247" classname="testcases.StressTest"/>
  <testcase name="postRequestStressTest" time="0.042" classname="testcases.StressTest"/>
  <testcase name="postRequestStressTest" time="0.043" classname="testcases.StressTest"/>
  <testcase name="postRequestStressTest" time="0.033" classname="testcases.StressTest"/>
  <testcase name="postRequestStressTest" time="0.020" classname="testcases.StressTest"/>
  <testcase name="postRequestStressTest" time="0.035" classname="testcases.StressTest"/>
  <testcase name="postRequestStressTest" time="0.055" classname="testcases.StressTest"/>
  <testcase name="postRequestStressTest" time="0.165" classname="testcases.StressTest"/>
  <testcase name="postRequestStressTest" time="0.028" classname="testcases.StressTest"/>
  <testcase name="postRequestStressTest" time="0.025" classname="testcases.StressTest"/>
  <testcase name="postRequestStressTest" time="0.072" classname="testcases.StressTest"/>
  <testcase name="postRequestStressTest" time="0.102" classname="testcases.StressTest"/>
  <testcase name="postRequestStressTest" time="0.025" classname="testcases.StressTest"/>
  <testcase name="postRequestStressTest" time="0.086" classname="testcases.StressTest"/>
  <testcase name="postRequestStressTest" time="0.093" classname="testcases.StressTest"/>
  <testcase name="postRequestStressTest" time="0.033" classname="testcases.StressTest"/>
  <testcase name="postRequestStressTest" time="0.036" classname="testcases.StressTest"/>
  <testcase name="postRequestStressTest" time="0.058" classname="testcases.StressTest"/>
  <testcase name="postRequestStressTest" time="0.036" classname="testcases.StressTest"/>
  <testcase name="postRequestStressTest" time="0.036" classname="testcases.StressTest"/>
  <testcase name="postRequestStressTest" time="0.079" classname="testcases.StressTest"/>
  <testcase name="postRequestStressTest" time="0.059" classname="testcases.StressTest"/>
  <testcase name="postRequestStressTest" time="0.082" classname="testcases.StressTest"/>
  <testcase name="postRequestStressTest" time="0.063" classname="testcases.StressTest"/>
  <testcase name="postRequestStressTest" time="0.059" classname="testcases.StressTest"/>
  <testcase name="postRequestStressTest" time="0.153" classname="testcases.StressTest"/>
  <testcase name="postRequestStressTest" time="0.049" classname="testcases.StressTest"/>
  <testcase name="postRequestStressTest" time="0.025" classname="testcases.StressTest"/>
  <testcase name="postRequestStressTest" time="0.049" classname="testcases.StressTest"/>
  <testcase name="postRequestStressTest" time="0.035" classname="testcases.StressTest"/>
  <testcase name="postRequestStressTest" time="0.052" classname="testcases.StressTest"/>
  <testcase name="postRequestStressTest" time="0.022" classname="testcases.StressTest"/>
  <testcase name="postRequestStressTest" time="0.082" classname="testcases.StressTest"/>
  <testcase name="postRequestStressTest" time="0.040" classname="testcases.StressTest"/>
  <testcase name="postRequestStressTest" time="0.152" classname="testcases.StressTest"/>
  <testcase name="postRequestStressTest" time="0.077" classname="testcases.StressTest"/>
  <testcase name="postRequestStressTest" time="0.161" classname="testcases.StressTest"/>
  <testcase name="postRequestStressTest" time="0.125" classname="testcases.StressTest"/>
  <testcase name="postRequestStressTest" time="0.032" classname="testcases.StressTest"/>
  <testcase name="postRequestStressTest" time="0.017" classname="testcases.StressTest"/>
  <testcase name="postRequestStressTest" time="0.013" classname="testcases.StressTest"/>
  <testcase name="postRequestStressTest" time="0.014" classname="testcases.StressTest"/>
  <testcase name="postRequestStressTest" time="0.036" classname="testcases.StressTest"/>
  <testcase name="postRequestStressTest" time="0.027" classname="testcases.StressTest"/>
  <testcase name="postRequestStressTest" time="0.016" classname="testcases.StressTest"/>
  <testcase name="postRequestStressTest" time="0.025" classname="testcases.StressTest"/>
  <testcase name="postRequestStressTest" time="0.055" classname="testcases.StressTest"/>
  <testcase name="postRequestStressTest" time="0.039" classname="testcases.StressTest"/>
  <testcase name="postRequestStressTest" time="0.024" classname="testcases.StressTest"/>
  <testcase name="postRequestStressTest" time="0.017" classname="testcases.StressTest"/>
  <testcase name="postRequestStressTest" time="0.035" classname="testcases.StressTest"/>
  <testcase name="postRequestStressTest" time="0.041" classname="testcases.StressTest"/>
  <testcase name="postRequestStressTest" time="0.070" classname="testcases.StressTest"/>
  <testcase name="postRequestStressTest" time="0.031" classname="testcases.StressTest"/>
  <testcase name="postRequestStressTest" time="0.042" classname="testcases.StressTest"/>
  <testcase name="postRequestStressTest" time="0.069" classname="testcases.StressTest"/>
  <testcase name="postRequestStressTest" time="0.011" classname="testcases.StressTest"/>
  <testcase name="postRequestStressTest" time="0.028" classname="testcases.StressTest"/>
  <testcase name="postRequestStressTest" time="0.027" classname="testcases.StressTest"/>
  <testcase name="postRequestStressTest" time="0.024" classname="testcases.StressTest"/>
  <testcase name="postRequestStressTest" time="0.034" classname="testcases.StressTest"/>
  <testcase name="postRequestStressTest" time="0.039" classname="testcases.StressTest"/>
  <testcase name="postRequestStressTest" time="0.021" classname="testcases.StressTest"/>
  <testcase name="postRequestStressTest" time="0.010" classname="testcases.StressTest"/>
  <testcase name="postRequestStressTest" time="0.035" classname="testcases.StressTest"/>
  <testcase name="postRequestStressTest" time="0.135" classname="testcases.StressTest"/>
  <testcase name="postRequestStressTest" time="0.017" classname="testcases.StressTest"/>
  <testcase name="postRequestStressTest" time="0.047" classname="testcases.StressTest"/>
  <testcase name="postRequestStressTest" time="0.057" classname="testcases.StressTest"/>
  <testcase name="postRequestStressTest" time="0.438" classname="testcases.StressTest"/>
  <testcase name="postRequestStressTest" time="0.036" classname="testcases.StressTest"/>
  <testcase name="postRequestStressTest" time="0.020" classname="testcases.StressTest"/>
  <testcase name="postRequestStressTest" time="0.034" classname="testcases.StressTest"/>
  <testcase name="postRequestStressTest" time="0.098" classname="testcases.StressTest"/>
  <testcase name="postRequestStressTest" time="0.015" classname="testcases.StressTest"/>
  <testcase name="postRequestStressTest" time="0.019" classname="testcases.StressTest"/>
  <testcase name="postRequestStressTest" time="0.084" classname="testcases.StressTest"/>
  <testcase name="postRequestStressTest" time="0.038" classname="testcases.StressTest"/>
  <testcase name="postRequestStressTest" time="0.036" classname="testcases.StressTest"/>
  <testcase name="postRequestStressTest" time="0.053" classname="testcases.StressTest"/>
  <testcase name="postRequestStressTest" time="0.062" classname="testcases.StressTest"/>
  <testcase name="postRequestStressTest" time="0.027" classname="testcases.StressTest"/>
  <testcase name="postRequestStressTest" time="0.009" classname="testcases.StressTest"/>
  <testcase name="postRequestStressTest" time="0.031" classname="testcases.StressTest"/>
  <testcase name="postRequestStressTest" time="0.030" classname="testcases.StressTest"/>
  <testcase name="postRequestStressTest" time="0.038" classname="testcases.StressTest"/>
  <testcase name="postRequestStressTest" time="0.023" classname="testcases.StressTest"/>
  <testcase name="postRequestStressTest" time="0.088" classname="testcases.StressTest"/>
  <testcase name="postRequestStressTest" time="0.032" classname="testcases.StressTest"/>
  <testcase name="postRequestStressTest" time="0.026" classname="testcases.StressTest"/>
  <testcase name="postRequestStressTest" time="0.031" classname="testcases.StressTest"/>
  <testcase name="postRequestStressTest" time="0.078" classname="testcases.StressTest"/>
  <testcase name="postRequestStressTest" time="0.068" classname="testcases.StressTest"/>
  <testcase name="postRequestStressTest" time="0.037" classname="testcases.StressTest"/>
  <testcase name="postRequestStressTest" time="0.041" classname="testcases.StressTest"/>
  <testcase name="postRequestStressTest" time="0.038" classname="testcases.StressTest"/>
  <testcase name="postRequestStressTest" time="0.015" classname="testcases.StressTest"/>
  <testcase name="postRequestStressTest" time="0.054" classname="testcases.StressTest"/>
  <testcase name="postRequestStressTest" time="0.025" classname="testcases.StressTest"/>
  <testcase name="postRequestStressTest" time="0.027" classname="testcases.StressTest"/>
  <testcase name="postRequestStressTest" time="0.073" classname="testcases.StressTest"/>
  <testcase name="postRequestStressTest" time="0.017" classname="testcases.StressTest"/>
  <testcase name="postRequestStressTest" time="0.019" classname="testcases.StressTest"/>
  <testcase name="postRequestStressTest" time="0.049" classname="testcases.StressTest"/>
  <testcase name="postRequestStressTest" time="0.026" classname="testcases.StressTest"/>
  <testcase name="postRequestStressTest" time="0.033" classname="testcases.StressTest"/>
  <testcase name="postRequestStressTest" time="0.129" classname="testcases.StressTest"/>
  <testcase name="postRequestStressTest" time="0.077" classname="testcases.StressTest"/>
  <testcase name="postRequestStressTest" time="0.028" classname="testcases.StressTest"/>
  <testcase name="postRequestStressTest" time="0.046" classname="testcases.StressTest"/>
  <testcase name="postRequestStressTest" time="0.035" classname="testcases.StressTest"/>
  <testcase name="postRequestStressTest" time="0.014" classname="testcases.StressTest"/>
  <testcase name="postRequestStressTest" time="0.036" classname="testcases.StressTest"/>
  <testcase name="postRequestStressTest" time="0.014" classname="testcases.StressTest"/>
  <testcase name="postRequestStressTest" time="0.029" classname="testcases.StressTest"/>
  <testcase name="postRequestStressTest" time="0.024" classname="testcases.StressTest"/>
  <testcase name="postRequestStressTest" time="0.060" classname="testcases.StressTest"/>
  <testcase name="postRequestStressTest" time="0.074" classname="testcases.StressTest"/>
  <testcase name="getAllGoalsAndVerifyIfAllTheGoalsFromThePOSTareLoaded" time="0.150" classname="testcases.StressTest"/>
  <testcase name="postRequestStressTest" time="0.053" classname="testcases.StressTest"/>
  <testcase name="postRequestStressTest" time="0.169" classname="testcases.StressTest"/>
  <testcase name="postRequestStressTest" time="0.026" classname="testcases.StressTest"/>
  <testcase name="postRequestStressTest" time="0.058" classname="testcases.StressTest"/>
  <testcase name="postRequestStressTest" time="0.076" classname="testcases.StressTest"/>
  <testcase name="postRequestStressTest" time="0.028" classname="testcases.StressTest"/>
  <testcase name="postRequestStressTest" time="0.053" classname="testcases.StressTest"/>
  <testcase name="postRequestStressTest" time="0.100" classname="testcases.StressTest"/>
  <testcase name="postRequestStressTest" time="0.028" classname="testcases.StressTest"/>
  <testcase name="postRequestStressTest" time="0.033" classname="testcases.StressTest"/>
  <testcase name="postRequestStressTest" time="0.053" classname="testcases.StressTest"/>
  <testcase name="postRequestStressTest" time="0.024" classname="testcases.StressTest"/>
  <testcase name="postRequestStressTest" time="0.054" classname="testcases.StressTest"/>
  <testcase name="postRequestStressTest" time="0.049" classname="testcases.StressTest"/>
  <testcase name="postRequestStressTest" time="0.064" classname="testcases.StressTest"/>
  <testcase name="postRequestStressTest" time="0.016" classname="testcases.StressTest"/>
  <testcase name="postRequestStressTest" time="0.028" classname="testcases.StressTest"/>
  <testcase name="postRequestStressTest" time="0.024" classname="testcases.StressTest"/>
  <testcase name="postRequestStressTest" time="0.065" classname="testcases.StressTest"/>
  <testcase name="postRequestStressTest" time="0.024" classname="testcases.StressTest"/>
  <testcase name="postRequestStressTest" time="0.034" classname="testcases.StressTest"/>
  <testcase name="postRequestStressTest" time="0.032" classname="testcases.StressTest"/>
  <testcase name="postRequestStressTest" time="0.016" classname="testcases.StressTest"/>
  <testcase name="postRequestStressTest" time="0.123" classname="testcases.StressTest"/>
  <testcase name="postRequestStressTest" time="0.018" classname="testcases.StressTest"/>
  <testcase name="postRequestStressTest" time="0.030" classname="testcases.StressTest"/>
  <testcase name="postRequestStressTest" time="0.026" classname="testcases.StressTest"/>
  <testcase name="postRequestStressTest" time="0.005" classname="testcases.StressTest"/>
  <testcase name="postRequestStressTest" time="0.106" classname="testcases.StressTest"/>
  <testcase name="postRequestStressTest" time="0.165" classname="testcases.StressTest"/>
  <testcase name="postRequestStressTest" time="0.056" classname="testcases.StressTest"/>
  <testcase name="postRequestStressTest" time="0.037" classname="testcases.StressTest"/>
  <testcase name="postRequestStressTest" time="0.127" classname="testcases.StressTest"/>
  <testcase name="postRequestStressTest" time="0.037" classname="testcases.StressTest"/>
  <testcase name="postRequestStressTest" time="0.027" classname="testcases.StressTest"/>
  <testcase name="postRequestStressTest" time="0.024" classname="testcases.StressTest"/>
  <testcase name="postRequestStressTest" time="0.046" classname="testcases.StressTest"/>
  <testcase name="postRequestStressTest" time="0.302" classname="testcases.StressTest"/>
  <testcase name="postRequestStressTest" time="0.078" classname="testcases.StressTest"/>
  <testcase name="postRequestStressTest" time="0.021" classname="testcases.StressTest"/>
  <testcase name="postRequestStressTest" time="0.035" classname="testcases.StressTest"/>
  <testcase name="postRequestStressTest" time="0.158" classname="testcases.StressTest"/>
  <testcase name="postRequestStressTest" time="0.188" classname="testcases.StressTest"/>
  <testcase name="postRequestStressTest" time="0.058" classname="testcases.StressTest"/>
  <testcase name="postRequestStressTest" time="0.027" classname="testcases.StressTest"/>
  <testcase name="postRequestStressTest" time="0.092" classname="testcases.StressTest"/>
  <testcase name="postRequestStressTest" time="0.059" classname="testcases.StressTest"/>
  <testcase name="postRequestStressTest" time="0.030" classname="testcases.StressTest"/>
  <testcase name="postRequestStressTest" time="0.020" classname="testcases.StressTest"/>
  <testcase name="postRequestStressTest" time="0.062" classname="testcases.StressTest"/>
  <testcase name="postRequestStressTest" time="0.148" classname="testcases.StressTest"/>
  <testcase name="postRequestStressTest" time="0.054" classname="testcases.StressTest"/>
  <testcase name="postRequestStressTest" time="0.030" classname="testcases.StressTest"/>
  <testcase name="postRequestStressTest" time="0.072" classname="testcases.StressTest"/>
  <testcase name="postRequestStressTest" time="0.065" classname="testcases.StressTest"/>
  <testcase name="postRequestStressTest" time="0.035" classname="testcases.StressTest"/>
  <testcase name="postRequestStressTest" time="0.077" classname="testcases.StressTest"/>
  <testcase name="postRequestStressTest" time="0.084" classname="testcases.StressTest"/>
  <testcase name="postRequestStressTest" time="0.041" classname="testcases.StressTest"/>
  <testcase name="postRequestStressTest" time="0.238" classname="testcases.StressTest"/>
  <testcase name="postRequestStressTest" time="0.017" classname="testcases.StressTest"/>
  <testcase name="postRequestStressTest" time="0.085" classname="testcases.StressTest"/>
  <testcase name="postRequestStressTest" time="0.017" classname="testcases.StressTest"/>
  <testcase name="postRequestStressTest" time="0.078" classname="testcases.StressTest"/>
  <testcase name="postRequestStressTest" time="0.014" classname="testcases.StressTest"/>
  <testcase name="postRequestStressTest" time="0.100" classname="testcases.StressTest"/>
  <testcase name="postRequestStressTest" time="0.038" classname="testcases.StressTest"/>
  <testcase name="postRequestStressTest" time="0.033" classname="testcases.StressTest"/>
  <testcase name="postRequestStressTest" time="0.122" classname="testcases.StressTest"/>
  <testcase name="postRequestStressTest" time="0.021" classname="testcases.StressTest"/>
  <testcase name="postRequestStressTest" time="0.014" classname="testcases.StressTest"/>
  <testcase name="postRequestStressTest" time="0.141" classname="testcases.StressTest"/>
  <testcase name="postRequestStressTest" time="0.042" classname="testcases.StressTest"/>
  <testcase name="postRequestStressTest" time="0.045" classname="testcases.StressTest"/>
  <testcase name="postRequestStressTest" time="0.024" classname="testcases.StressTest"/>
  <testcase name="postRequestStressTest" time="0.030" classname="testcases.StressTest"/>
  <testcase name="postRequestStressTest" time="0.015" classname="testcases.StressTest"/>
  <testcase name="postRequestStressTest" time="0.009" classname="testcases.StressTest"/>
  <testcase name="postRequestStressTest" time="0.026" classname="testcases.StressTest"/>
  <testcase name="postRequestStressTest" time="0.059" classname="testcases.StressTest"/>
  <testcase name="postRequestStressTest" time="0.174" classname="testcases.StressTest"/>
  <testcase name="postRequestStressTest" time="0.045" classname="testcases.StressTest"/>
  <testcase name="postRequestStressTest" time="0.060" classname="testcases.StressTest"/>
  <testcase name="postRequestStressTest" time="0.049" classname="testcases.StressTest"/>
  <testcase name="postRequestStressTest" time="0.083" classname="testcases.StressTest"/>
  <testcase name="postRequestStressTest" time="0.036" classname="testcases.StressTest"/>
  <testcase name="postRequestStressTest" time="0.056" classname="testcases.StressTest"/>
  <testcase name="postRequestStressTest" time="0.067" classname="testcases.StressTest"/>
  <testcase name="postRequestStressTest" time="0.038" classname="testcases.StressTest"/>
  <testcase name="postRequestStressTest" time="0.131" classname="testcases.StressTest"/>
  <testcase name="postRequestStressTest" time="0.033" classname="testcases.StressTest"/>
  <testcase name="postRequestStressTest" time="0.079" classname="testcases.StressTest"/>
  <testcase name="postRequestStressTest" time="0.031" classname="testcases.StressTest"/>
  <testcase name="postRequestStressTest" time="0.035" classname="testcases.StressTest"/>
  <testcase name="postRequestStressTest" time="0.020" classname="testcases.StressTest"/>
  <testcase name="postRequestStressTest" time="0.012" classname="testcases.StressTest"/>
  <testcase name="postRequestStressTest" time="0.028" classname="testcases.StressTest"/>
  <testcase name="postRequestStressTest" time="0.019" classname="testcases.StressTest"/>
  <testcase name="postRequestStressTest" time="0.020" classname="testcases.StressTest"/>
  <testcase name="postRequestStressTest" time="0.092" classname="testcases.StressTest"/>
  <testcase name="postRequestStressTest" time="0.109" classname="testcases.StressTest"/>
  <testcase name="postRequestStressTest" time="0.017" classname="testcases.StressTest"/>
  <testcase name="postRequestStressTest" time="0.044" classname="testcases.StressTest"/>
  <testcase name="postRequestStressTest" time="0.033" classname="testcases.StressTest"/>
  <testcase name="postRequestStressTest" time="0.011" classname="testcases.StressTest"/>
  <testcase name="postRequestStressTest" time="0.248" classname="testcases.StressTest"/>
  <testcase name="postRequestStressTest" time="0.043" classname="testcases.StressTest"/>
  <testcase name="postRequestStressTest" time="0.144" classname="testcases.StressTest"/>
  <testcase name="postRequestStressTest" time="0.019" classname="testcases.StressTest"/>
  <testcase name="postRequestStressTest" time="0.014" classname="testcases.StressTest"/>
  <testcase name="postRequestStressTest" time="0.011" classname="testcases.StressTest"/>
  <testcase name="postRequestStressTest" time="0.017" classname="testcases.StressTest"/>
  <testcase name="postRequestStressTest" time="0.018" classname="testcases.StressTest"/>
  <testcase name="postRequestStressTest" time="0.010" classname="testcases.StressTest"/>
  <testcase name="postRequestStressTest" time="0.041" classname="testcases.StressTest"/>
  <testcase name="postRequestStressTest" time="0.060" classname="testcases.StressTest"/>
  <testcase name="postRequestStressTest" time="0.092" classname="testcases.StressTest"/>
  <testcase name="postRequestStressTest" time="0.032" classname="testcases.StressTest"/>
  <testcase name="postRequestStressTest" time="0.050" classname="testcases.StressTest"/>
  <testcase name="postRequestStressTest" time="0.121" classname="testcases.StressTest"/>
  <testcase name="postRequestStressTest" time="0.074" classname="testcases.StressTest"/>
  <testcase name="postRequestStressTest" time="0.103" classname="testcases.StressTest"/>
  <testcase name="postRequestStressTest" time="0.033" classname="testcases.StressTest"/>
  <testcase name="postRequestStressTest" time="0.046" classname="testcases.StressTest"/>
  <testcase name="postRequestStressTest" time="0.092" classname="testcases.StressTest"/>
  <testcase name="postRequestStressTest" time="0.051" classname="testcases.StressTest"/>
  <testcase name="postRequestStressTest" time="0.078" classname="testcases.StressTest"/>
  <testcase name="postRequestStressTest" time="0.028" classname="testcases.StressTest"/>
  <testcase name="postRequestStressTest" time="0.075" classname="testcases.StressTest"/>
  <testcase name="postRequestStressTest" time="0.022" classname="testcases.StressTest"/>
  <testcase name="postRequestStressTest" time="0.019" classname="testcases.StressTest"/>
  <testcase name="postRequestStressTest" time="0.050" classname="testcases.StressTest"/>
  <testcase name="postRequestStressTest" time="0.025" classname="testcases.StressTest"/>
  <testcase name="postRequestStressTest" time="0.033" classname="testcases.StressTest"/>
  <testcase name="postRequestStressTest" time="0.014" classname="testcases.StressTest"/>
  <testcase name="postRequestStressTest" time="0.071" classname="testcases.StressTest"/>
  <testcase name="postRequestStressTest" time="0.050" classname="testcases.StressTest"/>
  <testcase name="postRequestStressTest" time="0.016" classname="testcases.StressTest"/>
  <testcase name="postRequestStressTest" time="0.009" classname="testcases.StressTest"/>
  <testcase name="postRequestStressTest" time="0.057" classname="testcases.StressTest"/>
  <testcase name="postRequestStressTest" time="0.044" classname="testcases.StressTest"/>
  <testcase name="postRequestStressTest" time="0.069" classname="testcases.StressTest"/>
  <testcase name="postRequestStressTest" time="0.042" classname="testcases.StressTest"/>
  <testcase name="postRequestStressTest" time="0.012" classname="testcases.StressTest"/>
  <testcase name="postRequestStressTest" time="0.021" classname="testcases.StressTest"/>
  <testcase name="postRequestStressTest" time="0.015" classname="testcases.StressTest"/>
  <testcase name="postRequestStressTest" time="0.064" classname="testcases.StressTest"/>
  <testcase name="postRequestStressTest" time="0.074" classname="testcases.StressTest"/>
  <testcase name="postRequestStressTest" time="0.203" classname="testcases.StressTest"/>
  <testcase name="postRequestStressTest" time="0.201" classname="testcases.StressTest"/>
  <testcase name="postRequestStressTest" time="0.150" classname="testcases.StressTest"/>
  <testcase name="postRequestStressTest" time="0.047" classname="testcases.StressTest"/>
  <testcase name="postRequestStressTest" time="0.042" classname="testcases.StressTest"/>
  <testcase name="postRequestStressTest" time="0.040" classname="testcases.StressTest"/>
  <testcase name="postRequestStressTest" time="0.042" classname="testcases.StressTest"/>
  <testcase name="postRequestStressTest" time="0.062" classname="testcases.StressTest"/>
  <testcase name="postRequestStressTest" time="0.007" classname="testcases.StressTest"/>
  <testcase name="postRequestStressTest" time="0.042" classname="testcases.StressTest"/>
  <testcase name="postRequestStressTest" time="0.029" classname="testcases.StressTest"/>
  <testcase name="postRequestStressTest" time="0.136" classname="testcases.StressTest"/>
  <testcase name="postRequestStressTest" time="0.026" classname="testcases.StressTest"/>
  <testcase name="postRequestStressTest" time="0.017" classname="testcases.StressTest"/>
  <testcase name="postRequestStressTest" time="0.035" classname="testcases.StressTest"/>
  <testcase name="postRequestStressTest" time="0.024" classname="testcases.StressTest"/>
  <testcase name="postRequestStressTest" time="0.015" classname="testcases.StressTest"/>
  <testcase name="postRequestStressTest" time="0.044" classname="testcases.StressTest"/>
  <testcase name="postRequestStressTest" time="0.049" classname="testcases.StressTest"/>
  <testcase name="postRequestStressTest" time="0.069" classname="testcases.StressTest"/>
  <testcase name="postRequestStressTest" time="0.037" classname="testcases.StressTest"/>
  <testcase name="postRequestStressTest" time="0.025" classname="testcases.StressTest"/>
  <testcase name="postRequestStressTest" time="0.119" classname="testcases.StressTest"/>
  <testcase name="postRequestStressTest" time="0.043" classname="testcases.StressTest"/>
  <testcase name="postRequestStressTest" time="0.045" classname="testcases.StressTest"/>
  <testcase name="postRequestStressTest" time="0.047" classname="testcases.StressTest"/>
  <testcase name="postRequestStressTest" time="0.104" classname="testcases.StressTest"/>
  <testcase name="postRequestStressTest" time="0.048" classname="testcases.StressTest"/>
  <testcase name="postRequestStressTest" time="0.031" classname="testcases.StressTest"/>
  <testcase name="postRequestStressTest" time="0.040" classname="testcases.StressTest"/>
  <testcase name="postRequestStressTest" time="0.070" classname="testcases.StressTest"/>
  <testcase name="postRequestStressTest" time="0.059" classname="testcases.StressTest"/>
  <testcase name="postRequestStressTest" time="0.093" classname="testcases.StressTest"/>
  <testcase name="postRequestStressTest" time="0.056" classname="testcases.StressTest"/>
  <testcase name="postRequestStressTest" time="0.009" classname="testcases.StressTest"/>
  <testcase name="postRequestStressTest" time="0.067" classname="testcases.StressTest"/>
  <testcase name="postRequestStressTest" time="0.034" classname="testcases.StressTest"/>
  <testcase name="postRequestStressTest" time="0.042" classname="testcases.StressTest"/>
  <testcase name="postRequestStressTest" time="0.037" classname="testcases.StressTest"/>
  <testcase name="postRequestStressTest" time="0.013" classname="testcases.StressTest"/>
  <testcase name="postRequestStressTest" time="0.029" classname="testcases.StressTest"/>
  <testcase name="postRequestStressTest" time="0.047" classname="testcases.StressTest"/>
  <testcase name="postRequestStressTest" time="0.043" classname="testcases.StressTest"/>
  <testcase name="postRequestStressTest" time="0.030" classname="testcases.StressTest"/>
  <testcase name="postRequestStressTest" time="0.015" classname="testcases.StressTest"/>
  <testcase name="postRequestStressTest" time="0.028" classname="testcases.StressTest"/>
  <testcase name="postRequestStressTest" time="0.112" classname="testcases.StressTest"/>
  <testcase name="postRequestStressTest" time="0.044" classname="testcases.StressTest"/>
  <testcase name="postRequestStressTest" time="0.047" classname="testcases.StressTest"/>
  <testcase name="postRequestStressTest" time="0.685" classname="testcases.StressTest"/>
  <testcase name="postRequestStressTest" time="0.133" classname="testcases.StressTest"/>
  <testcase name="postRequestStressTest" time="0.067" classname="testcases.StressTest"/>
  <testcase name="postRequestStressTest" time="0.168" classname="testcases.StressTest"/>
  <testcase name="postRequestStressTest" time="0.113" classname="testcases.StressTest"/>
  <testcase name="postRequestStressTest" time="0.028" classname="testcases.StressTest"/>
  <testcase name="postRequestStressTest" time="0.011" classname="testcases.StressTest"/>
  <testcase name="postRequestStressTest" time="0.018" classname="testcases.StressTest"/>
  <testcase name="postRequestStressTest" time="0.028" classname="testcases.StressTest"/>
  <testcase name="postRequestStressTest" time="0.109" classname="testcases.StressTest"/>
  <testcase name="postRequestStressTest" time="0.137" classname="testcases.StressTest"/>
  <testcase name="postRequestStressTest" time="0.020" classname="testcases.StressTest"/>
  <testcase name="postRequestStressTest" time="0.022" classname="testcases.StressTest"/>
  <testcase name="postRequestStressTest" time="0.032" classname="testcases.StressTest"/>
  <testcase name="postRequestStressTest" time="0.034" classname="testcases.StressTest"/>
  <testcase name="postRequestStressTest" time="0.038" classname="testcases.StressTest"/>
  <testcase name="postRequestStressTest" time="0.061" classname="testcases.StressTest"/>
  <testcase name="postRequestStressTest" time="0.028" classname="testcases.StressTest"/>
  <testcase name="postRequestStressTest" time="0.039" classname="testcases.StressTest"/>
  <testcase name="postRequestStressTest" time="0.210" classname="testcases.StressTest"/>
  <testcase name="postRequestStressTest" time="0.010" classname="testcases.StressTest"/>
  <testcase name="postRequestStressTest" time="0.053" classname="testcases.StressTest"/>
  <testcase name="postRequestStressTest" time="0.030" classname="testcases.StressTest"/>
  <testcase name="postRequestStressTest" time="0.024" classname="testcases.StressTest"/>
  <testcase name="postRequestStressTest" time="0.022" classname="testcases.StressTest"/>
  <testcase name="postRequestStressTest" time="0.094" classname="testcases.StressTest"/>
  <testcase name="postRequestStressTest" time="0.054" classname="testcases.StressTest"/>
  <testcase name="postRequestStressTest" time="0.034" classname="testcases.StressTest"/>
  <testcase name="postRequestStressTest" time="0.098" classname="testcases.StressTest"/>
  <testcase name="postRequestStressTest" time="0.023" classname="testcases.StressTest"/>
  <testcase name="postRequestStressTest" time="0.043" classname="testcases.StressTest"/>
  <testcase name="postRequestStressTest" time="0.050" classname="testcases.StressTest"/>
  <testcase name="postRequestStressTest" time="0.025" classname="testcases.StressTest"/>
  <testcase name="postRequestStressTest" time="0.045" classname="testcases.StressTest"/>
  <testcase name="postRequestStressTest" time="0.028" classname="testcases.StressTest"/>
  <testcase name="postRequestStressTest" time="0.042" classname="testcases.StressTest"/>
  <testcase name="postRequestStressTest" time="0.041" classname="testcases.StressTest"/>
  <testcase name="postRequestStressTest" time="0.055" classname="testcases.StressTest"/>
  <testcase name="postRequestStressTest" time="0.033" classname="testcases.StressTest"/>
  <testcase name="postRequestStressTest" time="0.036" classname="testcases.StressTest"/>
  <testcase name="postRequestStressTest" time="0.067" classname="testcases.StressTest"/>
  <testcase name="postRequestStressTest" time="0.033" classname="testcases.StressTest"/>
  <testcase name="postRequestStressTest" time="0.010" classname="testcases.StressTest"/>
  <testcase name="postRequestStressTest" time="0.057" classname="testcases.StressTest"/>
  <testcase name="postRequestStressTest" time="0.031" classname="testcases.StressTest"/>
  <testcase name="postRequestStressTest" time="0.046" classname="testcases.StressTest"/>
  <testcase name="postRequestStressTest" time="0.055" classname="testcases.StressTest"/>
  <testcase name="postRequestStressTest" time="0.027" classname="testcases.StressTest"/>
  <testcase name="postRequestStressTest" time="0.058" classname="testcases.StressTest"/>
  <testcase name="postRequestStressTest" time="0.029" classname="testcases.StressTest"/>
  <testcase name="postRequestStressTest" time="0.123" classname="testcases.StressTest"/>
  <testcase name="postRequestStressTest" time="0.030" classname="testcases.StressTest"/>
  <testcase name="postRequestStressTest" time="0.040" classname="testcases.StressTest"/>
  <testcase name="postRequestStressTest" time="0.011" classname="testcases.StressTest"/>
  <testcase name="postRequestStressTest" time="0.055" classname="testcases.StressTest"/>
  <testcase name="postRequestStressTest" time="0.070" classname="testcases.StressTest"/>
  <testcase name="postRequestStressTest" time="0.118" classname="testcases.StressTest"/>
  <testcase name="postRequestStressTest" time="0.019" classname="testcases.StressTest"/>
  <testcase name="postRequestStressTest" time="0.140" classname="testcases.StressTest"/>
  <testcase name="postRequestStressTest" time="0.016" classname="testcases.StressTest"/>
  <testcase name="postRequestStressTest" time="0.095" classname="testcases.StressTest"/>
  <testcase name="postRequestStressTest" time="0.057" classname="testcases.StressTest"/>
  <testcase name="postRequestStressTest" time="0.024" classname="testcases.StressTest"/>
  <testcase name="postRequestStressTest" time="0.066" classname="testcases.StressTest"/>
  <testcase name="postRequestStressTest" time="0.107" classname="testcases.StressTest"/>
  <testcase name="postRequestStressTest" time="0.054" classname="testcases.StressTest"/>
  <testcase name="postRequestStressTest" time="0.102" classname="testcases.StressTest"/>
  <testcase name="postRequestStressTest" time="0.034" classname="testcases.StressTest"/>
  <testcase name="postRequestStressTest" time="0.021" classname="testcases.StressTest"/>
  <testcase name="postRequestStressTest" time="0.044" classname="testcases.StressTest"/>
  <testcase name="postRequestStressTest" time="0.015" classname="testcases.StressTest"/>
  <testcase name="postRequestStressTest" time="0.112" classname="testcases.StressTest"/>
  <testcase name="postRequestStressTest" time="0.056" classname="testcases.StressTest"/>
  <testcase name="postRequestStressTest" time="0.028" classname="testcases.StressTest"/>
  <testcase name="postRequestStressTest" time="0.082" classname="testcases.StressTest"/>
  <testcase name="postRequestStressTest" time="0.050" classname="testcases.StressTest"/>
  <testcase name="postRequestStressTest" time="0.020" classname="testcases.StressTest"/>
  <testcase name="postRequestStressTest" time="0.076" classname="testcases.StressTest"/>
  <testcase name="postRequestStressTest" time="0.038" classname="testcases.StressTest"/>
  <testcase name="postRequestStressTest" time="0.019" classname="testcases.StressTest"/>
  <testcase name="postRequestStressTest" time="0.066" classname="testcases.StressTest"/>
  <testcase name="postRequestStressTest" time="0.106" classname="testcases.StressTest"/>
  <testcase name="postRequestStressTest" time="0.026" classname="testcases.StressTest"/>
  <testcase name="postRequestStressTest" time="0.068" classname="testcases.StressTest"/>
  <testcase name="postRequestStressTest" time="0.221" classname="testcases.StressTest"/>
  <testcase name="postRequestStressTest" time="0.020" classname="testcases.StressTest"/>
  <testcase name="postRequestStressTest" time="0.064" classname="testcases.StressTest"/>
  <testcase name="postRequestStressTest" time="0.080" classname="testcases.StressTest"/>
  <testcase name="postRequestStressTest" time="0.074" classname="testcases.StressTest"/>
  <testcase name="postRequestStressTest" time="0.057" classname="testcases.StressTest"/>
  <testcase name="postRequestStressTest" time="0.011" classname="testcases.StressTest"/>
  <testcase name="postRequestStressTest" time="0.022" classname="testcases.StressTest"/>
  <testcase name="postRequestStressTest" time="0.030" classname="testcases.StressTest"/>
  <testcase name="postRequestStressTest" time="0.038" classname="testcases.StressTest"/>
  <testcase name="postRequestStressTest" time="0.013" classname="testcases.StressTest"/>
  <testcase name="postRequestStressTest" time="0.013" classname="testcases.StressTest"/>
  <testcase name="postRequestStressTest" time="0.051" classname="testcases.StressTest"/>
  <testcase name="postRequestStressTest" time="0.140" classname="testcases.StressTest"/>
  <testcase name="postRequestStressTest" time="0.045" classname="testcases.StressTest"/>
  <testcase name="postRequestStressTest" time="0.382" classname="testcases.StressTest"/>
  <testcase name="postRequestStressTest" time="0.023" classname="testcases.StressTest"/>
  <testcase name="postRequestStressTest" time="0.024" classname="testcases.StressTest"/>
  <testcase name="postRequestStressTest" time="0.082" classname="testcases.StressTest"/>
  <testcase name="postRequestStressTest" time="0.148" classname="testcases.StressTest"/>
  <testcase name="postRequestStressTest" time="0.065" classname="testcases.StressTest"/>
  <testcase name="postRequestStressTest" time="0.067" classname="testcases.StressTest"/>
  <testcase name="postRequestStressTest" time="0.083" classname="testcases.StressTest"/>
  <testcase name="postRequestStressTest" time="0.046" classname="testcases.StressTest"/>
  <testcase name="postRequestStressTest" time="0.036" classname="testcases.StressTest"/>
  <testcase name="postRequestStressTest" time="0.048" classname="testcases.StressTest"/>
  <testcase name="postRequestStressTest" time="0.024" classname="testcases.StressTest"/>
  <testcase name="postRequestStressTest" time="0.094" classname="testcases.StressTest"/>
  <testcase name="postRequestStressTest" time="0.191" classname="testcases.StressTest"/>
  <testcase name="postRequestStressTest" time="0.015" classname="testcases.StressTest"/>
  <testcase name="postRequestStressTest" time="0.363" classname="testcases.StressTest"/>
  <testcase name="postRequestStressTest" time="0.071" classname="testcases.StressTest"/>
  <testcase name="postRequestStressTest" time="0.015" classname="testcases.StressTest"/>
  <testcase name="postRequestStressTest" time="0.019" classname="testcases.StressTest"/>
  <testcase name="postRequestStressTest" time="0.028" classname="testcases.StressTest"/>
  <testcase name="postRequestStressTest" time="0.083" classname="testcases.StressTest"/>
  <testcase name="postRequestStressTest" time="0.226" classname="testcases.StressTest"/>
  <testcase name="postRequestStressTest" time="0.110" classname="testcases.StressTest"/>
  <testcase name="postRequestStressTest" time="0.119" classname="testcases.StressTest"/>
  <testcase name="postRequestStressTest" time="0.017" classname="testcases.StressTest"/>
  <testcase name="postRequestStressTest" time="0.031" classname="testcases.StressTest"/>
  <testcase name="postRequestStressTest" time="0.071" classname="testcases.StressTest"/>
  <testcase name="postRequestStressTest" time="0.110" classname="testcases.StressTest"/>
  <testcase name="postRequestStressTest" time="0.046" classname="testcases.StressTest"/>
  <testcase name="postRequestStressTest" time="0.064" classname="testcases.StressTest"/>
  <testcase name="postRequestStressTest" time="0.077" classname="testcases.StressTest"/>
  <testcase name="postRequestStressTest" time="0.051" classname="testcases.StressTest"/>
  <testcase name="postRequestStressTest" time="0.024" classname="testcases.StressTest"/>
  <testcase name="postRequestStressTest" time="0.026" classname="testcases.StressTest"/>
  <testcase name="postRequestStressTest" time="0.068" classname="testcases.StressTest"/>
  <testcase name="postRequestStressTest" time="0.082" classname="testcases.StressTest"/>
  <testcase name="postRequestStressTest" time="0.094" classname="testcases.StressTest"/>
  <testcase name="postRequestStressTest" time="0.169" classname="testcases.StressTest"/>
  <testcase name="postRequestStressTest" time="0.047" classname="testcases.StressTest"/>
  <testcase name="postRequestStressTest" time="0.059" classname="testcases.StressTest"/>
  <testcase name="postRequestStressTest" time="0.065" classname="testcases.StressTest"/>
  <testcase name="postRequestStressTest" time="0.106" classname="testcases.StressTest"/>
  <testcase name="postRequestStressTest" time="0.090" classname="testcases.StressTest"/>
  <testcase name="postRequestStressTest" time="0.017" classname="testcases.StressTest"/>
  <testcase name="postRequestStressTest" time="0.021" classname="testcases.StressTest"/>
  <testcase name="postRequestStressTest" time="0.063" classname="testcases.StressTest"/>
  <testcase name="postRequestStressTest" time="0.177" classname="testcases.StressTest"/>
  <testcase name="postRequestStressTest" time="0.013" classname="testcases.StressTest"/>
  <testcase name="postRequestStressTest" time="0.048" classname="testcases.StressTest"/>
  <testcase name="postRequestStressTest" time="0.025" classname="testcases.StressTest"/>
  <testcase name="postRequestStressTest" time="0.045" classname="testcases.StressTest"/>
  <testcase name="postRequestStressTest" time="0.046" classname="testcases.StressTest"/>
  <testcase name="postRequestStressTest" time="0.048" classname="testcases.StressTest"/>
  <testcase name="postRequestStressTest" time="0.022" classname="testcases.StressTest"/>
  <testcase name="postRequestStressTest" time="0.053" classname="testcases.StressTest"/>
  <testcase name="postRequestStressTest" time="0.023" classname="testcases.StressTest"/>
  <testcase name="postRequestStressTest" time="0.023" classname="testcases.StressTest"/>
  <testcase name="postRequestStressTest" time="0.074" classname="testcases.StressTest"/>
  <testcase name="postRequestStressTest" time="0.074" classname="testcases.StressTest"/>
  <testcase name="postRequestStressTest" time="0.039" classname="testcases.StressTest"/>
  <testcase name="postRequestStressTest" time="0.070" classname="testcases.StressTest"/>
  <testcase name="postRequestStressTest" time="0.022" classname="testcases.StressTest"/>
  <testcase name="postRequestStressTest" time="0.016" classname="testcases.StressTest"/>
  <testcase name="postRequestStressTest" time="0.022" classname="testcases.StressTest"/>
  <testcase name="postRequestStressTest" time="0.012" classname="testcases.StressTest"/>
  <testcase name="postRequestStressTest" time="0.018" classname="testcases.StressTest"/>
  <testcase name="postRequestStressTest" time="0.191" classname="testcases.StressTest"/>
  <testcase name="postRequestStressTest" time="0.044" classname="testcases.StressTest"/>
  <testcase name="postRequestStressTest" time="0.033" classname="testcases.StressTest"/>
  <testcase name="postRequestStressTest" time="0.027" classname="testcases.StressTest"/>
  <testcase name="postRequestStressTest" time="0.110" classname="testcases.StressTest"/>
  <testcase name="postRequestStressTest" time="0.047" classname="testcases.StressTest"/>
  <testcase name="postRequestStressTest" time="0.040" classname="testcases.StressTest"/>
  <testcase name="postRequestStressTest" time="0.023" classname="testcases.StressTest"/>
  <testcase name="postRequestStressTest" time="0.018" classname="testcases.StressTest"/>
  <testcase name="postRequestStressTest" time="0.111" classname="testcases.StressTest"/>
  <testcase name="postRequestStressTest" time="0.040" classname="testcases.StressTest"/>
  <testcase name="postRequestStressTest" time="0.015" classname="testcases.StressTest"/>
  <testcase name="postRequestStressTest" time="0.179" classname="testcases.StressTest"/>
  <testcase name="postRequestStressTest" time="0.026" classname="testcases.StressTest"/>
  <testcase name="postRequestStressTest" time="0.056" classname="testcases.StressTest"/>
  <testcase name="postRequestStressTest" time="0.015" classname="testcases.StressTest"/>
  <testcase name="postRequestStressTest" time="0.081" classname="testcases.StressTest"/>
  <testcase name="postRequestStressTest" time="0.018" classname="testcases.StressTest"/>
  <testcase name="postRequestStressTest" time="0.160" classname="testcases.StressTest"/>
  <testcase name="postRequestStressTest" time="0.019" classname="testcases.StressTest"/>
  <testcase name="postRequestStressTest" time="0.013" classname="testcases.StressTest"/>
  <testcase name="postRequestStressTest" time="0.025" classname="testcases.StressTest"/>
  <testcase name="postRequestStressTest" time="0.059" classname="testcases.StressTest"/>
  <testcase name="postRequestStressTest" time="0.038" classname="testcases.StressTest"/>
  <testcase name="postRequestStressTest" time="0.020" classname="testcases.StressTest"/>
  <testcase name="postRequestStressTest" time="0.027" classname="testcases.StressTest"/>
  <testcase name="postRequestStressTest" time="0.022" classname="testcases.StressTest"/>
  <testcase name="postRequestStressTest" time="0.049" classname="testcases.StressTest"/>
  <testcase name="postRequestStressTest" time="0.035" classname="testcases.StressTest"/>
  <testcase name="postRequestStressTest" time="0.025" classname="testcases.StressTest"/>
  <testcase name="postRequestStressTest" time="0.021" classname="testcases.StressTest"/>
  <testcase name="postRequestStressTest" time="0.259" classname="testcases.StressTest"/>
  <testcase name="postRequestStressTest" time="0.048" classname="testcases.StressTest"/>
  <testcase name="postRequestStressTest" time="0.023" classname="testcases.StressTest"/>
  <testcase name="postRequestStressTest" time="0.031" classname="testcases.StressTest"/>
  <testcase name="postRequestStressTest" time="0.037" classname="testcases.StressTest"/>
  <testcase name="postRequestStressTest" time="0.046" classname="testcases.StressTest"/>
  <testcase name="postRequestStressTest" time="0.024" classname="testcases.StressTest"/>
  <testcase name="postRequestStressTest" time="0.102" classname="testcases.StressTest"/>
  <testcase name="postRequestStressTest" time="0.140" classname="testcases.StressTest"/>
  <testcase name="postRequestStressTest" time="0.017" classname="testcases.StressTest"/>
  <testcase name="postRequestStressTest" time="0.033" classname="testcases.StressTest"/>
  <testcase name="postRequestStressTest" time="0.064" classname="testcases.StressTest"/>
  <testcase name="postRequestStressTest" time="0.018" classname="testcases.StressTest"/>
  <testcase name="postRequestStressTest" time="0.049" classname="testcases.StressTest"/>
  <testcase name="postRequestStressTest" time="0.041" classname="testcases.StressTest"/>
  <testcase name="postRequestStressTest" time="0.022" classname="testcases.StressTest"/>
  <testcase name="postRequestStressTest" time="0.037" classname="testcases.StressTest"/>
  <testcase name="postRequestStressTest" time="0.008" classname="testcases.StressTest"/>
  <testcase name="postRequestStressTest" time="0.023" classname="testcases.StressTest"/>
  <testcase name="postRequestStressTest" time="0.021" classname="testcases.StressTest"/>
  <testcase name="postRequestStressTest" time="0.046" classname="testcases.StressTest"/>
  <testcase name="postRequestStressTest" time="0.038" classname="testcases.StressTest"/>
  <testcase name="postRequestStressTest" time="0.092" classname="testcases.StressTest"/>
  <testcase name="postRequestStressTest" time="0.080" classname="testcases.StressTest"/>
  <testcase name="postRequestStressTest" time="0.040" classname="testcases.StressTest"/>
  <testcase name="postRequestStressTest" time="0.017" classname="testcases.StressTest"/>
  <testcase name="postRequestStressTest" time="0.020" classname="testcases.StressTest"/>
  <testcase name="postRequestStressTest" time="0.024" classname="testcases.StressTest"/>
  <testcase name="postRequestStressTest" time="0.208" classname="testcases.StressTest"/>
  <testcase name="postRequestStressTest" time="0.107" classname="testcases.StressTest"/>
  <testcase name="postRequestStressTest" time="0.021" classname="testcases.StressTest"/>
  <testcase name="postRequestStressTest" time="0.077" classname="testcases.StressTest"/>
  <testcase name="postRequestStressTest" time="0.037" classname="testcases.StressTest"/>
  <testcase name="postRequestStressTest" time="0.047" classname="testcases.StressTest"/>
  <testcase name="postRequestStressTest" time="0.070" classname="testcases.StressTest"/>
  <testcase name="postRequestStressTest" time="0.013" classname="testcases.StressTest"/>
  <testcase name="postRequestStressTest" time="0.026" classname="testcases.StressTest"/>
  <testcase name="postRequestStressTest" time="0.137" classname="testcases.StressTest"/>
  <testcase name="postRequestStressTest" time="0.026" classname="testcases.StressTest"/>
  <testcase name="postRequestStressTest" time="0.034" classname="testcases.StressTest"/>
  <testcase name="postRequestStressTest" time="0.020" classname="testcases.StressTest"/>
  <testcase name="postRequestStressTest" time="0.040" classname="testcases.StressTest"/>
  <testcase name="postRequestStressTest" time="0.071" classname="testcases.StressTest"/>
  <testcase name="postRequestStressTest" time="0.034" classname="testcases.StressTest"/>
  <testcase name="postRequestStressTest" time="0.117" classname="testcases.StressTest"/>
  <testcase name="postRequestStressTest" time="0.041" classname="testcases.StressTest"/>
  <testcase name="postRequestStressTest" time="0.149" classname="testcases.StressTest"/>
  <testcase name="postRequestStressTest" time="0.053" classname="testcases.StressTest"/>
  <testcase name="postRequestStressTest" time="0.024" classname="testcases.StressTest"/>
  <testcase name="postRequestStressTest" time="0.044" classname="testcases.StressTest"/>
  <testcase name="postRequestStressTest" time="0.172" classname="testcases.StressTest"/>
  <testcase name="postRequestStressTest" time="0.053" classname="testcases.StressTest"/>
  <testcase name="postRequestStressTest" time="0.186" classname="testcases.StressTest"/>
  <testcase name="postRequestStressTest" time="0.065" classname="testcases.StressTest"/>
  <testcase name="postRequestStressTest" time="0.017" classname="testcases.StressTest"/>
  <testcase name="postRequestStressTest" time="0.040" classname="testcases.StressTest"/>
  <testcase name="postRequestStressTest" time="0.111" classname="testcases.StressTest"/>
  <testcase name="postRequestStressTest" time="0.051" classname="testcases.StressTest"/>
  <testcase name="postRequestStressTest" time="0.009" classname="testcases.StressTest"/>
  <testcase name="postRequestStressTest" time="0.087" classname="testcases.StressTest"/>
  <testcase name="postRequestStressTest" time="0.014" classname="testcases.StressTest"/>
  <testcase name="postRequestStressTest" time="0.007" classname="testcases.StressTest"/>
  <testcase name="postRequestStressTest" time="0.099" classname="testcases.StressTest"/>
  <testcase name="postRequestStressTest" time="0.026" classname="testcases.StressTest"/>
  <testcase name="postRequestStressTest" time="0.030" classname="testcases.StressTest"/>
  <testcase name="postRequestStressTest" time="0.030" classname="testcases.StressTest"/>
  <testcase name="postRequestStressTest" time="0.101" classname="testcases.StressTest"/>
  <testcase name="postRequestStressTest" time="0.266" classname="testcases.StressTest"/>
  <testcase name="postRequestStressTest" time="0.049" classname="testcases.StressTest"/>
  <testcase name="postRequestStressTest" time="0.022" classname="testcases.StressTest"/>
  <testcase name="postRequestStressTest" time="0.144" classname="testcases.StressTest"/>
  <testcase name="postRequestStressTest" time="0.010" classname="testcases.StressTest"/>
  <testcase name="postRequestStressTest" time="0.017" classname="testcases.StressTest"/>
  <testcase name="postRequestStressTest" time="0.018" classname="testcases.StressTest"/>
  <testcase name="postRequestStressTest" time="0.038" classname="testcases.StressTest"/>
  <testcase name="postRequestStressTest" time="0.196" classname="testcases.StressTest"/>
  <testcase name="postRequestStressTest" time="0.035" classname="testcases.StressTest"/>
  <testcase name="postRequestStressTest" time="0.157" classname="testcases.StressTest"/>
  <testcase name="postRequestStressTest" time="0.021" classname="testcases.StressTest"/>
  <testcase name="postRequestStressTest" time="0.018" classname="testcases.StressTest"/>
  <testcase name="postRequestStressTest" time="0.022" classname="testcases.StressTest"/>
  <testcase name="postRequestStressTest" time="0.103" classname="testcases.StressTest"/>
  <testcase name="postRequestStressTest" time="0.089" classname="testcases.StressTest"/>
  <testcase name="postRequestStressTest" time="0.023" classname="testcases.StressTest"/>
  <testcase name="postRequestStressTest" time="0.005" classname="testcases.StressTest"/>
  <testcase name="postRequestStressTest" time="0.102" classname="testcases.StressTest"/>
  <testcase name="postRequestStressTest" time="0.036" classname="testcases.StressTest"/>
  <testcase name="postRequestStressTest" time="0.027" classname="testcases.StressTest"/>
  <testcase name="postRequestStressTest" time="0.009" classname="testcases.StressTest"/>
  <testcase name="postRequestStressTest" time="0.040" classname="testcases.StressTest"/>
  <testcase name="postRequestStressTest" time="0.083" classname="testcases.StressTest"/>
  <testcase name="postRequestStressTest" time="0.012" classname="testcases.StressTest"/>
  <testcase name="postRequestStressTest" time="0.029" classname="testcases.StressTest"/>
  <testcase name="postRequestStressTest" time="0.016" classname="testcases.StressTest"/>
  <testcase name="postRequestStressTest" time="0.055" classname="testcases.StressTest"/>
  <testcase name="postRequestStressTest" time="0.021" classname="testcases.StressTest"/>
  <testcase name="postRequestStressTest" time="0.019" classname="testcases.StressTest"/>
  <testcase name="postRequestStressTest" time="0.026" classname="testcases.StressTest"/>
  <testcase name="postRequestStressTest" time="0.019" classname="testcases.StressTest"/>
  <testcase name="postRequestStressTest" time="0.081" classname="testcases.StressTest"/>
  <testcase name="postRequestStressTest" time="0.029" classname="testcases.StressTest"/>
  <testcase name="postRequestStressTest" time="0.101" classname="testcases.StressTest"/>
  <testcase name="postRequestStressTest" time="0.024" classname="testcases.StressTest"/>
  <testcase name="postRequestStressTest" time="0.079" classname="testcases.StressTest"/>
  <testcase name="postRequestStressTest" time="0.010" classname="testcases.StressTest"/>
  <testcase name="postRequestStressTest" time="0.027" classname="testcases.StressTest"/>
  <testcase name="postRequestStressTest" time="0.047" classname="testcases.StressTest"/>
  <testcase name="postRequestStressTest" time="0.032" classname="testcases.StressTest"/>
  <testcase name="postRequestStressTest" time="0.106" classname="testcases.StressTest"/>
  <testcase name="postRequestStressTest" time="0.026" classname="testcases.StressTest"/>
  <testcase name="postRequestStressTest" time="0.010" classname="testcases.StressTest"/>
  <testcase name="postRequestStressTest" time="0.139" classname="testcases.StressTest"/>
  <testcase name="postRequestStressTest" time="0.018" classname="testcases.StressTest"/>
  <testcase name="postRequestStressTest" time="0.029" classname="testcases.StressTest"/>
  <testcase name="postRequestStressTest" time="0.028" classname="testcases.StressTest"/>
  <testcase name="postRequestStressTest" time="0.109" classname="testcases.StressTest"/>
  <testcase name="postRequestStressTest" time="0.197" classname="testcases.StressTest"/>
  <testcase name="postRequestStressTest" time="0.024" classname="testcases.StressTest"/>
  <testcase name="postRequestStressTest" time="0.111" classname="testcases.StressTest"/>
  <testcase name="postRequestStressTest" time="0.627" classname="testcases.StressTest"/>
  <testcase name="postRequestStressTest" time="0.031" classname="testcases.StressTest"/>
  <testcase name="postRequestStressTest" time="0.026" classname="testcases.StressTest"/>
  <testcase name="postRequestStressTest" time="0.029" classname="testcases.StressTest"/>
  <testcase name="postRequestStressTest" time="0.013" classname="testcases.StressTest"/>
  <testcase name="postRequestStressTest" time="0.034" classname="testcases.StressTest"/>
  <testcase name="postRequestStressTest" time="0.007" classname="testcases.StressTest"/>
  <testcase name="postRequestStressTest" time="0.016" classname="testcases.StressTest"/>
  <testcase name="postRequestStressTest" time="0.017" classname="testcases.StressTest"/>
  <testcase name="postRequestStressTest" time="0.014" classname="testcases.StressTest"/>
  <testcase name="postRequestStressTest" time="0.009" classname="testcases.StressTest"/>
  <testcase name="postRequestStressTest" time="0.016" classname="testcases.StressTest"/>
  <testcase name="postRequestStressTest" time="0.036" classname="testcases.StressTest"/>
  <testcase name="postRequestStressTest" time="0.020" classname="testcases.StressTest"/>
  <testcase name="postRequestStressTest" time="0.027" classname="testcases.StressTest"/>
  <testcase name="postRequestStressTest" time="0.027" classname="testcases.StressTest"/>
  <testcase name="postRequestStressTest" time="0.204" classname="testcases.StressTest"/>
  <testcase name="postRequestStressTest" time="0.033" classname="testcases.StressTest"/>
  <testcase name="postRequestStressTest" time="0.026" classname="testcases.StressTest"/>
  <testcase name="postRequestStressTest" time="0.040" classname="testcases.StressTest"/>
  <testcase name="postRequestStressTest" time="0.105" classname="testcases.StressTest"/>
  <testcase name="postRequestStressTest" time="0.033" classname="testcases.StressTest"/>
  <testcase name="postRequestStressTest" time="0.122" classname="testcases.StressTest"/>
  <testcase name="postRequestStressTest" time="0.023" classname="testcases.StressTest"/>
  <testcase name="postRequestStressTest" time="0.027" classname="testcases.StressTest"/>
  <testcase name="postRequestStressTest" time="0.057" classname="testcases.StressTest"/>
  <testcase name="postRequestStressTest" time="0.072" classname="testcases.StressTest"/>
  <testcase name="postRequestStressTest" time="0.098" classname="testcases.StressTest"/>
  <testcase name="postRequestStressTest" time="0.096" classname="testcases.StressTest"/>
  <testcase name="postRequestStressTest" time="0.091" classname="testcases.StressTest"/>
  <testcase name="postRequestStressTest" time="0.048" classname="testcases.StressTest"/>
  <testcase name="postRequestStressTest" time="0.056" classname="testcases.StressTest"/>
  <testcase name="postRequestStressTest" time="0.304" classname="testcases.StressTest"/>
  <testcase name="postRequestStressTest" time="0.149" classname="testcases.StressTest"/>
  <testcase name="postRequestStressTest" time="0.040" classname="testcases.StressTest"/>
  <testcase name="postRequestStressTest" time="0.030" classname="testcases.StressTest"/>
  <testcase name="postRequestStressTest" time="0.026" classname="testcases.StressTest"/>
  <testcase name="postRequestStressTest" time="0.032" classname="testcases.StressTest"/>
  <testcase name="postRequestStressTest" time="0.016" classname="testcases.StressTest"/>
  <testcase name="postRequestStressTest" time="0.080" classname="testcases.StressTest"/>
  <testcase name="postRequestStressTest" time="0.204" classname="testcases.StressTest"/>
  <testcase name="postRequestStressTest" time="0.036" classname="testcases.StressTest"/>
  <testcase name="postRequestStressTest" time="0.025" classname="testcases.StressTest"/>
  <testcase name="postRequestStressTest" time="0.017" classname="testcases.StressTest"/>
  <testcase name="postRequestStressTest" time="0.010" classname="testcases.StressTest"/>
  <testcase name="postRequestStressTest" time="0.043" classname="testcases.StressTest"/>
  <testcase name="postRequestStressTest" time="0.053" classname="testcases.StressTest"/>
  <testcase name="postRequestStressTest" time="0.018" classname="testcases.StressTest"/>
  <testcase name="postRequestStressTest" time="0.032" classname="testcases.StressTest"/>
  <testcase name="postRequestStressTest" time="0.024" classname="testcases.StressTest"/>
  <testcase name="postRequestStressTest" time="0.089" classname="testcases.StressTest"/>
  <testcase name="postRequestStressTest" time="0.062" classname="testcases.StressTest"/>
  <testcase name="postRequestStressTest" time="0.018" classname="testcases.StressTest"/>
  <testcase name="postRequestStressTest" time="0.023" classname="testcases.StressTest"/>
  <testcase name="postRequestStressTest" time="0.017" classname="testcases.StressTest"/>
  <testcase name="postRequestStressTest" time="0.081" classname="testcases.StressTest"/>
  <testcase name="postRequestStressTest" time="0.024" classname="testcases.StressTest"/>
  <testcase name="postRequestStressTest" time="0.011" classname="testcases.StressTest"/>
  <testcase name="postRequestStressTest" time="0.071" classname="testcases.StressTest"/>
  <testcase name="postRequestStressTest" time="0.063" classname="testcases.StressTest"/>
  <testcase name="postRequestStressTest" time="0.153" classname="testcases.StressTest"/>
  <testcase name="postRequestStressTest" time="0.015" classname="testcases.StressTest"/>
  <testcase name="postRequestStressTest" time="0.045" classname="testcases.StressTest"/>
  <testcase name="postRequestStressTest" time="0.051" classname="testcases.StressTest"/>
  <testcase name="postRequestStressTest" time="0.121" classname="testcases.StressTest"/>
  <testcase name="postRequestStressTest" time="0.072" classname="testcases.StressTest"/>
  <testcase name="postRequestStressTest" time="0.009" classname="testcases.StressTest"/>
  <testcase name="postRequestStressTest" time="0.020" classname="testcases.StressTest"/>
  <testcase name="postRequestStressTest" time="0.022" classname="testcases.StressTest"/>
  <testcase name="postRequestStressTest" time="0.118" classname="testcases.StressTest"/>
  <testcase name="postRequestStressTest" time="0.044" classname="testcases.StressTest"/>
  <testcase name="postRequestStressTest" time="0.040" classname="testcases.StressTest"/>
  <testcase name="postRequestStressTest" time="0.043" classname="testcases.StressTest"/>
  <testcase name="postRequestStressTest" time="0.024" classname="testcases.StressTest"/>
  <testcase name="postRequestStressTest" time="0.063" classname="testcases.StressTest"/>
  <testcase name="postRequestStressTest" time="0.031" classname="testcases.StressTest"/>
  <testcase name="postRequestStressTest" time="0.075" classname="testcases.StressTest"/>
  <testcase name="postRequestStressTest" time="0.011" classname="testcases.StressTest"/>
  <testcase name="postRequestStressTest" time="0.048" classname="testcases.StressTest"/>
  <testcase name="postRequestStressTest" time="0.053" classname="testcases.StressTest"/>
  <testcase name="postRequestStressTest" time="0.034" classname="testcases.StressTest"/>
  <testcase name="postRequestStressTest" time="0.016" classname="testcases.StressTest"/>
  <testcase name="postRequestStressTest" time="0.060" classname="testcases.StressTest"/>
  <testcase name="postRequestStressTest" time="0.045" classname="testcases.StressTest"/>
  <testcase name="postRequestStressTest" time="0.035" classname="testcases.StressTest"/>
  <testcase name="postRequestStressTest" time="0.089" classname="testcases.StressTest"/>
  <testcase name="postRequestStressTest" time="0.026" classname="testcases.StressTest"/>
  <testcase name="postRequestStressTest" time="0.028" classname="testcases.StressTest"/>
  <testcase name="postRequestStressTest" time="0.027" classname="testcases.StressTest"/>
  <testcase name="postRequestStressTest" time="0.080" classname="testcases.StressTest"/>
  <testcase name="postRequestStressTest" time="0.136" classname="testcases.StressTest"/>
  <testcase name="postRequestStressTest" time="0.119" classname="testcases.StressTest"/>
  <testcase name="postRequestStressTest" time="0.034" classname="testcases.StressTest"/>
  <testcase name="postRequestStressTest" time="0.039" classname="testcases.StressTest"/>
  <testcase name="postRequestStressTest" time="0.013" classname="testcases.StressTest"/>
  <testcase name="postRequestStressTest" time="0.019" classname="testcases.StressTest"/>
  <testcase name="postRequestStressTest" time="0.006" classname="testcases.StressTest"/>
  <testcase name="postRequestStressTest" time="0.094" classname="testcases.StressTest"/>
  <testcase name="postRequestStressTest" time="0.065" classname="testcases.StressTest"/>
  <testcase name="postRequestStressTest" time="0.147" classname="testcases.StressTest"/>
  <testcase name="postRequestStressTest" time="0.020" classname="testcases.StressTest"/>
  <testcase name="postRequestStressTest" time="0.052" classname="testcases.StressTest"/>
  <testcase name="postRequestStressTest" time="0.056" classname="testcases.StressTest"/>
  <testcase name="postRequestStressTest" time="0.031" classname="testcases.StressTest"/>
  <testcase name="postRequestStressTest" time="0.084" classname="testcases.StressTest"/>
  <testcase name="postRequestStressTest" time="0.017" classname="testcases.StressTest"/>
  <testcase name="postRequestStressTest" time="0.061" classname="testcases.StressTest"/>
  <testcase name="postRequestStressTest" time="0.005" classname="testcases.StressTest"/>
  <testcase name="postRequestStressTest" time="0.059" classname="testcases.StressTest"/>
  <testcase name="postRequestStressTest" time="0.034" classname="testcases.StressTest"/>
  <testcase name="postRequestStressTest" time="0.037" classname="testcases.StressTest"/>
  <testcase name="postRequestStressTest" time="0.099" classname="testcases.StressTest"/>
  <testcase name="postRequestStressTest" time="0.034" classname="testcases.StressTest"/>
  <testcase name="postRequestStressTest" time="0.017" classname="testcases.StressTest"/>
  <testcase name="postRequestStressTest" time="0.026" classname="testcases.StressTest"/>
  <testcase name="postRequestStressTest" time="0.014" classname="testcases.StressTest"/>
  <testcase name="postRequestStressTest" time="0.109" classname="testcases.StressTest"/>
  <testcase name="postRequestStressTest" time="0.032" classname="testcases.StressTest"/>
  <testcase name="postRequestStressTest" time="0.016" classname="testcases.StressTest"/>
  <testcase name="postRequestStressTest" time="0.022" classname="testcases.StressTest"/>
  <testcase name="postRequestStressTest" time="0.097" classname="testcases.StressTest"/>
  <testcase name="postRequestStressTest" time="0.027" classname="testcases.StressTest"/>
  <testcase name="postRequestStressTest" time="0.041" classname="testcases.StressTest"/>
  <testcase name="postRequestStressTest" time="0.092" classname="testcases.StressTest"/>
  <testcase name="postRequestStressTest" time="0.040" classname="testcases.StressTest"/>
  <testcase name="postRequestStressTest" time="0.013" classname="testcases.StressTest"/>
  <testcase name="postRequestStressTest" time="0.037" classname="testcases.StressTest"/>
  <testcase name="postRequestStressTest" time="0.033" classname="testcases.StressTest"/>
  <testcase name="postRequestStressTest" time="0.018" classname="testcases.StressTest"/>
  <testcase name="postRequestStressTest" time="0.139" classname="testcases.StressTest"/>
  <testcase name="postRequestStressTest" time="0.033" classname="testcases.StressTest"/>
  <testcase name="postRequestStressTest" time="0.015" classname="testcases.StressTest"/>
  <testcase name="postRequestStressTest" time="0.056" classname="testcases.StressTest"/>
  <testcase name="postRequestStressTest" time="0.035" classname="testcases.StressTest"/>
  <testcase name="postRequestStressTest" time="0.014" classname="testcases.StressTest"/>
  <testcase name="postRequestStressTest" time="0.008" classname="testcases.StressTest"/>
  <testcase name="postRequestStressTest" time="0.023" classname="testcases.StressTest"/>
  <testcase name="postRequestStressTest" time="0.077" classname="testcases.StressTest"/>
  <testcase name="postRequestStressTest" time="0.090" classname="testcases.StressTest"/>
  <testcase name="postRequestStressTest" time="0.043" classname="testcases.StressTest"/>
  <testcase name="postRequestStressTest" time="0.024" classname="testcases.StressTest"/>
  <testcase name="postRequestStressTest" time="0.115" classname="testcases.StressTest"/>
  <testcase name="postRequestStressTest" time="0.118" classname="testcases.StressTest"/>
  <testcase name="postRequestStressTest" time="0.020" classname="testcases.StressTest"/>
  <testcase name="postRequestStressTest" time="0.026" classname="testcases.StressTest"/>
  <testcase name="postRequestStressTest" time="0.022" classname="testcases.StressTest"/>
  <testcase name="postRequestStressTest" time="0.081" classname="testcases.StressTest"/>
  <testcase name="postRequestStressTest" time="0.071" classname="testcases.StressTest"/>
  <testcase name="postRequestStressTest" time="0.162" classname="testcases.StressTest"/>
  <testcase name="postRequestStressTest" time="0.032" classname="testcases.StressTest"/>
  <testcase name="postRequestStressTest" time="0.062" classname="testcases.StressTest"/>
  <testcase name="postRequestStressTest" time="0.045" classname="testcases.StressTest"/>
  <testcase name="postRequestStressTest" time="0.029" classname="testcases.StressTest"/>
  <testcase name="postRequestStressTest" time="0.109" classname="testcases.StressTest"/>
  <testcase name="postRequestStressTest" time="0.075" classname="testcases.StressTest"/>
  <testcase name="postRequestStressTest" time="0.032" classname="testcases.StressTest"/>
  <testcase name="postRequestStressTest" time="0.029" classname="testcases.StressTest"/>
  <testcase name="postRequestStressTest" time="0.075" classname="testcases.StressTest"/>
  <testcase name="postRequestStressTest" time="0.040" classname="testcases.StressTest"/>
  <testcase name="postRequestStressTest" time="0.026" classname="testcases.StressTest"/>
  <testcase name="postRequestStressTest" time="0.055" classname="testcases.StressTest"/>
  <testcase name="postRequestStressTest" time="0.037" classname="testcases.StressTest"/>
  <testcase name="postRequestStressTest" time="0.030" classname="testcases.StressTest"/>
  <testcase name="postRequestStressTest" time="0.057" classname="testcases.StressTest"/>
  <testcase name="postRequestStressTest" time="0.033" classname="testcases.StressTest"/>
  <testcase name="postRequestStressTest" time="0.100" classname="testcases.StressTest"/>
  <testcase name="postRequestStressTest" time="0.030" classname="testcases.StressTest"/>
  <testcase name="postRequestStressTest" time="0.028" classname="testcases.StressTest"/>
  <testcase name="postRequestStressTest" time="0.022" classname="testcases.StressTest"/>
  <testcase name="postRequestStressTest" time="0.037" classname="testcases.StressTest"/>
  <testcase name="postRequestStressTest" time="0.049" classname="testcases.StressTest"/>
  <testcase name="postRequestStressTest" time="0.043" classname="testcases.StressTest"/>
  <testcase name="postRequestStressTest" time="0.030" classname="testcases.StressTest"/>
  <testcase name="postRequestStressTest" time="0.173" classname="testcases.StressTest"/>
  <testcase name="postRequestStressTest" time="0.046" classname="testcases.StressTest"/>
  <testcase name="postRequestStressTest" time="0.019" classname="testcases.StressTest"/>
  <testcase name="postRequestStressTest" time="0.035" classname="testcases.StressTest"/>
  <testcase name="postRequestStressTest" time="0.023" classname="testcases.StressTest"/>
  <testcase name="postRequestStressTest" time="0.036" classname="testcases.StressTest"/>
  <testcase name="postRequestStressTest" time="0.109" classname="testcases.StressTest"/>
  <testcase name="postRequestStressTest" time="0.014" classname="testcases.StressTest"/>
  <testcase name="postRequestStressTest" time="0.070" classname="testcases.StressTest"/>
  <testcase name="postRequestStressTest" time="0.016" classname="testcases.StressTest"/>
  <testcase name="postRequestStressTest" time="0.199" classname="testcases.StressTest"/>
  <testcase name="postRequestStressTest" time="0.073" classname="testcases.StressTest"/>
  <testcase name="postRequestStressTest" time="0.010" classname="testcases.StressTest"/>
  <testcase name="postRequestStressTest" time="0.013" classname="testcases.StressTest"/>
  <testcase name="postRequestStressTest" time="0.057" classname="testcases.StressTest"/>
  <testcase name="postRequestStressTest" time="0.016" classname="testcases.StressTest"/>
  <testcase name="postRequestStressTest" time="0.055" classname="testcases.StressTest"/>
  <testcase name="postRequestStressTest" time="0.101" classname="testcases.StressTest"/>
  <testcase name="postRequestStressTest" time="0.073" classname="testcases.StressTest"/>
  <testcase name="postRequestStressTest" time="0.009" classname="testcases.StressTest"/>
  <testcase name="postRequestStressTest" time="0.106" classname="testcases.StressTest"/>
  <testcase name="postRequestStressTest" time="0.026" classname="testcases.StressTest"/>
  <testcase name="postRequestStressTest" time="0.236" classname="testcases.StressTest"/>
  <testcase name="postRequestStressTest" time="0.031" classname="testcases.StressTest"/>
  <testcase name="postRequestStressTest" time="0.036" classname="testcases.StressTest"/>
  <testcase name="postRequestStressTest" time="0.122" classname="testcases.StressTest"/>
  <testcase name="postRequestStressTest" time="0.015" classname="testcases.StressTest"/>
  <testcase name="postRequestStressTest" time="0.066" classname="testcases.StressTest"/>
  <testcase name="postRequestStressTest" time="0.097" classname="testcases.StressTest"/>
  <testcase name="postRequestStressTest" time="0.030" classname="testcases.StressTest"/>
  <testcase name="postRequestStressTest" time="0.157" classname="testcases.StressTest"/>
  <testcase name="postRequestStressTest" time="0.038" classname="testcases.StressTest"/>
  <testcase name="postRequestStressTest" time="0.011" classname="testcases.StressTest"/>
  <testcase name="postRequestStressTest" time="0.085" classname="testcases.StressTest"/>
  <testcase name="postRequestStressTest" time="0.024" classname="testcases.StressTest"/>
  <testcase name="postRequestStressTest" time="0.010" classname="testcases.StressTest"/>
  <testcase name="postRequestStressTest" time="0.018" classname="testcases.StressTest"/>
  <testcase name="postRequestStressTest" time="0.040" classname="testcases.StressTest"/>
  <testcase name="postRequestStressTest" time="0.027" classname="testcases.StressTest"/>
  <testcase name="postRequestStressTest" time="0.021" classname="testcases.StressTest"/>
  <testcase name="postRequestStressTest" time="0.027" classname="testcases.StressTest"/>
  <testcase name="postRequestStressTest" time="0.019" classname="testcases.StressTest"/>
  <testcase name="postRequestStressTest" time="0.034" classname="testcases.StressTest"/>
  <testcase name="postRequestStressTest" time="0.035" classname="testcases.StressTest"/>
  <testcase name="postRequestStressTest" time="0.061" classname="testcases.StressTest"/>
  <testcase name="postRequestStressTest" time="0.110" classname="testcases.StressTest"/>
  <testcase name="postRequestStressTest" time="0.083" classname="testcases.StressTest"/>
  <testcase name="postRequestStressTest" time="0.032" classname="testcases.StressTest"/>
  <testcase name="postRequestStressTest" time="0.144" classname="testcases.StressTest"/>
  <testcase name="postRequestStressTest" time="0.058" classname="testcases.StressTest"/>
  <testcase name="postRequestStressTest" time="0.208" classname="testcases.StressTest"/>
  <testcase name="postRequestStressTest" time="0.025" classname="testcases.StressTest"/>
  <testcase name="postRequestStressTest" time="0.022" classname="testcases.StressTest"/>
  <testcase name="postRequestStressTest" time="0.046" classname="testcases.StressTest"/>
  <testcase name="postRequestStressTest" time="0.070" classname="testcases.StressTest"/>
  <testcase name="postRequestStressTest" time="0.034" classname="testcases.StressTest"/>
  <testcase name="postRequestStressTest" time="0.018" classname="testcases.StressTest"/>
  <testcase name="postRequestStressTest" time="0.075" classname="testcases.StressTest"/>
  <testcase name="postRequestStressTest" time="0.035" classname="testcases.StressTest"/>
  <testcase name="postRequestStressTest" time="0.069" classname="testcases.StressTest"/>
  <testcase name="postRequestStressTest" time="0.025" classname="testcases.StressTest"/>
  <testcase name="postRequestStressTest" time="0.038" classname="testcases.StressTest"/>
  <testcase name="postRequestStressTest" time="0.046" classname="testcases.StressTest"/>
  <testcase name="postRequestStressTest" time="0.066" classname="testcases.StressTest"/>
  <testcase name="postRequestStressTest" time="0.037" classname="testcases.StressTest"/>
  <testcase name="postRequestStressTest" time="0.052" classname="testcases.StressTest"/>
  <testcase name="postRequestStressTest" time="0.105" classname="testcases.StressTest"/>
  <testcase name="postRequestStressTest" time="0.023" classname="testcases.StressTest"/>
  <testcase name="postRequestStressTest" time="0.042" classname="testcases.StressTest"/>
  <testcase name="postRequestStressTest" time="0.037" classname="testcases.StressTest"/>
  <testcase name="postRequestStressTest" time="0.025" classname="testcases.StressTest"/>
  <testcase name="postRequestStressTest" time="0.084" classname="testcases.StressTest"/>
  <testcase name="postRequestStressTest" time="0.086" classname="testcases.StressTest"/>
  <testcase name="postRequestStressTest" time="0.064" classname="testcases.StressTest"/>
  <testcase name="postRequestStressTest" time="0.042" classname="testcases.StressTest"/>
  <testcase name="postRequestStressTest" time="0.025" classname="testcases.StressTest"/>
  <testcase name="postRequestStressTest" time="0.046" classname="testcases.StressTest"/>
  <testcase name="postRequestStressTest" time="0.024" classname="testcases.StressTest"/>
  <testcase name="postRequestStressTest" time="0.035" classname="testcases.StressTest"/>
  <testcase name="postRequestStressTest" time="0.046" classname="testcases.StressTest"/>
  <testcase name="postRequestStressTest" time="0.039" classname="testcases.StressTest"/>
  <testcase name="postRequestStressTest" time="0.026" classname="testcases.StressTest"/>
  <testcase name="postRequestStressTest" time="0.081" classname="testcases.StressTest"/>
  <testcase name="postRequestStressTest" time="0.057" classname="testcases.StressTest"/>
  <testcase name="postRequestStressTest" time="0.013" classname="testcases.StressTest"/>
  <testcase name="postRequestStressTest" time="0.055" classname="testcases.StressTest"/>
  <testcase name="postRequestStressTest" time="0.020" classname="testcases.StressTest"/>
  <testcase name="postRequestStressTest" time="0.074" classname="testcases.StressTest"/>
  <testcase name="postRequestStressTest" time="0.064" classname="testcases.StressTest"/>
  <testcase name="postRequestStressTest" time="0.076" classname="testcases.StressTest"/>
  <testcase name="postRequestStressTest" time="0.024" classname="testcases.StressTest"/>
  <testcase name="postRequestStressTest" time="0.127" classname="testcases.StressTest"/>
  <testcase name="postRequestStressTest" time="0.332" classname="testcases.StressTest"/>
  <testcase name="postRequestStressTest" time="0.012" classname="testcases.StressTest"/>
  <testcase name="postRequestStressTest" time="0.039" classname="testcases.StressTest"/>
  <testcase name="postRequestStressTest" time="0.090" classname="testcases.StressTest"/>
  <testcase name="postRequestStressTest" time="0.067" classname="testcases.StressTest"/>
  <testcase name="postRequestStressTest" time="0.068" classname="testcases.StressTest"/>
  <testcase name="postRequestStressTest" time="0.031" classname="testcases.StressTest"/>
  <testcase name="postRequestStressTest" time="0.027" classname="testcases.StressTest"/>
  <testcase name="postRequestStressTest" time="0.016" classname="testcases.StressTest"/>
  <testcase name="postRequestStressTest" time="0.041" classname="testcases.StressTest"/>
  <testcase name="postRequestStressTest" time="0.029" classname="testcases.StressTest"/>
  <testcase name="postRequestStressTest" time="0.017" classname="testcases.StressTest"/>
  <testcase name="postRequestStressTest" time="0.014" classname="testcases.StressTest"/>
  <testcase name="postRequestStressTest" time="0.065" classname="testcases.StressTest"/>
  <testcase name="postRequestStressTest" time="0.063" classname="testcases.StressTest"/>
  <testcase name="postRequestStressTest" time="0.040" classname="testcases.StressTest"/>
  <testcase name="postRequestStressTest" time="0.227" classname="testcases.StressTest"/>
  <testcase name="postRequestStressTest" time="0.069" classname="testcases.StressTest"/>
  <testcase name="postRequestStressTest" time="0.017" classname="testcases.StressTest"/>
  <testcase name="postRequestStressTest" time="0.023" classname="testcases.StressTest"/>
  <testcase name="postRequestStressTest" time="0.096" classname="testcases.StressTest"/>
  <testcase name="postRequestStressTest" time="0.014" classname="testcases.StressTest"/>
  <testcase name="postRequestStressTest" time="0.043" classname="testcases.StressTest"/>
  <testcase name="postRequestStressTest" time="0.038" classname="testcases.StressTest"/>
  <testcase name="postRequestStressTest" time="0.022" classname="testcases.StressTest"/>
  <testcase name="postRequestStressTest" time="0.030" classname="testcases.StressTest"/>
  <testcase name="postRequestStressTest" time="0.064" classname="testcases.StressTest"/>
  <testcase name="postRequestStressTest" time="0.047" classname="testcases.StressTest"/>
  <testcase name="postRequestStressTest" time="0.022" classname="testcases.StressTest"/>
  <testcase name="postRequestStressTest" time="0.034" classname="testcases.StressTest"/>
  <testcase name="postRequestStressTest" time="0.028" classname="testcases.StressTest"/>
  <testcase name="postRequestStressTest" time="0.064" classname="testcases.StressTest"/>
  <testcase name="postRequestStressTest" time="0.133" classname="testcases.StressTest"/>
  <testcase name="postRequestStressTest" time="0.043" classname="testcases.StressTest"/>
  <testcase name="postRequestStressTest" time="0.085" classname="testcases.StressTest"/>
  <testcase name="postRequestStressTest" time="0.024" classname="testcases.StressTest"/>
  <testcase name="postRequestStressTest" time="0.012" classname="testcases.StressTest"/>
  <testcase name="postRequestStressTest" time="0.029" classname="testcases.StressTest"/>
  <testcase name="postRequestStressTest" time="0.029" classname="testcases.StressTest"/>
  <testcase name="postRequestStressTest" time="0.045" classname="testcases.StressTest"/>
  <testcase name="postRequestStressTest" time="0.051" classname="testcases.StressTest"/>
  <testcase name="postRequestStressTest" time="0.047" classname="testcases.StressTest"/>
  <testcase name="postRequestStressTest" time="0.028" classname="testcases.StressTest"/>
  <testcase name="postRequestStressTest" time="0.050" classname="testcases.StressTest"/>
  <testcase name="postRequestStressTest" time="0.171" classname="testcases.StressTest"/>
  <testcase name="postRequestStressTest" time="0.130" classname="testcases.StressTest"/>
  <testcase name="postRequestStressTest" time="0.064" classname="testcases.StressTest"/>
  <testcase name="postRequestStressTest" time="0.026" classname="testcases.StressTest"/>
  <testcase name="postRequestStressTest" time="0.016" classname="testcases.StressTest"/>
  <testcase name="postRequestStressTest" time="0.025" classname="testcases.StressTest"/>
  <testcase name="postRequestStressTest" time="0.023" classname="testcases.StressTest"/>
  <testcase name="postRequestStressTest" time="0.121" classname="testcases.StressTest"/>
  <testcase name="postRequestStressTest" time="0.023" classname="testcases.StressTest"/>
  <testcase name="postRequestStressTest" time="0.042" classname="testcases.StressTest"/>
  <testcase name="postRequestStressTest" time="0.033" classname="testcases.StressTest"/>
  <testcase name="postRequestStressTest" time="0.016" classname="testcases.StressTest"/>
  <testcase name="postRequestStressTest" time="0.062" classname="testcases.StressTest"/>
  <testcase name="postRequestStressTest" time="0.034" classname="testcases.StressTest"/>
  <testcase name="postRequestStressTest" time="0.061" classname="testcases.StressTest"/>
  <testcase name="postRequestStressTest" time="0.028" classname="testcases.StressTest"/>
  <testcase name="postRequestStressTest" time="0.022" classname="testcases.StressTest"/>
  <testcase name="postRequestStressTest" time="0.136" classname="testcases.StressTest"/>
  <testcase name="postRequestStressTest" time="0.072" classname="testcases.StressTest"/>
  <testcase name="postRequestStressTest" time="0.111" classname="testcases.StressTest"/>
  <testcase name="postRequestStressTest" time="0.040" classname="testcases.StressTest"/>
  <testcase name="postRequestStressTest" time="0.016" classname="testcases.StressTest"/>
  <testcase name="postRequestStressTest" time="0.108" classname="testcases.StressTest"/>
  <testcase name="postRequestStressTest" time="0.080" classname="testcases.StressTest"/>
  <testcase name="postRequestStressTest" time="0.049" classname="testcases.StressTest"/>
  <testcase name="postRequestStressTest" time="0.020" classname="testcases.StressTest"/>
  <testcase name="postRequestStressTest" time="0.032" classname="testcases.StressTest"/>
  <testcase name="postRequestStressTest" time="0.032" classname="testcases.StressTest"/>
  <testcase name="postRequestStressTest" time="0.284" classname="testcases.StressTest"/>
  <testcase name="postRequestStressTest" time="0.036" classname="testcases.StressTest"/>
  <testcase name="postRequestStressTest" time="0.060" classname="testcases.StressTest"/>
  <testcase name="postRequestStressTest" time="0.027" classname="testcases.StressTest"/>
  <testcase name="postRequestStressTest" time="0.012" classname="testcases.StressTest"/>
  <testcase name="postRequestStressTest" time="0.019" classname="testcases.StressTest"/>
  <testcase name="postRequestStressTest" time="0.026" classname="testcases.StressTest"/>
  <testcase name="postRequestStressTest" time="0.039" classname="testcases.StressTest"/>
  <testcase name="postRequestStressTest" time="0.012" classname="testcases.StressTest"/>
  <testcase name="postRequestStressTest" time="0.183" classname="testcases.StressTest"/>
  <testcase name="postRequestStressTest" time="0.048" classname="testcases.StressTest"/>
  <testcase name="postRequestStressTest" time="0.033" classname="testcases.StressTest"/>
  <testcase name="postRequestStressTest" time="0.020" classname="testcases.StressTest"/>
  <testcase name="postRequestStressTest" time="0.038" classname="testcases.StressTest"/>
  <testcase name="postRequestStressTest" time="0.037" classname="testcases.StressTest"/>
  <testcase name="postRequestStressTest" time="0.021" classname="testcases.StressTest"/>
  <testcase name="postRequestStressTest" time="0.053" classname="testcases.StressTest"/>
  <testcase name="postRequestStressTest" time="0.019" classname="testcases.StressTest"/>
  <testcase name="postRequestStressTest" time="0.190" classname="testcases.StressTest"/>
  <testcase name="postRequestStressTest" time="0.114" classname="testcases.StressTest"/>
  <testcase name="postRequestStressTest" time="0.009" classname="testcases.StressTest"/>
  <testcase name="postRequestStressTest" time="0.026" classname="testcases.StressTest"/>
  <testcase name="postRequestStressTest" time="0.027" classname="testcases.StressTest"/>
  <testcase name="postRequestStressTest" time="0.025" classname="testcases.StressTest"/>
  <testcase name="postRequestStressTest" time="0.099" classname="testcases.StressTest"/>
  <testcase name="postRequestStressTest" time="0.102" classname="testcases.StressTest"/>
  <testcase name="postRequestStressTest" time="0.010" classname="testcases.StressTest"/>
  <testcase name="postRequestStressTest" time="0.012" classname="testcases.StressTest"/>
  <testcase name="postRequestStressTest" time="0.177" classname="testcases.StressTest"/>
  <testcase name="postRequestStressTest" time="0.065" classname="testcases.StressTest"/>
  <testcase name="postRequestStressTest" time="0.020" classname="testcases.StressTest"/>
  <testcase name="postRequestStressTest" time="0.038" classname="testcases.StressTest"/>
  <testcase name="postRequestStressTest" time="0.082" classname="testcases.StressTest"/>
  <testcase name="postRequestStressTest" time="0.042" classname="testcases.StressTest"/>
  <testcase name="postRequestStressTest" time="0.014" classname="testcases.StressTest"/>
  <testcase name="postRequestStressTest" time="0.130" classname="testcases.StressTest"/>
  <testcase name="postRequestStressTest" time="0.158" classname="testcases.StressTest"/>
  <testcase name="postRequestStressTest" time="0.100" classname="testcases.StressTest"/>
  <testcase name="postRequestStressTest" time="0.139" classname="testcases.StressTest"/>
  <testcase name="postRequestStressTest" time="0.063" classname="testcases.StressTest"/>
  <testcase name="postRequestStressTest" time="0.067" classname="testcases.StressTest"/>
  <testcase name="postRequestStressTest" time="0.116" classname="testcases.StressTest"/>
  <testcase name="postRequestStressTest" time="0.018" classname="testcases.StressTest"/>
  <testcase name="postRequestStressTest" time="0.016" classname="testcases.StressTest"/>
  <testcase name="postRequestStressTest" time="0.172" classname="testcases.StressTest"/>
  <testcase name="postRequestStressTest" time="0.034" classname="testcases.StressTest"/>
  <testcase name="postRequestStressTest" time="0.019" classname="testcases.StressTest"/>
  <testcase name="postRequestStressTest" time="0.088" classname="testcases.StressTest"/>
  <testcase name="postRequestStressTest" time="0.023" classname="testcases.StressTest"/>
  <testcase name="postRequestStressTest" time="0.053" classname="testcases.StressTest"/>
  <testcase name="postRequestStressTest" time="0.031" classname="testcases.StressTest"/>
  <testcase name="postRequestStressTest" time="0.062" classname="testcases.StressTest"/>
  <testcase name="postRequestStressTest" time="0.088" classname="testcases.StressTest"/>
  <testcase name="postRequestStressTest" time="0.053" classname="testcases.StressTest"/>
  <testcase name="postRequestStressTest" time="0.030" classname="testcases.StressTest"/>
  <testcase name="postRequestStressTest" time="0.033" classname="testcases.StressTest"/>
  <testcase name="postRequestStressTest" time="0.059" classname="testcases.StressTest"/>
  <testcase name="postRequestStressTest" time="0.063" classname="testcases.StressTest"/>
  <testcase name="postRequestStressTest" time="0.059" classname="testcases.StressTest"/>
  <testcase name="postRequestStressTest" time="0.033" classname="testcases.StressTest"/>
  <testcase name="postRequestStressTest" time="0.003" classname="testcases.StressTest"/>
  <testcase name="postRequestStressTest" time="0.079" classname="testcases.StressTest"/>
  <testcase name="postRequestStressTest" time="0.046" classname="testcases.StressTest"/>
  <testcase name="postRequestStressTest" time="0.023" classname="testcases.StressTest"/>
  <testcase name="postRequestStressTest" time="0.032" classname="testcases.StressTest"/>
  <testcase name="postRequestStressTest" time="0.021" classname="testcases.StressTest"/>
  <testcase name="postRequestStressTest" time="0.043" classname="testcases.StressTest"/>
  <testcase name="postRequestStressTest" time="0.069" classname="testcases.StressTest"/>
  <testcase name="postRequestStressTest" time="0.038" classname="testcases.StressTest"/>
  <testcase name="postRequestStressTest" time="0.032" classname="testcases.StressTest"/>
  <testcase name="postRequestStressTest" time="0.032" classname="testcases.StressTest"/>
  <testcase name="postRequestStressTest" time="0.102" classname="testcases.StressTest"/>
  <testcase name="postRequestStressTest" time="0.060" classname="testcases.StressTest"/>
  <testcase name="postRequestStressTest" time="0.024" classname="testcases.StressTest"/>
  <testcase name="postRequestStressTest" time="0.040" classname="testcases.StressTest"/>
  <testcase name="postRequestStressTest" time="0.023" classname="testcases.StressTest"/>
  <testcase name="postRequestStressTest" time="0.019" classname="testcases.StressTest"/>
  <testcase name="postRequestStressTest" time="0.081" classname="testcases.StressTest"/>
  <testcase name="postRequestStressTest" time="0.118" classname="testcases.StressTest"/>
  <testcase name="postRequestStressTest" time="0.030" classname="testcases.StressTest"/>
  <testcase name="postRequestStressTest" time="0.022" classname="testcases.StressTest"/>
  <testcase name="postRequestStressTest" time="0.131" classname="testcases.StressTest"/>
  <testcase name="postRequestStressTest" time="0.184" classname="testcases.StressTest"/>
  <testcase name="postRequestStressTest" time="0.016" classname="testcases.StressTest"/>
  <testcase name="postRequestStressTest" time="0.030" classname="testcases.StressTest"/>
  <testcase name="postRequestStressTest" time="0.031" classname="testcases.StressTest"/>
  <testcase name="postRequestStressTest" time="0.044" classname="testcases.StressTest"/>
  <testcase name="postRequestStressTest" time="0.016" classname="testcases.StressTest"/>
  <testcase name="postRequestStressTest" time="0.037" classname="testcases.StressTest"/>
  <testcase name="postRequestStressTest" time="0.023" classname="testcases.StressTest"/>
  <testcase name="postRequestStressTest" time="0.144" classname="testcases.StressTest"/>
  <testcase name="postRequestStressTest" time="0.010" classname="testcases.StressTest"/>
  <testcase name="postRequestStressTest" time="0.006" classname="testcases.StressTest"/>
  <testcase name="postRequestStressTest" time="0.054" classname="testcases.StressTest"/>
  <testcase name="postRequestStressTest" time="0.016" classname="testcases.StressTest"/>
  <testcase name="postRequestStressTest" time="0.065" classname="testcases.StressTest"/>
  <testcase name="postRequestStressTest" time="0.095" classname="testcases.StressTest"/>
  <testcase name="postRequestStressTest" time="0.068" classname="testcases.StressTest"/>
  <testcase name="postRequestStressTest" time="0.227" classname="testcases.StressTest"/>
  <testcase name="postRequestStressTest" time="0.025" classname="testcases.StressTest"/>
  <testcase name="postRequestStressTest" time="0.050" classname="testcases.StressTest"/>
  <testcase name="postRequestStressTest" time="0.016" classname="testcases.StressTest"/>
  <testcase name="postRequestStressTest" time="0.009" classname="testcases.StressTest"/>
  <testcase name="postRequestStressTest" time="0.035" classname="testcases.StressTest"/>
  <testcase name="postRequestStressTest" time="0.016" classname="testcases.StressTest"/>
  <testcase name="postRequestStressTest" time="0.026" classname="testcases.StressTest"/>
  <testcase name="postRequestStressTest" time="0.031" classname="testcases.StressTest"/>
  <testcase name="postRequestStressTest" time="0.026" classname="testcases.StressTest"/>
  <testcase name="postRequestStressTest" time="0.125" classname="testcases.StressTest"/>
  <testcase name="postRequestStressTest" time="0.052" classname="testcases.StressTest"/>
  <testcase name="postRequestStressTest" time="0.021" classname="testcases.StressTest"/>
  <testcase name="postRequestStressTest" time="0.041" classname="testcases.StressTest"/>
  <testcase name="postRequestStressTest" time="0.060" classname="testcases.StressTest"/>
  <testcase name="postRequestStressTest" time="0.048" classname="testcases.StressTest"/>
  <testcase name="postRequestStressTest" time="0.021" classname="testcases.StressTest"/>
  <testcase name="postRequestStressTest" time="0.011" classname="testcases.StressTest"/>
  <testcase name="postRequestStressTest" time="0.135" classname="testcases.StressTest"/>
  <testcase name="postRequestStressTest" time="0.080" classname="testcases.StressTest"/>
  <testcase name="postRequestStressTest" time="0.031" classname="testcases.StressTest"/>
  <testcase name="postRequestStressTest" time="0.027" classname="testcases.StressTest"/>
  <testcase name="postRequestStressTest" time="0.067" classname="testcases.StressTest"/>
  <testcase name="postRequestStressTest" time="0.099" classname="testcases.StressTest"/>
  <testcase name="postRequestStressTest" time="0.030" classname="testcases.StressTest"/>
  <testcase name="postRequestStressTest" time="0.016" classname="testcases.StressTest"/>
  <testcase name="postRequestStressTest" time="0.038" classname="testcases.StressTest"/>
  <testcase name="postRequestStressTest" time="0.042" classname="testcases.StressTest"/>
  <testcase name="postRequestStressTest" time="0.006" classname="testcases.StressTest"/>
  <testcase name="postRequestStressTest" time="0.070" classname="testcases.StressTest"/>
  <testcase name="postRequestStressTest" time="0.024" classname="testcases.StressTest"/>
  <testcase name="postRequestStressTest" time="0.042" classname="testcases.StressTest"/>
  <testcase name="postRequestStressTest" time="0.012" classname="testcases.StressTest"/>
  <testcase name="postRequestStressTest" time="0.013" classname="testcases.StressTest"/>
  <testcase name="postRequestStressTest" time="0.030" classname="testcases.StressTest"/>
  <testcase name="postRequestStressTest" time="0.042" classname="testcases.StressTest"/>
  <testcase name="postRequestStressTest" time="0.028" classname="testcases.StressTest"/>
  <testcase name="postRequestStressTest" time="0.029" classname="testcases.StressTest"/>
  <testcase name="postRequestStressTest" time="0.036" classname="testcases.StressTest"/>
  <testcase name="postRequestStressTest" time="0.069" classname="testcases.StressTest"/>
  <testcase name="postRequestStressTest" time="0.096" classname="testcases.StressTest"/>
  <testcase name="postRequestStressTest" time="0.074" classname="testcases.StressTest"/>
  <testcase name="postRequestStressTest" time="0.114" classname="testcases.StressTest"/>
  <testcase name="postRequestStressTest" time="0.017" classname="testcases.StressTest"/>
  <testcase name="postRequestStressTest" time="0.107" classname="testcases.StressTest"/>
  <testcase name="postRequestStressTest" time="0.195" classname="testcases.StressTest"/>
  <testcase name="postRequestStressTest" time="0.048" classname="testcases.StressTest"/>
  <testcase name="postRequestStressTest" time="0.102" classname="testcases.StressTest"/>
  <testcase name="postRequestStressTest" time="0.053" classname="testcases.StressTest"/>
  <testcase name="postRequestStressTest" time="0.018" classname="testcases.StressTest"/>
  <testcase name="postRequestStressTest" time="0.074" classname="testcases.StressTest"/>
  <testcase name="postRequestStressTest" time="0.077" classname="testcases.StressTest"/>
  <testcase name="postRequestStressTest" time="0.066" classname="testcases.StressTest"/>
  <testcase name="postRequestStressTest" time="0.114" classname="testcases.StressTest"/>
  <testcase name="postRequestStressTest" time="0.166" classname="testcases.StressTest"/>
  <testcase name="postRequestStressTest" time="0.019" classname="testcases.StressTest"/>
  <testcase name="postRequestStressTest" time="0.045" classname="testcases.StressTest"/>
  <testcase name="postRequestStressTest" time="0.063" classname="testcases.StressTest"/>
  <testcase name="postRequestStressTest" time="0.038" classname="testcases.StressTest"/>
  <testcase name="postRequestStressTest" time="0.025" classname="testcases.StressTest"/>
  <testcase name="postRequestStressTest" time="0.051" classname="testcases.StressTest"/>
  <testcase name="postRequestStressTest" time="0.026" classname="testcases.StressTest"/>
  <testcase name="postRequestStressTest" time="0.072" classname="testcases.StressTest"/>
  <testcase name="postRequestStressTest" time="0.061" classname="testcases.StressTest"/>
  <testcase name="postRequestStressTest" time="0.024" classname="testcases.StressTest"/>
  <testcase name="postRequestStressTest" time="0.048" classname="testcases.StressTest"/>
  <testcase name="postRequestStressTest" time="0.127" classname="testcases.StressTest"/>
  <testcase name="postRequestStressTest" time="0.027" classname="testcases.StressTest"/>
  <testcase name="postRequestStressTest" time="0.005" classname="testcases.StressTest"/>
  <testcase name="postRequestStressTest" time="0.074" classname="testcases.StressTest"/>
  <testcase name="postRequestStressTest" time="0.030" classname="testcases.StressTest"/>
  <testcase name="postRequestStressTest" time="0.062" classname="testcases.StressTest"/>
  <testcase name="postRequestStressTest" time="0.058" classname="testcases.StressTest"/>
  <testcase name="postRequestStressTest" time="0.068" classname="testcases.StressTest"/>
  <testcase name="postRequestStressTest" time="0.082" classname="testcases.StressTest"/>
  <testcase name="postRequestStressTest" time="0.015" classname="testcases.StressTest"/>
  <testcase name="postRequestStressTest" time="0.109" classname="testcases.StressTest"/>
  <testcase name="postRequestStressTest" time="0.027" classname="testcases.StressTest"/>
  <testcase name="postRequestStressTest" time="0.075" classname="testcases.StressTest"/>
  <testcase name="postRequestStressTest" time="0.032" classname="testcases.StressTest"/>
  <testcase name="postRequestStressTest" time="0.026" classname="testcases.StressTest"/>
  <testcase name="postRequestStressTest" time="0.143" classname="testcases.StressTest"/>
  <testcase name="postRequestStressTest" time="0.049" classname="testcases.StressTest"/>
  <testcase name="postRequestStressTest" time="0.028" classname="testcases.StressTest"/>
  <testcase name="postRequestStressTest" time="0.136" classname="testcases.StressTest"/>
  <testcase name="postRequestStressTest" time="0.117" classname="testcases.StressTest"/>
  <testcase name="postRequestStressTest" time="0.019" classname="testcases.StressTest"/>
  <testcase name="postRequestStressTest" time="0.031" classname="testcases.StressTest"/>
  <testcase name="postRequestStressTest" time="0.022" classname="testcases.StressTest"/>
  <testcase name="postRequestStressTest" time="0.259" classname="testcases.StressTest"/>
  <testcase name="postRequestStressTest" time="0.038" classname="testcases.StressTest"/>
  <testcase name="postRequestStressTest" time="0.103" classname="testcases.StressTest"/>
  <testcase name="postRequestStressTest" time="0.092" classname="testcases.StressTest"/>
  <testcase name="postRequestStressTest" time="0.022" classname="testcases.StressTest"/>
  <testcase name="postRequestStressTest" time="0.143" classname="testcases.StressTest"/>
  <testcase name="postRequestStressTest" time="0.232" classname="testcases.StressTest"/>
  <testcase name="postRequestStressTest" time="0.087" classname="testcases.StressTest"/>
  <testcase name="postRequestStressTest" time="0.119" classname="testcases.StressTest"/>
  <testcase name="postRequestStressTest" time="0.032" classname="testcases.StressTest"/>
  <testcase name="postRequestStressTest" time="0.036" classname="testcases.StressTest"/>
  <testcase name="postRequestStressTest" time="0.086" classname="testcases.StressTest"/>
  <testcase name="postRequestStressTest" time="0.031" classname="testcases.StressTest"/>
  <testcase name="postRequestStressTest" time="0.124" classname="testcases.StressTest"/>
  <testcase name="postRequestStressTest" time="0.099" classname="testcases.StressTest"/>
  <testcase name="postRequestStressTest" time="0.024" classname="testcases.StressTest"/>
  <testcase name="postRequestStressTest" time="0.033" classname="testcases.StressTest"/>
  <testcase name="postRequestStressTest" time="0.042" classname="testcases.StressTest"/>
  <testcase name="postRequestStressTest" time="0.028" classname="testcases.StressTest"/>
  <testcase name="postRequestStressTest" time="0.030" classname="testcases.StressTest"/>
  <testcase name="postRequestStressTest" time="0.017" classname="testcases.StressTest"/>
  <testcase name="postRequestStressTest" time="0.036" classname="testcases.StressTest"/>
  <testcase name="postRequestStressTest" time="0.019" classname="testcases.StressTest"/>
  <testcase name="postRequestStressTest" time="0.024" classname="testcases.StressTest"/>
  <testcase name="postRequestStressTest" time="0.054" classname="testcases.StressTest"/>
  <testcase name="postRequestStressTest" time="0.097" classname="testcases.StressTest"/>
  <testcase name="postRequestStressTest" time="0.130" classname="testcases.StressTest"/>
  <testcase name="postRequestStressTest" time="0.055" classname="testcases.StressTest"/>
  <testcase name="postRequestStressTest" time="0.082" classname="testcases.StressTest"/>
  <testcase name="postRequestStressTest" time="0.028" classname="testcases.StressTest"/>
  <testcase name="postRequestStressTest" time="0.054" classname="testcases.StressTest"/>
  <testcase name="postRequestStressTest" time="0.050" classname="testcases.StressTest"/>
  <testcase name="postRequestStressTest" time="0.110" classname="testcases.StressTest"/>
  <testcase name="postRequestStressTest" time="0.024" classname="testcases.StressTest"/>
  <testcase name="postRequestStressTest" time="0.026" classname="testcases.StressTest"/>
  <testcase name="postRequestStressTest" time="0.155" classname="testcases.StressTest"/>
  <testcase name="postRequestStressTest" time="0.071" classname="testcases.StressTest"/>
  <testcase name="postRequestStressTest" time="0.064" classname="testcases.StressTest"/>
  <testcase name="postRequestStressTest" time="0.021" classname="testcases.StressTest"/>
  <testcase name="postRequestStressTest" time="0.042" classname="testcases.StressTest"/>
  <testcase name="postRequestStressTest" time="0.165" classname="testcases.StressTest"/>
  <testcase name="postRequestStressTest" time="0.022" classname="testcases.StressTest"/>
  <testcase name="postRequestStressTest" time="0.011" classname="testcases.StressTest"/>
  <testcase name="postRequestStressTest" time="0.039" classname="testcases.StressTest"/>
  <testcase name="postRequestStressTest" time="0.017" classname="testcases.StressTest"/>
  <testcase name="postRequestStressTest" time="0.041" classname="testcases.StressTest"/>
  <testcase name="postRequestStressTest" time="0.254" classname="testcases.StressTest"/>
  <testcase name="postRequestStressTest" time="0.032" classname="testcases.StressTest"/>
  <testcase name="postRequestStressTest" time="0.038" classname="testcases.StressTest"/>
  <testcase name="postRequestStressTest" time="0.064" classname="testcases.StressTest"/>
  <testcase name="postRequestStressTest" time="0.050" classname="testcases.StressTest"/>
  <testcase name="postRequestStressTest" time="0.096" classname="testcases.StressTest"/>
  <testcase name="postRequestStressTest" time="0.091" classname="testcases.StressTest"/>
  <testcase name="postRequestStressTest" time="0.021" classname="testcases.StressTest"/>
  <testcase name="postRequestStressTest" time="0.065" classname="testcases.StressTest"/>
  <testcase name="postRequestStressTest" time="0.022" classname="testcases.StressTest"/>
  <testcase name="postRequestStressTest" time="0.616" classname="testcases.StressTest"/>
  <testcase name="postRequestStressTest" time="0.083" classname="testcases.StressTest"/>
  <testcase name="postRequestStressTest" time="0.037" classname="testcases.StressTest"/>
  <testcase name="postRequestStressTest" time="0.031" classname="testcases.StressTest"/>
  <testcase name="postRequestStressTest" time="0.034" classname="testcases.StressTest"/>
  <testcase name="postRequestStressTest" time="0.043" classname="testcases.StressTest"/>
  <testcase name="postRequestStressTest" time="0.071" classname="testcases.StressTest"/>
  <testcase name="postRequestStressTest" time="0.006" classname="testcases.StressTest"/>
  <testcase name="postRequestStressTest" time="0.009" classname="testcases.StressTest"/>
  <testcase name="postRequestStressTest" time="0.077" classname="testcases.StressTest"/>
  <testcase name="postRequestStressTest" time="0.018" classname="testcases.StressTest"/>
  <testcase name="postRequestStressTest" time="0.022" classname="testcases.StressTest"/>
  <testcase name="postRequestStressTest" time="0.026" classname="testcases.StressTest"/>
  <testcase name="postRequestStressTest" time="0.050" classname="testcases.StressTest"/>
  <testcase name="postRequestStressTest" time="0.042" classname="testcases.StressTest"/>
  <testcase name="postRequestStressTest" time="0.071" classname="testcases.StressTest"/>
  <testcase name="postRequestStressTest" time="0.019" classname="testcases.StressTest"/>
  <testcase name="postRequestStressTest" time="0.022" classname="testcases.StressTest"/>
  <testcase name="postRequestStressTest" time="0.053" classname="testcases.StressTest"/>
  <testcase name="postRequestStressTest" time="0.133" classname="testcases.StressTest"/>
  <testcase name="postRequestStressTest" time="0.197" classname="testcases.StressTest"/>
  <testcase name="postRequestStressTest" time="0.018" classname="testcases.StressTest"/>
  <testcase name="postRequestStressTest" time="0.022" classname="testcases.StressTest"/>
  <testcase name="postRequestStressTest" time="0.017" classname="testcases.StressTest"/>
  <testcase name="postRequestStressTest" time="0.015" classname="testcases.StressTest"/>
  <testcase name="postRequestStressTest" time="0.029" classname="testcases.StressTest"/>
  <testcase name="postRequestStressTest" time="0.198" classname="testcases.StressTest"/>
  <testcase name="postRequestStressTest" time="0.016" classname="testcases.StressTest"/>
  <testcase name="postRequestStressTest" time="0.032" classname="testcases.StressTest"/>
  <testcase name="postRequestStressTest" time="0.038" classname="testcases.StressTest"/>
  <testcase name="postRequestStressTest" time="0.042" classname="testcases.StressTest"/>
  <testcase name="postRequestStressTest" time="0.079" classname="testcases.StressTest"/>
  <testcase name="postRequestStressTest" time="0.029" classname="testcases.StressTest"/>
  <testcase name="postRequestStressTest" time="0.020" classname="testcases.StressTest"/>
  <testcase name="postRequestStressTest" time="0.024" classname="testcases.StressTest"/>
  <testcase name="postRequestStressTest" time="0.021" classname="testcases.StressTest"/>
  <testcase name="postRequestStressTest" time="0.039" classname="testcases.StressTest"/>
  <testcase name="postRequestStressTest" time="0.036" classname="testcases.StressTest"/>
  <testcase name="postRequestStressTest" time="0.032" classname="testcases.StressTest"/>
  <testcase name="postRequestStressTest" time="0.052" classname="testcases.StressTest"/>
  <testcase name="postRequestStressTest" time="0.090" classname="testcases.StressTest"/>
  <testcase name="postRequestStressTest" time="0.026" classname="testcases.StressTest"/>
  <testcase name="postRequestStressTest" time="0.101" classname="testcases.StressTest"/>
  <testcase name="postRequestStressTest" time="0.053" classname="testcases.StressTest"/>
  <testcase name="postRequestStressTest" time="0.029" classname="testcases.StressTest"/>
  <testcase name="postRequestStressTest" time="0.024" classname="testcases.StressTest"/>
  <testcase name="postRequestStressTest" time="0.047" classname="testcases.StressTest"/>
  <testcase name="postRequestStressTest" time="0.019" classname="testcases.StressTest"/>
  <testcase name="postRequestStressTest" time="0.020" classname="testcases.StressTest"/>
  <testcase name="postRequestStressTest" time="0.043" classname="testcases.StressTest"/>
  <testcase name="postRequestStressTest" time="0.037" classname="testcases.StressTest"/>
  <testcase name="postRequestStressTest" time="0.035" classname="testcases.StressTest"/>
  <testcase name="postRequestStressTest" time="0.046" classname="testcases.StressTest"/>
  <testcase name="postRequestStressTest" time="0.017" classname="testcases.StressTest"/>
  <testcase name="postRequestStressTest" time="0.167" classname="testcases.StressTest"/>
  <testcase name="postRequestStressTest" time="0.062" classname="testcases.StressTest"/>
  <testcase name="postRequestStressTest" time="0.150" classname="testcases.StressTest"/>
  <testcase name="postRequestStressTest" time="0.040" classname="testcases.StressTest"/>
  <testcase name="postRequestStressTest" time="0.053" classname="testcases.StressTest"/>
  <testcase name="postRequestStressTest" time="0.056" classname="testcases.StressTest"/>
  <testcase name="postRequestStressTest" time="0.054" classname="testcases.StressTest"/>
  <testcase name="postRequestStressTest" time="0.050" classname="testcases.StressTest"/>
  <testcase name="postRequestStressTest" time="0.034" classname="testcases.StressTest"/>
  <testcase name="postRequestStressTest" time="0.163" classname="testcases.StressTest"/>
  <testcase name="postRequestStressTest" time="0.071" classname="testcases.StressTest"/>
  <testcase name="postRequestStressTest" time="0.122" classname="testcases.StressTest"/>
  <testcase name="postRequestStressTest" time="0.076" classname="testcases.StressTest"/>
  <testcase name="postRequestStressTest" time="0.017" classname="testcases.StressTest"/>
  <testcase name="postRequestStressTest" time="0.024" classname="testcases.StressTest"/>
  <testcase name="postRequestStressTest" time="0.091" classname="testcases.StressTest"/>
  <testcase name="postRequestStressTest" time="0.065" classname="testcases.StressTest"/>
  <testcase name="postRequestStressTest" time="0.013" classname="testcases.StressTest"/>
  <testcase name="postRequestStressTest" time="0.014" classname="testcases.StressTest"/>
  <testcase name="postRequestStressTest" time="2.684" classname="testcases.StressTest"/>
  <testcase name="postRequestStressTest" time="0.026" classname="testcases.StressTest"/>
  <testcase name="postRequestStressTest" time="0.047" classname="testcases.StressTest"/>
  <testcase name="postRequestStressTest" time="0.373" classname="testcases.StressTest"/>
  <testcase name="postRequestStressTest" time="0.072" classname="testcases.StressTest"/>
  <testcase name="postRequestStressTest" time="0.050" classname="testcases.StressTest"/>
  <testcase name="postRequestStressTest" time="0.178" classname="testcases.StressTest"/>
  <testcase name="postRequestStressTest" time="0.060" classname="testcases.StressTest"/>
  <testcase name="postRequestStressTest" time="3.309" classname="testcases.StressTest"/>
  <testcase name="postRequestStressTest" time="0.059" classname="testcases.StressTest"/>
  <testcase name="postRequestStressTest" time="0.087" classname="testcases.StressTest"/>
  <testcase name="postRequestStressTest" time="0.022" classname="testcases.StressTest"/>
  <testcase name="postRequestStressTest" time="0.026" classname="testcases.StressTest"/>
  <testcase name="postRequestStressTest" time="0.016" classname="testcases.StressTest"/>
  <testcase name="postRequestStressTest" time="0.172" classname="testcases.StressTest"/>
  <testcase name="postRequestStressTest" time="0.108" classname="testcases.StressTest"/>
  <testcase name="postRequestStressTest" time="0.021" classname="testcases.StressTest"/>
  <testcase name="postRequestStressTest" time="0.022" classname="testcases.StressTest"/>
  <testcase name="postRequestStressTest" time="0.018" classname="testcases.StressTest"/>
  <testcase name="postRequestStressTest" time="0.011" classname="testcases.StressTest"/>
  <testcase name="postRequestStressTest" time="0.018" classname="testcases.StressTest"/>
  <testcase name="postRequestStressTest" time="0.023" classname="testcases.StressTest"/>
  <testcase name="postRequestStressTest" time="0.088" classname="testcases.StressTest"/>
  <testcase name="postRequestStressTest" time="0.025" classname="testcases.StressTest"/>
  <testcase name="postRequestStressTest" time="0.042" classname="testcases.StressTest"/>
  <testcase name="postRequestStressTest" time="0.009" classname="testcases.StressTest"/>
  <testcase name="postRequestStressTest" time="0.039" classname="testcases.StressTest"/>
  <testcase name="postRequestStressTest" time="0.071" classname="testcases.StressTest"/>
  <testcase name="postRequestStressTest" time="0.020" classname="testcases.StressTest"/>
  <testcase name="postRequestStressTest" time="0.013" classname="testcases.StressTest"/>
  <testcase name="postRequestStressTest" time="0.036" classname="testcases.StressTest"/>
  <testcase name="postRequestStressTest" time="0.032" classname="testcases.StressTest"/>
  <testcase name="postRequestStressTest" time="0.022" classname="testcases.StressTest"/>
  <testcase name="postRequestStressTest" time="0.034" classname="testcases.StressTest"/>
  <testcase name="postRequestStressTest" time="0.044" classname="testcases.StressTest"/>
  <testcase name="postRequestStressTest" time="0.030" classname="testcases.StressTest"/>
  <testcase name="postRequestStressTest" time="0.064" classname="testcases.StressTest"/>
  <testcase name="postRequestStressTest" time="0.050" classname="testcases.StressTest"/>
  <testcase name="postRequestStressTest" time="0.041" classname="testcases.StressTest"/>
  <testcase name="postRequestStressTest" time="0.010" classname="testcases.StressTest"/>
  <testcase name="postRequestStressTest" time="0.012" classname="testcases.StressTest"/>
  <testcase name="postRequestStressTest" time="0.074" classname="testcases.StressTest"/>
  <testcase name="postRequestStressTest" time="0.091" classname="testcases.StressTest"/>
  <testcase name="postRequestStressTest" time="0.028" classname="testcases.StressTest"/>
  <testcase name="postRequestStressTest" time="0.033" classname="testcases.StressTest"/>
  <testcase name="postRequestStressTest" time="0.019" classname="testcases.StressTest"/>
  <testcase name="postRequestStressTest" time="0.038" classname="testcases.StressTest"/>
  <testcase name="postRequestStressTest" time="0.034" classname="testcases.StressTest"/>
  <testcase name="postRequestStressTest" time="0.066" classname="testcases.StressTest"/>
  <testcase name="postRequestStressTest" time="0.051" classname="testcases.StressTest"/>
  <testcase name="postRequestStressTest" time="0.012" classname="testcases.StressTest"/>
  <testcase name="postRequestStressTest" time="0.073" classname="testcases.StressTest"/>
  <testcase name="postRequestStressTest" time="0.055" classname="testcases.StressTest"/>
  <testcase name="postRequestStressTest" time="0.193" classname="testcases.StressTest"/>
  <testcase name="postRequestStressTest" time="0.042" classname="testcases.StressTest"/>
  <testcase name="postRequestStressTest" time="0.019" classname="testcases.StressTest"/>
  <testcase name="postRequestStressTest" time="0.026" classname="testcases.StressTest"/>
  <testcase name="postRequestStressTest" time="0.055" classname="testcases.StressTest"/>
  <testcase name="postRequestStressTest" time="0.120" classname="testcases.StressTest"/>
  <testcase name="postRequestStressTest" time="0.022" classname="testcases.StressTest"/>
  <testcase name="postRequestStressTest" time="0.027" classname="testcases.StressTest"/>
  <testcase name="postRequestStressTest" time="0.122" classname="testcases.StressTest"/>
  <testcase name="postRequestStressTest" time="0.030" classname="testcases.StressTest"/>
  <testcase name="postRequestStressTest" time="0.032" classname="testcases.StressTest"/>
  <testcase name="postRequestStressTest" time="0.009" classname="testcases.StressTest"/>
  <testcase name="postRequestStressTest" time="0.028" classname="testcases.StressTest"/>
  <testcase name="postRequestStressTest" time="0.015" classname="testcases.StressTest"/>
  <testcase name="postRequestStressTest" time="0.021" classname="testcases.StressTest"/>
  <testcase name="postRequestStressTest" time="0.026" classname="testcases.StressTest"/>
  <testcase name="postRequestStressTest" time="0.033" classname="testcases.StressTest"/>
  <testcase name="postRequestStressTest" time="0.018" classname="testcases.StressTest"/>
  <testcase name="postRequestStressTest" time="0.187" classname="testcases.StressTest"/>
  <testcase name="postRequestStressTest" time="0.064" classname="testcases.StressTest"/>
  <testcase name="postRequestStressTest" time="0.047" classname="testcases.StressTest"/>
  <testcase name="postRequestStressTest" time="0.038" classname="testcases.StressTest"/>
  <testcase name="postRequestStressTest" time="0.029" classname="testcases.StressTest"/>
  <testcase name="postRequestStressTest" time="0.063" classname="testcases.StressTest"/>
  <testcase name="postRequestStressTest" time="0.038" classname="testcases.StressTest"/>
  <testcase name="postRequestStressTest" time="0.028" classname="testcases.StressTest"/>
  <testcase name="postRequestStressTest" time="0.023" classname="testcases.StressTest"/>
  <testcase name="postRequestStressTest" time="0.022" classname="testcases.StressTest"/>
  <testcase name="postRequestStressTest" time="0.127" classname="testcases.StressTest"/>
  <testcase name="postRequestStressTest" time="0.035" classname="testcases.StressTest"/>
  <testcase name="postRequestStressTest" time="0.392" classname="testcases.StressTest"/>
  <testcase name="postRequestStressTest" time="0.029" classname="testcases.StressTest"/>
  <testcase name="postRequestStressTest" time="0.090" classname="testcases.StressTest"/>
  <testcase name="postRequestStressTest" time="0.380" classname="testcases.StressTest"/>
  <testcase name="postRequestStressTest" time="0.072" classname="testcases.StressTest"/>
  <testcase name="postRequestStressTest" time="0.019" classname="testcases.StressTest"/>
  <testcase name="postRequestStressTest" time="0.086" classname="testcases.StressTest"/>
  <testcase name="postRequestStressTest" time="0.076" classname="testcases.StressTest"/>
  <testcase name="postRequestStressTest" time="0.031" classname="testcases.StressTest"/>
  <testcase name="postRequestStressTest" time="0.024" classname="testcases.StressTest"/>
  <testcase name="postRequestStressTest" time="0.034" classname="testcases.StressTest"/>
  <testcase name="postRequestStressTest" time="0.013" classname="testcases.StressTest"/>
  <testcase name="postRequestStressTest" time="0.051" classname="testcases.StressTest"/>
  <testcase name="postRequestStressTest" time="0.098" classname="testcases.StressTest"/>
  <testcase name="postRequestStressTest" time="0.067" classname="testcases.StressTest"/>
  <testcase name="postRequestStressTest" time="0.022" classname="testcases.StressTest"/>
  <testcase name="postRequestStressTest" time="0.085" classname="testcases.StressTest"/>
  <testcase name="postRequestStressTest" time="0.050" classname="testcases.StressTest"/>
  <testcase name="postRequestStressTest" time="0.018" classname="testcases.StressTest"/>
  <testcase name="postRequestStressTest" time="0.019" classname="testcases.StressTest"/>
  <testcase name="postRequestStressTest" time="0.072" classname="testcases.StressTest"/>
  <testcase name="postRequestStressTest" time="0.079" classname="testcases.StressTest"/>
  <testcase name="postRequestStressTest" time="0.030" classname="testcases.StressTest"/>
  <testcase name="postRequestStressTest" time="0.139" classname="testcases.StressTest"/>
  <testcase name="postRequestStressTest" time="0.034" classname="testcases.StressTest"/>
  <testcase name="postRequestStressTest" time="0.022" classname="testcases.StressTest"/>
  <testcase name="postRequestStressTest" time="0.023" classname="testcases.StressTest"/>
  <testcase name="postRequestStressTest" time="0.042" classname="testcases.StressTest"/>
  <testcase name="postRequestStressTest" time="0.018" classname="testcases.StressTest"/>
  <testcase name="postRequestStressTest" time="0.032" classname="testcases.StressTest"/>
  <testcase name="postRequestStressTest" time="0.071" classname="testcases.StressTest"/>
  <testcase name="postRequestStressTest" time="0.024" classname="testcases.StressTest"/>
  <testcase name="postRequestStressTest" time="0.069" classname="testcases.StressTest"/>
  <testcase name="postRequestStressTest" time="0.012" classname="testcases.StressTest"/>
  <testcase name="postRequestStressTest" time="0.034" classname="testcases.StressTest"/>
  <testcase name="postRequestStressTest" time="0.028" classname="testcases.StressTest"/>
  <testcase name="postRequestStressTest" time="0.029" classname="testcases.StressTest"/>
  <testcase name="postRequestStressTest" time="0.060" classname="testcases.StressTest"/>
  <testcase name="postRequestStressTest" time="0.021" classname="testcases.StressTest"/>
  <testcase name="postRequestStressTest" time="0.042" classname="testcases.StressTest"/>
  <testcase name="postRequestStressTest" time="0.065" classname="testcases.StressTest"/>
  <testcase name="postRequestStressTest" time="0.042" classname="testcases.StressTest"/>
  <testcase name="postRequestStressTest" time="0.270" classname="testcases.StressTest"/>
  <testcase name="postRequestStressTest" time="0.038" classname="testcases.StressTest"/>
  <testcase name="postRequestStressTest" time="0.013" classname="testcases.StressTest"/>
  <testcase name="postRequestStressTest" time="0.035" classname="testcases.StressTest"/>
  <testcase name="postRequestStressTest" time="0.052" classname="testcases.StressTest"/>
  <testcase name="postRequestStressTest" time="0.015" classname="testcases.StressTest"/>
  <testcase name="postRequestStressTest" time="0.060" classname="testcases.StressTest"/>
  <testcase name="postRequestStressTest" time="0.132" classname="testcases.StressTest"/>
  <testcase name="postRequestStressTest" time="0.047" classname="testcases.StressTest"/>
  <testcase name="postRequestStressTest" time="0.179" classname="testcases.StressTest"/>
  <testcase name="postRequestStressTest" time="0.038" classname="testcases.StressTest"/>
  <testcase name="postRequestStressTest" time="0.017" classname="testcases.StressTest"/>
  <testcase name="postRequestStressTest" time="0.023" classname="testcases.StressTest"/>
  <testcase name="postRequestStressTest" time="0.005" classname="testcases.StressTest"/>
  <testcase name="postRequestStressTest" time="0.161" classname="testcases.StressTest"/>
  <testcase name="postRequestStressTest" time="0.069" classname="testcases.StressTest"/>
  <testcase name="postRequestStressTest" time="0.201" classname="testcases.StressTest"/>
  <testcase name="postRequestStressTest" time="0.298" classname="testcases.StressTest"/>
  <testcase name="postRequestStressTest" time="0.061" classname="testcases.StressTest"/>
  <testcase name="postRequestStressTest" time="0.023" classname="testcases.StressTest"/>
  <testcase name="postRequestStressTest" time="0.049" classname="testcases.StressTest"/>
  <testcase name="postRequestStressTest" time="0.042" classname="testcases.StressTest"/>
  <testcase name="postRequestStressTest" time="0.031" classname="testcases.StressTest"/>
  <testcase name="postRequestStressTest" time="0.044" classname="testcases.StressTest"/>
  <testcase name="postRequestStressTest" time="0.033" classname="testcases.StressTest"/>
  <testcase name="postRequestStressTest" time="0.039" classname="testcases.StressTest"/>
  <testcase name="postRequestStressTest" time="0.028" classname="testcases.StressTest"/>
  <testcase name="postRequestStressTest" time="0.055" classname="testcases.StressTest"/>
  <testcase name="postRequestStressTest" time="0.067" classname="testcases.StressTest"/>
  <testcase name="postRequestStressTest" time="0.005" classname="testcases.StressTest"/>
  <testcase name="postRequestStressTest" time="0.015" classname="testcases.StressTest"/>
  <testcase name="postRequestStressTest" time="0.034" classname="testcases.StressTest"/>
  <testcase name="postRequestStressTest" time="0.152" classname="testcases.StressTest"/>
  <testcase name="postRequestStressTest" time="0.017" classname="testcases.StressTest"/>
  <testcase name="postRequestStressTest" time="0.103" classname="testcases.StressTest"/>
  <testcase name="postRequestStressTest" time="0.061" classname="testcases.StressTest"/>
  <testcase name="postRequestStressTest" time="0.026" classname="testcases.StressTest"/>
  <testcase name="postRequestStressTest" time="0.109" classname="testcases.StressTest"/>
  <testcase name="postRequestStressTest" time="0.015" classname="testcases.StressTest"/>
  <testcase name="postRequestStressTest" time="0.213" classname="testcases.StressTest"/>
  <testcase name="postRequestStressTest" time="0.031" classname="testcases.StressTest"/>
  <testcase name="postRequestStressTest" time="0.028" classname="testcases.StressTest"/>
  <testcase name="postRequestStressTest" time="0.024" classname="testcases.StressTest"/>
  <testcase name="postRequestStressTest" time="0.094" classname="testcases.StressTest"/>
  <testcase name="postRequestStressTest" time="0.024" classname="testcases.StressTest"/>
  <testcase name="postRequestStressTest" time="0.022" classname="testcases.StressTest"/>
  <testcase name="postRequestStressTest" time="0.074" classname="testcases.StressTest"/>
  <testcase name="postRequestStressTest" time="0.061" classname="testcases.StressTest"/>
  <testcase name="postRequestStressTest" time="0.048" classname="testcases.StressTest"/>
  <testcase name="postRequestStressTest" time="0.011" classname="testcases.StressTest"/>
  <testcase name="postRequestStressTest" time="0.053" classname="testcases.StressTest"/>
  <testcase name="postRequestStressTest" time="0.023" classname="testcases.StressTest"/>
  <testcase name="postRequestStressTest" time="0.006" classname="testcases.StressTest"/>
  <testcase name="postRequestStressTest" time="0.029" classname="testcases.StressTest"/>
  <testcase name="postRequestStressTest" time="0.028" classname="testcases.StressTest"/>
  <testcase name="postRequestStressTest" time="0.012" classname="testcases.StressTest"/>
  <testcase name="postRequestStressTest" time="0.026" classname="testcases.StressTest"/>
  <testcase name="postRequestStressTest" time="0.044" classname="testcases.StressTest"/>
  <testcase name="postRequestStressTest" time="0.047" classname="testcases.StressTest"/>
  <testcase name="postRequestStressTest" time="0.054" classname="testcases.StressTest"/>
  <testcase name="postRequestStressTest" time="0.042" classname="testcases.StressTest"/>
  <testcase name="postRequestStressTest" time="0.022" classname="testcases.StressTest"/>
  <testcase name="postRequestStressTest" time="0.007" classname="testcases.StressTest"/>
  <testcase name="postRequestStressTest" time="0.022" classname="testcases.StressTest"/>
  <testcase name="postRequestStressTest" time="0.034" classname="testcases.StressTest"/>
  <testcase name="postRequestStressTest" time="0.127" classname="testcases.StressTest"/>
  <testcase name="postRequestStressTest" time="0.076" classname="testcases.StressTest"/>
  <testcase name="postRequestStressTest" time="0.032" classname="testcases.StressTest"/>
  <testcase name="postRequestStressTest" time="0.018" classname="testcases.StressTest"/>
  <testcase name="postRequestStressTest" time="0.048" classname="testcases.StressTest"/>
  <testcase name="postRequestStressTest" time="0.026" classname="testcases.StressTest"/>
  <testcase name="postRequestStressTest" time="0.036" classname="testcases.StressTest"/>
  <testcase name="postRequestStressTest" time="0.208" classname="testcases.StressTest"/>
  <testcase name="postRequestStressTest" time="0.088" classname="testcases.StressTest"/>
  <testcase name="postRequestStressTest" time="0.144" classname="testcases.StressTest"/>
  <testcase name="postRequestStressTest" time="0.091" classname="testcases.StressTest"/>
  <testcase name="postRequestStressTest" time="0.077" classname="testcases.StressTest"/>
  <testcase name="postRequestStressTest" time="0.027" classname="testcases.StressTest"/>
  <testcase name="postRequestStressTest" time="0.031" classname="testcases.StressTest"/>
  <testcase name="postRequestStressTest" time="0.017" classname="testcases.StressTest"/>
  <testcase name="postRequestStressTest" time="0.118" classname="testcases.StressTest"/>
  <testcase name="postRequestStressTest" time="0.033" classname="testcases.StressTest"/>
  <testcase name="postRequestStressTest" time="0.041" classname="testcases.StressTest"/>
  <testcase name="postRequestStressTest" time="0.009" classname="testcases.StressTest"/>
  <testcase name="postRequestStressTest" time="0.031" classname="testcases.StressTest"/>
  <testcase name="postRequestStressTest" time="0.038" classname="testcases.StressTest"/>
  <testcase name="postRequestStressTest" time="0.128" classname="testcases.StressTest"/>
  <testcase name="postRequestStressTest" time="0.058" classname="testcases.StressTest"/>
  <testcase name="postRequestStressTest" time="0.026" classname="testcases.StressTest"/>
  <testcase name="postRequestStressTest" time="0.121" classname="testcases.StressTest"/>
  <testcase name="postRequestStressTest" time="0.099" classname="testcases.StressTest"/>
  <testcase name="postRequestStressTest" time="0.013" classname="testcases.StressTest"/>
  <testcase name="postRequestStressTest" time="0.049" classname="testcases.StressTest"/>
  <testcase name="postRequestStressTest" time="0.028" classname="testcases.StressTest"/>
  <testcase name="postRequestStressTest" time="0.016" classname="testcases.StressTest"/>
  <testcase name="postRequestStressTest" time="0.029" classname="testcases.StressTest"/>
  <testcase name="postRequestStressTest" time="0.038" classname="testcases.StressTest"/>
  <testcase name="postRequestStressTest" time="0.059" classname="testcases.StressTest"/>
  <testcase name="postRequestStressTest" time="0.239" classname="testcases.StressTest"/>
  <testcase name="postRequestStressTest" time="0.029" classname="testcases.StressTest"/>
  <testcase name="postRequestStressTest" time="0.024" classname="testcases.StressTest"/>
  <testcase name="postRequestStressTest" time="0.029" classname="testcases.StressTest"/>
  <testcase name="postRequestStressTest" time="0.122" classname="testcases.StressTest"/>
  <testcase name="postRequestStressTest" time="0.034" classname="testcases.StressTest"/>
  <testcase name="postRequestStressTest" time="0.175" classname="testcases.StressTest"/>
  <testcase name="postRequestStressTest" time="0.067" classname="testcases.StressTest"/>
  <testcase name="postRequestStressTest" time="0.045" classname="testcases.StressTest"/>
  <testcase name="postRequestStressTest" time="0.025" classname="testcases.StressTest"/>
  <testcase name="postRequestStressTest" time="0.032" classname="testcases.StressTest"/>
  <testcase name="postRequestStressTest" time="0.071" classname="testcases.StressTest"/>
  <testcase name="postRequestStressTest" time="0.066" classname="testcases.StressTest"/>
  <testcase name="postRequestStressTest" time="0.156" classname="testcases.StressTest"/>
  <testcase name="postRequestStressTest" time="0.029" classname="testcases.StressTest"/>
  <testcase name="postRequestStressTest" time="0.041" classname="testcases.StressTest"/>
  <testcase name="postRequestStressTest" time="0.028" classname="testcases.StressTest"/>
  <testcase name="postRequestStressTest" time="0.117" classname="testcases.StressTest"/>
  <testcase name="postRequestStressTest" time="0.033" classname="testcases.StressTest"/>
  <testcase name="postRequestStressTest" time="0.039" classname="testcases.StressTest"/>
  <testcase name="postRequestStressTest" time="0.037" classname="testcases.StressTest"/>
  <testcase name="postRequestStressTest" time="0.057" classname="testcases.StressTest"/>
  <testcase name="postRequestStressTest" time="0.038" classname="testcases.StressTest"/>
  <testcase name="postRequestStressTest" time="0.100" classname="testcases.StressTest"/>
  <testcase name="postRequestStressTest" time="0.060" classname="testcases.StressTest"/>
  <testcase name="postRequestStressTest" time="0.018" classname="testcases.StressTest"/>
  <testcase name="postRequestStressTest" time="0.030" classname="testcases.StressTest"/>
  <testcase name="postRequestStressTest" time="0.047" classname="testcases.StressTest"/>
  <testcase name="postRequestStressTest" time="0.014" classname="testcases.StressTest"/>
  <testcase name="postRequestStressTest" time="0.049" classname="testcases.StressTest"/>
  <testcase name="postRequestStressTest" time="0.073" classname="testcases.StressTest"/>
  <testcase name="postRequestStressTest" time="0.010" classname="testcases.StressTest"/>
  <testcase name="postRequestStressTest" time="0.020" classname="testcases.StressTest"/>
  <testcase name="postRequestStressTest" time="0.028" classname="testcases.StressTest"/>
  <testcase name="postRequestStressTest" time="0.076" classname="testcases.StressTest"/>
  <testcase name="postRequestStressTest" time="0.032" classname="testcases.StressTest"/>
  <testcase name="postRequestStressTest" time="0.042" classname="testcases.StressTest"/>
  <testcase name="postRequestStressTest" time="0.309" classname="testcases.StressTest"/>
  <testcase name="postRequestStressTest" time="0.018" classname="testcases.StressTest"/>
  <testcase name="postRequestStressTest" time="0.031" classname="testcases.StressTest"/>
  <testcase name="postRequestStressTest" time="0.027" classname="testcases.StressTest"/>
  <testcase name="postRequestStressTest" time="0.021" classname="testcases.StressTest"/>
  <testcase name="postRequestStressTest" time="0.023" classname="testcases.StressTest"/>
  <testcase name="postRequestStressTest" time="0.017" classname="testcases.StressTest"/>
  <testcase name="postRequestStressTest" time="0.070" classname="testcases.StressTest"/>
  <testcase name="postRequestStressTest" time="0.151" classname="testcases.StressTest"/>
  <testcase name="postRequestStressTest" time="0.032" classname="testcases.StressTest"/>
  <testcase name="postRequestStressTest" time="0.143" classname="testcases.StressTest"/>
  <testcase name="postRequestStressTest" time="0.022" classname="testcases.StressTest"/>
  <testcase name="postRequestStressTest" time="0.036" classname="testcases.StressTest"/>
  <testcase name="postRequestStressTest" time="0.041" classname="testcases.StressTest"/>
  <testcase name="postRequestStressTest" time="0.024" classname="testcases.StressTest"/>
  <testcase name="postRequestStressTest" time="0.032" classname="testcases.StressTest"/>
  <testcase name="postRequestStressTest" time="0.030" classname="testcases.StressTest"/>
  <testcase name="postRequestStressTest" time="0.035" classname="testcases.StressTest"/>
  <testcase name="postRequestStressTest" time="0.049" classname="testcases.StressTest"/>
  <testcase name="postRequestStressTest" time="0.092" classname="testcases.StressTest"/>
  <testcase name="postRequestStressTest" time="0.045" classname="testcases.StressTest"/>
  <testcase name="postRequestStressTest" time="0.024" classname="testcases.StressTest"/>
  <testcase name="postRequestStressTest" time="0.044" classname="testcases.StressTest"/>
  <testcase name="postRequestStressTest" time="0.030" classname="testcases.StressTest"/>
  <testcase name="postRequestStressTest" time="0.161" classname="testcases.StressTest"/>
  <testcase name="postRequestStressTest" time="0.166" classname="testcases.StressTest"/>
  <testcase name="postRequestStressTest" time="0.064" classname="testcases.StressTest"/>
  <testcase name="postRequestStressTest" time="0.080" classname="testcases.StressTest"/>
  <testcase name="postRequestStressTest" time="0.057" classname="testcases.StressTest"/>
  <testcase name="postRequestStressTest" time="0.045" classname="testcases.StressTest"/>
  <testcase name="postRequestStressTest" time="0.017" classname="testcases.StressTest"/>
  <testcase name="postRequestStressTest" time="0.015" classname="testcases.StressTest"/>
  <testcase name="postRequestStressTest" time="0.088" classname="testcases.StressTest"/>
  <testcase name="postRequestStressTest" time="0.024" classname="testcases.StressTest"/>
  <testcase name="postRequestStressTest" time="0.066" classname="testcases.StressTest"/>
  <testcase name="postRequestStressTest" time="0.026" classname="testcases.StressTest"/>
  <testcase name="postRequestStressTest" time="0.160" classname="testcases.StressTest"/>
  <testcase name="postRequestStressTest" time="0.078" classname="testcases.StressTest"/>
  <testcase name="postRequestStressTest" time="0.049" classname="testcases.StressTest"/>
  <testcase name="postRequestStressTest" time="0.086" classname="testcases.StressTest"/>
  <testcase name="postRequestStressTest" time="0.055" classname="testcases.StressTest"/>
  <testcase name="postRequestStressTest" time="0.016" classname="testcases.StressTest"/>
  <testcase name="postRequestStressTest" time="0.163" classname="testcases.StressTest"/>
  <testcase name="postRequestStressTest" time="0.037" classname="testcases.StressTest"/>
  <testcase name="postRequestStressTest" time="0.082" classname="testcases.StressTest"/>
  <testcase name="postRequestStressTest" time="0.044" classname="testcases.StressTest"/>
  <testcase name="postRequestStressTest" time="0.027" classname="testcases.StressTest"/>
  <testcase name="postRequestStressTest" time="0.031" classname="testcases.StressTest"/>
  <testcase name="postRequestStressTest" time="0.119" classname="testcases.StressTest"/>
  <testcase name="postRequestStressTest" time="0.070" classname="testcases.StressTest"/>
  <testcase name="postRequestStressTest" time="0.010" classname="testcases.StressTest"/>
  <testcase name="postRequestStressTest" time="0.016" classname="testcases.StressTest"/>
  <testcase name="postRequestStressTest" time="0.081" classname="testcases.StressTest"/>
  <testcase name="postRequestStressTest" time="0.082" classname="testcases.StressTest"/>
  <testcase name="postRequestStressTest" time="0.083" classname="testcases.StressTest"/>
  <testcase name="postRequestStressTest" time="0.010" classname="testcases.StressTest"/>
  <testcase name="postRequestStressTest" time="0.134" classname="testcases.StressTest"/>
  <testcase name="postRequestStressTest" time="0.027" classname="testcases.StressTest"/>
  <testcase name="postRequestStressTest" time="0.039" classname="testcases.StressTest"/>
  <testcase name="postRequestStressTest" time="0.105" classname="testcases.StressTest"/>
  <testcase name="postRequestStressTest" time="0.126" classname="testcases.StressTest"/>
  <testcase name="postRequestStressTest" time="0.034" classname="testcases.StressTest"/>
  <testcase name="postRequestStressTest" time="0.160" classname="testcases.StressTest"/>
  <testcase name="postRequestStressTest" time="0.031" classname="testcases.StressTest"/>
  <testcase name="postRequestStressTest" time="0.020" classname="testcases.StressTest"/>
  <testcase name="postRequestStressTest" time="0.100" classname="testcases.StressTest"/>
  <testcase name="postRequestStressTest" time="0.028" classname="testcases.StressTest"/>
  <testcase name="postRequestStressTest" time="0.015" classname="testcases.StressTest"/>
  <testcase name="postRequestStressTest" time="0.019" classname="testcases.StressTest"/>
  <testcase name="postRequestStressTest" time="0.046" classname="testcases.StressTest"/>
  <testcase name="postRequestStressTest" time="0.054" classname="testcases.StressTest"/>
  <testcase name="postRequestStressTest" time="0.020" classname="testcases.StressTest"/>
  <testcase name="postRequestStressTest" time="0.052" classname="testcases.StressTest"/>
  <testcase name="postRequestStressTest" time="0.013" classname="testcases.StressTest"/>
  <testcase name="postRequestStressTest" time="0.047" classname="testcases.StressTest"/>
  <testcase name="postRequestStressTest" time="0.034" classname="testcases.StressTest"/>
  <testcase name="postRequestStressTest" time="0.056" classname="testcases.StressTest"/>
  <testcase name="postRequestStressTest" time="0.016" classname="testcases.StressTest"/>
  <testcase name="postRequestStressTest" time="0.034" classname="testcases.StressTest"/>
  <testcase name="postRequestStressTest" time="0.058" classname="testcases.StressTest"/>
  <testcase name="postRequestStressTest" time="0.016" classname="testcases.StressTest"/>
  <testcase name="postRequestStressTest" time="0.090" classname="testcases.StressTest"/>
  <testcase name="postRequestStressTest" time="0.117" classname="testcases.StressTest"/>
  <testcase name="postRequestStressTest" time="0.030" classname="testcases.StressTest"/>
  <testcase name="postRequestStressTest" time="0.059" classname="testcases.StressTest"/>
  <testcase name="postRequestStressTest" time="0.009" classname="testcases.StressTest"/>
  <testcase name="postRequestStressTest" time="0.097" classname="testcases.StressTest"/>
  <testcase name="postRequestStressTest" time="0.048" classname="testcases.StressTest"/>
  <testcase name="postRequestStressTest" time="0.011" classname="testcases.StressTest"/>
  <testcase name="postRequestStressTest" time="0.053" classname="testcases.StressTest"/>
  <testcase name="postRequestStressTest" time="0.029" classname="testcases.StressTest"/>
  <testcase name="postRequestStressTest" time="0.132" classname="testcases.StressTest"/>
  <testcase name="postRequestStressTest" time="0.017" classname="testcases.StressTest"/>
  <testcase name="postRequestStressTest" time="0.016" classname="testcases.StressTest"/>
  <testcase name="postRequestStressTest" time="0.033" classname="testcases.StressTest"/>
  <testcase name="postRequestStressTest" time="0.037" classname="testcases.StressTest"/>
  <testcase name="postRequestStressTest" time="0.028" classname="testcases.StressTest"/>
  <testcase name="postRequestStressTest" time="0.055" classname="testcases.StressTest"/>
  <testcase name="postRequestStressTest" time="0.231" classname="testcases.StressTest"/>
  <testcase name="postRequestStressTest" time="0.018" classname="testcases.StressTest"/>
  <testcase name="postRequestStressTest" time="0.074" classname="testcases.StressTest"/>
  <testcase name="postRequestStressTest" time="0.094" classname="testcases.StressTest"/>
  <testcase name="postRequestStressTest" time="0.152" classname="testcases.StressTest"/>
  <testcase name="postRequestStressTest" time="0.037" classname="testcases.StressTest"/>
  <testcase name="postRequestStressTest" time="0.041" classname="testcases.StressTest"/>
  <testcase name="postRequestStressTest" time="0.108" classname="testcases.StressTest"/>
  <testcase name="postRequestStressTest" time="0.022" classname="testcases.StressTest"/>
  <testcase name="postRequestStressTest" time="0.070" classname="testcases.StressTest"/>
  <testcase name="postRequestStressTest" time="0.038" classname="testcases.StressTest"/>
  <testcase name="postRequestStressTest" time="0.031" classname="testcases.StressTest"/>
  <testcase name="postRequestStressTest" time="0.058" classname="testcases.StressTest"/>
  <testcase name="postRequestStressTest" time="0.006" classname="testcases.StressTest"/>
  <testcase name="postRequestStressTest" time="0.031" classname="testcases.StressTest"/>
  <testcase name="postRequestStressTest" time="0.028" classname="testcases.StressTest"/>
  <testcase name="postRequestStressTest" time="0.037" classname="testcases.StressTest"/>
  <testcase name="postRequestStressTest" time="0.014" classname="testcases.StressTest"/>
  <testcase name="postRequestStressTest" time="0.011" classname="testcases.StressTest"/>
  <testcase name="postRequestStressTest" time="0.056" classname="testcases.StressTest"/>
  <testcase name="postRequestStressTest" time="0.023" classname="testcases.StressTest"/>
  <testcase name="postRequestStressTest" time="0.194" classname="testcases.StressTest"/>
  <testcase name="postRequestStressTest" time="0.040" classname="testcases.StressTest"/>
  <testcase name="postRequestStressTest" time="0.021" classname="testcases.StressTest"/>
  <testcase name="postRequestStressTest" time="0.027" classname="testcases.StressTest"/>
  <testcase name="postRequestStressTest" time="0.028" classname="testcases.StressTest"/>
  <testcase name="postRequestStressTest" time="0.015" classname="testcases.StressTest"/>
  <testcase name="postRequestStressTest" time="0.045" classname="testcases.StressTest"/>
  <testcase name="postRequestStressTest" time="0.045" classname="testcases.StressTest"/>
  <testcase name="postRequestStressTest" time="0.045" classname="testcases.StressTest"/>
  <testcase name="postRequestStressTest" time="0.029" classname="testcases.StressTest"/>
  <testcase name="postRequestStressTest" time="0.031" classname="testcases.StressTest"/>
  <testcase name="postRequestStressTest" time="0.079" classname="testcases.StressTest"/>
  <testcase name="postRequestStressTest" time="0.093" classname="testcases.StressTest"/>
  <testcase name="postRequestStressTest" time="0.029" classname="testcases.StressTest"/>
  <testcase name="postRequestStressTest" time="0.035" classname="testcases.StressTest"/>
  <testcase name="postRequestStressTest" time="0.024" classname="testcases.StressTest"/>
  <testcase name="postRequestStressTest" time="0.038" classname="testcases.StressTest"/>
  <testcase name="postRequestStressTest" time="0.015" classname="testcases.StressTest"/>
  <testcase name="postRequestStressTest" time="0.024" classname="testcases.StressTest"/>
  <testcase name="postRequestStressTest" time="0.260" classname="testcases.StressTest"/>
  <testcase name="postRequestStressTest" time="0.101" classname="testcases.StressTest"/>
  <testcase name="postRequestStressTest" time="0.111" classname="testcases.StressTest"/>
  <testcase name="postRequestStressTest" time="0.059" classname="testcases.StressTest"/>
  <testcase name="postRequestStressTest" time="0.011" classname="testcases.StressTest"/>
  <testcase name="postRequestStressTest" time="0.023" classname="testcases.StressTest"/>
  <testcase name="postRequestStressTest" time="0.055" classname="testcases.StressTest"/>
  <testcase name="postRequestStressTest" time="0.020" classname="testcases.StressTest"/>
  <testcase name="postRequestStressTest" time="0.104" classname="testcases.StressTest"/>
  <testcase name="postRequestStressTest" time="0.044" classname="testcases.StressTest"/>
  <testcase name="postRequestStressTest" time="0.023" classname="testcases.StressTest"/>
  <testcase name="postRequestStressTest" time="0.033" classname="testcases.StressTest"/>
  <testcase name="postRequestStressTest" time="0.033" classname="testcases.StressTest"/>
  <testcase name="postRequestStressTest" time="0.065" classname="testcases.StressTest"/>
  <testcase name="postRequestStressTest" time="0.122" classname="testcases.StressTest"/>
  <testcase name="postRequestStressTest" time="0.040" classname="testcases.StressTest"/>
  <testcase name="postRequestStressTest" time="0.039" classname="testcases.StressTest"/>
  <testcase name="postRequestStressTest" time="0.028" classname="testcases.StressTest"/>
  <testcase name="postRequestStressTest" time="0.027" classname="testcases.StressTest"/>
  <testcase name="postRequestStressTest" time="0.032" classname="testcases.StressTest"/>
  <testcase name="postRequestStressTest" time="0.028" classname="testcases.StressTest"/>
  <testcase name="postRequestStressTest" time="0.056" classname="testcases.StressTest"/>
  <testcase name="postRequestStressTest" time="0.060" classname="testcases.StressTest"/>
  <testcase name="postRequestStressTest" time="0.012" classname="testcases.StressTest"/>
  <testcase name="postRequestStressTest" time="0.081" classname="testcases.StressTest"/>
  <testcase name="postRequestStressTest" time="0.028" classname="testcases.StressTest"/>
  <testcase name="postRequestStressTest" time="0.026" classname="testcases.StressTest"/>
  <testcase name="postRequestStressTest" time="0.082" classname="testcases.StressTest"/>
  <testcase name="postRequestStressTest" time="0.023" classname="testcases.StressTest"/>
  <testcase name="postRequestStressTest" time="0.101" classname="testcases.StressTest"/>
  <testcase name="postRequestStressTest" time="0.018" classname="testcases.StressTest"/>
  <testcase name="postRequestStressTest" time="0.021" classname="testcases.StressTest"/>
  <testcase name="postRequestStressTest" time="0.131" classname="testcases.StressTest"/>
  <testcase name="postRequestStressTest" time="0.259" classname="testcases.StressTest"/>
  <testcase name="postRequestStressTest" time="0.108" classname="testcases.StressTest"/>
  <testcase name="postRequestStressTest" time="0.067" classname="testcases.StressTest"/>
  <testcase name="postRequestStressTest" time="0.046" classname="testcases.StressTest"/>
  <testcase name="postRequestStressTest" time="0.081" classname="testcases.StressTest"/>
  <testcase name="postRequestStressTest" time="0.009" classname="testcases.StressTest"/>
  <testcase name="postRequestStressTest" time="0.025" classname="testcases.StressTest"/>
  <testcase name="postRequestStressTest" time="0.148" classname="testcases.StressTest"/>
  <testcase name="postRequestStressTest" time="0.035" classname="testcases.StressTest"/>
  <testcase name="postRequestStressTest" time="0.031" classname="testcases.StressTest"/>
  <testcase name="postRequestStressTest" time="0.035" classname="testcases.StressTest"/>
  <testcase name="postRequestStressTest" time="0.016" classname="testcases.StressTest"/>
  <testcase name="postRequestStressTest" time="0.013" classname="testcases.StressTest"/>
  <testcase name="postRequestStressTest" time="0.059" classname="testcases.StressTest"/>
  <testcase name="postRequestStressTest" time="0.041" classname="testcases.StressTest"/>
  <testcase name="postRequestStressTest" time="0.093" classname="testcases.StressTest"/>
  <testcase name="postRequestStressTest" time="0.081" classname="testcases.StressTest"/>
  <testcase name="postRequestStressTest" time="0.176" classname="testcases.StressTest"/>
  <testcase name="postRequestStressTest" time="0.030" classname="testcases.StressTest"/>
  <testcase name="postRequestStressTest" time="0.013" classname="testcases.StressTest"/>
  <testcase name="postRequestStressTest" time="0.077" classname="testcases.StressTest"/>
  <testcase name="postRequestStressTest" time="0.081" classname="testcases.StressTest"/>
  <testcase name="postRequestStressTest" time="0.027" classname="testcases.StressTest"/>
  <testcase name="postRequestStressTest" time="0.127" classname="testcases.StressTest"/>
  <testcase name="postRequestStressTest" time="0.024" classname="testcases.StressTest"/>
  <testcase name="postRequestStressTest" time="0.028" classname="testcases.StressTest"/>
  <testcase name="postRequestStressTest" time="0.038" classname="testcases.StressTest"/>
  <testcase name="postRequestStressTest" time="0.053" classname="testcases.StressTest"/>
  <testcase name="postRequestStressTest" time="0.042" classname="testcases.StressTest"/>
  <testcase name="postRequestStressTest" time="0.072" classname="testcases.StressTest"/>
  <testcase name="postRequestStressTest" time="0.069" classname="testcases.StressTest"/>
  <testcase name="postRequestStressTest" time="0.034" classname="testcases.StressTest"/>
  <testcase name="postRequestStressTest" time="0.031" classname="testcases.StressTest"/>
  <testcase name="postRequestStressTest" time="0.239" classname="testcases.StressTest"/>
  <testcase name="postRequestStressTest" time="0.078" classname="testcases.StressTest"/>
  <testcase name="postRequestStressTest" time="0.056" classname="testcases.StressTest"/>
  <testcase name="postRequestStressTest" time="0.126" classname="testcases.StressTest"/>
  <testcase name="postRequestStressTest" time="0.050" classname="testcases.StressTest"/>
  <testcase name="postRequestStressTest" time="0.027" classname="testcases.StressTest"/>
  <testcase name="postRequestStressTest" time="0.056" classname="testcases.StressTest"/>
  <testcase name="postRequestStressTest" time="0.026" classname="testcases.StressTest"/>
  <testcase name="postRequestStressTest" time="0.040" classname="testcases.StressTest"/>
  <testcase name="postRequestStressTest" time="0.034" classname="testcases.StressTest"/>
  <testcase name="postRequestStressTest" time="0.023" classname="testcases.StressTest"/>
  <testcase name="postRequestStressTest" time="0.025" classname="testcases.StressTest"/>
  <testcase name="postRequestStressTest" time="0.127" classname="testcases.StressTest"/>
  <testcase name="postRequestStressTest" time="0.187" classname="testcases.StressTest"/>
  <testcase name="postRequestStressTest" time="0.026" classname="testcases.StressTest"/>
  <testcase name="postRequestStressTest" time="0.078" classname="testcases.StressTest"/>
  <testcase name="postRequestStressTest" time="0.049" classname="testcases.StressTest"/>
  <testcase name="postRequestStressTest" time="0.016" classname="testcases.StressTest"/>
  <testcase name="postRequestStressTest" time="0.069" classname="testcases.StressTest"/>
  <testcase name="postRequestStressTest" time="0.022" classname="testcases.StressTest"/>
  <testcase name="postRequestStressTest" time="0.096" classname="testcases.StressTest"/>
  <testcase name="postRequestStressTest" time="0.099" classname="testcases.StressTest"/>
  <testcase name="postRequestStressTest" time="0.243" classname="testcases.StressTest"/>
  <testcase name="postRequestStressTest" time="0.029" classname="testcases.StressTest"/>
  <testcase name="postRequestStressTest" time="0.022" classname="testcases.StressTest"/>
  <testcase name="postRequestStressTest" time="0.140" classname="testcases.StressTest"/>
  <testcase name="postRequestStressTest" time="0.040" classname="testcases.StressTest"/>
  <testcase name="postRequestStressTest" time="0.065" classname="testcases.StressTest"/>
  <testcase name="postRequestStressTest" time="0.032" classname="testcases.StressTest"/>
  <testcase name="postRequestStressTest" time="0.033" classname="testcases.StressTest"/>
  <testcase name="postRequestStressTest" time="0.084" classname="testcases.StressTest"/>
  <testcase name="postRequestStressTest" time="0.156" classname="testcases.StressTest"/>
  <testcase name="postRequestStressTest" time="0.061" classname="testcases.StressTest"/>
  <testcase name="postRequestStressTest" time="0.041" classname="testcases.StressTest"/>
  <testcase name="postRequestStressTest" time="0.062" classname="testcases.StressTest"/>
  <testcase name="postRequestStressTest" time="0.014" classname="testcases.StressTest"/>
  <testcase name="postRequestStressTest" time="0.010" classname="testcases.StressTest"/>
  <testcase name="postRequestStressTest" time="0.014" classname="testcases.StressTest"/>
  <testcase name="postRequestStressTest" time="0.060" classname="testcases.StressTest"/>
  <testcase name="postRequestStressTest" time="0.011" classname="testcases.StressTest"/>
  <testcase name="postRequestStressTest" time="0.072" classname="testcases.StressTest"/>
  <testcase name="postRequestStressTest" time="0.108" classname="testcases.StressTest"/>
  <testcase name="postRequestStressTest" time="0.015" classname="testcases.StressTest"/>
  <testcase name="postRequestStressTest" time="0.033" classname="testcases.StressTest"/>
  <testcase name="postRequestStressTest" time="0.057" classname="testcases.StressTest"/>
  <testcase name="postRequestStressTest" time="0.016" classname="testcases.StressTest"/>
  <testcase name="postRequestStressTest" time="0.020" classname="testcases.StressTest"/>
  <testcase name="postRequestStressTest" time="0.055" classname="testcases.StressTest"/>
  <testcase name="postRequestStressTest" time="0.035" classname="testcases.StressTest"/>
  <testcase name="postRequestStressTest" time="0.020" classname="testcases.StressTest"/>
  <testcase name="postRequestStressTest" time="0.063" classname="testcases.StressTest"/>
  <testcase name="postRequestStressTest" time="0.024" classname="testcases.StressTest"/>
  <testcase name="postRequestStressTest" time="0.051" classname="testcases.StressTest"/>
  <testcase name="postRequestStressTest" time="0.077" classname="testcases.StressTest"/>
  <testcase name="postRequestStressTest" time="0.099" classname="testcases.StressTest"/>
  <testcase name="postRequestStressTest" time="0.028" classname="testcases.StressTest"/>
  <testcase name="postRequestStressTest" time="0.072" classname="testcases.StressTest"/>
  <testcase name="postRequestStressTest" time="0.031" classname="testcases.StressTest"/>
  <testcase name="postRequestStressTest" time="0.032" classname="testcases.StressTest"/>
  <testcase name="postRequestStressTest" time="0.051" classname="testcases.StressTest"/>
  <testcase name="postRequestStressTest" time="0.061" classname="testcases.StressTest"/>
  <testcase name="postRequestStressTest" time="0.011" classname="testcases.StressTest"/>
  <testcase name="postRequestStressTest" time="0.084" classname="testcases.StressTest"/>
  <testcase name="postRequestStressTest" time="0.079" classname="testcases.StressTest"/>
  <testcase name="postRequestStressTest" time="0.033" classname="testcases.StressTest"/>
  <testcase name="postRequestStressTest" time="0.039" classname="testcases.StressTest"/>
  <testcase name="postRequestStressTest" time="0.045" classname="testcases.StressTest"/>
  <testcase name="postRequestStressTest" time="0.035" classname="testcases.StressTest"/>
  <testcase name="postRequestStressTest" time="0.050" classname="testcases.StressTest"/>
  <testcase name="postRequestStressTest" time="0.037" classname="testcases.StressTest"/>
  <testcase name="postRequestStressTest" time="0.053" classname="testcases.StressTest"/>
  <testcase name="postRequestStressTest" time="0.021" classname="testcases.StressTest"/>
  <testcase name="postRequestStressTest" time="0.043" classname="testcases.StressTest"/>
  <testcase name="postRequestStressTest" time="0.123" classname="testcases.StressTest"/>
  <testcase name="postRequestStressTest" time="0.049" classname="testcases.StressTest"/>
  <testcase name="postRequestStressTest" time="0.023" classname="testcases.StressTest"/>
  <testcase name="postRequestStressTest" time="0.026" classname="testcases.StressTest"/>
  <testcase name="postRequestStressTest" time="0.056" classname="testcases.StressTest"/>
  <testcase name="postRequestStressTest" time="0.034" classname="testcases.StressTest"/>
  <testcase name="postRequestStressTest" time="0.039" classname="testcases.StressTest"/>
  <testcase name="postRequestStressTest" time="0.021" classname="testcases.StressTest"/>
  <testcase name="postRequestStressTest" time="0.029" classname="testcases.StressTest"/>
  <testcase name="postRequestStressTest" time="0.011" classname="testcases.StressTest"/>
  <testcase name="postRequestStressTest" time="0.055" classname="testcases.StressTest"/>
  <testcase name="postRequestStressTest" time="0.104" classname="testcases.StressTest"/>
  <testcase name="postRequestStressTest" time="0.059" classname="testcases.StressTest"/>
  <testcase name="postRequestStressTest" time="0.021" classname="testcases.StressTest"/>
  <testcase name="postRequestStressTest" time="0.035" classname="testcases.StressTest"/>
  <testcase name="postRequestStressTest" time="0.026" classname="testcases.StressTest"/>
  <testcase name="postRequestStressTest" time="0.019" classname="testcases.StressTest"/>
  <testcase name="postRequestStressTest" time="0.069" classname="testcases.StressTest"/>
  <testcase name="postRequestStressTest" time="0.072" classname="testcases.StressTest"/>
  <testcase name="postRequestStressTest" time="0.017" classname="testcases.StressTest"/>
  <testcase name="postRequestStressTest" time="0.014" classname="testcases.StressTest"/>
  <testcase name="postRequestStressTest" time="0.155" classname="testcases.StressTest"/>
  <testcase name="postRequestStressTest" time="0.082" classname="testcases.StressTest"/>
  <testcase name="postRequestStressTest" time="0.076" classname="testcases.StressTest"/>
  <testcase name="postRequestStressTest" time="0.077" classname="testcases.StressTest"/>
  <testcase name="postRequestStressTest" time="0.023" classname="testcases.StressTest"/>
  <testcase name="postRequestStressTest" time="0.025" classname="testcases.StressTest"/>
  <testcase name="postRequestStressTest" time="0.084" classname="testcases.StressTest"/>
  <testcase name="postRequestStressTest" time="0.022" classname="testcases.StressTest"/>
  <testcase name="postRequestStressTest" time="0.020" classname="testcases.StressTest"/>
  <testcase name="postRequestStressTest" time="0.077" classname="testcases.StressTest"/>
  <testcase name="postRequestStressTest" time="0.044" classname="testcases.StressTest"/>
  <testcase name="postRequestStressTest" time="0.028" classname="testcases.StressTest"/>
  <testcase name="postRequestStressTest" time="0.031" classname="testcases.StressTest"/>
  <testcase name="postRequestStressTest" time="0.168" classname="testcases.StressTest"/>
  <testcase name="postRequestStressTest" time="0.083" classname="testcases.StressTest"/>
  <testcase name="postRequestStressTest" time="0.080" classname="testcases.StressTest"/>
  <testcase name="postRequestStressTest" time="0.065" classname="testcases.StressTest"/>
  <testcase name="postRequestStressTest" time="0.101" classname="testcases.StressTest"/>
  <testcase name="postRequestStressTest" time="0.029" classname="testcases.StressTest"/>
  <testcase name="postRequestStressTest" time="0.030" classname="testcases.StressTest"/>
  <testcase name="postRequestStressTest" time="0.030" classname="testcases.StressTest"/>
  <testcase name="postRequestStressTest" time="0.011" classname="testcases.StressTest"/>
  <testcase name="postRequestStressTest" time="0.024" classname="testcases.StressTest"/>
  <testcase name="postRequestStressTest" time="0.047" classname="testcases.StressTest"/>
  <testcase name="postRequestStressTest" time="0.027" classname="testcases.StressTest"/>
  <testcase name="postRequestStressTest" time="0.096" classname="testcases.StressTest"/>
  <testcase name="postRequestStressTest" time="0.056" classname="testcases.StressTest"/>
  <testcase name="postRequestStressTest" time="0.033" classname="testcases.StressTest"/>
  <testcase name="postRequestStressTest" time="0.022" classname="testcases.StressTest"/>
  <testcase name="postRequestStressTest" time="0.022" classname="testcases.StressTest"/>
  <testcase name="postRequestStressTest" time="0.056" classname="testcases.StressTest"/>
  <testcase name="postRequestStressTest" time="0.012" classname="testcases.StressTest"/>
  <testcase name="postRequestStressTest" time="0.032" classname="testcases.StressTest"/>
  <testcase name="postRequestStressTest" time="0.036" classname="testcases.StressTest"/>
  <testcase name="postRequestStressTest" time="0.117" classname="testcases.StressTest"/>
  <testcase name="postRequestStressTest" time="0.035" classname="testcases.StressTest"/>
  <testcase name="postRequestStressTest" time="0.016" classname="testcases.StressTest"/>
  <testcase name="postRequestStressTest" time="0.033" classname="testcases.StressTest"/>
  <testcase name="postRequestStressTest" time="0.056" classname="testcases.StressTest"/>
  <testcase name="postRequestStressTest" time="0.114" classname="testcases.StressTest"/>
  <testcase name="postRequestStressTest" time="0.046" classname="testcases.StressTest"/>
  <testcase name="postRequestStressTest" time="0.056" classname="testcases.StressTest"/>
  <testcase name="postRequestStressTest" time="0.116" classname="testcases.StressTest"/>
  <testcase name="postRequestStressTest" time="0.047" classname="testcases.StressTest"/>
  <testcase name="postRequestStressTest" time="0.031" classname="testcases.StressTest"/>
  <testcase name="postRequestStressTest" time="0.018" classname="testcases.StressTest"/>
  <testcase name="postRequestStressTest" time="0.050" classname="testcases.StressTest"/>
  <testcase name="postRequestStressTest" time="0.051" classname="testcases.StressTest"/>
  <testcase name="postRequestStressTest" time="0.112" classname="testcases.StressTest"/>
  <testcase name="postRequestStressTest" time="0.020" classname="testcases.StressTest"/>
  <testcase name="postRequestStressTest" time="0.060" classname="testcases.StressTest"/>
  <testcase name="postRequestStressTest" time="0.014" classname="testcases.StressTest"/>
  <testcase name="postRequestStressTest" time="0.021" classname="testcases.StressTest"/>
  <testcase name="postRequestStressTest" time="0.027" classname="testcases.StressTest"/>
  <testcase name="postRequestStressTest" time="0.225" classname="testcases.StressTest"/>
  <testcase name="postRequestStressTest" time="0.010" classname="testcases.StressTest"/>
  <testcase name="postRequestStressTest" time="0.067" classname="testcases.StressTest"/>
  <testcase name="postRequestStressTest" time="0.038" classname="testcases.StressTest"/>
  <testcase name="postRequestStressTest" time="0.054" classname="testcases.StressTest"/>
  <testcase name="postRequestStressTest" time="0.036" classname="testcases.StressTest"/>
  <testcase name="postRequestStressTest" time="0.023" classname="testcases.StressTest"/>
  <testcase name="postRequestStressTest" time="0.013" classname="testcases.StressTest"/>
  <testcase name="postRequestStressTest" time="0.108" classname="testcases.StressTest"/>
  <testcase name="postRequestStressTest" time="0.111" classname="testcases.StressTest"/>
  <testcase name="postRequestStressTest" time="0.057" classname="testcases.StressTest"/>
  <testcase name="postRequestStressTest" time="0.046" classname="testcases.StressTest"/>
  <testcase name="postRequestStressTest" time="0.018" classname="testcases.StressTest"/>
  <testcase name="postRequestStressTest" time="0.023" classname="testcases.StressTest"/>
  <testcase name="postRequestStressTest" time="0.019" classname="testcases.StressTest"/>
  <testcase name="postRequestStressTest" time="0.015" classname="testcases.StressTest"/>
  <testcase name="postRequestStressTest" time="0.011" classname="testcases.StressTest"/>
  <testcase name="postRequestStressTest" time="0.013" classname="testcases.StressTest"/>
  <testcase name="postRequestStressTest" time="0.048" classname="testcases.StressTest"/>
  <testcase name="postRequestStressTest" time="0.042" classname="testcases.StressTest"/>
  <testcase name="postRequestStressTest" time="0.018" classname="testcases.StressTest"/>
  <testcase name="postRequestStressTest" time="0.090" classname="testcases.StressTest"/>
  <testcase name="postRequestStressTest" time="0.126" classname="testcases.StressTest"/>
  <testcase name="postRequestStressTest" time="0.043" classname="testcases.StressTest"/>
  <testcase name="postRequestStressTest" time="0.014" classname="testcases.StressTest"/>
  <testcase name="postRequestStressTest" time="0.027" classname="testcases.StressTest"/>
  <testcase name="postRequestStressTest" time="0.050" classname="testcases.StressTest"/>
  <testcase name="postRequestStressTest" time="0.137" classname="testcases.StressTest"/>
  <testcase name="postRequestStressTest" time="0.037" classname="testcases.StressTest"/>
  <testcase name="postRequestStressTest" time="0.125" classname="testcases.StressTest"/>
  <testcase name="postRequestStressTest" time="0.030" classname="testcases.StressTest"/>
  <testcase name="postRequestStressTest" time="0.033" classname="testcases.StressTest"/>
  <testcase name="postRequestStressTest" time="0.010" classname="testcases.StressTest"/>
  <testcase name="postRequestStressTest" time="0.080" classname="testcases.StressTest"/>
  <testcase name="postRequestStressTest" time="0.070" classname="testcases.StressTest"/>
  <testcase name="postRequestStressTest" time="0.009" classname="testcases.StressTest"/>
  <testcase name="postRequestStressTest" time="0.164" classname="testcases.StressTest"/>
  <testcase name="postRequestStressTest" time="0.029" classname="testcases.StressTest"/>
  <testcase name="postRequestStressTest" time="0.039" classname="testcases.StressTest"/>
  <testcase name="postRequestStressTest" time="0.029" classname="testcases.StressTest"/>
  <testcase name="postRequestStressTest" time="0.030" classname="testcases.StressTest"/>
  <testcase name="postRequestStressTest" time="0.121" classname="testcases.StressTest"/>
  <testcase name="postRequestStressTest" time="0.088" classname="testcases.StressTest"/>
  <testcase name="postRequestStressTest" time="0.044" classname="testcases.StressTest"/>
  <testcase name="postRequestStressTest" time="0.024" classname="testcases.StressTest"/>
  <testcase name="postRequestStressTest" time="0.009" classname="testcases.StressTest"/>
  <testcase name="postRequestStressTest" time="0.029" classname="testcases.StressTest"/>
  <testcase name="postRequestStressTest" time="0.024" classname="testcases.StressTest"/>
  <testcase name="postRequestStressTest" time="0.109" classname="testcases.StressTest"/>
  <testcase name="postRequestStressTest" time="0.037" classname="testcases.StressTest"/>
  <testcase name="postRequestStressTest" time="0.144" classname="testcases.StressTest"/>
  <testcase name="postRequestStressTest" time="0.022" classname="testcases.StressTest"/>
  <testcase name="postRequestStressTest" time="0.093" classname="testcases.StressTest"/>
  <testcase name="postRequestStressTest" time="0.036" classname="testcases.StressTest"/>
  <testcase name="postRequestStressTest" time="0.043" classname="testcases.StressTest"/>
  <testcase name="postRequestStressTest" time="0.038" classname="testcases.StressTest"/>
  <testcase name="postRequestStressTest" time="0.019" classname="testcases.StressTest"/>
  <testcase name="postRequestStressTest" time="0.091" classname="testcases.StressTest"/>
  <testcase name="postRequestStressTest" time="0.031" classname="testcases.StressTest"/>
  <testcase name="postRequestStressTest" time="0.041" classname="testcases.StressTest"/>
  <testcase name="postRequestStressTest" time="0.045" classname="testcases.StressTest"/>
  <testcase name="postRequestStressTest" time="0.090" classname="testcases.StressTest"/>
  <testcase name="postRequestStressTest" time="0.029" classname="testcases.StressTest"/>
  <testcase name="postRequestStressTest" time="0.133" classname="testcases.StressTest"/>
  <testcase name="postRequestStressTest" time="0.065" classname="testcases.StressTest"/>
  <testcase name="postRequestStressTest" time="0.014" classname="testcases.StressTest"/>
  <testcase name="postRequestStressTest" time="0.053" classname="testcases.StressTest"/>
  <testcase name="postRequestStressTest" time="0.090" classname="testcases.StressTest"/>
  <testcase name="postRequestStressTest" time="0.021" classname="testcases.StressTest"/>
  <testcase name="postRequestStressTest" time="0.034" classname="testcases.StressTest"/>
  <testcase name="postRequestStressTest" time="0.021" classname="testcases.StressTest"/>
  <testcase name="postRequestStressTest" time="0.027" classname="testcases.StressTest"/>
  <testcase name="postRequestStressTest" time="0.024" classname="testcases.StressTest"/>
  <testcase name="postRequestStressTest" time="0.268" classname="testcases.StressTest"/>
  <testcase name="postRequestStressTest" time="0.075" classname="testcases.StressTest"/>
  <testcase name="postRequestStressTest" time="0.016" classname="testcases.StressTest"/>
  <testcase name="postRequestStressTest" time="0.169" classname="testcases.StressTest"/>
  <testcase name="postRequestStressTest" time="0.234" classname="testcases.StressTest"/>
  <testcase name="postRequestStressTest" time="0.238" classname="testcases.StressTest"/>
  <testcase name="postRequestStressTest" time="0.031" classname="testcases.StressTest"/>
  <testcase name="postRequestStressTest" time="0.037" classname="testcases.StressTest"/>
  <testcase name="postRequestStressTest" time="0.026" classname="testcases.StressTest"/>
  <testcase name="postRequestStressTest" time="0.042" classname="testcases.StressTest"/>
  <testcase name="postRequestStressTest" time="0.041" classname="testcases.StressTest"/>
  <testcase name="postRequestStressTest" time="0.021" classname="testcases.StressTest"/>
  <testcase name="postRequestStressTest" time="0.030" classname="testcases.StressTest"/>
  <testcase name="postRequestStressTest" time="0.036" classname="testcases.StressTest"/>
  <testcase name="postRequestStressTest" time="0.022" classname="testcases.StressTest"/>
  <testcase name="postRequestStressTest" time="0.040" classname="testcases.StressTest"/>
  <testcase name="postRequestStressTest" time="0.068" classname="testcases.StressTest"/>
  <testcase name="postRequestStressTest" time="0.008" classname="testcases.StressTest"/>
  <testcase name="postRequestStressTest" time="0.120" classname="testcases.StressTest"/>
  <testcase name="postRequestStressTest" time="0.038" classname="testcases.StressTest"/>
  <testcase name="postRequestStressTest" time="0.029" classname="testcases.StressTest"/>
  <testcase name="postRequestStressTest" time="0.038" classname="testcases.StressTest"/>
  <testcase name="postRequestStressTest" time="0.051" classname="testcases.StressTest"/>
  <testcase name="postRequestStressTest" time="0.023" classname="testcases.StressTest"/>
  <testcase name="postRequestStressTest" time="0.174" classname="testcases.StressTest"/>
  <testcase name="postRequestStressTest" time="0.044" classname="testcases.StressTest"/>
  <testcase name="postRequestStressTest" time="0.117" classname="testcases.StressTest"/>
  <testcase name="postRequestStressTest" time="0.038" classname="testcases.StressTest"/>
  <testcase name="postRequestStressTest" time="0.021" classname="testcases.StressTest"/>
  <testcase name="postRequestStressTest" time="0.026" classname="testcases.StressTest"/>
  <testcase name="postRequestStressTest" time="0.027" classname="testcases.StressTest"/>
  <testcase name="postRequestStressTest" time="0.113" classname="testcases.StressTest"/>
  <testcase name="postRequestStressTest" time="0.016" classname="testcases.StressTest"/>
  <testcase name="postRequestStressTest" time="0.013" classname="testcases.StressTest"/>
  <testcase name="postRequestStressTest" time="0.032" classname="testcases.StressTest"/>
  <testcase name="postRequestStressTest" time="0.090" classname="testcases.StressTest"/>
  <testcase name="postRequestStressTest" time="0.124" classname="testcases.StressTest"/>
  <testcase name="postRequestStressTest" time="0.051" classname="testcases.StressTest"/>
  <testcase name="postRequestStressTest" time="0.087" classname="testcases.StressTest"/>
  <testcase name="postRequestStressTest" time="0.025" classname="testcases.StressTest"/>
  <testcase name="postRequestStressTest" time="0.014" classname="testcases.StressTest"/>
  <testcase name="postRequestStressTest" time="0.029" classname="testcases.StressTest"/>
  <testcase name="postRequestStressTest" time="0.289" classname="testcases.StressTest"/>
  <testcase name="postRequestStressTest" time="0.041" classname="testcases.StressTest"/>
  <testcase name="postRequestStressTest" time="0.022" classname="testcases.StressTest"/>
  <testcase name="postRequestStressTest" time="0.013" classname="testcases.StressTest"/>
  <testcase name="postRequestStressTest" time="0.034" classname="testcases.StressTest"/>
  <testcase name="postRequestStressTest" time="0.110" classname="testcases.StressTest"/>
  <testcase name="postRequestStressTest" time="0.108" classname="testcases.StressTest"/>
  <testcase name="postRequestStressTest" time="0.120" classname="testcases.StressTest"/>
  <testcase name="postRequestStressTest" time="0.175" classname="testcases.StressTest"/>
  <testcase name="postRequestStressTest" time="0.023" classname="testcases.StressTest"/>
  <testcase name="postRequestStressTest" time="0.053" classname="testcases.StressTest"/>
  <testcase name="postRequestStressTest" time="0.039" classname="testcases.StressTest"/>
  <testcase name="postRequestStressTest" time="0.064" classname="testcases.StressTest"/>
  <testcase name="postRequestStressTest" time="0.079" classname="testcases.StressTest"/>
  <testcase name="postRequestStressTest" time="0.021" classname="testcases.StressTest"/>
  <testcase name="postRequestStressTest" time="0.069" classname="testcases.StressTest"/>
  <testcase name="postRequestStressTest" time="0.104" classname="testcases.StressTest"/>
  <testcase name="postRequestStressTest" time="0.017" classname="testcases.StressTest"/>
  <testcase name="postRequestStressTest" time="0.122" classname="testcases.StressTest"/>
  <testcase name="postRequestStressTest" time="0.124" classname="testcases.StressTest"/>
  <testcase name="postRequestStressTest" time="0.042" classname="testcases.StressTest"/>
  <testcase name="postRequestStressTest" time="0.031" classname="testcases.StressTest"/>
  <testcase name="postRequestStressTest" time="0.019" classname="testcases.StressTest"/>
  <testcase name="postRequestStressTest" time="0.044" classname="testcases.StressTest"/>
  <testcase name="postRequestStressTest" time="0.157" classname="testcases.StressTest"/>
  <testcase name="postRequestStressTest" time="0.173" classname="testcases.StressTest"/>
  <testcase name="postRequestStressTest" time="0.013" classname="testcases.StressTest"/>
  <testcase name="postRequestStressTest" time="0.021" classname="testcases.StressTest"/>
  <testcase name="postRequestStressTest" time="0.065" classname="testcases.StressTest"/>
  <testcase name="postRequestStressTest" time="0.017" classname="testcases.StressTest"/>
  <testcase name="postRequestStressTest" time="0.028" classname="testcases.StressTest"/>
  <testcase name="postRequestStressTest" time="0.015" classname="testcases.StressTest"/>
  <testcase name="postRequestStressTest" time="0.042" classname="testcases.StressTest"/>
  <testcase name="postRequestStressTest" time="0.069" classname="testcases.StressTest"/>
  <testcase name="postRequestStressTest" time="0.063" classname="testcases.StressTest"/>
  <testcase name="postRequestStressTest" time="0.052" classname="testcases.StressTest"/>
  <testcase name="postRequestStressTest" time="0.033" classname="testcases.StressTest"/>
  <testcase name="postRequestStressTest" time="0.099" classname="testcases.StressTest"/>
  <testcase name="postRequestStressTest" time="0.077" classname="testcases.StressTest"/>
  <testcase name="postRequestStressTest" time="0.024" classname="testcases.StressTest"/>
  <testcase name="postRequestStressTest" time="0.327" classname="testcases.StressTest"/>
  <testcase name="postRequestStressTest" time="0.059" classname="testcases.StressTest"/>
  <testcase name="postRequestStressTest" time="0.032" classname="testcases.StressTest"/>
  <testcase name="postRequestStressTest" time="0.008" classname="testcases.StressTest"/>
  <testcase name="postRequestStressTest" time="0.029" classname="testcases.StressTest"/>
  <testcase name="postRequestStressTest" time="0.016" classname="testcases.StressTest"/>
  <testcase name="postRequestStressTest" time="0.023" classname="testcases.StressTest"/>
  <testcase name="postRequestStressTest" time="0.088" classname="testcases.StressTest"/>
  <testcase name="postRequestStressTest" time="0.032" classname="testcases.StressTest"/>
  <testcase name="postRequestStressTest" time="0.030" classname="testcases.StressTest"/>
  <testcase name="postRequestStressTest" time="0.062" classname="testcases.StressTest"/>
  <testcase name="postRequestStressTest" time="0.027" classname="testcases.StressTest"/>
  <testcase name="postRequestStressTest" time="0.188" classname="testcases.StressTest"/>
  <testcase name="postRequestStressTest" time="0.064" classname="testcases.StressTest"/>
  <testcase name="postRequestStressTest" time="0.101" classname="testcases.StressTest"/>
  <testcase name="postRequestStressTest" time="0.018" classname="testcases.StressTest"/>
  <testcase name="postRequestStressTest" time="0.069" classname="testcases.StressTest"/>
  <testcase name="postRequestStressTest" time="0.064" classname="testcases.StressTest"/>
  <testcase name="postRequestStressTest" time="0.044" classname="testcases.StressTest"/>
  <testcase name="postRequestStressTest" time="0.223" classname="testcases.StressTest"/>
  <testcase name="postRequestStressTest" time="0.192" classname="testcases.StressTest"/>
  <testcase name="postRequestStressTest" time="0.057" classname="testcases.StressTest"/>
  <testcase name="postRequestStressTest" time="0.046" classname="testcases.StressTest"/>
  <testcase name="postRequestStressTest" time="0.009" classname="testcases.StressTest"/>
  <testcase name="postRequestStressTest" time="0.108" classname="testcases.StressTest"/>
  <testcase name="postRequestStressTest" time="0.033" classname="testcases.StressTest"/>
  <testcase name="postRequestStressTest" time="0.038" classname="testcases.StressTest"/>
  <testcase name="postRequestStressTest" time="0.168" classname="testcases.StressTest"/>
  <testcase name="postRequestStressTest" time="0.044" classname="testcases.StressTest"/>
  <testcase name="postRequestStressTest" time="0.064" classname="testcases.StressTest"/>
  <testcase name="postRequestStressTest" time="0.029" classname="testcases.StressTest"/>
  <testcase name="postRequestStressTest" time="0.046" classname="testcases.StressTest"/>
  <testcase name="postRequestStressTest" time="0.030" classname="testcases.StressTest"/>
  <testcase name="postRequestStressTest" time="0.032" classname="testcases.StressTest"/>
  <testcase name="postRequestStressTest" time="0.025" classname="testcases.StressTest"/>
  <testcase name="postRequestStressTest" time="0.009" classname="testcases.StressTest"/>
  <testcase name="postRequestStressTest" time="0.051" classname="testcases.StressTest"/>
  <testcase name="postRequestStressTest" time="0.030" classname="testcases.StressTest"/>
  <testcase name="postRequestStressTest" time="0.292" classname="testcases.StressTest"/>
  <testcase name="postRequestStressTest" time="0.056" classname="testcases.StressTest"/>
  <testcase name="postRequestStressTest" time="0.070" classname="testcases.StressTest"/>
  <testcase name="postRequestStressTest" time="0.060" classname="testcases.StressTest"/>
  <testcase name="postRequestStressTest" time="0.021" classname="testcases.StressTest"/>
  <testcase name="postRequestStressTest" time="0.118" classname="testcases.StressTest"/>
  <testcase name="postRequestStressTest" time="0.049" classname="testcases.StressTest"/>
  <testcase name="postRequestStressTest" time="0.032" classname="testcases.StressTest"/>
  <testcase name="postRequestStressTest" time="0.025" classname="testcases.StressTest"/>
  <testcase name="postRequestStressTest" time="0.119" classname="testcases.StressTest"/>
  <testcase name="postRequestStressTest" time="0.022" classname="testcases.StressTest"/>
  <testcase name="postRequestStressTest" time="0.188" classname="testcases.StressTest"/>
  <testcase name="postRequestStressTest" time="0.053" classname="testcases.StressTest"/>
  <testcase name="postRequestStressTest" time="0.057" classname="testcases.StressTest"/>
  <testcase name="postRequestStressTest" time="0.029" classname="testcases.StressTest"/>
  <testcase name="postRequestStressTest" time="0.048" classname="testcases.StressTest"/>
  <testcase name="postRequestStressTest" time="0.028" classname="testcases.StressTest"/>
  <testcase name="postRequestStressTest" time="0.061" classname="testcases.StressTest"/>
  <testcase name="postRequestStressTest" time="0.010" classname="testcases.StressTest"/>
  <testcase name="postRequestStressTest" time="0.021" classname="testcases.StressTest"/>
  <testcase name="postRequestStressTest" time="0.068" classname="testcases.StressTest"/>
  <testcase name="postRequestStressTest" time="0.074" classname="testcases.StressTest"/>
  <testcase name="postRequestStressTest" time="0.145" classname="testcases.StressTest"/>
  <testcase name="postRequestStressTest" time="0.033" classname="testcases.StressTest"/>
  <testcase name="postRequestStressTest" time="0.016" classname="testcases.StressTest"/>
  <testcase name="postRequestStressTest" time="0.019" classname="testcases.StressTest"/>
  <testcase name="postRequestStressTest" time="0.061" classname="testcases.StressTest"/>
  <testcase name="postRequestStressTest" time="0.032" classname="testcases.StressTest"/>
  <testcase name="postRequestStressTest" time="0.030" classname="testcases.StressTest"/>
  <testcase name="postRequestStressTest" time="0.026" classname="testcases.StressTest"/>
  <testcase name="postRequestStressTest" time="0.039" classname="testcases.StressTest"/>
  <testcase name="postRequestStressTest" time="0.018" classname="testcases.StressTest"/>
  <testcase name="postRequestStressTest" time="0.062" classname="testcases.StressTest"/>
  <testcase name="postRequestStressTest" time="0.014" classname="testcases.StressTest"/>
  <testcase name="postRequestStressTest" time="0.093" classname="testcases.StressTest"/>
  <testcase name="postRequestStressTest" time="0.072" classname="testcases.StressTest"/>
  <testcase name="postRequestStressTest" time="3.336" classname="testcases.StressTest"/>
  <testcase name="postRequestStressTest" time="0.049" classname="testcases.StressTest"/>
  <testcase name="postRequestStressTest" time="0.087" classname="testcases.StressTest"/>
  <testcase name="postRequestStressTest" time="0.182" classname="testcases.StressTest"/>
  <testcase name="postRequestStressTest" time="0.087" classname="testcases.StressTest"/>
  <testcase name="postRequestStressTest" time="0.099" classname="testcases.StressTest"/>
  <testcase name="postRequestStressTest" time="0.186" classname="testcases.StressTest"/>
  <testcase name="postRequestStressTest" time="0.051" classname="testcases.StressTest"/>
  <testcase name="postRequestStressTest" time="0.073" classname="testcases.StressTest"/>
  <testcase name="postRequestStressTest" time="0.029" classname="testcases.StressTest"/>
  <testcase name="postRequestStressTest" time="0.085" classname="testcases.StressTest"/>
  <testcase name="postRequestStressTest" time="0.061" classname="testcases.StressTest"/>
  <testcase name="postRequestStressTest" time="0.038" classname="testcases.StressTest"/>
  <testcase name="postRequestStressTest" time="0.052" classname="testcases.StressTest"/>
  <testcase name="postRequestStressTest" time="0.137" classname="testcases.StressTest"/>
  <testcase name="postRequestStressTest" time="0.090" classname="testcases.StressTest"/>
  <testcase name="postRequestStressTest" time="0.011" classname="testcases.StressTest"/>
  <testcase name="postRequestStressTest" time="0.066" classname="testcases.StressTest"/>
  <testcase name="postRequestStressTest" time="0.248" classname="testcases.StressTest"/>
  <testcase name="postRequestStressTest" time="0.031" classname="testcases.StressTest"/>
  <testcase name="postRequestStressTest" time="0.032" classname="testcases.StressTest"/>
  <testcase name="postRequestStressTest" time="0.034" classname="testcases.StressTest"/>
  <testcase name="postRequestStressTest" time="0.019" classname="testcases.StressTest"/>
  <testcase name="postRequestStressTest" time="0.045" classname="testcases.StressTest"/>
  <testcase name="postRequestStressTest" time="0.026" classname="testcases.StressTest"/>
  <testcase name="postRequestStressTest" time="0.020" classname="testcases.StressTest"/>
  <testcase name="postRequestStressTest" time="0.042" classname="testcases.StressTest"/>
  <testcase name="postRequestStressTest" time="0.021" classname="testcases.StressTest"/>
  <testcase name="postRequestStressTest" time="0.017" classname="testcases.StressTest"/>
  <testcase name="postRequestStressTest" time="0.020" classname="testcases.StressTest"/>
  <testcase name="postRequestStressTest" time="0.295" classname="testcases.StressTest"/>
  <testcase name="postRequestStressTest" time="0.006" classname="testcases.StressTest"/>
  <testcase name="postRequestStressTest" time="0.042" classname="testcases.StressTest"/>
  <testcase name="postRequestStressTest" time="0.030" classname="testcases.StressTest"/>
  <testcase name="postRequestStressTest" time="0.050" classname="testcases.StressTest"/>
  <testcase name="postRequestStressTest" time="0.020" classname="testcases.StressTest"/>
  <testcase name="postRequestStressTest" time="0.032" classname="testcases.StressTest"/>
  <testcase name="postRequestStressTest" time="0.028" classname="testcases.StressTest"/>
  <testcase name="postRequestStressTest" time="0.020" classname="testcases.StressTest"/>
  <testcase name="postRequestStressTest" time="0.037" classname="testcases.StressTest"/>
  <testcase name="postRequestStressTest" time="0.038" classname="testcases.StressTest"/>
  <testcase name="postRequestStressTest" time="0.107" classname="testcases.StressTest"/>
  <testcase name="postRequestStressTest" time="0.137" classname="testcases.StressTest"/>
  <testcase name="postRequestStressTest" time="0.037" classname="testcases.StressTest"/>
  <testcase name="postRequestStressTest" time="0.074" classname="testcases.StressTest"/>
  <testcase name="postRequestStressTest" time="0.041" classname="testcases.StressTest"/>
  <testcase name="postRequestStressTest" time="0.029" classname="testcases.StressTest"/>
  <testcase name="postRequestStressTest" time="0.018" classname="testcases.StressTest"/>
  <testcase name="postRequestStressTest" time="0.063" classname="testcases.StressTest"/>
  <testcase name="postRequestStressTest" time="0.086" classname="testcases.StressTest"/>
  <testcase name="postRequestStressTest" time="0.096" classname="testcases.StressTest"/>
  <testcase name="postRequestStressTest" time="0.050" classname="testcases.StressTest"/>
  <testcase name="postRequestStressTest" time="0.009" classname="testcases.StressTest"/>
  <testcase name="postRequestStressTest" time="0.064" classname="testcases.StressTest"/>
  <testcase name="postRequestStressTest" time="0.048" classname="testcases.StressTest"/>
  <testcase name="postRequestStressTest" time="0.149" classname="testcases.StressTest"/>
  <testcase name="postRequestStressTest" time="0.040" classname="testcases.StressTest"/>
  <testcase name="postRequestStressTest" time="0.078" classname="testcases.StressTest"/>
  <testcase name="postRequestStressTest" time="0.137" classname="testcases.StressTest"/>
  <testcase name="postRequestStressTest" time="0.033" classname="testcases.StressTest"/>
  <testcase name="postRequestStressTest" time="0.145" classname="testcases.StressTest"/>
  <testcase name="postRequestStressTest" time="2.675" classname="testcases.StressTest"/>
  <testcase name="postRequestStressTest" time="0.046" classname="testcases.StressTest"/>
  <testcase name="postRequestStressTest" time="0.034" classname="testcases.StressTest"/>
  <testcase name="postRequestStressTest" time="0.087" classname="testcases.StressTest"/>
  <testcase name="postRequestStressTest" time="0.075" classname="testcases.StressTest"/>
  <testcase name="postRequestStressTest" time="0.035" classname="testcases.StressTest"/>
  <testcase name="postRequestStressTest" time="0.045" classname="testcases.StressTest"/>
  <testcase name="postRequestStressTest" time="0.022" classname="testcases.StressTest"/>
  <testcase name="postRequestStressTest" time="0.062" classname="testcases.StressTest"/>
  <testcase name="postRequestStressTest" time="0.063" classname="testcases.StressTest"/>
  <testcase name="postRequestStressTest" time="0.023" classname="testcases.StressTest"/>
  <testcase name="postRequestStressTest" time="0.025" classname="testcases.StressTest"/>
  <testcase name="postRequestStressTest" time="0.100" classname="testcases.StressTest"/>
  <testcase name="postRequestStressTest" time="0.047" classname="testcases.StressTest"/>
  <testcase name="postRequestStressTest" time="0.247" classname="testcases.StressTest"/>
  <testcase name="postRequestStressTest" time="0.252" classname="testcases.StressTest"/>
  <testcase name="postRequestStressTest" time="0.078" classname="testcases.StressTest"/>
  <testcase name="postRequestStressTest" time="0.044" classname="testcases.StressTest"/>
  <testcase name="postRequestStressTest" time="0.170" classname="testcases.StressTest"/>
  <testcase name="postRequestStressTest" time="0.043" classname="testcases.StressTest"/>
  <testcase name="postRequestStressTest" time="0.053" classname="testcases.StressTest"/>
  <testcase name="postRequestStressTest" time="0.077" classname="testcases.StressTest"/>
  <testcase name="postRequestStressTest" time="0.033" classname="testcases.StressTest"/>
  <testcase name="postRequestStressTest" time="0.014" classname="testcases.StressTest"/>
  <testcase name="postRequestStressTest" time="0.052" classname="testcases.StressTest"/>
  <testcase name="postRequestStressTest" time="0.020" classname="testcases.StressTest"/>
  <testcase name="postRequestStressTest" time="0.043" classname="testcases.StressTest"/>
  <testcase name="postRequestStressTest" time="0.051" classname="testcases.StressTest"/>
  <testcase name="postRequestStressTest" time="0.018" classname="testcases.StressTest"/>
  <testcase name="postRequestStressTest" time="0.035" classname="testcases.StressTest"/>
  <testcase name="postRequestStressTest" time="0.048" classname="testcases.StressTest"/>
  <testcase name="postRequestStressTest" time="0.041" classname="testcases.StressTest"/>
  <testcase name="postRequestStressTest" time="0.130" classname="testcases.StressTest"/>
  <testcase name="postRequestStressTest" time="0.041" classname="testcases.StressTest"/>
  <testcase name="postRequestStressTest" time="0.139" classname="testcases.StressTest"/>
  <testcase name="postRequestStressTest" time="0.076" classname="testcases.StressTest"/>
  <testcase name="postRequestStressTest" time="0.017" classname="testcases.StressTest"/>
  <testcase name="postRequestStressTest" time="0.235" classname="testcases.StressTest"/>
  <testcase name="postRequestStressTest" time="0.016" classname="testcases.StressTest"/>
  <testcase name="postRequestStressTest" time="0.038" classname="testcases.StressTest"/>
  <testcase name="postRequestStressTest" time="0.110" classname="testcases.StressTest"/>
  <testcase name="postRequestStressTest" time="0.044" classname="testcases.StressTest"/>
  <testcase name="postRequestStressTest" time="0.256" classname="testcases.StressTest"/>
  <testcase name="postRequestStressTest" time="0.019" classname="testcases.StressTest"/>
  <testcase name="postRequestStressTest" time="0.036" classname="testcases.StressTest"/>
  <testcase name="postRequestStressTest" time="0.059" classname="testcases.StressTest"/>
  <testcase name="postRequestStressTest" time="0.105" classname="testcases.StressTest"/>
  <testcase name="postRequestStressTest" time="0.049" classname="testcases.StressTest"/>
  <testcase name="postRequestStressTest" time="0.113" classname="testcases.StressTest"/>
  <testcase name="postRequestStressTest" time="0.083" classname="testcases.StressTest"/>
  <testcase name="postRequestStressTest" time="0.034" classname="testcases.StressTest"/>
  <testcase name="postRequestStressTest" time="0.034" classname="testcases.StressTest"/>
  <testcase name="postRequestStressTest" time="0.051" classname="testcases.StressTest"/>
  <testcase name="postRequestStressTest" time="0.046" classname="testcases.StressTest"/>
  <testcase name="postRequestStressTest" time="0.019" classname="testcases.StressTest"/>
  <testcase name="postRequestStressTest" time="0.016" classname="testcases.StressTest"/>
  <testcase name="postRequestStressTest" time="0.029" classname="testcases.StressTest"/>
  <testcase name="postRequestStressTest" time="0.076" classname="testcases.StressTest"/>
  <testcase name="postRequestStressTest" time="0.063" classname="testcases.StressTest"/>
  <testcase name="postRequestStressTest" time="0.054" classname="testcases.StressTest"/>
  <testcase name="postRequestStressTest" time="0.039" classname="testcases.StressTest"/>
  <testcase name="postRequestStressTest" time="0.035" classname="testcases.StressTest"/>
  <testcase name="postRequestStressTest" time="0.065" classname="testcases.StressTest"/>
  <testcase name="postRequestStressTest" time="0.040" classname="testcases.StressTest"/>
  <testcase name="postRequestStressTest" time="0.024" classname="testcases.StressTest"/>
  <testcase name="postRequestStressTest" time="0.061" classname="testcases.StressTest"/>
  <testcase name="postRequestStressTest" time="0.070" classname="testcases.StressTest"/>
  <testcase name="postRequestStressTest" time="0.065" classname="testcases.StressTest"/>
  <testcase name="postRequestStressTest" time="0.033" classname="testcases.StressTest"/>
  <testcase name="postRequestStressTest" time="0.050" classname="testcases.StressTest"/>
  <testcase name="postRequestStressTest" time="0.021" classname="testcases.StressTest"/>
  <testcase name="postRequestStressTest" time="0.040" classname="testcases.StressTest"/>
  <testcase name="postRequestStressTest" time="0.024" classname="testcases.StressTest"/>
  <testcase name="postRequestStressTest" time="0.008" classname="testcases.StressTest"/>
  <testcase name="postRequestStressTest" time="0.212" classname="testcases.StressTest"/>
  <testcase name="postRequestStressTest" time="0.033" classname="testcases.StressTest"/>
  <testcase name="postRequestStressTest" time="0.139" classname="testcases.StressTest"/>
  <testcase name="postRequestStressTest" time="0.049" classname="testcases.StressTest"/>
  <testcase name="postRequestStressTest" time="0.062" classname="testcases.StressTest"/>
  <testcase name="postRequestStressTest" time="0.025" classname="testcases.StressTest"/>
  <testcase name="postRequestStressTest" time="0.044" classname="testcases.StressTest"/>
  <testcase name="postRequestStressTest" time="0.010" classname="testcases.StressTest"/>
  <testcase name="postRequestStressTest" time="0.036" classname="testcases.StressTest"/>
  <testcase name="postRequestStressTest" time="0.190" classname="testcases.StressTest"/>
  <testcase name="postRequestStressTest" time="0.040" classname="testcases.StressTest"/>
  <testcase name="postRequestStressTest" time="0.065" classname="testcases.StressTest"/>
  <testcase name="postRequestStressTest" time="0.249" classname="testcases.StressTest"/>
  <testcase name="postRequestStressTest" time="0.054" classname="testcases.StressTest"/>
  <testcase name="postRequestStressTest" time="0.219" classname="testcases.StressTest"/>
  <testcase name="postRequestStressTest" time="0.024" classname="testcases.StressTest"/>
  <testcase name="postRequestStressTest" time="0.071" classname="testcases.StressTest"/>
  <testcase name="postRequestStressTest" time="0.056" classname="testcases.StressTest"/>
  <testcase name="postRequestStressTest" time="0.026" classname="testcases.StressTest"/>
  <testcase name="postRequestStressTest" time="0.133" classname="testcases.StressTest"/>
  <testcase name="postRequestStressTest" time="0.036" classname="testcases.StressTest"/>
  <testcase name="postRequestStressTest" time="0.029" classname="testcases.StressTest"/>
  <testcase name="postRequestStressTest" time="0.008" classname="testcases.StressTest"/>
  <testcase name="postRequestStressTest" time="0.072" classname="testcases.StressTest"/>
  <testcase name="postRequestStressTest" time="0.087" classname="testcases.StressTest"/>
  <testcase name="postRequestStressTest" time="0.085" classname="testcases.StressTest"/>
  <testcase name="postRequestStressTest" time="0.071" classname="testcases.StressTest"/>
  <testcase name="postRequestStressTest" time="0.030" classname="testcases.StressTest"/>
  <testcase name="postRequestStressTest" time="0.021" classname="testcases.StressTest"/>
  <testcase name="postRequestStressTest" time="0.056" classname="testcases.StressTest"/>
  <testcase name="postRequestStressTest" time="0.027" classname="testcases.StressTest"/>
  <testcase name="postRequestStressTest" time="0.011" classname="testcases.StressTest"/>
  <testcase name="postRequestStressTest" time="0.093" classname="testcases.StressTest"/>
  <testcase name="postRequestStressTest" time="0.067" classname="testcases.StressTest"/>
  <testcase name="postRequestStressTest" time="0.014" classname="testcases.StressTest"/>
  <testcase name="postRequestStressTest" time="0.024" classname="testcases.StressTest"/>
  <testcase name="postRequestStressTest" time="0.378" classname="testcases.StressTest"/>
  <testcase name="postRequestStressTest" time="0.047" classname="testcases.StressTest"/>
  <testcase name="postRequestStressTest" time="0.058" classname="testcases.StressTest"/>
  <testcase name="postRequestStressTest" time="0.052" classname="testcases.StressTest"/>
  <testcase name="postRequestStressTest" time="0.033" classname="testcases.StressTest"/>
  <testcase name="postRequestStressTest" time="0.009" classname="testcases.StressTest"/>
  <testcase name="postRequestStressTest" time="0.045" classname="testcases.StressTest"/>
  <testcase name="postRequestStressTest" time="0.096" classname="testcases.StressTest"/>
  <testcase name="postRequestStressTest" time="0.103" classname="testcases.StressTest"/>
  <testcase name="postRequestStressTest" time="0.036" classname="testcases.StressTest"/>
  <testcase name="postRequestStressTest" time="0.046" classname="testcases.StressTest"/>
  <testcase name="postRequestStressTest" time="0.034" classname="testcases.StressTest"/>
  <testcase name="postRequestStressTest" time="0.012" classname="testcases.StressTest"/>
  <testcase name="postRequestStressTest" time="0.074" classname="testcases.StressTest"/>
  <testcase name="postRequestStressTest" time="0.055" classname="testcases.StressTest"/>
  <testcase name="postRequestStressTest" time="0.075" classname="testcases.StressTest"/>
  <testcase name="postRequestStressTest" time="0.052" classname="testcases.StressTest"/>
  <testcase name="postRequestStressTest" time="0.060" classname="testcases.StressTest"/>
  <testcase name="postRequestStressTest" time="0.123" classname="testcases.StressTest"/>
  <testcase name="postRequestStressTest" time="0.144" classname="testcases.StressTest"/>
  <testcase name="postRequestStressTest" time="0.107" classname="testcases.StressTest"/>
  <testcase name="postRequestStressTest" time="0.057" classname="testcases.StressTest"/>
  <testcase name="postRequestStressTest" time="0.151" classname="testcases.StressTest"/>
  <testcase name="postRequestStressTest" time="0.008" classname="testcases.StressTest"/>
  <testcase name="postRequestStressTest" time="0.006" classname="testcases.StressTest"/>
  <testcase name="postRequestStressTest" time="0.025" classname="testcases.StressTest"/>
  <testcase name="postRequestStressTest" time="0.057" classname="testcases.StressTest"/>
  <testcase name="postRequestStressTest" time="0.017" classname="testcases.StressTest"/>
  <testcase name="postRequestStressTest" time="0.026" classname="testcases.StressTest"/>
  <testcase name="postRequestStressTest" time="0.067" classname="testcases.StressTest"/>
  <testcase name="postRequestStressTest" time="0.051" classname="testcases.StressTest"/>
  <testcase name="postRequestStressTest" time="0.028" classname="testcases.StressTest"/>
  <testcase name="postRequestStressTest" time="0.067" classname="testcases.StressTest"/>
  <testcase name="postRequestStressTest" time="0.028" classname="testcases.StressTest"/>
  <testcase name="postRequestStressTest" time="0.024" classname="testcases.StressTest"/>
  <testcase name="postRequestStressTest" time="0.024" classname="testcases.StressTest"/>
  <testcase name="postRequestStressTest" time="0.075" classname="testcases.StressTest"/>
  <testcase name="postRequestStressTest" time="0.046" classname="testcases.StressTest"/>
  <testcase name="postRequestStressTest" time="0.028" classname="testcases.StressTest"/>
  <testcase name="postRequestStressTest" time="0.053" classname="testcases.StressTest"/>
  <testcase name="postRequestStressTest" time="0.017" classname="testcases.StressTest"/>
  <testcase name="postRequestStressTest" time="0.027" classname="testcases.StressTest"/>
  <testcase name="postRequestStressTest" time="0.020" classname="testcases.StressTest"/>
  <testcase name="postRequestStressTest" time="0.046" classname="testcases.StressTest"/>
  <testcase name="postRequestStressTest" time="0.063" classname="testcases.StressTest"/>
  <testcase name="postRequestStressTest" time="0.033" classname="testcases.StressTest"/>
  <testcase name="postRequestStressTest" time="0.004" classname="testcases.StressTest"/>
  <testcase name="postRequestStressTest" time="0.035" classname="testcases.StressTest"/>
  <testcase name="postRequestStressTest" time="0.016" classname="testcases.StressTest"/>
  <testcase name="postRequestStressTest" time="0.020" classname="testcases.StressTest"/>
  <testcase name="postRequestStressTest" time="0.011" classname="testcases.StressTest"/>
  <testcase name="postRequestStressTest" time="0.664" classname="testcases.StressTest"/>
  <testcase name="postRequestStressTest" time="0.020" classname="testcases.StressTest"/>
  <testcase name="postRequestStressTest" time="0.016" classname="testcases.StressTest"/>
  <testcase name="postRequestStressTest" time="0.013" classname="testcases.StressTest"/>
  <testcase name="postRequestStressTest" time="0.066" classname="testcases.StressTest"/>
  <testcase name="postRequestStressTest" time="0.036" classname="testcases.StressTest"/>
  <testcase name="postRequestStressTest" time="0.032" classname="testcases.StressTest"/>
  <testcase name="postRequestStressTest" time="0.055" classname="testcases.StressTest"/>
  <testcase name="postRequestStressTest" time="0.047" classname="testcases.StressTest"/>
  <testcase name="postRequestStressTest" time="0.025" classname="testcases.StressTest"/>
  <testcase name="postRequestStressTest" time="0.112" classname="testcases.StressTest"/>
  <testcase name="postRequestStressTest" time="0.029" classname="testcases.StressTest"/>
  <testcase name="postRequestStressTest" time="0.014" classname="testcases.StressTest"/>
  <testcase name="postRequestStressTest" time="0.013" classname="testcases.StressTest"/>
  <testcase name="postRequestStressTest" time="0.025" classname="testcases.StressTest"/>
  <testcase name="postRequestStressTest" time="0.052" classname="testcases.StressTest"/>
  <testcase name="postRequestStressTest" time="0.031" classname="testcases.StressTest"/>
  <testcase name="postRequestStressTest" time="0.058" classname="testcases.StressTest"/>
  <testcase name="postRequestStressTest" time="0.169" classname="testcases.StressTest"/>
  <testcase name="postRequestStressTest" time="0.015" classname="testcases.StressTest"/>
  <testcase name="postRequestStressTest" time="0.043" classname="testcases.StressTest"/>
  <testcase name="postRequestStressTest" time="0.016" classname="testcases.StressTest"/>
  <testcase name="postRequestStressTest" time="0.079" classname="testcases.StressTest"/>
  <testcase name="postRequestStressTest" time="0.077" classname="testcases.StressTest"/>
  <testcase name="postRequestStressTest" time="0.014" classname="testcases.StressTest"/>
  <testcase name="postRequestStressTest" time="0.034" classname="testcases.StressTest"/>
  <testcase name="postRequestStressTest" time="0.058" classname="testcases.StressTest"/>
  <testcase name="postRequestStressTest" time="0.125" classname="testcases.StressTest"/>
  <testcase name="postRequestStressTest" time="0.020" classname="testcases.StressTest"/>
  <testcase name="postRequestStressTest" time="0.061" classname="testcases.StressTest"/>
  <testcase name="postRequestStressTest" time="0.090" classname="testcases.StressTest"/>
  <testcase name="postRequestStressTest" time="0.136" classname="testcases.StressTest"/>
  <testcase name="postRequestStressTest" time="0.020" classname="testcases.StressTest"/>
  <testcase name="postRequestStressTest" time="0.081" classname="testcases.StressTest"/>
  <testcase name="postRequestStressTest" time="0.054" classname="testcases.StressTest"/>
  <testcase name="postRequestStressTest" time="0.036" classname="testcases.StressTest"/>
  <testcase name="postRequestStressTest" time="0.193" classname="testcases.StressTest"/>
  <testcase name="postRequestStressTest" time="0.017" classname="testcases.StressTest"/>
  <testcase name="postRequestStressTest" time="0.215" classname="testcases.StressTest"/>
  <testcase name="postRequestStressTest" time="0.015" classname="testcases.StressTest"/>
  <testcase name="postRequestStressTest" time="0.046" classname="testcases.StressTest"/>
  <testcase name="postRequestStressTest" time="0.040" classname="testcases.StressTest"/>
  <testcase name="postRequestStressTest" time="0.026" classname="testcases.StressTest"/>
  <testcase name="postRequestStressTest" time="0.128" classname="testcases.StressTest"/>
  <testcase name="postRequestStressTest" time="0.031" classname="testcases.StressTest"/>
  <testcase name="postRequestStressTest" time="0.030" classname="testcases.StressTest"/>
  <testcase name="postRequestStressTest" time="0.068" classname="testcases.StressTest"/>
  <testcase name="postRequestStressTest" time="0.035" classname="testcases.StressTest"/>
  <testcase name="postRequestStressTest" time="0.132" classname="testcases.StressTest"/>
  <testcase name="postRequestStressTest" time="0.109" classname="testcases.StressTest"/>
  <testcase name="postRequestStressTest" time="0.019" classname="testcases.StressTest"/>
  <testcase name="postRequestStressTest" time="0.029" classname="testcases.StressTest"/>
  <testcase name="postRequestStressTest" time="0.063" classname="testcases.StressTest"/>
  <testcase name="postRequestStressTest" time="0.053" classname="testcases.StressTest"/>
  <testcase name="postRequestStressTest" time="0.061" classname="testcases.StressTest"/>
  <testcase name="postRequestStressTest" time="0.176" classname="testcases.StressTest"/>
  <testcase name="postRequestStressTest" time="0.034" classname="testcases.StressTest"/>
  <testcase name="postRequestStressTest" time="0.077" classname="testcases.StressTest"/>
  <testcase name="postRequestStressTest" time="0.046" classname="testcases.StressTest"/>
  <testcase name="postRequestStressTest" time="0.016" classname="testcases.StressTest"/>
  <testcase name="postRequestStressTest" time="0.089" classname="testcases.StressTest"/>
  <testcase name="postRequestStressTest" time="0.030" classname="testcases.StressTest"/>
  <testcase name="postRequestStressTest" time="0.043" classname="testcases.StressTest"/>
  <testcase name="postRequestStressTest" time="0.104" classname="testcases.StressTest"/>
  <testcase name="postRequestStressTest" time="0.067" classname="testcases.StressTest"/>
  <testcase name="postRequestStressTest" time="0.030" classname="testcases.StressTest"/>
  <testcase name="postRequestStressTest" time="0.061" classname="testcases.StressTest"/>
  <testcase name="postRequestStressTest" time="0.127" classname="testcases.StressTest"/>
  <testcase name="postRequestStressTest" time="0.031" classname="testcases.StressTest"/>
  <testcase name="postRequestStressTest" time="0.256" classname="testcases.StressTest"/>
  <testcase name="postRequestStressTest" time="0.028" classname="testcases.StressTest"/>
  <testcase name="postRequestStressTest" time="0.104" classname="testcases.StressTest"/>
  <testcase name="postRequestStressTest" time="0.056" classname="testcases.StressTest"/>
  <testcase name="postRequestStressTest" time="0.026" classname="testcases.StressTest"/>
  <testcase name="postRequestStressTest" time="0.194" classname="testcases.StressTest"/>
  <testcase name="postRequestStressTest" time="0.096" classname="testcases.StressTest"/>
  <testcase name="postRequestStressTest" time="0.018" classname="testcases.StressTest"/>
  <testcase name="postRequestStressTest" time="0.098" classname="testcases.StressTest"/>
  <testcase name="postRequestStressTest" time="0.015" classname="testcases.StressTest"/>
  <testcase name="postRequestStressTest" time="0.032" classname="testcases.StressTest"/>
  <testcase name="postRequestStressTest" time="0.031" classname="testcases.StressTest"/>
  <testcase name="postRequestStressTest" time="0.027" classname="testcases.StressTest"/>
  <testcase name="postRequestStressTest" time="0.117" classname="testcases.StressTest"/>
  <testcase name="postRequestStressTest" time="0.214" classname="testcases.StressTest"/>
  <testcase name="postRequestStressTest" time="0.021" classname="testcases.StressTest"/>
  <testcase name="postRequestStressTest" time="0.022" classname="testcases.StressTest"/>
  <testcase name="postRequestStressTest" time="0.025" classname="testcases.StressTest"/>
  <testcase name="postRequestStressTest" time="0.101" classname="testcases.StressTest"/>
  <testcase name="postRequestStressTest" time="0.060" classname="testcases.StressTest"/>
  <testcase name="postRequestStressTest" time="0.020" classname="testcases.StressTest"/>
  <testcase name="postRequestStressTest" time="0.162" classname="testcases.StressTest"/>
  <testcase name="postRequestStressTest" time="0.097" classname="testcases.StressTest"/>
  <testcase name="postRequestStressTest" time="0.066" classname="testcases.StressTest"/>
  <testcase name="postRequestStressTest" time="0.017" classname="testcases.StressTest"/>
  <testcase name="postRequestStressTest" time="0.089" classname="testcases.StressTest"/>
  <testcase name="postRequestStressTest" time="0.016" classname="testcases.StressTest"/>
  <testcase name="postRequestStressTest" time="0.010" classname="testcases.StressTest"/>
  <testcase name="postRequestStressTest" time="0.108" classname="testcases.StressTest"/>
  <testcase name="postRequestStressTest" time="0.056" classname="testcases.StressTest"/>
  <testcase name="postRequestStressTest" time="0.034" classname="testcases.StressTest"/>
  <testcase name="postRequestStressTest" time="0.126" classname="testcases.StressTest"/>
  <testcase name="postRequestStressTest" time="0.074" classname="testcases.StressTest"/>
  <testcase name="postRequestStressTest" time="0.033" classname="testcases.StressTest"/>
  <testcase name="postRequestStressTest" time="0.067" classname="testcases.StressTest"/>
  <testcase name="postRequestStressTest" time="0.018" classname="testcases.StressTest"/>
  <testcase name="postRequestStressTest" time="0.088" classname="testcases.StressTest"/>
  <testcase name="postRequestStressTest" time="0.199" classname="testcases.StressTest"/>
  <testcase name="postRequestStressTest" time="0.076" classname="testcases.StressTest"/>
  <testcase name="postRequestStressTest" time="0.088" classname="testcases.StressTest"/>
  <testcase name="postRequestStressTest" time="0.016" classname="testcases.StressTest"/>
  <testcase name="postRequestStressTest" time="0.200" classname="testcases.StressTest"/>
  <testcase name="postRequestStressTest" time="0.014" classname="testcases.StressTest"/>
  <testcase name="postRequestStressTest" time="0.026" classname="testcases.StressTest"/>
  <testcase name="postRequestStressTest" time="0.044" classname="testcases.StressTest"/>
  <testcase name="postRequestStressTest" time="0.066" classname="testcases.StressTest"/>
  <testcase name="postRequestStressTest" time="0.043" classname="testcases.StressTest"/>
  <testcase name="postRequestStressTest" time="0.136" classname="testcases.StressTest"/>
  <testcase name="postRequestStressTest" time="0.038" classname="testcases.StressTest"/>
  <testcase name="postRequestStressTest" time="0.100" classname="testcases.StressTest"/>
  <testcase name="postRequestStressTest" time="0.040" classname="testcases.StressTest"/>
  <testcase name="postRequestStressTest" time="0.048" classname="testcases.StressTest"/>
  <testcase name="postRequestStressTest" time="0.043" classname="testcases.StressTest"/>
  <testcase name="postRequestStressTest" time="0.057" classname="testcases.StressTest"/>
  <testcase name="postRequestStressTest" time="0.066" classname="testcases.StressTest"/>
  <testcase name="postRequestStressTest" time="0.051" classname="testcases.StressTest"/>
  <testcase name="postRequestStressTest" time="0.034" classname="testcases.StressTest"/>
  <testcase name="postRequestStressTest" time="0.028" classname="testcases.StressTest"/>
  <testcase name="postRequestStressTest" time="0.066" classname="testcases.StressTest"/>
  <testcase name="postRequestStressTest" time="0.032" classname="testcases.StressTest"/>
  <testcase name="postRequestStressTest" time="0.099" classname="testcases.StressTest"/>
  <testcase name="postRequestStressTest" time="0.053" classname="testcases.StressTest"/>
  <testcase name="postRequestStressTest" time="0.075" classname="testcases.StressTest"/>
  <testcase name="postRequestStressTest" time="0.050" classname="testcases.StressTest"/>
  <testcase name="postRequestStressTest" time="0.024" classname="testcases.StressTest"/>
  <testcase name="postRequestStressTest" time="0.041" classname="testcases.StressTest"/>
  <testcase name="postRequestStressTest" time="0.034" classname="testcases.StressTest"/>
  <testcase name="postRequestStressTest" time="0.046" classname="testcases.StressTest"/>
  <testcase name="postRequestStressTest" time="0.055" classname="testcases.StressTest"/>
  <testcase name="postRequestStressTest" time="0.029" classname="testcases.StressTest"/>
  <testcase name="postRequestStressTest" time="0.017" classname="testcases.StressTest"/>
  <testcase name="postRequestStressTest" time="0.039" classname="testcases.StressTest"/>
  <testcase name="postRequestStressTest" time="0.086" classname="testcases.StressTest"/>
  <testcase name="postRequestStressTest" time="0.020" classname="testcases.StressTest"/>
  <testcase name="postRequestStressTest" time="0.026" classname="testcases.StressTest"/>
  <testcase name="postRequestStressTest" time="0.031" classname="testcases.StressTest"/>
  <testcase name="postRequestStressTest" time="0.052" classname="testcases.StressTest"/>
  <testcase name="postRequestStressTest" time="0.034" classname="testcases.StressTest"/>
  <testcase name="postRequestStressTest" time="0.122" classname="testcases.StressTest"/>
  <testcase name="postRequestStressTest" time="0.107" classname="testcases.StressTest"/>
  <testcase name="postRequestStressTest" time="0.022" classname="testcases.StressTest"/>
  <testcase name="postRequestStressTest" time="0.025" classname="testcases.StressTest"/>
  <testcase name="postRequestStressTest" time="0.036" classname="testcases.StressTest"/>
  <testcase name="postRequestStressTest" time="0.156" classname="testcases.StressTest"/>
  <testcase name="postRequestStressTest" time="0.036" classname="testcases.StressTest"/>
  <testcase name="postRequestStressTest" time="0.038" classname="testcases.StressTest"/>
  <testcase name="postRequestStressTest" time="0.138" classname="testcases.StressTest"/>
  <testcase name="postRequestStressTest" time="0.008" classname="testcases.StressTest"/>
  <testcase name="postRequestStressTest" time="0.055" classname="testcases.StressTest"/>
  <testcase name="postRequestStressTest" time="0.035" classname="testcases.StressTest"/>
  <testcase name="postRequestStressTest" time="0.122" classname="testcases.StressTest"/>
  <testcase name="postRequestStressTest" time="0.032" classname="testcases.StressTest"/>
  <testcase name="postRequestStressTest" time="0.156" classname="testcases.StressTest"/>
  <testcase name="postRequestStressTest" time="0.042" classname="testcases.StressTest"/>
  <testcase name="postRequestStressTest" time="0.018" classname="testcases.StressTest"/>
  <testcase name="postRequestStressTest" time="0.043" classname="testcases.StressTest"/>
  <testcase name="postRequestStressTest" time="0.008" classname="testcases.StressTest"/>
  <testcase name="postRequestStressTest" time="0.030" classname="testcases.StressTest"/>
  <testcase name="postRequestStressTest" time="0.059" classname="testcases.StressTest"/>
  <testcase name="postRequestStressTest" time="0.042" classname="testcases.StressTest"/>
  <testcase name="postRequestStressTest" time="0.114" classname="testcases.StressTest"/>
  <testcase name="postRequestStressTest" time="0.149" classname="testcases.StressTest"/>
  <testcase name="postRequestStressTest" time="0.105" classname="testcases.StressTest"/>
  <testcase name="postRequestStressTest" time="0.066" classname="testcases.StressTest"/>
  <testcase name="postRequestStressTest" time="0.085" classname="testcases.StressTest"/>
  <testcase name="postRequestStressTest" time="0.043" classname="testcases.StressTest"/>
  <testcase name="postRequestStressTest" time="0.032" classname="testcases.StressTest"/>
  <testcase name="postRequestStressTest" time="0.049" classname="testcases.StressTest"/>
  <testcase name="postRequestStressTest" time="0.031" classname="testcases.StressTest"/>
  <testcase name="postRequestStressTest" time="0.143" classname="testcases.StressTest"/>
  <testcase name="postRequestStressTest" time="0.031" classname="testcases.StressTest"/>
  <testcase name="postRequestStressTest" time="0.056" classname="testcases.StressTest"/>
  <testcase name="postRequestStressTest" time="0.018" classname="testcases.StressTest"/>
  <testcase name="postRequestStressTest" time="0.093" classname="testcases.StressTest"/>
  <testcase name="postRequestStressTest" time="0.114" classname="testcases.StressTest"/>
  <testcase name="postRequestStressTest" time="0.049" classname="testcases.StressTest"/>
  <testcase name="postRequestStressTest" time="0.071" classname="testcases.StressTest"/>
  <testcase name="postRequestStressTest" time="0.056" classname="testcases.StressTest"/>
  <testcase name="postRequestStressTest" time="0.037" classname="testcases.StressTest"/>
  <testcase name="postRequestStressTest" time="0.023" classname="testcases.StressTest"/>
  <testcase name="postRequestStressTest" time="0.017" classname="testcases.StressTest"/>
  <testcase name="postRequestStressTest" time="0.044" classname="testcases.StressTest"/>
  <testcase name="postRequestStressTest" time="0.036" classname="testcases.StressTest"/>
  <testcase name="postRequestStressTest" time="0.118" classname="testcases.StressTest"/>
  <testcase name="postRequestStressTest" time="0.022" classname="testcases.StressTest"/>
  <testcase name="postRequestStressTest" time="0.074" classname="testcases.StressTest"/>
  <testcase name="postRequestStressTest" time="0.106" classname="testcases.StressTest"/>
  <testcase name="postRequestStressTest" time="0.047" classname="testcases.StressTest"/>
  <testcase name="postRequestStressTest" time="0.224" classname="testcases.StressTest"/>
  <testcase name="postRequestStressTest" time="0.041" classname="testcases.StressTest"/>
  <testcase name="postRequestStressTest" time="0.030" classname="testcases.StressTest"/>
  <testcase name="postRequestStressTest" time="0.178" classname="testcases.StressTest"/>
  <testcase name="postRequestStressTest" time="0.051" classname="testcases.StressTest"/>
  <testcase name="postRequestStressTest" time="0.046" classname="testcases.StressTest"/>
  <testcase name="postRequestStressTest" time="0.062" classname="testcases.StressTest"/>
  <testcase name="postRequestStressTest" time="0.028" classname="testcases.StressTest"/>
  <testcase name="postRequestStressTest" time="0.029" classname="testcases.StressTest"/>
  <testcase name="postRequestStressTest" time="0.023" classname="testcases.StressTest"/>
  <testcase name="postRequestStressTest" time="0.164" classname="testcases.StressTest"/>
  <testcase name="postRequestStressTest" time="0.065" classname="testcases.StressTest"/>
  <testcase name="postRequestStressTest" time="0.432" classname="testcases.StressTest"/>
  <testcase name="postRequestStressTest" time="0.041" classname="testcases.StressTest"/>
  <testcase name="postRequestStressTest" time="0.068" classname="testcases.StressTest"/>
  <testcase name="postRequestStressTest" time="0.006" classname="testcases.StressTest"/>
  <testcase name="postRequestStressTest" time="0.104" classname="testcases.StressTest"/>
  <testcase name="postRequestStressTest" time="0.063" classname="testcases.StressTest"/>
  <testcase name="postRequestStressTest" time="0.037" classname="testcases.StressTest"/>
  <testcase name="postRequestStressTest" time="0.080" classname="testcases.StressTest"/>
  <testcase name="postRequestStressTest" time="0.117" classname="testcases.StressTest"/>
  <testcase name="postRequestStressTest" time="0.060" classname="testcases.StressTest"/>
  <testcase name="postRequestStressTest" time="0.060" classname="testcases.StressTest"/>
  <testcase name="postRequestStressTest" time="0.049" classname="testcases.StressTest"/>
  <testcase name="postRequestStressTest" time="0.144" classname="testcases.StressTest"/>
  <testcase name="postRequestStressTest" time="0.073" classname="testcases.StressTest"/>
  <testcase name="postRequestStressTest" time="0.046" classname="testcases.StressTest"/>
  <testcase name="postRequestStressTest" time="0.039" classname="testcases.StressTest"/>
  <testcase name="postRequestStressTest" time="0.040" classname="testcases.StressTest"/>
  <testcase name="postRequestStressTest" time="0.034" classname="testcases.StressTest"/>
  <testcase name="postRequestStressTest" time="0.171" classname="testcases.StressTest"/>
  <testcase name="postRequestStressTest" time="0.052" classname="testcases.StressTest"/>
  <testcase name="postRequestStressTest" time="0.013" classname="testcases.StressTest"/>
  <testcase name="postRequestStressTest" time="0.058" classname="testcases.StressTest"/>
  <testcase name="postRequestStressTest" time="0.067" classname="testcases.StressTest"/>
  <testcase name="postRequestStressTest" time="0.095" classname="testcases.StressTest"/>
  <testcase name="postRequestStressTest" time="0.022" classname="testcases.StressTest"/>
  <testcase name="postRequestStressTest" time="0.041" classname="testcases.StressTest"/>
  <testcase name="postRequestStressTest" time="0.061" classname="testcases.StressTest"/>
  <testcase name="postRequestStressTest" time="0.135" classname="testcases.StressTest"/>
  <testcase name="postRequestStressTest" time="0.030" classname="testcases.StressTest"/>
  <testcase name="postRequestStressTest" time="0.017" classname="testcases.StressTest"/>
  <testcase name="postRequestStressTest" time="0.009" classname="testcases.StressTest"/>
  <testcase name="postRequestStressTest" time="0.035" classname="testcases.StressTest"/>
  <testcase name="postRequestStressTest" time="0.045" classname="testcases.StressTest"/>
  <testcase name="postRequestStressTest" time="0.054" classname="testcases.StressTest"/>
  <testcase name="postRequestStressTest" time="0.106" classname="testcases.StressTest"/>
  <testcase name="postRequestStressTest" time="0.020" classname="testcases.StressTest"/>
  <testcase name="postRequestStressTest" time="0.029" classname="testcases.StressTest"/>
  <testcase name="postRequestStressTest" time="0.196" classname="testcases.StressTest"/>
  <testcase name="postRequestStressTest" time="0.043" classname="testcases.StressTest"/>
  <testcase name="postRequestStressTest" time="0.116" classname="testcases.StressTest"/>
  <testcase name="postRequestStressTest" time="0.063" classname="testcases.StressTest"/>
  <testcase name="postRequestStressTest" time="0.022" classname="testcases.StressTest"/>
  <testcase name="postRequestStressTest" time="0.075" classname="testcases.StressTest"/>
  <testcase name="postRequestStressTest" time="0.116" classname="testcases.StressTest"/>
  <testcase name="postRequestStressTest" time="0.044" classname="testcases.StressTest"/>
  <testcase name="postRequestStressTest" time="0.083" classname="testcases.StressTest"/>
  <testcase name="postRequestStressTest" time="0.073" classname="testcases.StressTest"/>
  <testcase name="postRequestStressTest" time="0.128" classname="testcases.StressTest"/>
  <testcase name="postRequestStressTest" time="0.135" classname="testcases.StressTest"/>
  <testcase name="postRequestStressTest" time="0.115" classname="testcases.StressTest"/>
  <testcase name="postRequestStressTest" time="0.050" classname="testcases.StressTest"/>
  <testcase name="postRequestStressTest" time="0.027" classname="testcases.StressTest"/>
  <testcase name="postRequestStressTest" time="0.062" classname="testcases.StressTest"/>
  <testcase name="postRequestStressTest" time="0.026" classname="testcases.StressTest"/>
  <testcase name="postRequestStressTest" time="0.063" classname="testcases.StressTest"/>
  <testcase name="postRequestStressTest" time="0.030" classname="testcases.StressTest"/>
  <testcase name="postRequestStressTest" time="0.027" classname="testcases.StressTest"/>
  <testcase name="postRequestStressTest" time="0.047" classname="testcases.StressTest"/>
  <testcase name="postRequestStressTest" time="0.116" classname="testcases.StressTest"/>
  <testcase name="postRequestStressTest" time="0.023" classname="testcases.StressTest"/>
  <testcase name="postRequestStressTest" time="0.036" classname="testcases.StressTest"/>
  <testcase name="postRequestStressTest" time="0.075" classname="testcases.StressTest"/>
  <testcase name="postRequestStressTest" time="0.030" classname="testcases.StressTest"/>
  <testcase name="postRequestStressTest" time="0.036" classname="testcases.StressTest"/>
  <testcase name="postRequestStressTest" time="0.035" classname="testcases.StressTest"/>
  <testcase name="postRequestStressTest" time="0.055" classname="testcases.StressTest"/>
  <testcase name="postRequestStressTest" time="0.008" classname="testcases.StressTest"/>
  <testcase name="postRequestStressTest" time="0.070" classname="testcases.StressTest"/>
  <testcase name="postRequestStressTest" time="0.030" classname="testcases.StressTest"/>
  <testcase name="postRequestStressTest" time="0.301" classname="testcases.StressTest"/>
  <testcase name="postRequestStressTest" time="0.017" classname="testcases.StressTest"/>
  <testcase name="postRequestStressTest" time="0.016" classname="testcases.StressTest"/>
  <testcase name="postRequestStressTest" time="0.049" classname="testcases.StressTest"/>
  <testcase name="postRequestStressTest" time="0.029" classname="testcases.StressTest"/>
  <testcase name="postRequestStressTest" time="0.021" classname="testcases.StressTest"/>
  <testcase name="postRequestStressTest" time="0.197" classname="testcases.StressTest"/>
  <testcase name="postRequestStressTest" time="0.032" classname="testcases.StressTest"/>
  <testcase name="postRequestStressTest" time="0.125" classname="testcases.StressTest"/>
  <testcase name="postRequestStressTest" time="0.105" classname="testcases.StressTest"/>
  <testcase name="postRequestStressTest" time="0.016" classname="testcases.StressTest"/>
  <testcase name="postRequestStressTest" time="0.028" classname="testcases.StressTest"/>
  <testcase name="postRequestStressTest" time="0.112" classname="testcases.StressTest"/>
  <testcase name="postRequestStressTest" time="0.049" classname="testcases.StressTest"/>
  <testcase name="postRequestStressTest" time="0.014" classname="testcases.StressTest"/>
  <testcase name="postRequestStressTest" time="0.035" classname="testcases.StressTest"/>
  <testcase name="postRequestStressTest" time="0.060" classname="testcases.StressTest"/>
  <testcase name="postRequestStressTest" time="0.029" classname="testcases.StressTest"/>
  <testcase name="postRequestStressTest" time="0.176" classname="testcases.StressTest"/>
  <testcase name="postRequestStressTest" time="0.041" classname="testcases.StressTest"/>
  <testcase name="postRequestStressTest" time="0.065" classname="testcases.StressTest"/>
  <testcase name="postRequestStressTest" time="0.100" classname="testcases.StressTest"/>
  <testcase name="postRequestStressTest" time="0.037" classname="testcases.StressTest"/>
  <testcase name="postRequestStressTest" time="0.045" classname="testcases.StressTest"/>
  <testcase name="postRequestStressTest" time="0.007" classname="testcases.StressTest"/>
  <testcase name="postRequestStressTest" time="0.038" classname="testcases.StressTest"/>
  <testcase name="postRequestStressTest" time="0.015" classname="testcases.StressTest"/>
  <testcase name="postRequestStressTest" time="0.029" classname="testcases.StressTest"/>
  <testcase name="postRequestStressTest" time="0.037" classname="testcases.StressTest"/>
  <testcase name="postRequestStressTest" time="0.168" classname="testcases.StressTest"/>
  <testcase name="postRequestStressTest" time="0.091" classname="testcases.StressTest"/>
  <testcase name="postRequestStressTest" time="0.026" classname="testcases.StressTest"/>
  <testcase name="postRequestStressTest" time="0.016" classname="testcases.StressTest"/>
  <testcase name="postRequestStressTest" time="0.245" classname="testcases.StressTest"/>
  <testcase name="postRequestStressTest" time="0.075" classname="testcases.StressTest"/>
  <testcase name="postRequestStressTest" time="0.055" classname="testcases.StressTest"/>
  <testcase name="postRequestStressTest" time="0.032" classname="testcases.StressTest"/>
  <testcase name="postRequestStressTest" time="0.051" classname="testcases.StressTest"/>
  <testcase name="postRequestStressTest" time="0.067" classname="testcases.StressTest"/>
  <testcase name="postRequestStressTest" time="0.026" classname="testcases.StressTest"/>
  <testcase name="postRequestStressTest" time="0.219" classname="testcases.StressTest"/>
  <testcase name="postRequestStressTest" time="0.038" classname="testcases.StressTest"/>
  <testcase name="postRequestStressTest" time="0.036" classname="testcases.StressTest"/>
  <testcase name="postRequestStressTest" time="0.046" classname="testcases.StressTest"/>
  <testcase name="postRequestStressTest" time="0.043" classname="testcases.StressTest"/>
  <testcase name="postRequestStressTest" time="0.089" classname="testcases.StressTest"/>
  <testcase name="postRequestStressTest" time="0.061" classname="testcases.StressTest"/>
  <testcase name="postRequestStressTest" time="0.025" classname="testcases.StressTest"/>
  <testcase name="postRequestStressTest" time="0.054" classname="testcases.StressTest"/>
  <testcase name="postRequestStressTest" time="0.092" classname="testcases.StressTest"/>
  <testcase name="postRequestStressTest" time="0.064" classname="testcases.StressTest"/>
  <testcase name="postRequestStressTest" time="0.017" classname="testcases.StressTest"/>
  <testcase name="postRequestStressTest" time="0.045" classname="testcases.StressTest"/>
  <testcase name="postRequestStressTest" time="0.304" classname="testcases.StressTest"/>
  <testcase name="postRequestStressTest" time="0.092" classname="testcases.StressTest"/>
  <testcase name="postRequestStressTest" time="0.087" classname="testcases.StressTest"/>
  <testcase name="postRequestStressTest" time="0.046" classname="testcases.StressTest"/>
  <testcase name="postRequestStressTest" time="0.065" classname="testcases.StressTest"/>
  <testcase name="postRequestStressTest" time="0.019" classname="testcases.StressTest"/>
  <testcase name="postRequestStressTest" time="0.047" classname="testcases.StressTest"/>
  <testcase name="postRequestStressTest" time="0.056" classname="testcases.StressTest"/>
  <testcase name="postRequestStressTest" time="0.057" classname="testcases.StressTest"/>
  <testcase name="postRequestStressTest" time="0.014" classname="testcases.StressTest"/>
  <testcase name="postRequestStressTest" time="0.017" classname="testcases.StressTest"/>
  <testcase name="postRequestStressTest" time="0.038" classname="testcases.StressTest"/>
  <testcase name="postRequestStressTest" time="0.024" classname="testcases.StressTest"/>
  <testcase name="postRequestStressTest" time="0.033" classname="testcases.StressTest"/>
  <testcase name="postRequestStressTest" time="0.054" classname="testcases.StressTest"/>
  <testcase name="postRequestStressTest" time="0.046" classname="testcases.StressTest"/>
  <testcase name="postRequestStressTest" time="0.025" classname="testcases.StressTest"/>
  <testcase name="postRequestStressTest" time="0.046" classname="testcases.StressTest"/>
  <testcase name="postRequestStressTest" time="0.235" classname="testcases.StressTest"/>
  <testcase name="postRequestStressTest" time="0.022" classname="testcases.StressTest"/>
  <testcase name="postRequestStressTest" time="0.093" classname="testcases.StressTest"/>
  <testcase name="postRequestStressTest" time="0.048" classname="testcases.StressTest"/>
  <testcase name="postRequestStressTest" time="0.042" classname="testcases.StressTest"/>
  <testcase name="postRequestStressTest" time="0.134" classname="testcases.StressTest"/>
  <testcase name="postRequestStressTest" time="0.116" classname="testcases.StressTest"/>
  <testcase name="postRequestStressTest" time="0.045" classname="testcases.StressTest"/>
  <testcase name="postRequestStressTest" time="0.080" classname="testcases.StressTest"/>
  <testcase name="postRequestStressTest" time="0.011" classname="testcases.StressTest"/>
  <testcase name="postRequestStressTest" time="0.086" classname="testcases.StressTest"/>
  <testcase name="postRequestStressTest" time="0.029" classname="testcases.StressTest"/>
  <testcase name="postRequestStressTest" time="0.031" classname="testcases.StressTest"/>
  <testcase name="postRequestStressTest" time="0.036" classname="testcases.StressTest"/>
  <testcase name="postRequestStressTest" time="0.011" classname="testcases.StressTest"/>
  <testcase name="postRequestStressTest" time="0.094" classname="testcases.StressTest"/>
  <testcase name="postRequestStressTest" time="0.011" classname="testcases.StressTest"/>
  <testcase name="postRequestStressTest" time="0.076" classname="testcases.StressTest"/>
  <testcase name="postRequestStressTest" time="0.019" classname="testcases.StressTest"/>
  <testcase name="postRequestStressTest" time="0.064" classname="testcases.StressTest"/>
  <testcase name="postRequestStressTest" time="0.038" classname="testcases.StressTest"/>
  <testcase name="postRequestStressTest" time="0.015" classname="testcases.StressTest"/>
  <testcase name="postRequestStressTest" time="0.140" classname="testcases.StressTest"/>
  <testcase name="postRequestStressTest" time="0.032" classname="testcases.StressTest"/>
  <testcase name="postRequestStressTest" time="0.016" classname="testcases.StressTest"/>
  <testcase name="postRequestStressTest" time="0.052" classname="testcases.StressTest"/>
  <testcase name="postRequestStressTest" time="0.020" classname="testcases.StressTest"/>
  <testcase name="postRequestStressTest" time="0.072" classname="testcases.StressTest"/>
  <testcase name="postRequestStressTest" time="0.016" classname="testcases.StressTest"/>
  <testcase name="postRequestStressTest" time="0.031" classname="testcases.StressTest"/>
  <testcase name="postRequestStressTest" time="0.115" classname="testcases.StressTest"/>
  <testcase name="postRequestStressTest" time="0.080" classname="testcases.StressTest"/>
  <testcase name="postRequestStressTest" time="0.029" classname="testcases.StressTest"/>
  <testcase name="postRequestStressTest" time="0.034" classname="testcases.StressTest"/>
  <testcase name="postRequestStressTest" time="0.033" classname="testcases.StressTest"/>
  <testcase name="postRequestStressTest" time="0.030" classname="testcases.StressTest"/>
  <testcase name="postRequestStressTest" time="0.041" classname="testcases.StressTest"/>
  <testcase name="postRequestStressTest" time="0.016" classname="testcases.StressTest"/>
  <testcase name="postRequestStressTest" time="0.033" classname="testcases.StressTest"/>
  <testcase name="postRequestStressTest" time="0.076" classname="testcases.StressTest"/>
  <testcase name="postRequestStressTest" time="0.019" classname="testcases.StressTest"/>
  <testcase name="postRequestStressTest" time="0.019" classname="testcases.StressTest"/>
  <testcase name="postRequestStressTest" time="0.180" classname="testcases.StressTest"/>
  <testcase name="postRequestStressTest" time="0.042" classname="testcases.StressTest"/>
  <testcase name="postRequestStressTest" time="0.065" classname="testcases.StressTest"/>
  <testcase name="postRequestStressTest" time="0.013" classname="testcases.StressTest"/>
  <testcase name="postRequestStressTest" time="0.091" classname="testcases.StressTest"/>
  <testcase name="postRequestStressTest" time="0.176" classname="testcases.StressTest"/>
  <testcase name="postRequestStressTest" time="0.079" classname="testcases.StressTest"/>
  <testcase name="postRequestStressTest" time="0.111" classname="testcases.StressTest"/>
  <testcase name="postRequestStressTest" time="0.025" classname="testcases.StressTest"/>
  <testcase name="postRequestStressTest" time="0.149" classname="testcases.StressTest"/>
  <testcase name="postRequestStressTest" time="0.061" classname="testcases.StressTest"/>
  <testcase name="postRequestStressTest" time="0.017" classname="testcases.StressTest"/>
  <testcase name="postRequestStressTest" time="0.040" classname="testcases.StressTest"/>
  <testcase name="postRequestStressTest" time="0.019" classname="testcases.StressTest"/>
  <testcase name="postRequestStressTest" time="0.039" classname="testcases.StressTest"/>
  <testcase name="postRequestStressTest" time="0.018" classname="testcases.StressTest"/>
  <testcase name="postRequestStressTest" time="0.056" classname="testcases.StressTest"/>
  <testcase name="postRequestStressTest" time="0.014" classname="testcases.StressTest"/>
  <testcase name="postRequestStressTest" time="0.079" classname="testcases.StressTest"/>
  <testcase name="postRequestStressTest" time="0.021" classname="testcases.StressTest"/>
  <testcase name="postRequestStressTest" time="0.069" classname="testcases.StressTest"/>
  <testcase name="postRequestStressTest" time="0.063" classname="testcases.StressTest"/>
  <testcase name="postRequestStressTest" time="0.045" classname="testcases.StressTest"/>
  <testcase name="postRequestStressTest" time="0.027" classname="testcases.StressTest"/>
  <testcase name="postRequestStressTest" time="0.048" classname="testcases.StressTest"/>
  <testcase name="postRequestStressTest" time="0.037" classname="testcases.StressTest"/>
  <testcase name="postRequestStressTest" time="0.637" classname="testcases.StressTest"/>
  <testcase name="postRequestStressTest" time="0.109" classname="testcases.StressTest"/>
  <testcase name="postRequestStressTest" time="0.038" classname="testcases.StressTest"/>
  <testcase name="postRequestStressTest" time="0.208" classname="testcases.StressTest"/>
  <testcase name="postRequestStressTest" time="0.026" classname="testcases.StressTest"/>
  <testcase name="postRequestStressTest" time="0.027" classname="testcases.StressTest"/>
  <testcase name="postRequestStressTest" time="0.054" classname="testcases.StressTest"/>
  <testcase name="postRequestStressTest" time="0.064" classname="testcases.StressTest"/>
  <testcase name="postRequestStressTest" time="0.093" classname="testcases.StressTest"/>
  <testcase name="postRequestStressTest" time="0.040" classname="testcases.StressTest"/>
  <testcase name="postRequestStressTest" time="0.021" classname="testcases.StressTest"/>
  <testcase name="postRequestStressTest" time="0.091" classname="testcases.StressTest"/>
  <testcase name="postRequestStressTest" time="0.016" classname="testcases.StressTest"/>
  <testcase name="postRequestStressTest" time="0.036" classname="testcases.StressTest"/>
  <testcase name="postRequestStressTest" time="0.027" classname="testcases.StressTest"/>
  <testcase name="postRequestStressTest" time="0.044" classname="testcases.StressTest"/>
  <testcase name="postRequestStressTest" time="0.032" classname="testcases.StressTest"/>
  <testcase name="postRequestStressTest" time="0.028" classname="testcases.StressTest"/>
  <testcase name="postRequestStressTest" time="0.021" classname="testcases.StressTest"/>
  <testcase name="postRequestStressTest" time="0.054" classname="testcases.StressTest"/>
  <testcase name="postRequestStressTest" time="0.017" classname="testcases.StressTest"/>
  <testcase name="postRequestStressTest" time="0.044" classname="testcases.StressTest"/>
  <testcase name="postRequestStressTest" time="0.059" classname="testcases.StressTest"/>
  <testcase name="postRequestStressTest" time="0.059" classname="testcases.StressTest"/>
  <testcase name="postRequestStressTest" time="0.022" classname="testcases.StressTest"/>
  <testcase name="postRequestStressTest" time="0.028" classname="testcases.StressTest"/>
  <testcase name="postRequestStressTest" time="0.207" classname="testcases.StressTest"/>
  <testcase name="postRequestStressTest" time="0.008" classname="testcases.StressTest"/>
  <testcase name="postRequestStressTest" time="0.081" classname="testcases.StressTest"/>
  <testcase name="postRequestStressTest" time="0.028" classname="testcases.StressTest"/>
  <testcase name="postRequestStressTest" time="0.066" classname="testcases.StressTest"/>
  <testcase name="postRequestStressTest" time="0.038" classname="testcases.StressTest"/>
  <testcase name="postRequestStressTest" time="0.031" classname="testcases.StressTest"/>
  <testcase name="postRequestStressTest" time="0.052" classname="testcases.StressTest"/>
  <testcase name="postRequestStressTest" time="0.066" classname="testcases.StressTest"/>
  <testcase name="postRequestStressTest" time="0.017" classname="testcases.StressTest"/>
  <testcase name="postRequestStressTest" time="0.088" classname="testcases.StressTest"/>
  <testcase name="postRequestStressTest" time="0.122" classname="testcases.StressTest"/>
  <testcase name="postRequestStressTest" time="0.021" classname="testcases.StressTest"/>
  <testcase name="postRequestStressTest" time="0.049" classname="testcases.StressTest"/>
  <testcase name="postRequestStressTest" time="0.026" classname="testcases.StressTest"/>
  <testcase name="postRequestStressTest" time="0.096" classname="testcases.StressTest"/>
  <testcase name="postRequestStressTest" time="0.053" classname="testcases.StressTest"/>
  <testcase name="postRequestStressTest" time="0.015" classname="testcases.StressTest"/>
  <testcase name="postRequestStressTest" time="0.053" classname="testcases.StressTest"/>
  <testcase name="postRequestStressTest" time="0.099" classname="testcases.StressTest"/>
  <testcase name="postRequestStressTest" time="0.025" classname="testcases.StressTest"/>
  <testcase name="postRequestStressTest" time="0.025" classname="testcases.StressTest"/>
  <testcase name="postRequestStressTest" time="0.051" classname="testcases.StressTest"/>
  <testcase name="postRequestStressTest" time="0.077" classname="testcases.StressTest"/>
  <testcase name="postRequestStressTest" time="0.040" classname="testcases.StressTest"/>
  <testcase name="postRequestStressTest" time="0.025" classname="testcases.StressTest"/>
  <testcase name="postRequestStressTest" time="0.027" classname="testcases.StressTest"/>
  <testcase name="postRequestStressTest" time="0.074" classname="testcases.StressTest"/>
  <testcase name="postRequestStressTest" time="0.051" classname="testcases.StressTest"/>
  <testcase name="postRequestStressTest" time="0.028" classname="testcases.StressTest"/>
  <testcase name="postRequestStressTest" time="0.057" classname="testcases.StressTest"/>
  <testcase name="postRequestStressTest" time="0.044" classname="testcases.StressTest"/>
  <testcase name="postRequestStressTest" time="0.240" classname="testcases.StressTest"/>
  <testcase name="postRequestStressTest" time="0.064" classname="testcases.StressTest"/>
  <testcase name="postRequestStressTest" time="0.014" classname="testcases.StressTest"/>
  <testcase name="postRequestStressTest" time="0.031" classname="testcases.StressTest"/>
  <testcase name="postRequestStressTest" time="0.053" classname="testcases.StressTest"/>
  <testcase name="postRequestStressTest" time="0.015" classname="testcases.StressTest"/>
  <testcase name="postRequestStressTest" time="0.027" classname="testcases.StressTest"/>
  <testcase name="postRequestStressTest" time="0.012" classname="testcases.StressTest"/>
  <testcase name="postRequestStressTest" time="0.014" classname="testcases.StressTest"/>
  <testcase name="postRequestStressTest" time="0.059" classname="testcases.StressTest"/>
  <testcase name="postRequestStressTest" time="0.036" classname="testcases.StressTest"/>
  <testcase name="postRequestStressTest" time="0.397" classname="testcases.StressTest"/>
  <testcase name="postRequestStressTest" time="0.014" classname="testcases.StressTest"/>
  <testcase name="postRequestStressTest" time="0.037" classname="testcases.StressTest"/>
  <testcase name="postRequestStressTest" time="0.061" classname="testcases.StressTest"/>
  <testcase name="postRequestStressTest" time="0.064" classname="testcases.StressTest"/>
  <testcase name="postRequestStressTest" time="0.129" classname="testcases.StressTest"/>
  <testcase name="postRequestStressTest" time="0.029" classname="testcases.StressTest"/>
  <testcase name="postRequestStressTest" time="0.009" classname="testcases.StressTest"/>
  <testcase name="postRequestStressTest" time="0.153" classname="testcases.StressTest"/>
  <testcase name="postRequestStressTest" time="0.009" classname="testcases.StressTest"/>
  <testcase name="postRequestStressTest" time="0.022" classname="testcases.StressTest"/>
  <testcase name="postRequestStressTest" time="0.048" classname="testcases.StressTest"/>
  <testcase name="postRequestStressTest" time="0.006" classname="testcases.StressTest"/>
  <testcase name="postRequestStressTest" time="0.020" classname="testcases.StressTest"/>
  <testcase name="postRequestStressTest" time="0.046" classname="testcases.StressTest"/>
  <testcase name="postRequestStressTest" time="0.061" classname="testcases.StressTest"/>
  <testcase name="postRequestStressTest" time="0.057" classname="testcases.StressTest"/>
  <testcase name="postRequestStressTest" time="0.024" classname="testcases.StressTest"/>
  <testcase name="postRequestStressTest" time="0.035" classname="testcases.StressTest"/>
  <testcase name="postRequestStressTest" time="0.060" classname="testcases.StressTest"/>
  <testcase name="postRequestStressTest" time="0.058" classname="testcases.StressTest"/>
  <testcase name="postRequestStressTest" time="0.020" classname="testcases.StressTest"/>
  <testcase name="postRequestStressTest" time="0.058" classname="testcases.StressTest"/>
  <testcase name="postRequestStressTest" time="0.021" classname="testcases.StressTest"/>
  <testcase name="postRequestStressTest" time="0.036" classname="testcases.StressTest"/>
  <testcase name="postRequestStressTest" time="0.026" classname="testcases.StressTest"/>
  <testcase name="postRequestStressTest" time="0.027" classname="testcases.StressTest"/>
  <testcase name="postRequestStressTest" time="0.041" classname="testcases.StressTest"/>
  <testcase name="postRequestStressTest" time="0.015" classname="testcases.StressTest"/>
  <testcase name="postRequestStressTest" time="0.033" classname="testcases.StressTest"/>
  <testcase name="postRequestStressTest" time="0.019" classname="testcases.StressTest"/>
  <testcase name="postRequestStressTest" time="0.137" classname="testcases.StressTest"/>
  <testcase name="postRequestStressTest" time="0.105" classname="testcases.StressTest"/>
  <testcase name="postRequestStressTest" time="0.049" classname="testcases.StressTest"/>
  <testcase name="postRequestStressTest" time="0.050" classname="testcases.StressTest"/>
  <testcase name="postRequestStressTest" time="0.048" classname="testcases.StressTest"/>
  <testcase name="postRequestStressTest" time="0.031" classname="testcases.StressTest"/>
  <testcase name="postRequestStressTest" time="0.055" classname="testcases.StressTest"/>
  <testcase name="postRequestStressTest" time="0.005" classname="testcases.StressTest"/>
  <testcase name="postRequestStressTest" time="0.051" classname="testcases.StressTest"/>
  <testcase name="postRequestStressTest" time="0.072" classname="testcases.StressTest"/>
  <testcase name="postRequestStressTest" time="0.017" classname="testcases.StressTest"/>
  <testcase name="postRequestStressTest" time="0.023" classname="testcases.StressTest"/>
  <testcase name="postRequestStressTest" time="0.062" classname="testcases.StressTest"/>
  <testcase name="postRequestStressTest" time="0.031" classname="testcases.StressTest"/>
  <testcase name="postRequestStressTest" time="0.020" classname="testcases.StressTest"/>
  <testcase name="postRequestStressTest" time="0.051" classname="testcases.StressTest"/>
  <testcase name="postRequestStressTest" time="0.026" classname="testcases.StressTest"/>
  <testcase name="postRequestStressTest" time="0.014" classname="testcases.StressTest"/>
  <testcase name="postRequestStressTest" time="0.097" classname="testcases.StressTest"/>
  <testcase name="postRequestStressTest" time="0.022" classname="testcases.StressTest"/>
  <testcase name="postRequestStressTest" time="0.018" classname="testcases.StressTest"/>
  <testcase name="postRequestStressTest" time="0.022" classname="testcases.StressTest"/>
  <testcase name="postRequestStressTest" time="0.112" classname="testcases.StressTest"/>
  <testcase name="postRequestStressTest" time="0.068" classname="testcases.StressTest"/>
  <testcase name="postRequestStressTest" time="0.038" classname="testcases.StressTest"/>
  <testcase name="postRequestStressTest" time="0.058" classname="testcases.StressTest"/>
  <testcase name="postRequestStressTest" time="0.037" classname="testcases.StressTest"/>
  <testcase name="postRequestStressTest" time="0.032" classname="testcases.StressTest"/>
  <testcase name="postRequestStressTest" time="0.022" classname="testcases.StressTest"/>
  <testcase name="postRequestStressTest" time="0.091" classname="testcases.StressTest"/>
  <testcase name="postRequestStressTest" time="0.025" classname="testcases.StressTest"/>
  <testcase name="postRequestStressTest" time="0.086" classname="testcases.StressTest"/>
  <testcase name="postRequestStressTest" time="0.045" classname="testcases.StressTest"/>
  <testcase name="postRequestStressTest" time="0.072" classname="testcases.StressTest"/>
  <testcase name="postRequestStressTest" time="0.243" classname="testcases.StressTest"/>
  <testcase name="postRequestStressTest" time="0.034" classname="testcases.StressTest"/>
  <testcase name="postRequestStressTest" time="0.074" classname="testcases.StressTest"/>
  <testcase name="postRequestStressTest" time="0.026" classname="testcases.StressTest"/>
  <testcase name="postRequestStressTest" time="0.019" classname="testcases.StressTest"/>
  <testcase name="postRequestStressTest" time="0.005" classname="testcases.StressTest"/>
  <testcase name="postRequestStressTest" time="0.062" classname="testcases.StressTest"/>
  <testcase name="postRequestStressTest" time="0.005" classname="testcases.StressTest"/>
  <testcase name="postRequestStressTest" time="0.044" classname="testcases.StressTest"/>
  <testcase name="postRequestStressTest" time="0.078" classname="testcases.StressTest"/>
  <testcase name="postRequestStressTest" time="0.039" classname="testcases.StressTest"/>
  <testcase name="postRequestStressTest" time="0.038" classname="testcases.StressTest"/>
  <testcase name="postRequestStressTest" time="0.191" classname="testcases.StressTest"/>
  <testcase name="postRequestStressTest" time="0.027" classname="testcases.StressTest"/>
  <testcase name="postRequestStressTest" time="0.078" classname="testcases.StressTest"/>
  <testcase name="postRequestStressTest" time="0.053" classname="testcases.StressTest"/>
  <testcase name="postRequestStressTest" time="0.012" classname="testcases.StressTest"/>
  <testcase name="postRequestStressTest" time="0.059" classname="testcases.StressTest"/>
  <testcase name="postRequestStressTest" time="0.065" classname="testcases.StressTest"/>
  <testcase name="postRequestStressTest" time="0.115" classname="testcases.StressTest"/>
  <testcase name="postRequestStressTest" time="0.016" classname="testcases.StressTest"/>
  <testcase name="postRequestStressTest" time="0.085" classname="testcases.StressTest"/>
  <testcase name="postRequestStressTest" time="0.043" classname="testcases.StressTest"/>
  <testcase name="postRequestStressTest" time="0.039" classname="testcases.StressTest"/>
  <testcase name="postRequestStressTest" time="0.095" classname="testcases.StressTest"/>
  <testcase name="postRequestStressTest" time="0.045" classname="testcases.StressTest"/>
  <testcase name="postRequestStressTest" time="0.048" classname="testcases.StressTest"/>
  <testcase name="postRequestStressTest" time="0.012" classname="testcases.StressTest"/>
  <testcase name="postRequestStressTest" time="0.071" classname="testcases.StressTest"/>
  <testcase name="postRequestStressTest" time="0.024" classname="testcases.StressTest"/>
  <testcase name="postRequestStressTest" time="0.015" classname="testcases.StressTest"/>
  <testcase name="postRequestStressTest" time="0.043" classname="testcases.StressTest"/>
  <testcase name="postRequestStressTest" time="0.042" classname="testcases.StressTest"/>
  <testcase name="postRequestStressTest" time="0.119" classname="testcases.StressTest"/>
  <testcase name="postRequestStressTest" time="0.050" classname="testcases.StressTest"/>
  <testcase name="postRequestStressTest" time="0.011" classname="testcases.StressTest"/>
  <testcase name="postRequestStressTest" time="0.012" classname="testcases.StressTest"/>
  <testcase name="postRequestStressTest" time="0.033" classname="testcases.StressTest"/>
  <testcase name="postRequestStressTest" time="0.168" classname="testcases.StressTest"/>
  <testcase name="postRequestStressTest" time="0.022" classname="testcases.StressTest"/>
  <testcase name="postRequestStressTest" time="0.120" classname="testcases.StressTest"/>
  <testcase name="postRequestStressTest" time="0.065" classname="testcases.StressTest"/>
  <testcase name="postRequestStressTest" time="0.155" classname="testcases.StressTest"/>
  <testcase name="postRequestStressTest" time="0.057" classname="testcases.StressTest"/>
  <testcase name="postRequestStressTest" time="0.079" classname="testcases.StressTest"/>
  <testcase name="postRequestStressTest" time="0.018" classname="testcases.StressTest"/>
  <testcase name="postRequestStressTest" time="0.141" classname="testcases.StressTest"/>
  <testcase name="postRequestStressTest" time="0.021" classname="testcases.StressTest"/>
  <testcase name="postRequestStressTest" time="0.027" classname="testcases.StressTest"/>
  <testcase name="postRequestStressTest" time="0.049" classname="testcases.StressTest"/>
  <testcase name="postRequestStressTest" time="0.038" classname="testcases.StressTest"/>
  <testcase name="postRequestStressTest" time="0.149" classname="testcases.StressTest"/>
  <testcase name="postRequestStressTest" time="0.019" classname="testcases.StressTest"/>
  <testcase name="postRequestStressTest" time="0.076" classname="testcases.StressTest"/>
  <testcase name="postRequestStressTest" time="0.027" classname="testcases.StressTest"/>
  <testcase name="postRequestStressTest" time="0.031" classname="testcases.StressTest"/>
  <testcase name="postRequestStressTest" time="0.167" classname="testcases.StressTest"/>
  <testcase name="postRequestStressTest" time="0.023" classname="testcases.StressTest"/>
  <testcase name="postRequestStressTest" time="0.066" classname="testcases.StressTest"/>
  <testcase name="postRequestStressTest" time="0.043" classname="testcases.StressTest"/>
  <testcase name="postRequestStressTest" time="0.028" classname="testcases.StressTest"/>
  <testcase name="postRequestStressTest" time="0.029" classname="testcases.StressTest"/>
  <testcase name="postRequestStressTest" time="0.091" classname="testcases.StressTest"/>
  <testcase name="postRequestStressTest" time="0.058" classname="testcases.StressTest"/>
  <testcase name="postRequestStressTest" time="0.017" classname="testcases.StressTest"/>
  <testcase name="postRequestStressTest" time="0.058" classname="testcases.StressTest"/>
  <testcase name="postRequestStressTest" time="0.073" classname="testcases.StressTest"/>
  <testcase name="postRequestStressTest" time="0.183" classname="testcases.StressTest"/>
  <testcase name="postRequestStressTest" time="0.142" classname="testcases.StressTest"/>
  <testcase name="postRequestStressTest" time="0.220" classname="testcases.StressTest"/>
  <testcase name="postRequestStressTest" time="0.035" classname="testcases.StressTest"/>
  <testcase name="postRequestStressTest" time="0.038" classname="testcases.StressTest"/>
  <testcase name="postRequestStressTest" time="0.044" classname="testcases.StressTest"/>
  <testcase name="postRequestStressTest" time="0.039" classname="testcases.StressTest"/>
  <testcase name="postRequestStressTest" time="0.014" classname="testcases.StressTest"/>
  <testcase name="postRequestStressTest" time="0.317" classname="testcases.StressTest"/>
  <testcase name="postRequestStressTest" time="0.039" classname="testcases.StressTest"/>
  <testcase name="postRequestStressTest" time="0.359" classname="testcases.StressTest"/>
  <testcase name="postRequestStressTest" time="0.012" classname="testcases.StressTest"/>
  <testcase name="postRequestStressTest" time="0.179" classname="testcases.StressTest"/>
  <testcase name="postRequestStressTest" time="0.044" classname="testcases.StressTest"/>
  <testcase name="postRequestStressTest" time="0.053" classname="testcases.StressTest"/>
  <testcase name="postRequestStressTest" time="0.213" classname="testcases.StressTest"/>
  <testcase name="postRequestStressTest" time="0.059" classname="testcases.StressTest"/>
  <testcase name="postRequestStressTest" time="0.067" classname="testcases.StressTest"/>
  <testcase name="postRequestStressTest" time="0.069" classname="testcases.StressTest"/>
  <testcase name="postRequestStressTest" time="0.093" classname="testcases.StressTest"/>
  <testcase name="postRequestStressTest" time="0.055" classname="testcases.StressTest"/>
  <testcase name="postRequestStressTest" time="0.243" classname="testcases.StressTest"/>
  <testcase name="postRequestStressTest" time="0.017" classname="testcases.StressTest"/>
  <testcase name="postRequestStressTest" time="0.111" classname="testcases.StressTest"/>
  <testcase name="postRequestStressTest" time="0.042" classname="testcases.StressTest"/>
  <testcase name="postRequestStressTest" time="0.085" classname="testcases.StressTest"/>
  <testcase name="postRequestStressTest" time="0.200" classname="testcases.StressTest"/>
  <testcase name="postRequestStressTest" time="0.027" classname="testcases.StressTest"/>
  <testcase name="postRequestStressTest" time="0.032" classname="testcases.StressTest"/>
  <testcase name="postRequestStressTest" time="0.011" classname="testcases.StressTest"/>
  <testcase name="postRequestStressTest" time="0.082" classname="testcases.StressTest"/>
  <testcase name="postRequestStressTest" time="0.034" classname="testcases.StressTest"/>
  <testcase name="postRequestStressTest" time="0.043" classname="testcases.StressTest"/>
  <testcase name="postRequestStressTest" time="0.015" classname="testcases.StressTest"/>
  <testcase name="postRequestStressTest" time="0.042" classname="testcases.StressTest"/>
  <testcase name="postRequestStressTest" time="0.074" classname="testcases.StressTest"/>
  <testcase name="postRequestStressTest" time="0.215" classname="testcases.StressTest"/>
  <testcase name="postRequestStressTest" time="0.045" classname="testcases.StressTest"/>
  <testcase name="postRequestStressTest" time="0.029" classname="testcases.StressTest"/>
  <testcase name="postRequestStressTest" time="0.047" classname="testcases.StressTest"/>
  <testcase name="postRequestStressTest" time="0.076" classname="testcases.StressTest"/>
  <testcase name="postRequestStressTest" time="0.044" classname="testcases.StressTest"/>
  <testcase name="postRequestStressTest" time="0.046" classname="testcases.StressTest"/>
  <testcase name="postRequestStressTest" time="0.024" classname="testcases.StressTest"/>
  <testcase name="postRequestStressTest" time="0.015" classname="testcases.StressTest"/>
  <testcase name="postRequestStressTest" time="0.085" classname="testcases.StressTest"/>
  <testcase name="postRequestStressTest" time="0.037" classname="testcases.StressTest"/>
  <testcase name="postRequestStressTest" time="0.068" classname="testcases.StressTest"/>
  <testcase name="postRequestStressTest" time="0.040" classname="testcases.StressTest"/>
  <testcase name="postRequestStressTest" time="0.049" classname="testcases.StressTest"/>
  <testcase name="postRequestStressTest" time="0.013" classname="testcases.StressTest"/>
  <testcase name="postRequestStressTest" time="0.016" classname="testcases.StressTest"/>
  <testcase name="postRequestStressTest" time="0.016" classname="testcases.StressTest"/>
  <testcase name="postRequestStressTest" time="0.178" classname="testcases.StressTest"/>
  <testcase name="postRequestStressTest" time="0.015" classname="testcases.StressTest"/>
  <testcase name="postRequestStressTest" time="0.084" classname="testcases.StressTest"/>
  <testcase name="postRequestStressTest" time="0.033" classname="testcases.StressTest"/>
  <testcase name="postRequestStressTest" time="0.322" classname="testcases.StressTest"/>
  <testcase name="postRequestStressTest" time="0.133" classname="testcases.StressTest"/>
  <testcase name="postRequestStressTest" time="0.024" classname="testcases.StressTest"/>
  <testcase name="postRequestStressTest" time="0.089" classname="testcases.StressTest"/>
  <testcase name="postRequestStressTest" time="0.011" classname="testcases.StressTest"/>
  <testcase name="postRequestStressTest" time="0.103" classname="testcases.StressTest"/>
  <testcase name="postRequestStressTest" time="0.037" classname="testcases.StressTest"/>
  <testcase name="postRequestStressTest" time="0.057" classname="testcases.StressTest"/>
  <testcase name="postRequestStressTest" time="0.046" classname="testcases.StressTest"/>
  <testcase name="postRequestStressTest" time="0.139" classname="testcases.StressTest"/>
  <testcase name="postRequestStressTest" time="0.029" classname="testcases.StressTest"/>
  <testcase name="postRequestStressTest" time="0.043" classname="testcases.StressTest"/>
  <testcase name="postRequestStressTest" time="0.090" classname="testcases.StressTest"/>
  <testcase name="postRequestStressTest" time="0.014" classname="testcases.StressTest"/>
  <testcase name="postRequestStressTest" time="0.155" classname="testcases.StressTest"/>
  <testcase name="postRequestStressTest" time="0.122" classname="testcases.StressTest"/>
  <testcase name="postRequestStressTest" time="0.048" classname="testcases.StressTest"/>
  <testcase name="postRequestStressTest" time="0.021" classname="testcases.StressTest"/>
  <testcase name="postRequestStressTest" time="0.114" classname="testcases.StressTest"/>
  <testcase name="postRequestStressTest" time="0.027" classname="testcases.StressTest"/>
  <testcase name="postRequestStressTest" time="0.044" classname="testcases.StressTest"/>
  <testcase name="postRequestStressTest" time="0.063" classname="testcases.StressTest"/>
  <testcase name="postRequestStressTest" time="0.055" classname="testcases.StressTest"/>
  <testcase name="postRequestStressTest" time="0.081" classname="testcases.StressTest"/>
  <testcase name="postRequestStressTest" time="0.023" classname="testcases.StressTest"/>
  <testcase name="postRequestStressTest" time="0.040" classname="testcases.StressTest"/>
  <testcase name="postRequestStressTest" time="0.077" classname="testcases.StressTest"/>
  <testcase name="postRequestStressTest" time="0.021" classname="testcases.StressTest"/>
  <testcase name="postRequestStressTest" time="0.034" classname="testcases.StressTest"/>
  <testcase name="postRequestStressTest" time="0.012" classname="testcases.StressTest"/>
  <testcase name="postRequestStressTest" time="0.064" classname="testcases.StressTest"/>
  <testcase name="postRequestStressTest" time="0.049" classname="testcases.StressTest"/>
  <testcase name="postRequestStressTest" time="0.110" classname="testcases.StressTest"/>
  <testcase name="postRequestStressTest" time="0.024" classname="testcases.StressTest"/>
  <testcase name="postRequestStressTest" time="0.075" classname="testcases.StressTest"/>
  <testcase name="postRequestStressTest" time="0.066" classname="testcases.StressTest"/>
  <testcase name="postRequestStressTest" time="0.033" classname="testcases.StressTest"/>
  <testcase name="postRequestStressTest" time="0.026" classname="testcases.StressTest"/>
  <testcase name="postRequestStressTest" time="0.064" classname="testcases.StressTest"/>
  <testcase name="postRequestStressTest" time="0.022" classname="testcases.StressTest"/>
  <testcase name="postRequestStressTest" time="0.027" classname="testcases.StressTest"/>
  <testcase name="postRequestStressTest" time="0.057" classname="testcases.StressTest"/>
  <testcase name="postRequestStressTest" time="0.018" classname="testcases.StressTest"/>
  <testcase name="postRequestStressTest" time="0.080" classname="testcases.StressTest"/>
  <testcase name="postRequestStressTest" time="0.110" classname="testcases.StressTest"/>
  <testcase name="postRequestStressTest" time="0.027" classname="testcases.StressTest"/>
  <testcase name="postRequestStressTest" time="0.094" classname="testcases.StressTest"/>
  <testcase name="postRequestStressTest" time="0.132" classname="testcases.StressTest"/>
  <testcase name="postRequestStressTest" time="0.029" classname="testcases.StressTest"/>
  <testcase name="postRequestStressTest" time="0.007" classname="testcases.StressTest"/>
  <testcase name="postRequestStressTest" time="0.053" classname="testcases.StressTest"/>
  <testcase name="postRequestStressTest" time="0.013" classname="testcases.StressTest"/>
  <testcase name="postRequestStressTest" time="0.028" classname="testcases.StressTest"/>
  <testcase name="postRequestStressTest" time="0.084" classname="testcases.StressTest"/>
  <testcase name="postRequestStressTest" time="0.149" classname="testcases.StressTest"/>
  <testcase name="postRequestStressTest" time="0.050" classname="testcases.StressTest"/>
  <testcase name="postRequestStressTest" time="0.065" classname="testcases.StressTest"/>
  <testcase name="postRequestStressTest" time="0.021" classname="testcases.StressTest"/>
  <testcase name="postRequestStressTest" time="0.150" classname="testcases.StressTest"/>
  <testcase name="postRequestStressTest" time="0.066" classname="testcases.StressTest"/>
  <testcase name="postRequestStressTest" time="0.023" classname="testcases.StressTest"/>
  <testcase name="postRequestStressTest" time="0.006" classname="testcases.StressTest"/>
  <testcase name="postRequestStressTest" time="0.022" classname="testcases.StressTest"/>
  <testcase name="postRequestStressTest" time="0.150" classname="testcases.StressTest"/>
  <testcase name="postRequestStressTest" time="0.049" classname="testcases.StressTest"/>
  <testcase name="postRequestStressTest" time="0.033" classname="testcases.StressTest"/>
  <testcase name="postRequestStressTest" time="0.332" classname="testcases.StressTest"/>
  <testcase name="postRequestStressTest" time="0.078" classname="testcases.StressTest"/>
  <testcase name="postRequestStressTest" time="0.026" classname="testcases.StressTest"/>
  <testcase name="postRequestStressTest" time="0.083" classname="testcases.StressTest"/>
  <testcase name="postRequestStressTest" time="0.037" classname="testcases.StressTest"/>
  <testcase name="postRequestStressTest" time="0.134" classname="testcases.StressTest"/>
  <testcase name="postRequestStressTest" time="0.037" classname="testcases.StressTest"/>
  <testcase name="postRequestStressTest" time="0.047" classname="testcases.StressTest"/>
  <testcase name="postRequestStressTest" time="0.034" classname="testcases.StressTest"/>
  <testcase name="postRequestStressTest" time="0.149" classname="testcases.StressTest"/>
  <testcase name="postRequestStressTest" time="0.130" classname="testcases.StressTest"/>
  <testcase name="postRequestStressTest" time="0.318" classname="testcases.StressTest"/>
  <testcase name="postRequestStressTest" time="0.122" classname="testcases.StressTest"/>
  <testcase name="postRequestStressTest" time="0.042" classname="testcases.StressTest"/>
  <testcase name="postRequestStressTest" time="0.015" classname="testcases.StressTest"/>
  <testcase name="postRequestStressTest" time="0.029" classname="testcases.StressTest"/>
  <testcase name="postRequestStressTest" time="0.188" classname="testcases.StressTest"/>
  <testcase name="postRequestStressTest" time="0.014" classname="testcases.StressTest"/>
  <testcase name="postRequestStressTest" time="0.083" classname="testcases.StressTest"/>
  <testcase name="postRequestStressTest" time="0.059" classname="testcases.StressTest"/>
  <testcase name="postRequestStressTest" time="0.024" classname="testcases.StressTest"/>
  <testcase name="postRequestStressTest" time="0.049" classname="testcases.StressTest"/>
  <testcase name="postRequestStressTest" time="0.006" classname="testcases.StressTest"/>
  <testcase name="postRequestStressTest" time="0.056" classname="testcases.StressTest"/>
  <testcase name="postRequestStressTest" time="0.111" classname="testcases.StressTest"/>
  <testcase name="postRequestStressTest" time="0.026" classname="testcases.StressTest"/>
  <testcase name="postRequestStressTest" time="0.058" classname="testcases.StressTest"/>
  <testcase name="postRequestStressTest" time="0.032" classname="testcases.StressTest"/>
  <testcase name="postRequestStressTest" time="0.011" classname="testcases.StressTest"/>
  <testcase name="postRequestStressTest" time="0.091" classname="testcases.StressTest"/>
  <testcase name="postRequestStressTest" time="0.136" classname="testcases.StressTest"/>
  <testcase name="postRequestStressTest" time="0.013" classname="testcases.StressTest"/>
  <testcase name="postRequestStressTest" time="0.042" classname="testcases.StressTest"/>
  <testcase name="postRequestStressTest" time="0.066" classname="testcases.StressTest"/>
  <testcase name="postRequestStressTest" time="0.028" classname="testcases.StressTest"/>
  <testcase name="postRequestStressTest" time="0.037" classname="testcases.StressTest"/>
  <testcase name="postRequestStressTest" time="0.053" classname="testcases.StressTest"/>
  <testcase name="postRequestStressTest" time="0.025" classname="testcases.StressTest"/>
  <testcase name="postRequestStressTest" time="0.066" classname="testcases.StressTest"/>
  <testcase name="postRequestStressTest" time="0.031" classname="testcases.StressTest"/>
  <testcase name="postRequestStressTest" time="0.012" classname="testcases.StressTest"/>
  <testcase name="postRequestStressTest" time="0.012" classname="testcases.StressTest"/>
  <testcase name="postRequestStressTest" time="0.108" classname="testcases.StressTest"/>
  <testcase name="postRequestStressTest" time="0.047" classname="testcases.StressTest"/>
  <testcase name="postRequestStressTest" time="0.043" classname="testcases.StressTest"/>
  <testcase name="postRequestStressTest" time="0.029" classname="testcases.StressTest"/>
  <testcase name="postRequestStressTest" time="0.020" classname="testcases.StressTest"/>
  <testcase name="postRequestStressTest" time="0.071" classname="testcases.StressTest"/>
  <testcase name="postRequestStressTest" time="0.119" classname="testcases.StressTest"/>
  <testcase name="postRequestStressTest" time="0.117" classname="testcases.StressTest"/>
  <testcase name="postRequestStressTest" time="0.034" classname="testcases.StressTest"/>
  <testcase name="postRequestStressTest" time="0.057" classname="testcases.StressTest"/>
  <testcase name="postRequestStressTest" time="0.064" classname="testcases.StressTest"/>
  <testcase name="postRequestStressTest" time="0.044" classname="testcases.StressTest"/>
  <testcase name="postRequestStressTest" time="0.081" classname="testcases.StressTest"/>
  <testcase name="postRequestStressTest" time="0.080" classname="testcases.StressTest"/>
  <testcase name="postRequestStressTest" time="0.034" classname="testcases.StressTest"/>
  <testcase name="postRequestStressTest" time="0.046" classname="testcases.StressTest"/>
  <testcase name="postRequestStressTest" time="0.066" classname="testcases.StressTest"/>
  <testcase name="postRequestStressTest" time="0.050" classname="testcases.StressTest"/>
  <testcase name="postRequestStressTest" time="0.034" classname="testcases.StressTest"/>
  <testcase name="postRequestStressTest" time="0.041" classname="testcases.StressTest"/>
  <testcase name="postRequestStressTest" time="0.159" classname="testcases.StressTest"/>
  <testcase name="postRequestStressTest" time="0.117" classname="testcases.StressTest"/>
  <testcase name="postRequestStressTest" time="0.046" classname="testcases.StressTest"/>
  <testcase name="postRequestStressTest" time="0.116" classname="testcases.StressTest"/>
  <testcase name="postRequestStressTest" time="0.085" classname="testcases.StressTest"/>
  <testcase name="postRequestStressTest" time="0.014" classname="testcases.StressTest"/>
  <testcase name="postRequestStressTest" time="0.061" classname="testcases.StressTest"/>
  <testcase name="postRequestStressTest" time="0.019" classname="testcases.StressTest"/>
  <testcase name="postRequestStressTest" time="0.100" classname="testcases.StressTest"/>
  <testcase name="postRequestStressTest" time="0.285" classname="testcases.StressTest"/>
  <testcase name="postRequestStressTest" time="0.030" classname="testcases.StressTest"/>
  <testcase name="postRequestStressTest" time="0.050" classname="testcases.StressTest"/>
  <testcase name="postRequestStressTest" time="0.093" classname="testcases.StressTest"/>
  <testcase name="postRequestStressTest" time="0.014" classname="testcases.StressTest"/>
  <testcase name="postRequestStressTest" time="0.064" classname="testcases.StressTest"/>
  <testcase name="postRequestStressTest" time="0.221" classname="testcases.StressTest"/>
  <testcase name="postRequestStressTest" time="0.214" classname="testcases.StressTest"/>
  <testcase name="postRequestStressTest" time="0.056" classname="testcases.StressTest"/>
  <testcase name="postRequestStressTest" time="0.041" classname="testcases.StressTest"/>
  <testcase name="postRequestStressTest" time="0.190" classname="testcases.StressTest"/>
  <testcase name="postRequestStressTest" time="0.057" classname="testcases.StressTest"/>
  <testcase name="postRequestStressTest" time="0.104" classname="testcases.StressTest"/>
  <testcase name="postRequestStressTest" time="0.066" classname="testcases.StressTest"/>
  <testcase name="postRequestStressTest" time="0.053" classname="testcases.StressTest"/>
  <testcase name="postRequestStressTest" time="0.131" classname="testcases.StressTest"/>
  <testcase name="postRequestStressTest" time="0.014" classname="testcases.StressTest"/>
  <testcase name="postRequestStressTest" time="0.042" classname="testcases.StressTest"/>
  <testcase name="postRequestStressTest" time="0.085" classname="testcases.StressTest"/>
  <testcase name="postRequestStressTest" time="0.067" classname="testcases.StressTest"/>
  <testcase name="postRequestStressTest" time="0.014" classname="testcases.StressTest"/>
  <testcase name="postRequestStressTest" time="0.108" classname="testcases.StressTest"/>
  <testcase name="postRequestStressTest" time="0.308" classname="testcases.StressTest"/>
  <testcase name="postRequestStressTest" time="0.016" classname="testcases.StressTest"/>
  <testcase name="postRequestStressTest" time="0.056" classname="testcases.StressTest"/>
  <testcase name="postRequestStressTest" time="0.023" classname="testcases.StressTest"/>
  <testcase name="postRequestStressTest" time="0.050" classname="testcases.StressTest"/>
  <testcase name="postRequestStressTest" time="0.021" classname="testcases.StressTest"/>
  <testcase name="postRequestStressTest" time="0.122" classname="testcases.StressTest"/>
  <testcase name="postRequestStressTest" time="0.035" classname="testcases.StressTest"/>
  <testcase name="postRequestStressTest" time="0.086" classname="testcases.StressTest"/>
  <testcase name="postRequestStressTest" time="0.026" classname="testcases.StressTest"/>
  <testcase name="postRequestStressTest" time="0.035" classname="testcases.StressTest"/>
  <testcase name="postRequestStressTest" time="0.098" classname="testcases.StressTest"/>
  <testcase name="postRequestStressTest" time="0.041" classname="testcases.StressTest"/>
  <testcase name="postRequestStressTest" time="0.094" classname="testcases.StressTest"/>
  <testcase name="postRequestStressTest" time="0.017" classname="testcases.StressTest"/>
  <testcase name="postRequestStressTest" time="0.043" classname="testcases.StressTest"/>
  <testcase name="postRequestStressTest" time="0.008" classname="testcases.StressTest"/>
  <testcase name="postRequestStressTest" time="0.070" classname="testcases.StressTest"/>
  <testcase name="postRequestStressTest" time="0.076" classname="testcases.StressTest"/>
  <testcase name="postRequestStressTest" time="0.024" classname="testcases.StressTest"/>
  <testcase name="postRequestStressTest" time="0.442" classname="testcases.StressTest"/>
  <testcase name="postRequestStressTest" time="0.018" classname="testcases.StressTest"/>
  <testcase name="postRequestStressTest" time="0.178" classname="testcases.StressTest"/>
  <testcase name="postRequestStressTest" time="0.036" classname="testcases.StressTest"/>
  <testcase name="postRequestStressTest" time="0.090" classname="testcases.StressTest"/>
  <testcase name="postRequestStressTest" time="0.040" classname="testcases.StressTest"/>
  <testcase name="postRequestStressTest" time="0.040" classname="testcases.StressTest"/>
  <testcase name="postRequestStressTest" time="0.019" classname="testcases.StressTest"/>
  <testcase name="postRequestStressTest" time="0.023" classname="testcases.StressTest"/>
  <testcase name="postRequestStressTest" time="0.027" classname="testcases.StressTest"/>
  <testcase name="postRequestStressTest" time="0.053" classname="testcases.StressTest"/>
  <testcase name="postRequestStressTest" time="0.016" classname="testcases.StressTest"/>
  <testcase name="postRequestStressTest" time="0.117" classname="testcases.StressTest"/>
  <testcase name="postRequestStressTest" time="0.047" classname="testcases.StressTest"/>
  <testcase name="postRequestStressTest" time="0.028" classname="testcases.StressTest"/>
  <testcase name="postRequestStressTest" time="0.079" classname="testcases.StressTest"/>
  <testcase name="postRequestStressTest" time="0.062" classname="testcases.StressTest"/>
  <testcase name="postRequestStressTest" time="0.037" classname="testcases.StressTest"/>
  <testcase name="postRequestStressTest" time="0.027" classname="testcases.StressTest"/>
  <testcase name="postRequestStressTest" time="0.065" classname="testcases.StressTest"/>
  <testcase name="postRequestStressTest" time="0.093" classname="testcases.StressTest"/>
  <testcase name="postRequestStressTest" time="0.046" classname="testcases.StressTest"/>
  <testcase name="postRequestStressTest" time="0.018" classname="testcases.StressTest"/>
  <testcase name="postRequestStressTest" time="0.033" classname="testcases.StressTest"/>
  <testcase name="postRequestStressTest" time="0.033" classname="testcases.StressTest"/>
  <testcase name="postRequestStressTest" time="0.045" classname="testcases.StressTest"/>
  <testcase name="postRequestStressTest" time="0.097" classname="testcases.StressTest"/>
  <testcase name="postRequestStressTest" time="0.202" classname="testcases.StressTest"/>
  <testcase name="postRequestStressTest" time="0.085" classname="testcases.StressTest"/>
  <testcase name="postRequestStressTest" time="0.023" classname="testcases.StressTest"/>
  <testcase name="postRequestStressTest" time="0.019" classname="testcases.StressTest"/>
  <testcase name="postRequestStressTest" time="0.020" classname="testcases.StressTest"/>
  <testcase name="postRequestStressTest" time="0.043" classname="testcases.StressTest"/>
  <testcase name="postRequestStressTest" time="0.038" classname="testcases.StressTest"/>
  <testcase name="postRequestStressTest" time="0.070" classname="testcases.StressTest"/>
  <testcase name="postRequestStressTest" time="0.144" classname="testcases.StressTest"/>
  <testcase name="postRequestStressTest" time="0.074" classname="testcases.StressTest"/>
  <testcase name="postRequestStressTest" time="0.040" classname="testcases.StressTest"/>
  <testcase name="postRequestStressTest" time="0.061" classname="testcases.StressTest"/>
  <testcase name="postRequestStressTest" time="0.158" classname="testcases.StressTest"/>
  <testcase name="postRequestStressTest" time="0.014" classname="testcases.StressTest"/>
  <testcase name="postRequestStressTest" time="0.025" classname="testcases.StressTest"/>
  <testcase name="postRequestStressTest" time="0.017" classname="testcases.StressTest"/>
  <testcase name="postRequestStressTest" time="0.067" classname="testcases.StressTest"/>
  <testcase name="postRequestStressTest" time="0.095" classname="testcases.StressTest"/>
  <testcase name="postRequestStressTest" time="0.045" classname="testcases.StressTest"/>
  <testcase name="postRequestStressTest" time="0.040" classname="testcases.StressTest"/>
  <testcase name="postRequestStressTest" time="0.016" classname="testcases.StressTest"/>
  <testcase name="postRequestStressTest" time="0.034" classname="testcases.StressTest"/>
  <testcase name="postRequestStressTest" time="0.031" classname="testcases.StressTest"/>
  <testcase name="postRequestStressTest" time="0.149" classname="testcases.StressTest"/>
  <testcase name="postRequestStressTest" time="0.020" classname="testcases.StressTest"/>
  <testcase name="postRequestStressTest" time="0.030" classname="testcases.StressTest"/>
  <testcase name="postRequestStressTest" time="0.015" classname="testcases.StressTest"/>
  <testcase name="postRequestStressTest" time="0.028" classname="testcases.StressTest"/>
  <testcase name="postRequestStressTest" time="0.055" classname="testcases.StressTest"/>
  <testcase name="postRequestStressTest" time="0.114" classname="testcases.StressTest"/>
  <testcase name="postRequestStressTest" time="0.018" classname="testcases.StressTest"/>
  <testcase name="postRequestStressTest" time="0.020" classname="testcases.StressTest"/>
  <testcase name="postRequestStressTest" time="0.083" classname="testcases.StressTest"/>
  <testcase name="postRequestStressTest" time="0.041" classname="testcases.StressTest"/>
  <testcase name="postRequestStressTest" time="0.117" classname="testcases.StressTest"/>
  <testcase name="postRequestStressTest" time="0.022" classname="testcases.StressTest"/>
  <testcase name="postRequestStressTest" time="0.190" classname="testcases.StressTest"/>
  <testcase name="postRequestStressTest" time="0.010" classname="testcases.StressTest"/>
  <testcase name="postRequestStressTest" time="0.021" classname="testcases.StressTest"/>
  <testcase name="postRequestStressTest" time="0.026" classname="testcases.StressTest"/>
  <testcase name="postRequestStressTest" time="0.058" classname="testcases.StressTest"/>
  <testcase name="postRequestStressTest" time="0.017" classname="testcases.StressTest"/>
  <testcase name="postRequestStressTest" time="0.026" classname="testcases.StressTest"/>
  <testcase name="postRequestStressTest" time="0.041" classname="testcases.StressTest"/>
  <testcase name="postRequestStressTest" time="0.046" classname="testcases.StressTest"/>
  <testcase name="postRequestStressTest" time="0.067" classname="testcases.StressTest"/>
  <testcase name="postRequestStressTest" time="0.055" classname="testcases.StressTest"/>
  <testcase name="postRequestStressTest" time="0.050" classname="testcases.StressTest"/>
  <testcase name="postRequestStressTest" time="0.024" classname="testcases.StressTest"/>
  <testcase name="postRequestStressTest" time="0.011" classname="testcases.StressTest"/>
  <testcase name="postRequestStressTest" time="0.059" classname="testcases.StressTest"/>
  <testcase name="postRequestStressTest" time="0.132" classname="testcases.StressTest"/>
  <testcase name="postRequestStressTest" time="0.053" classname="testcases.StressTest"/>
  <testcase name="postRequestStressTest" time="0.034" classname="testcases.StressTest"/>
  <testcase name="postRequestStressTest" time="0.031" classname="testcases.StressTest"/>
  <testcase name="postRequestStressTest" time="0.042" classname="testcases.StressTest"/>
  <testcase name="postRequestStressTest" time="0.013" classname="testcases.StressTest"/>
  <testcase name="postRequestStressTest" time="0.017" classname="testcases.StressTest"/>
  <testcase name="postRequestStressTest" time="0.205" classname="testcases.StressTest"/>
  <testcase name="postRequestStressTest" time="0.136" classname="testcases.StressTest"/>
  <testcase name="postRequestStressTest" time="0.024" classname="testcases.StressTest"/>
  <testcase name="postRequestStressTest" time="0.205" classname="testcases.StressTest"/>
  <testcase name="postRequestStressTest" time="0.021" classname="testcases.StressTest"/>
  <testcase name="postRequestStressTest" time="0.089" classname="testcases.StressTest"/>
  <testcase name="postRequestStressTest" time="0.132" classname="testcases.StressTest"/>
  <testcase name="postRequestStressTest" time="0.025" classname="testcases.StressTest"/>
  <testcase name="postRequestStressTest" time="0.023" classname="testcases.StressTest"/>
  <testcase name="postRequestStressTest" time="0.028" classname="testcases.StressTest"/>
  <testcase name="postRequestStressTest" time="0.046" classname="testcases.StressTest"/>
  <testcase name="postRequestStressTest" time="0.021" classname="testcases.StressTest"/>
  <testcase name="postRequestStressTest" time="0.027" classname="testcases.StressTest"/>
  <testcase name="postRequestStressTest" time="0.060" classname="testcases.StressTest"/>
  <testcase name="postRequestStressTest" time="0.031" classname="testcases.StressTest"/>
  <testcase name="postRequestStressTest" time="0.026" classname="testcases.StressTest"/>
  <testcase name="postRequestStressTest" time="0.009" classname="testcases.StressTest"/>
  <testcase name="postRequestStressTest" time="0.077" classname="testcases.StressTest"/>
  <testcase name="postRequestStressTest" time="0.014" classname="testcases.StressTest"/>
  <testcase name="postRequestStressTest" time="0.023" classname="testcases.StressTest"/>
  <testcase name="postRequestStressTest" time="0.022" classname="testcases.StressTest"/>
  <testcase name="postRequestStressTest" time="0.013" classname="testcases.StressTest"/>
  <testcase name="postRequestStressTest" time="0.106" classname="testcases.StressTest"/>
  <testcase name="postRequestStressTest" time="0.022" classname="testcases.StressTest"/>
  <testcase name="postRequestStressTest" time="0.033" classname="testcases.StressTest"/>
  <testcase name="postRequestStressTest" time="0.055" classname="testcases.StressTest"/>
  <testcase name="postRequestStressTest" time="0.033" classname="testcases.StressTest"/>
  <testcase name="postRequestStressTest" time="0.058" classname="testcases.StressTest"/>
  <testcase name="postRequestStressTest" time="0.072" classname="testcases.StressTest"/>
  <testcase name="postRequestStressTest" time="0.028" classname="testcases.StressTest"/>
  <testcase name="postRequestStressTest" time="0.045" classname="testcases.StressTest"/>
  <testcase name="postRequestStressTest" time="0.043" classname="testcases.StressTest"/>
  <testcase name="postRequestStressTest" time="0.038" classname="testcases.StressTest"/>
  <testcase name="postRequestStressTest" time="0.071" classname="testcases.StressTest"/>
  <testcase name="postRequestStressTest" time="0.027" classname="testcases.StressTest"/>
  <testcase name="postRequestStressTest" time="0.066" classname="testcases.StressTest"/>
  <testcase name="postRequestStressTest" time="0.033" classname="testcases.StressTest"/>
  <testcase name="postRequestStressTest" time="0.157" classname="testcases.StressTest"/>
  <testcase name="postRequestStressTest" time="0.103" classname="testcases.StressTest"/>
  <testcase name="postRequestStressTest" time="0.033" classname="testcases.StressTest"/>
  <testcase name="postRequestStressTest" time="0.038" classname="testcases.StressTest"/>
  <testcase name="postRequestStressTest" time="0.015" classname="testcases.StressTest"/>
  <testcase name="postRequestStressTest" time="0.019" classname="testcases.StressTest"/>
  <testcase name="postRequestStressTest" time="0.039" classname="testcases.StressTest"/>
  <testcase name="postRequestStressTest" time="0.074" classname="testcases.StressTest"/>
  <testcase name="postRequestStressTest" time="0.062" classname="testcases.StressTest"/>
  <testcase name="postRequestStressTest" time="0.093" classname="testcases.StressTest"/>
  <testcase name="postRequestStressTest" time="0.049" classname="testcases.StressTest"/>
  <testcase name="postRequestStressTest" time="0.037" classname="testcases.StressTest"/>
  <testcase name="postRequestStressTest" time="0.065" classname="testcases.StressTest"/>
  <testcase name="postRequestStressTest" time="0.027" classname="testcases.StressTest"/>
  <testcase name="postRequestStressTest" time="0.076" classname="testcases.StressTest"/>
  <testcase name="postRequestStressTest" time="0.113" classname="testcases.StressTest"/>
  <testcase name="postRequestStressTest" time="0.057" classname="testcases.StressTest"/>
  <testcase name="postRequestStressTest" time="0.045" classname="testcases.StressTest"/>
  <testcase name="postRequestStressTest" time="0.020" classname="testcases.StressTest"/>
  <testcase name="postRequestStressTest" time="0.259" classname="testcases.StressTest"/>
  <testcase name="postRequestStressTest" time="0.046" classname="testcases.StressTest"/>
  <testcase name="postRequestStressTest" time="0.038" classname="testcases.StressTest"/>
  <testcase name="postRequestStressTest" time="0.095" classname="testcases.StressTest"/>
  <testcase name="postRequestStressTest" time="0.101" classname="testcases.StressTest"/>
  <testcase name="postRequestStressTest" time="0.146" classname="testcases.StressTest"/>
  <testcase name="postRequestStressTest" time="0.102" classname="testcases.StressTest"/>
  <testcase name="postRequestStressTest" time="0.028" classname="testcases.StressTest"/>
  <testcase name="postRequestStressTest" time="0.042" classname="testcases.StressTest"/>
  <testcase name="postRequestStressTest" time="0.090" classname="testcases.StressTest"/>
  <testcase name="postRequestStressTest" time="0.205" classname="testcases.StressTest"/>
  <testcase name="postRequestStressTest" time="0.023" classname="testcases.StressTest"/>
  <testcase name="postRequestStressTest" time="0.031" classname="testcases.StressTest"/>
  <testcase name="postRequestStressTest" time="0.016" classname="testcases.StressTest"/>
  <testcase name="postRequestStressTest" time="0.071" classname="testcases.StressTest"/>
  <testcase name="postRequestStressTest" time="0.042" classname="testcases.StressTest"/>
  <testcase name="postRequestStressTest" time="0.038" classname="testcases.StressTest"/>
  <testcase name="postRequestStressTest" time="0.039" classname="testcases.StressTest"/>
  <testcase name="postRequestStressTest" time="0.068" classname="testcases.StressTest"/>
  <testcase name="postRequestStressTest" time="0.049" classname="testcases.StressTest"/>
  <testcase name="postRequestStressTest" time="0.020" classname="testcases.StressTest"/>
  <testcase name="postRequestStressTest" time="0.051" classname="testcases.StressTest"/>
  <testcase name="postRequestStressTest" time="0.077" classname="testcases.StressTest"/>
  <testcase name="postRequestStressTest" time="0.034" classname="testcases.StressTest"/>
  <testcase name="postRequestStressTest" time="0.067" classname="testcases.StressTest"/>
  <testcase name="postRequestStressTest" time="0.035" classname="testcases.StressTest"/>
  <testcase name="postRequestStressTest" time="0.013" classname="testcases.StressTest"/>
  <testcase name="postRequestStressTest" time="0.041" classname="testcases.StressTest"/>
  <testcase name="postRequestStressTest" time="0.077" classname="testcases.StressTest"/>
  <testcase name="postRequestStressTest" time="0.026" classname="testcases.StressTest"/>
  <testcase name="postRequestStressTest" time="0.052" classname="testcases.StressTest"/>
  <testcase name="postRequestStressTest" time="0.207" classname="testcases.StressTest"/>
  <testcase name="postRequestStressTest" time="0.032" classname="testcases.StressTest"/>
  <testcase name="postRequestStressTest" time="0.014" classname="testcases.StressTest"/>
  <testcase name="postRequestStressTest" time="0.029" classname="testcases.StressTest"/>
  <testcase name="postRequestStressTest" time="0.024" classname="testcases.StressTest"/>
  <testcase name="postRequestStressTest" time="0.038" classname="testcases.StressTest"/>
  <testcase name="postRequestStressTest" time="0.037" classname="testcases.StressTest"/>
  <testcase name="postRequestStressTest" time="0.044" classname="testcases.StressTest"/>
  <testcase name="postRequestStressTest" time="0.038" classname="testcases.StressTest"/>
  <testcase name="postRequestStressTest" time="0.046" classname="testcases.StressTest"/>
  <testcase name="postRequestStressTest" time="0.062" classname="testcases.StressTest"/>
  <testcase name="postRequestStressTest" time="0.009" classname="testcases.StressTest"/>
  <testcase name="postRequestStressTest" time="0.031" classname="testcases.StressTest"/>
  <testcase name="postRequestStressTest" time="0.008" classname="testcases.StressTest"/>
  <testcase name="postRequestStressTest" time="0.110" classname="testcases.StressTest"/>
  <testcase name="postRequestStressTest" time="0.033" classname="testcases.StressTest"/>
  <testcase name="postRequestStressTest" time="0.029" classname="testcases.StressTest"/>
  <testcase name="postRequestStressTest" time="0.148" classname="testcases.StressTest"/>
  <testcase name="postRequestStressTest" time="0.039" classname="testcases.StressTest"/>
  <testcase name="postRequestStressTest" time="0.026" classname="testcases.StressTest"/>
  <testcase name="postRequestStressTest" time="0.054" classname="testcases.StressTest"/>
  <testcase name="postRequestStressTest" time="0.084" classname="testcases.StressTest"/>
  <testcase name="postRequestStressTest" time="0.023" classname="testcases.StressTest"/>
  <testcase name="postRequestStressTest" time="2.773" classname="testcases.StressTest"/>
  <testcase name="postRequestStressTest" time="0.016" classname="testcases.StressTest"/>
  <testcase name="postRequestStressTest" time="0.015" classname="testcases.StressTest"/>
  <testcase name="postRequestStressTest" time="0.042" classname="testcases.StressTest"/>
  <testcase name="postRequestStressTest" time="0.047" classname="testcases.StressTest"/>
  <testcase name="postRequestStressTest" time="0.224" classname="testcases.StressTest"/>
  <testcase name="postRequestStressTest" time="0.036" classname="testcases.StressTest"/>
  <testcase name="postRequestStressTest" time="0.045" classname="testcases.StressTest"/>
  <testcase name="postRequestStressTest" time="0.021" classname="testcases.StressTest"/>
  <testcase name="postRequestStressTest" time="0.080" classname="testcases.StressTest"/>
  <testcase name="postRequestStressTest" time="0.054" classname="testcases.StressTest"/>
  <testcase name="postRequestStressTest" time="0.050" classname="testcases.StressTest"/>
  <testcase name="postRequestStressTest" time="0.031" classname="testcases.StressTest"/>
  <testcase name="postRequestStressTest" time="0.016" classname="testcases.StressTest"/>
  <testcase name="postRequestStressTest" time="0.056" classname="testcases.StressTest"/>
  <testcase name="postRequestStressTest" time="0.079" classname="testcases.StressTest"/>
  <testcase name="postRequestStressTest" time="0.014" classname="testcases.StressTest"/>
  <testcase name="postRequestStressTest" time="0.030" classname="testcases.StressTest"/>
  <testcase name="postRequestStressTest" time="0.030" classname="testcases.StressTest"/>
  <testcase name="postRequestStressTest" time="0.033" classname="testcases.StressTest"/>
  <testcase name="postRequestStressTest" time="0.052" classname="testcases.StressTest"/>
  <testcase name="postRequestStressTest" time="0.019" classname="testcases.StressTest"/>
  <testcase name="postRequestStressTest" time="0.035" classname="testcases.StressTest"/>
  <testcase name="postRequestStressTest" time="0.015" classname="testcases.StressTest"/>
  <testcase name="postRequestStressTest" time="0.069" classname="testcases.StressTest"/>
  <testcase name="postRequestStressTest" time="0.068" classname="testcases.StressTest"/>
  <testcase name="postRequestStressTest" time="0.064" classname="testcases.StressTest"/>
  <testcase name="postRequestStressTest" time="0.014" classname="testcases.StressTest"/>
  <testcase name="postRequestStressTest" time="0.038" classname="testcases.StressTest"/>
  <testcase name="postRequestStressTest" time="0.082" classname="testcases.StressTest"/>
  <testcase name="postRequestStressTest" time="0.024" classname="testcases.StressTest"/>
  <testcase name="postRequestStressTest" time="0.037" classname="testcases.StressTest"/>
  <testcase name="postRequestStressTest" time="0.031" classname="testcases.StressTest"/>
  <testcase name="postRequestStressTest" time="0.029" classname="testcases.StressTest"/>
  <testcase name="postRequestStressTest" time="0.029" classname="testcases.StressTest"/>
  <testcase name="postRequestStressTest" time="0.058" classname="testcases.StressTest"/>
  <testcase name="postRequestStressTest" time="0.041" classname="testcases.StressTest"/>
  <testcase name="postRequestStressTest" time="0.035" classname="testcases.StressTest"/>
  <testcase name="postRequestStressTest" time="0.029" classname="testcases.StressTest"/>
  <testcase name="postRequestStressTest" time="0.045" classname="testcases.StressTest"/>
  <testcase name="postRequestStressTest" time="0.052" classname="testcases.StressTest"/>
  <testcase name="postRequestStressTest" time="0.019" classname="testcases.StressTest"/>
  <testcase name="postRequestStressTest" time="0.010" classname="testcases.StressTest"/>
  <testcase name="postRequestStressTest" time="0.020" classname="testcases.StressTest"/>
  <testcase name="postRequestStressTest" time="0.019" classname="testcases.StressTest"/>
  <testcase name="postRequestStressTest" time="0.048" classname="testcases.StressTest"/>
  <testcase name="postRequestStressTest" time="0.009" classname="testcases.StressTest"/>
  <testcase name="postRequestStressTest" time="0.136" classname="testcases.StressTest"/>
  <testcase name="postRequestStressTest" time="0.021" classname="testcases.StressTest"/>
  <testcase name="postRequestStressTest" time="0.234" classname="testcases.StressTest"/>
  <testcase name="postRequestStressTest" time="0.121" classname="testcases.StressTest"/>
  <testcase name="postRequestStressTest" time="0.127" classname="testcases.StressTest"/>
  <testcase name="postRequestStressTest" time="0.016" classname="testcases.StressTest"/>
  <testcase name="postRequestStressTest" time="0.067" classname="testcases.StressTest"/>
  <testcase name="postRequestStressTest" time="0.040" classname="testcases.StressTest"/>
  <testcase name="postRequestStressTest" time="0.031" classname="testcases.StressTest"/>
  <testcase name="postRequestStressTest" time="0.065" classname="testcases.StressTest"/>
  <testcase name="postRequestStressTest" time="0.040" classname="testcases.StressTest"/>
  <testcase name="postRequestStressTest" time="0.033" classname="testcases.StressTest"/>
  <testcase name="postRequestStressTest" time="0.024" classname="testcases.StressTest"/>
  <testcase name="postRequestStressTest" time="0.036" classname="testcases.StressTest"/>
  <testcase name="postRequestStressTest" time="0.096" classname="testcases.StressTest"/>
  <testcase name="postRequestStressTest" time="0.025" classname="testcases.StressTest"/>
  <testcase name="postRequestStressTest" time="0.117" classname="testcases.StressTest"/>
  <testcase name="postRequestStressTest" time="0.051" classname="testcases.StressTest"/>
  <testcase name="postRequestStressTest" time="0.014" classname="testcases.StressTest"/>
  <testcase name="postRequestStressTest" time="0.112" classname="testcases.StressTest"/>
  <testcase name="postRequestStressTest" time="0.033" classname="testcases.StressTest"/>
  <testcase name="postRequestStressTest" time="0.051" classname="testcases.StressTest"/>
  <testcase name="postRequestStressTest" time="0.052" classname="testcases.StressTest"/>
  <testcase name="postRequestStressTest" time="0.017" classname="testcases.StressTest"/>
  <testcase name="postRequestStressTest" time="0.042" classname="testcases.StressTest"/>
  <testcase name="postRequestStressTest" time="0.029" classname="testcases.StressTest"/>
  <testcase name="postRequestStressTest" time="0.039" classname="testcases.StressTest"/>
  <testcase name="postRequestStressTest" time="0.039" classname="testcases.StressTest"/>
  <testcase name="postRequestStressTest" time="0.386" classname="testcases.StressTest"/>
  <testcase name="postRequestStressTest" time="0.053" classname="testcases.StressTest"/>
  <testcase name="postRequestStressTest" time="0.020" classname="testcases.StressTest"/>
  <testcase name="postRequestStressTest" time="0.028" classname="testcases.StressTest"/>
  <testcase name="postRequestStressTest" time="0.025" classname="testcases.StressTest"/>
  <testcase name="postRequestStressTest" time="0.024" classname="testcases.StressTest"/>
  <testcase name="postRequestStressTest" time="0.029" classname="testcases.StressTest"/>
  <testcase name="postRequestStressTest" time="0.017" classname="testcases.StressTest"/>
  <testcase name="postRequestStressTest" time="0.030" classname="testcases.StressTest"/>
  <testcase name="postRequestStressTest" time="0.037" classname="testcases.StressTest"/>
  <testcase name="postRequestStressTest" time="0.163" classname="testcases.StressTest"/>
  <testcase name="postRequestStressTest" time="0.031" classname="testcases.StressTest"/>
  <testcase name="postRequestStressTest" time="0.028" classname="testcases.StressTest"/>
  <testcase name="postRequestStressTest" time="0.018" classname="testcases.StressTest"/>
  <testcase name="postRequestStressTest" time="0.023" classname="testcases.StressTest"/>
  <testcase name="postRequestStressTest" time="0.047" classname="testcases.StressTest"/>
  <testcase name="postRequestStressTest" time="0.133" classname="testcases.StressTest"/>
  <testcase name="postRequestStressTest" time="0.052" classname="testcases.StressTest"/>
  <testcase name="postRequestStressTest" time="0.043" classname="testcases.StressTest"/>
  <testcase name="postRequestStressTest" time="0.035" classname="testcases.StressTest"/>
  <testcase name="postRequestStressTest" time="0.024" classname="testcases.StressTest"/>
  <testcase name="postRequestStressTest" time="0.024" classname="testcases.StressTest"/>
  <testcase name="postRequestStressTest" time="0.092" classname="testcases.StressTest"/>
  <testcase name="postRequestStressTest" time="0.019" classname="testcases.StressTest"/>
  <testcase name="postRequestStressTest" time="0.044" classname="testcases.StressTest"/>
  <testcase name="postRequestStressTest" time="0.012" classname="testcases.StressTest"/>
  <testcase name="postRequestStressTest" time="0.014" classname="testcases.StressTest"/>
  <testcase name="postRequestStressTest" time="0.023" classname="testcases.StressTest"/>
  <testcase name="postRequestStressTest" time="0.063" classname="testcases.StressTest"/>
  <testcase name="postRequestStressTest" time="0.014" classname="testcases.StressTest"/>
  <testcase name="postRequestStressTest" time="0.032" classname="testcases.StressTest"/>
  <testcase name="postRequestStressTest" time="0.081" classname="testcases.StressTest"/>
  <testcase name="postRequestStressTest" time="0.019" classname="testcases.StressTest"/>
  <testcase name="postRequestStressTest" time="0.159" classname="testcases.StressTest"/>
  <testcase name="postRequestStressTest" time="0.042" classname="testcases.StressTest"/>
  <testcase name="postRequestStressTest" time="0.085" classname="testcases.StressTest"/>
  <testcase name="postRequestStressTest" time="0.040" classname="testcases.StressTest"/>
  <testcase name="postRequestStressTest" time="0.007" classname="testcases.StressTest"/>
  <testcase name="postRequestStressTest" time="0.153" classname="testcases.StressTest"/>
  <testcase name="postRequestStressTest" time="0.019" classname="testcases.StressTest"/>
  <testcase name="postRequestStressTest" time="0.055" classname="testcases.StressTest"/>
  <testcase name="postRequestStressTest" time="0.064" classname="testcases.StressTest"/>
  <testcase name="postRequestStressTest" time="0.117" classname="testcases.StressTest"/>
  <testcase name="postRequestStressTest" time="0.116" classname="testcases.StressTest"/>
  <testcase name="postRequestStressTest" time="0.035" classname="testcases.StressTest"/>
  <testcase name="postRequestStressTest" time="0.028" classname="testcases.StressTest"/>
  <testcase name="postRequestStressTest" time="0.061" classname="testcases.StressTest"/>
  <testcase name="postRequestStressTest" time="0.043" classname="testcases.StressTest"/>
  <testcase name="postRequestStressTest" time="0.045" classname="testcases.StressTest"/>
  <testcase name="postRequestStressTest" time="0.023" classname="testcases.StressTest"/>
  <testcase name="postRequestStressTest" time="0.039" classname="testcases.StressTest"/>
  <testcase name="postRequestStressTest" time="0.046" classname="testcases.StressTest"/>
  <testcase name="postRequestStressTest" time="0.038" classname="testcases.StressTest"/>
  <testcase name="postRequestStressTest" time="0.048" classname="testcases.StressTest"/>
  <testcase name="postRequestStressTest" time="0.145" classname="testcases.StressTest"/>
  <testcase name="postRequestStressTest" time="0.020" classname="testcases.StressTest"/>
  <testcase name="postRequestStressTest" time="0.027" classname="testcases.StressTest"/>
  <testcase name="postRequestStressTest" time="0.141" classname="testcases.StressTest"/>
  <testcase name="postRequestStressTest" time="0.151" classname="testcases.StressTest"/>
  <testcase name="postRequestStressTest" time="0.046" classname="testcases.StressTest"/>
  <testcase name="postRequestStressTest" time="0.059" classname="testcases.StressTest"/>
  <testcase name="postRequestStressTest" time="0.064" classname="testcases.StressTest"/>
  <testcase name="postRequestStressTest" time="0.020" classname="testcases.StressTest"/>
  <testcase name="postRequestStressTest" time="0.027" classname="testcases.StressTest"/>
  <testcase name="postRequestStressTest" time="0.102" classname="testcases.StressTest"/>
  <testcase name="postRequestStressTest" time="0.031" classname="testcases.StressTest"/>
  <testcase name="postRequestStressTest" time="0.026" classname="testcases.StressTest"/>
  <testcase name="postRequestStressTest" time="0.092" classname="testcases.StressTest"/>
  <testcase name="postRequestStressTest" time="0.042" classname="testcases.StressTest"/>
  <testcase name="postRequestStressTest" time="0.085" classname="testcases.StressTest"/>
  <testcase name="postRequestStressTest" time="0.025" classname="testcases.StressTest"/>
  <testcase name="postRequestStressTest" time="0.012" classname="testcases.StressTest"/>
  <testcase name="postRequestStressTest" time="0.012" classname="testcases.StressTest"/>
  <testcase name="postRequestStressTest" time="0.032" classname="testcases.StressTest"/>
  <testcase name="postRequestStressTest" time="0.035" classname="testcases.StressTest"/>
  <testcase name="postRequestStressTest" time="0.025" classname="testcases.StressTest"/>
  <testcase name="postRequestStressTest" time="0.032" classname="testcases.StressTest"/>
  <testcase name="postRequestStressTest" time="0.138" classname="testcases.StressTest"/>
  <testcase name="postRequestStressTest" time="0.024" classname="testcases.StressTest"/>
  <testcase name="postRequestStressTest" time="0.029" classname="testcases.StressTest"/>
  <testcase name="postRequestStressTest" time="0.032" classname="testcases.StressTest"/>
  <testcase name="postRequestStressTest" time="0.031" classname="testcases.StressTest"/>
  <testcase name="postRequestStressTest" time="0.095" classname="testcases.StressTest"/>
  <testcase name="postRequestStressTest" time="0.020" classname="testcases.StressTest"/>
  <testcase name="postRequestStressTest" time="0.065" classname="testcases.StressTest"/>
  <testcase name="postRequestStressTest" time="0.142" classname="testcases.StressTest"/>
  <testcase name="postRequestStressTest" time="0.047" classname="testcases.StressTest"/>
  <testcase name="postRequestStressTest" time="0.142" classname="testcases.StressTest"/>
  <testcase name="postRequestStressTest" time="0.035" classname="testcases.StressTest"/>
  <testcase name="postRequestStressTest" time="0.011" classname="testcases.StressTest"/>
  <testcase name="postRequestStressTest" time="0.090" classname="testcases.StressTest"/>
  <testcase name="postRequestStressTest" time="0.120" classname="testcases.StressTest"/>
  <testcase name="postRequestStressTest" time="0.060" classname="testcases.StressTest"/>
  <testcase name="postRequestStressTest" time="0.107" classname="testcases.StressTest"/>
  <testcase name="postRequestStressTest" time="0.030" classname="testcases.StressTest"/>
  <testcase name="postRequestStressTest" time="0.032" classname="testcases.StressTest"/>
  <testcase name="postRequestStressTest" time="0.108" classname="testcases.StressTest"/>
  <testcase name="postRequestStressTest" time="0.050" classname="testcases.StressTest"/>
  <testcase name="postRequestStressTest" time="0.069" classname="testcases.StressTest"/>
  <testcase name="postRequestStressTest" time="0.073" classname="testcases.StressTest"/>
  <testcase name="postRequestStressTest" time="0.025" classname="testcases.StressTest"/>
  <testcase name="postRequestStressTest" time="0.028" classname="testcases.StressTest"/>
  <testcase name="postRequestStressTest" time="0.110" classname="testcases.StressTest"/>
  <testcase name="postRequestStressTest" time="0.043" classname="testcases.StressTest"/>
  <testcase name="postRequestStressTest" time="0.016" classname="testcases.StressTest"/>
  <testcase name="postRequestStressTest" time="0.074" classname="testcases.StressTest"/>
  <testcase name="postRequestStressTest" time="0.054" classname="testcases.StressTest"/>
  <testcase name="postRequestStressTest" time="0.053" classname="testcases.StressTest"/>
  <testcase name="postRequestStressTest" time="0.293" classname="testcases.StressTest"/>
  <testcase name="postRequestStressTest" time="0.110" classname="testcases.StressTest"/>
  <testcase name="postRequestStressTest" time="0.058" classname="testcases.StressTest"/>
  <testcase name="postRequestStressTest" time="0.300" classname="testcases.StressTest"/>
  <testcase name="postRequestStressTest" time="0.082" classname="testcases.StressTest"/>
  <testcase name="postRequestStressTest" time="0.107" classname="testcases.StressTest"/>
  <testcase name="postRequestStressTest" time="0.045" classname="testcases.StressTest"/>
  <testcase name="postRequestStressTest" time="0.019" classname="testcases.StressTest"/>
  <testcase name="postRequestStressTest" time="0.052" classname="testcases.StressTest"/>
  <testcase name="postRequestStressTest" time="0.045" classname="testcases.StressTest"/>
  <testcase name="postRequestStressTest" time="0.020" classname="testcases.StressTest"/>
  <testcase name="postRequestStressTest" time="0.112" classname="testcases.StressTest"/>
  <testcase name="postRequestStressTest" time="0.138" classname="testcases.StressTest"/>
  <testcase name="postRequestStressTest" time="0.053" classname="testcases.StressTest"/>
  <testcase name="postRequestStressTest" time="0.120" classname="testcases.StressTest"/>
  <testcase name="postRequestStressTest" time="0.045" classname="testcases.StressTest"/>
  <testcase name="postRequestStressTest" time="0.098" classname="testcases.StressTest"/>
  <testcase name="postRequestStressTest" time="0.029" classname="testcases.StressTest"/>
  <testcase name="postRequestStressTest" time="0.038" classname="testcases.StressTest"/>
  <testcase name="postRequestStressTest" time="0.176" classname="testcases.StressTest"/>
  <testcase name="postRequestStressTest" time="0.044" classname="testcases.StressTest"/>
  <testcase name="postRequestStressTest" time="0.010" classname="testcases.StressTest"/>
  <testcase name="postRequestStressTest" time="0.025" classname="testcases.StressTest"/>
  <testcase name="postRequestStressTest" time="2.098" classname="testcases.StressTest"/>
  <testcase name="postRequestStressTest" time="0.019" classname="testcases.StressTest"/>
  <testcase name="postRequestStressTest" time="0.099" classname="testcases.StressTest"/>
  <testcase name="postRequestStressTest" time="0.020" classname="testcases.StressTest"/>
  <testcase name="postRequestStressTest" time="0.008" classname="testcases.StressTest"/>
  <testcase name="postRequestStressTest" time="0.048" classname="testcases.StressTest"/>
  <testcase name="postRequestStressTest" time="0.052" classname="testcases.StressTest"/>
  <testcase name="postRequestStressTest" time="0.089" classname="testcases.StressTest"/>
  <testcase name="postRequestStressTest" time="0.055" classname="testcases.StressTest"/>
  <testcase name="postRequestStressTest" time="0.043" classname="testcases.StressTest"/>
  <testcase name="postRequestStressTest" time="0.061" classname="testcases.StressTest"/>
  <testcase name="postRequestStressTest" time="0.077" classname="testcases.StressTest"/>
  <testcase name="postRequestStressTest" time="0.041" classname="testcases.StressTest"/>
  <testcase name="postRequestStressTest" time="0.053" classname="testcases.StressTest"/>
  <testcase name="postRequestStressTest" time="0.023" classname="testcases.StressTest"/>
  <testcase name="postRequestStressTest" time="0.402" classname="testcases.StressTest"/>
  <testcase name="postRequestStressTest" time="0.009" classname="testcases.StressTest"/>
  <testcase name="postRequestStressTest" time="0.020" classname="testcases.StressTest"/>
  <testcase name="postRequestStressTest" time="0.038" classname="testcases.StressTest"/>
  <testcase name="postRequestStressTest" time="0.042" classname="testcases.StressTest"/>
  <testcase name="postRequestStressTest" time="0.058" classname="testcases.StressTest"/>
  <testcase name="postRequestStressTest" time="0.051" classname="testcases.StressTest"/>
  <testcase name="postRequestStressTest" time="0.133" classname="testcases.StressTest"/>
  <testcase name="postRequestStressTest" time="0.050" classname="testcases.StressTest"/>
  <testcase name="postRequestStressTest" time="0.018" classname="testcases.StressTest"/>
  <testcase name="postRequestStressTest" time="0.044" classname="testcases.StressTest"/>
  <testcase name="postRequestStressTest" time="0.156" classname="testcases.StressTest"/>
  <testcase name="postRequestStressTest" time="0.021" classname="testcases.StressTest"/>
  <testcase name="postRequestStressTest" time="0.654" classname="testcases.StressTest"/>
  <testcase name="postRequestStressTest" time="0.254" classname="testcases.StressTest"/>
  <testcase name="postRequestStressTest" time="0.047" classname="testcases.StressTest"/>
  <testcase name="postRequestStressTest" time="0.027" classname="testcases.StressTest"/>
  <testcase name="postRequestStressTest" time="0.091" classname="testcases.StressTest"/>
  <testcase name="postRequestStressTest" time="0.047" classname="testcases.StressTest"/>
  <testcase name="postRequestStressTest" time="0.025" classname="testcases.StressTest"/>
  <testcase name="postRequestStressTest" time="0.100" classname="testcases.StressTest"/>
  <testcase name="postRequestStressTest" time="0.146" classname="testcases.StressTest"/>
  <testcase name="postRequestStressTest" time="0.041" classname="testcases.StressTest"/>
  <testcase name="postRequestStressTest" time="0.023" classname="testcases.StressTest"/>
  <testcase name="postRequestStressTest" time="0.039" classname="testcases.StressTest"/>
  <testcase name="postRequestStressTest" time="0.015" classname="testcases.StressTest"/>
  <testcase name="postRequestStressTest" time="0.035" classname="testcases.StressTest"/>
  <testcase name="postRequestStressTest" time="0.116" classname="testcases.StressTest"/>
  <testcase name="postRequestStressTest" time="0.187" classname="testcases.StressTest"/>
  <testcase name="postRequestStressTest" time="0.078" classname="testcases.StressTest"/>
  <testcase name="postRequestStressTest" time="0.019" classname="testcases.StressTest"/>
  <testcase name="postRequestStressTest" time="0.107" classname="testcases.StressTest"/>
  <testcase name="postRequestStressTest" time="0.028" classname="testcases.StressTest"/>
  <testcase name="postRequestStressTest" time="0.022" classname="testcases.StressTest"/>
  <testcase name="postRequestStressTest" time="0.059" classname="testcases.StressTest"/>
  <testcase name="postRequestStressTest" time="0.051" classname="testcases.StressTest"/>
  <testcase name="postRequestStressTest" time="0.021" classname="testcases.StressTest"/>
  <testcase name="postRequestStressTest" time="0.134" classname="testcases.StressTest"/>
  <testcase name="postRequestStressTest" time="0.016" classname="testcases.StressTest"/>
  <testcase name="postRequestStressTest" time="0.026" classname="testcases.StressTest"/>
  <testcase name="postRequestStressTest" time="0.173" classname="testcases.StressTest"/>
  <testcase name="postRequestStressTest" time="0.026" classname="testcases.StressTest"/>
  <testcase name="postRequestStressTest" time="0.030" classname="testcases.StressTest"/>
  <testcase name="postRequestStressTest" time="0.013" classname="testcases.StressTest"/>
  <testcase name="postRequestStressTest" time="0.057" classname="testcases.StressTest"/>
  <testcase name="postRequestStressTest" time="0.158" classname="testcases.StressTest"/>
  <testcase name="postRequestStressTest" time="0.034" classname="testcases.StressTest"/>
  <testcase name="postRequestStressTest" time="0.023" classname="testcases.StressTest"/>
  <testcase name="postRequestStressTest" time="0.080" classname="testcases.StressTest"/>
  <testcase name="postRequestStressTest" time="0.027" classname="testcases.StressTest"/>
  <testcase name="postRequestStressTest" time="0.012" classname="testcases.StressTest"/>
  <testcase name="postRequestStressTest" time="0.020" classname="testcases.StressTest"/>
  <testcase name="postRequestStressTest" time="0.035" classname="testcases.StressTest"/>
  <testcase name="postRequestStressTest" time="0.053" classname="testcases.StressTest"/>
  <testcase name="postRequestStressTest" time="0.241" classname="testcases.StressTest"/>
  <testcase name="postRequestStressTest" time="0.025" classname="testcases.StressTest"/>
  <testcase name="postRequestStressTest" time="0.039" classname="testcases.StressTest"/>
  <testcase name="postRequestStressTest" time="0.019" classname="testcases.StressTest"/>
  <testcase name="postRequestStressTest" time="0.016" classname="testcases.StressTest"/>
  <testcase name="postRequestStressTest" time="0.208" classname="testcases.StressTest"/>
  <testcase name="postRequestStressTest" time="0.020" classname="testcases.StressTest"/>
  <testcase name="postRequestStressTest" time="0.042" classname="testcases.StressTest"/>
  <testcase name="postRequestStressTest" time="0.064" classname="testcases.StressTest"/>
  <testcase name="postRequestStressTest" time="0.113" classname="testcases.StressTest"/>
  <testcase name="postRequestStressTest" time="0.025" classname="testcases.StressTest"/>
  <testcase name="postRequestStressTest" time="0.080" classname="testcases.StressTest"/>
  <testcase name="postRequestStressTest" time="0.028" classname="testcases.StressTest"/>
  <testcase name="postRequestStressTest" time="0.086" classname="testcases.StressTest"/>
  <testcase name="postRequestStressTest" time="0.029" classname="testcases.StressTest"/>
  <testcase name="postRequestStressTest" time="0.158" classname="testcases.StressTest"/>
  <testcase name="postRequestStressTest" time="0.130" classname="testcases.StressTest"/>
  <testcase name="postRequestStressTest" time="0.024" classname="testcases.StressTest"/>
  <testcase name="postRequestStressTest" time="0.082" classname="testcases.StressTest"/>
  <testcase name="postRequestStressTest" time="0.019" classname="testcases.StressTest"/>
  <testcase name="postRequestStressTest" time="0.057" classname="testcases.StressTest"/>
  <testcase name="postRequestStressTest" time="0.025" classname="testcases.StressTest"/>
  <testcase name="postRequestStressTest" time="0.070" classname="testcases.StressTest"/>
  <testcase name="postRequestStressTest" time="0.023" classname="testcases.StressTest"/>
  <testcase name="postRequestStressTest" time="0.018" classname="testcases.StressTest"/>
  <testcase name="postRequestStressTest" time="0.030" classname="testcases.StressTest"/>
  <testcase name="postRequestStressTest" time="0.082" classname="testcases.StressTest"/>
  <testcase name="postRequestStressTest" time="0.031" classname="testcases.StressTest"/>
  <testcase name="postRequestStressTest" time="0.022" classname="testcases.StressTest"/>
  <testcase name="postRequestStressTest" time="0.057" classname="testcases.StressTest"/>
  <testcase name="postRequestStressTest" time="0.021" classname="testcases.StressTest"/>
  <testcase name="postRequestStressTest" time="0.186" classname="testcases.StressTest"/>
  <testcase name="postRequestStressTest" time="0.031" classname="testcases.StressTest"/>
  <testcase name="postRequestStressTest" time="0.086" classname="testcases.StressTest"/>
  <testcase name="postRequestStressTest" time="0.039" classname="testcases.StressTest"/>
  <testcase name="postRequestStressTest" time="0.022" classname="testcases.StressTest"/>
  <testcase name="postRequestStressTest" time="0.031" classname="testcases.StressTest"/>
  <testcase name="postRequestStressTest" time="0.108" classname="testcases.StressTest"/>
  <testcase name="postRequestStressTest" time="0.195" classname="testcases.StressTest"/>
  <testcase name="postRequestStressTest" time="0.085" classname="testcases.StressTest"/>
  <testcase name="postRequestStressTest" time="0.044" classname="testcases.StressTest"/>
  <testcase name="postRequestStressTest" time="0.092" classname="testcases.StressTest"/>
  <testcase name="postRequestStressTest" time="0.021" classname="testcases.StressTest"/>
  <testcase name="postRequestStressTest" time="0.043" classname="testcases.StressTest"/>
  <testcase name="postRequestStressTest" time="0.013" classname="testcases.StressTest"/>
  <testcase name="postRequestStressTest" time="0.093" classname="testcases.StressTest"/>
  <testcase name="postRequestStressTest" time="0.022" classname="testcases.StressTest"/>
  <testcase name="postRequestStressTest" time="0.125" classname="testcases.StressTest"/>
  <testcase name="postRequestStressTest" time="0.007" classname="testcases.StressTest"/>
  <testcase name="postRequestStressTest" time="0.087" classname="testcases.StressTest"/>
  <testcase name="postRequestStressTest" time="0.024" classname="testcases.StressTest"/>
  <testcase name="postRequestStressTest" time="0.011" classname="testcases.StressTest"/>
  <testcase name="postRequestStressTest" time="0.043" classname="testcases.StressTest"/>
  <testcase name="postRequestStressTest" time="0.052" classname="testcases.StressTest"/>
  <testcase name="postRequestStressTest" time="0.040" classname="testcases.StressTest"/>
  <testcase name="postRequestStressTest" time="0.098" classname="testcases.StressTest"/>
  <testcase name="postRequestStressTest" time="0.082" classname="testcases.StressTest"/>
  <testcase name="postRequestStressTest" time="0.015" classname="testcases.StressTest"/>
  <testcase name="postRequestStressTest" time="0.059" classname="testcases.StressTest"/>
  <testcase name="postRequestStressTest" time="0.028" classname="testcases.StressTest"/>
  <testcase name="postRequestStressTest" time="0.113" classname="testcases.StressTest"/>
  <testcase name="postRequestStressTest" time="0.089" classname="testcases.StressTest"/>
  <testcase name="postRequestStressTest" time="0.092" classname="testcases.StressTest"/>
  <testcase name="postRequestStressTest" time="0.025" classname="testcases.StressTest"/>
  <testcase name="postRequestStressTest" time="0.118" classname="testcases.StressTest"/>
  <testcase name="postRequestStressTest" time="0.129" classname="testcases.StressTest"/>
  <testcase name="postRequestStressTest" time="0.042" classname="testcases.StressTest"/>
  <testcase name="postRequestStressTest" time="0.134" classname="testcases.StressTest"/>
  <testcase name="postRequestStressTest" time="0.047" classname="testcases.StressTest"/>
  <testcase name="postRequestStressTest" time="0.039" classname="testcases.StressTest"/>
  <testcase name="postRequestStressTest" time="0.591" classname="testcases.StressTest"/>
  <testcase name="postRequestStressTest" time="0.010" classname="testcases.StressTest"/>
  <testcase name="postRequestStressTest" time="0.092" classname="testcases.StressTest"/>
  <testcase name="postRequestStressTest" time="0.128" classname="testcases.StressTest"/>
  <testcase name="postRequestStressTest" time="0.032" classname="testcases.StressTest"/>
  <testcase name="postRequestStressTest" time="0.105" classname="testcases.StressTest"/>
  <testcase name="postRequestStressTest" time="0.126" classname="testcases.StressTest"/>
  <testcase name="postRequestStressTest" time="0.039" classname="testcases.StressTest"/>
  <testcase name="postRequestStressTest" time="0.301" classname="testcases.StressTest"/>
  <testcase name="postRequestStressTest" time="0.071" classname="testcases.StressTest"/>
  <testcase name="postRequestStressTest" time="0.084" classname="testcases.StressTest"/>
  <testcase name="postRequestStressTest" time="0.031" classname="testcases.StressTest"/>
  <testcase name="postRequestStressTest" time="0.052" classname="testcases.StressTest"/>
  <testcase name="postRequestStressTest" time="0.029" classname="testcases.StressTest"/>
  <testcase name="postRequestStressTest" time="0.019" classname="testcases.StressTest"/>
  <testcase name="postRequestStressTest" time="0.038" classname="testcases.StressTest"/>
  <testcase name="postRequestStressTest" time="0.036" classname="testcases.StressTest"/>
  <testcase name="postRequestStressTest" time="0.051" classname="testcases.StressTest"/>
  <testcase name="postRequestStressTest" time="0.219" classname="testcases.StressTest"/>
  <testcase name="postRequestStressTest" time="0.031" classname="testcases.StressTest"/>
  <testcase name="postRequestStressTest" time="0.075" classname="testcases.StressTest"/>
  <testcase name="postRequestStressTest" time="0.025" classname="testcases.StressTest"/>
  <testcase name="postRequestStressTest" time="0.044" classname="testcases.StressTest"/>
  <testcase name="postRequestStressTest" time="0.042" classname="testcases.StressTest"/>
  <testcase name="postRequestStressTest" time="0.052" classname="testcases.StressTest"/>
  <testcase name="postRequestStressTest" time="0.032" classname="testcases.StressTest"/>
  <testcase name="postRequestStressTest" time="0.103" classname="testcases.StressTest"/>
  <testcase name="postRequestStressTest" time="0.049" classname="testcases.StressTest"/>
  <testcase name="postRequestStressTest" time="0.059" classname="testcases.StressTest"/>
  <testcase name="postRequestStressTest" time="0.077" classname="testcases.StressTest"/>
  <testcase name="postRequestStressTest" time="0.008" classname="testcases.StressTest"/>
  <testcase name="postRequestStressTest" time="0.039" classname="testcases.StressTest"/>
  <testcase name="postRequestStressTest" time="0.019" classname="testcases.StressTest"/>
  <testcase name="postRequestStressTest" time="0.197" classname="testcases.StressTest"/>
  <testcase name="postRequestStressTest" time="0.018" classname="testcases.StressTest"/>
  <testcase name="postRequestStressTest" time="0.066" classname="testcases.StressTest"/>
  <testcase name="postRequestStressTest" time="0.017" classname="testcases.StressTest"/>
  <testcase name="postRequestStressTest" time="0.108" classname="testcases.StressTest"/>
  <testcase name="postRequestStressTest" time="0.047" classname="testcases.StressTest"/>
  <testcase name="postRequestStressTest" time="0.036" classname="testcases.StressTest"/>
  <testcase name="postRequestStressTest" time="0.027" classname="testcases.StressTest"/>
  <testcase name="postRequestStressTest" time="0.051" classname="testcases.StressTest"/>
  <testcase name="postRequestStressTest" time="0.083" classname="testcases.StressTest"/>
  <testcase name="postRequestStressTest" time="0.051" classname="testcases.StressTest"/>
  <testcase name="postRequestStressTest" time="0.136" classname="testcases.StressTest"/>
  <testcase name="postRequestStressTest" time="0.071" classname="testcases.StressTest"/>
  <testcase name="postRequestStressTest" time="0.027" classname="testcases.StressTest"/>
  <testcase name="postRequestStressTest" time="0.023" classname="testcases.StressTest"/>
  <testcase name="postRequestStressTest" time="0.090" classname="testcases.StressTest"/>
  <testcase name="postRequestStressTest" time="0.037" classname="testcases.StressTest"/>
  <testcase name="postRequestStressTest" time="0.032" classname="testcases.StressTest"/>
  <testcase name="postRequestStressTest" time="0.050" classname="testcases.StressTest"/>
  <testcase name="postRequestStressTest" time="0.036" classname="testcases.StressTest"/>
  <testcase name="postRequestStressTest" time="0.136" classname="testcases.StressTest"/>
  <testcase name="postRequestStressTest" time="0.066" classname="testcases.StressTest"/>
  <testcase name="postRequestStressTest" time="0.020" classname="testcases.StressTest"/>
  <testcase name="postRequestStressTest" time="0.065" classname="testcases.StressTest"/>
  <testcase name="postRequestStressTest" time="0.081" classname="testcases.StressTest"/>
  <testcase name="postRequestStressTest" time="0.060" classname="testcases.StressTest"/>
  <testcase name="postRequestStressTest" time="0.058" classname="testcases.StressTest"/>
  <testcase name="postRequestStressTest" time="0.014" classname="testcases.StressTest"/>
  <testcase name="postRequestStressTest" time="0.016" classname="testcases.StressTest"/>
  <testcase name="postRequestStressTest" time="0.037" classname="testcases.StressTest"/>
  <testcase name="postRequestStressTest" time="0.057" classname="testcases.StressTest"/>
  <testcase name="postRequestStressTest" time="0.197" classname="testcases.StressTest"/>
  <testcase name="postRequestStressTest" time="0.102" classname="testcases.StressTest"/>
  <testcase name="postRequestStressTest" time="0.131" classname="testcases.StressTest"/>
  <testcase name="postRequestStressTest" time="0.037" classname="testcases.StressTest"/>
  <testcase name="postRequestStressTest" time="0.045" classname="testcases.StressTest"/>
  <testcase name="postRequestStressTest" time="0.021" classname="testcases.StressTest"/>
  <testcase name="postRequestStressTest" time="0.029" classname="testcases.StressTest"/>
  <testcase name="postRequestStressTest" time="0.023" classname="testcases.StressTest"/>
  <testcase name="postRequestStressTest" time="0.018" classname="testcases.StressTest"/>
  <testcase name="postRequestStressTest" time="0.183" classname="testcases.StressTest"/>
  <testcase name="postRequestStressTest" time="0.028" classname="testcases.StressTest"/>
  <testcase name="postRequestStressTest" time="0.025" classname="testcases.StressTest"/>
  <testcase name="postRequestStressTest" time="0.041" classname="testcases.StressTest"/>
  <testcase name="postRequestStressTest" time="0.063" classname="testcases.StressTest"/>
  <testcase name="postRequestStressTest" time="0.053" classname="testcases.StressTest"/>
  <testcase name="postRequestStressTest" time="0.012" classname="testcases.StressTest"/>
  <testcase name="postRequestStressTest" time="0.072" classname="testcases.StressTest"/>
  <testcase name="postRequestStressTest" time="0.072" classname="testcases.StressTest"/>
  <testcase name="postRequestStressTest" time="0.060" classname="testcases.StressTest"/>
  <testcase name="postRequestStressTest" time="0.094" classname="testcases.StressTest"/>
  <testcase name="postRequestStressTest" time="0.034" classname="testcases.StressTest"/>
  <testcase name="postRequestStressTest" time="0.021" classname="testcases.StressTest"/>
  <testcase name="postRequestStressTest" time="0.012" classname="testcases.StressTest"/>
  <testcase name="postRequestStressTest" time="0.016" classname="testcases.StressTest"/>
  <testcase name="postRequestStressTest" time="0.056" classname="testcases.StressTest"/>
  <testcase name="postRequestStressTest" time="0.038" classname="testcases.StressTest"/>
  <testcase name="postRequestStressTest" time="0.039" classname="testcases.StressTest"/>
  <testcase name="postRequestStressTest" time="0.067" classname="testcases.StressTest"/>
  <testcase name="postRequestStressTest" time="0.099" classname="testcases.StressTest"/>
  <testcase name="postRequestStressTest" time="0.019" classname="testcases.StressTest"/>
  <testcase name="postRequestStressTest" time="0.016" classname="testcases.StressTest"/>
  <testcase name="postRequestStressTest" time="0.119" classname="testcases.StressTest"/>
  <testcase name="postRequestStressTest" time="0.039" classname="testcases.StressTest"/>
  <testcase name="postRequestStressTest" time="0.025" classname="testcases.StressTest"/>
  <testcase name="postRequestStressTest" time="0.024" classname="testcases.StressTest"/>
  <testcase name="postRequestStressTest" time="0.020" classname="testcases.StressTest"/>
  <testcase name="postRequestStressTest" time="0.032" classname="testcases.StressTest"/>
  <testcase name="postRequestStressTest" time="0.038" classname="testcases.StressTest"/>
  <testcase name="postRequestStressTest" time="0.016" classname="testcases.StressTest"/>
  <testcase name="postRequestStressTest" time="0.028" classname="testcases.StressTest"/>
  <testcase name="postRequestStressTest" time="0.098" classname="testcases.StressTest"/>
  <testcase name="postRequestStressTest" time="0.070" classname="testcases.StressTest"/>
  <testcase name="postRequestStressTest" time="0.068" classname="testcases.StressTest"/>
  <testcase name="postRequestStressTest" time="0.032" classname="testcases.StressTest"/>
  <testcase name="postRequestStressTest" time="0.032" classname="testcases.StressTest"/>
  <testcase name="postRequestStressTest" time="0.014" classname="testcases.StressTest"/>
  <testcase name="postRequestStressTest" time="0.071" classname="testcases.StressTest"/>
  <testcase name="postRequestStressTest" time="0.111" classname="testcases.StressTest"/>
  <testcase name="postRequestStressTest" time="0.118" classname="testcases.StressTest"/>
  <testcase name="postRequestStressTest" time="0.015" classname="testcases.StressTest"/>
  <testcase name="postRequestStressTest" time="0.052" classname="testcases.StressTest"/>
  <testcase name="postRequestStressTest" time="0.101" classname="testcases.StressTest"/>
  <testcase name="postRequestStressTest" time="0.011" classname="testcases.StressTest"/>
  <testcase name="postRequestStressTest" time="0.076" classname="testcases.StressTest"/>
  <testcase name="postRequestStressTest" time="0.137" classname="testcases.StressTest"/>
  <testcase name="postRequestStressTest" time="0.024" classname="testcases.StressTest"/>
  <testcase name="postRequestStressTest" time="0.076" classname="testcases.StressTest"/>
  <testcase name="postRequestStressTest" time="0.034" classname="testcases.StressTest"/>
  <testcase name="postRequestStressTest" time="0.029" classname="testcases.StressTest"/>
  <testcase name="postRequestStressTest" time="0.026" classname="testcases.StressTest"/>
  <testcase name="postRequestStressTest" time="0.080" classname="testcases.StressTest"/>
  <testcase name="postRequestStressTest" time="0.014" classname="testcases.StressTest"/>
  <testcase name="postRequestStressTest" time="0.083" classname="testcases.StressTest"/>
  <testcase name="postRequestStressTest" time="0.016" classname="testcases.StressTest"/>
  <testcase name="postRequestStressTest" time="0.014" classname="testcases.StressTest"/>
  <testcase name="postRequestStressTest" time="0.054" classname="testcases.StressTest"/>
  <testcase name="postRequestStressTest" time="0.059" classname="testcases.StressTest"/>
  <testcase name="postRequestStressTest" time="0.036" classname="testcases.StressTest"/>
  <testcase name="postRequestStressTest" time="0.043" classname="testcases.StressTest"/>
  <testcase name="postRequestStressTest" time="0.043" classname="testcases.StressTest"/>
  <testcase name="postRequestStressTest" time="0.123" classname="testcases.StressTest"/>
  <testcase name="postRequestStressTest" time="0.020" classname="testcases.StressTest"/>
  <testcase name="postRequestStressTest" time="0.643" classname="testcases.StressTest"/>
  <testcase name="postRequestStressTest" time="0.179" classname="testcases.StressTest"/>
  <testcase name="postRequestStressTest" time="0.024" classname="testcases.StressTest"/>
  <testcase name="postRequestStressTest" time="0.073" classname="testcases.StressTest"/>
  <testcase name="postRequestStressTest" time="0.070" classname="testcases.StressTest"/>
  <testcase name="postRequestStressTest" time="0.038" classname="testcases.StressTest"/>
  <testcase name="postRequestStressTest" time="0.058" classname="testcases.StressTest"/>
  <testcase name="postRequestStressTest" time="0.119" classname="testcases.StressTest"/>
  <testcase name="postRequestStressTest" time="0.090" classname="testcases.StressTest"/>
  <testcase name="postRequestStressTest" time="0.038" classname="testcases.StressTest"/>
  <testcase name="postRequestStressTest" time="0.039" classname="testcases.StressTest"/>
  <testcase name="postRequestStressTest" time="0.060" classname="testcases.StressTest"/>
  <testcase name="postRequestStressTest" time="0.029" classname="testcases.StressTest"/>
  <testcase name="postRequestStressTest" time="0.024" classname="testcases.StressTest"/>
  <testcase name="postRequestStressTest" time="0.014" classname="testcases.StressTest"/>
  <testcase name="postRequestStressTest" time="0.032" classname="testcases.StressTest"/>
  <testcase name="postRequestStressTest" time="0.022" classname="testcases.StressTest"/>
  <testcase name="postRequestStressTest" time="0.024" classname="testcases.StressTest"/>
  <testcase name="postRequestStressTest" time="0.019" classname="testcases.StressTest"/>
  <testcase name="postRequestStressTest" time="0.036" classname="testcases.StressTest"/>
  <testcase name="postRequestStressTest" time="0.045" classname="testcases.StressTest"/>
  <testcase name="postRequestStressTest" time="0.041" classname="testcases.StressTest"/>
  <testcase name="postRequestStressTest" time="0.019" classname="testcases.StressTest"/>
  <testcase name="postRequestStressTest" time="0.045" classname="testcases.StressTest"/>
  <testcase name="postRequestStressTest" time="0.025" classname="testcases.StressTest"/>
  <testcase name="postRequestStressTest" time="0.091" classname="testcases.StressTest"/>
  <testcase name="postRequestStressTest" time="0.015" classname="testcases.StressTest"/>
  <testcase name="postRequestStressTest" time="0.046" classname="testcases.StressTest"/>
</testsuite> <!-- testcases.StressTest -->
