<?xml version="1.0" encoding="UTF-8"?>
<!-- Generated by org.testng.reporters.JUnitReportReporter -->
<testsuite hostname="Brijiths-MBP.hsd1.ca.comcast.net" name="functionalTesting.HappyPathTests" tests="15" failures="0" timestamp="22 Apr 2016 04:07:06 GMT" time="3.613" errors="0">
  <testcase name="addAGoalAndValidateTheDataLoad" time="1.320" classname="functionalTesting.HappyPathTests"/>
  <testcase name="addMultipleGoalsAndValidateTheDataLoad" time="0.153" classname="functionalTesting.HappyPathTests"/>
  <testcase name="addMultipleGoalsAndValidateTheDataLoad" time="0.194" classname="functionalTesting.HappyPathTests"/>
  <testcase name="addMultipleGoalsAndValidateTheDataLoad" time="0.179" classname="functionalTesting.HappyPathTests"/>
  <testcase name="addMultipleGoalsAndValidateTheDataLoad" time="0.193" classname="functionalTesting.HappyPathTests"/>
  <testcase name="addAGoalWithAllFieldsAndValidateTheDataLoad" time="0.070" classname="functionalTesting.HappyPathTests"/>
  <testcase name="retriveAllTheGoalsAndVerifyIfAllIDsareUnique" time="0.046" classname="functionalTesting.HappyPathTests"/>
  <testcase name="addMultipleGoalsAndValidateTheDataLoad" time="0.216" classname="functionalTesting.HappyPathTests"/>
  <testcase name="addMultipleGoalsAndValidateTheDataLoad" time="0.196" classname="functionalTesting.HappyPathTests"/>
  <testcase name="addAGoalWithNoFieldsAndValidateTheDataLoad" time="0.069" classname="functionalTesting.HappyPathTests"/>
  <testcase name="addMultipleGoalsAndValidateTheDataLoad" time="0.263" classname="functionalTesting.HappyPathTests"/>
  <testcase name="addMultipleGoalsAndValidateTheDataLoad" time="0.215" classname="functionalTesting.HappyPathTests"/>
  <testcase name="addMultipleGoalsAndValidateTheDataLoad" time="0.191" classname="functionalTesting.HappyPathTests"/>
  <testcase name="addAGoalWithFewFieldsAndValidateTheDataLoad" time="0.069" classname="functionalTesting.HappyPathTests"/>
  <testcase name="addMultipleGoalsAndValidateTheDataLoad" time="0.239" classname="functionalTesting.HappyPathTests"/>
</testsuite> <!-- functionalTesting.HappyPathTests -->
